2023-04-23 02:45:23,894 [MainThread] [INFO ]  Configurations: {'task_id': '', 'data': {'root': '../data/', 'dataset': 'cifar10', 'split_type': 'class', 'min_size': 10, 'data_amount': 0.05, 'iid_fraction': 0.1, 'user': False, 'train_test_split': 0.8, 'class_per_client': 2, 'num_of_clients': 10, 'alpha': 0.2, 'weights': None}, 'model': 'simple_cnn', 'test_mode': 'test_in_client', 'test_method': 'average', 'server': {'track': False, 'rounds': 500, 'clients_per_round': 2, 'test_every': 1, 'save_model_every': 10, 'save_model_path': '', 'batch_size': 64, 'test_all': True, 'random_selection': True, 'aggregation_stragtegy': 'FedAvg', 'aggregation_content': 'all'}, 'client': {'track': False, 'batch_size': 16, 'test_batch_size': 5, 'local_epoch': 20, 'optimizer': {'type': 'SGD', 'lr': 0.01, 'momentum': 0.5, 'weight_decay': 0.0005, 'nesterov': True}, 'seed': 0, 'local_test': True}, 'gpu': 1, 'distributed': {'backend': 'nccl', 'init_method': '', 'world_size': 0, 'rank': 0, 'local_rank': 0}, 'tracking': {'database': '', 'log_file': '', 'log_level': 'INFO', 'metric_file': '', 'save_every': 1}, 'resource_heterogeneous': {'simulate': False, 'hetero_type': 'real', 'level': 3, 'sleep_group_num': 1000, 'total_time': 1000, 'fraction': 1, 'grouping_strategy': 'greedy', 'initial_default_time': 5, 'default_time_momentum': 0.2}, 'seed': 0, 'is_distributed': False, 'device': 0}
2023-04-23 02:45:23,999 [MainThread] [INFO ]  Total training data amount: 50000
2023-04-23 02:45:24,000 [MainThread] [INFO ]  Total testing data amount: 10000
2023-04-23 02:45:24,032 [MainThread] [INFO ]  Clients in total: 10
2023-04-23 02:45:24,060 [MainThread] [INFO ]  
-------- round 0 --------
2023-04-23 02:45:24,060 [MainThread] [INFO ]  --- start training ---
2023-04-23 02:48:16,005 [MainThread] [INFO ]  Server train time: 171.9447202682495
2023-04-23 02:48:16,006 [MainThread] [INFO ]  
-------- round 1 --------
2023-04-23 02:48:16,006 [MainThread] [INFO ]  --- start training ---
2023-04-23 02:51:04,332 [MainThread] [INFO ]  Server train time: 168.3257212638855
2023-04-23 02:51:04,333 [MainThread] [INFO ]  
-------- round 2 --------
2023-04-23 02:51:04,333 [MainThread] [INFO ]  --- start training ---
2023-04-23 02:53:52,017 [MainThread] [INFO ]  Server train time: 167.68395733833313
2023-04-23 02:53:52,018 [MainThread] [INFO ]  
-------- round 3 --------
2023-04-23 02:53:52,018 [MainThread] [INFO ]  --- start training ---
2023-04-23 02:56:39,101 [MainThread] [INFO ]  Server train time: 167.0821692943573
2023-04-23 02:56:39,102 [MainThread] [INFO ]  
-------- round 4 --------
2023-04-23 02:56:39,102 [MainThread] [INFO ]  --- start training ---
2023-04-23 02:59:26,735 [MainThread] [INFO ]  Server train time: 167.63278341293335
2023-04-23 02:59:26,735 [MainThread] [INFO ]  
-------- round 5 --------
2023-04-23 02:59:26,736 [MainThread] [INFO ]  --- start training ---
2023-04-23 03:02:14,530 [MainThread] [INFO ]  Server train time: 167.79430031776428
2023-04-23 03:02:14,531 [MainThread] [INFO ]  
-------- round 6 --------
2023-04-23 03:02:14,531 [MainThread] [INFO ]  --- start training ---
2023-04-23 03:05:02,060 [MainThread] [INFO ]  Server train time: 167.5286922454834
2023-04-23 03:05:02,061 [MainThread] [INFO ]  
-------- round 7 --------
2023-04-23 03:05:02,061 [MainThread] [INFO ]  --- start training ---
2023-04-23 03:07:50,211 [MainThread] [INFO ]  Server train time: 168.1495475769043
2023-04-23 03:07:50,211 [MainThread] [INFO ]  
-------- round 8 --------
2023-04-23 03:07:50,211 [MainThread] [INFO ]  --- start training ---
2023-04-23 03:10:37,925 [MainThread] [INFO ]  Server train time: 167.71359634399414
2023-04-23 03:10:37,926 [MainThread] [INFO ]  
-------- round 9 --------
2023-04-23 03:10:37,926 [MainThread] [INFO ]  --- start training ---
2023-04-23 03:13:25,618 [MainThread] [INFO ]  Server train time: 167.69101357460022
2023-04-23 03:13:25,621 [MainThread] [INFO ]  Model saved at /home/dengzhiling/.local/lib/python3.10/site-packages/easyfl/main/cifar10/saved_models/_global_model_r_9.pth
2023-04-23 03:13:25,621 [MainThread] [INFO ]  
-------- round 10 --------
2023-04-23 03:13:25,621 [MainThread] [INFO ]  --- start training ---
2023-04-23 03:16:12,597 [MainThread] [INFO ]  Server train time: 166.97602605819702
2023-04-23 03:16:12,598 [MainThread] [INFO ]  
-------- round 11 --------
2023-04-23 03:16:12,598 [MainThread] [INFO ]  --- start training ---
2023-04-23 03:19:00,057 [MainThread] [INFO ]  Server train time: 167.45843863487244
2023-04-23 03:19:00,058 [MainThread] [INFO ]  
-------- round 12 --------
2023-04-23 03:19:00,058 [MainThread] [INFO ]  --- start training ---
2023-04-23 03:21:47,023 [MainThread] [INFO ]  Server train time: 166.96438241004944
2023-04-23 03:21:47,023 [MainThread] [INFO ]  
-------- round 13 --------
2023-04-23 03:21:47,023 [MainThread] [INFO ]  --- start training ---
2023-04-23 03:24:35,224 [MainThread] [INFO ]  Server train time: 168.20068216323853
2023-04-23 03:24:35,225 [MainThread] [INFO ]  
-------- round 14 --------
2023-04-23 03:24:35,225 [MainThread] [INFO ]  --- start training ---
2023-04-23 03:27:25,046 [MainThread] [INFO ]  Server train time: 169.82082605361938
2023-04-23 03:27:25,047 [MainThread] [INFO ]  
-------- round 15 --------
2023-04-23 03:27:25,047 [MainThread] [INFO ]  --- start training ---
2023-04-23 03:30:14,296 [MainThread] [INFO ]  Server train time: 169.24886965751648
2023-04-23 03:30:14,297 [MainThread] [INFO ]  
-------- round 16 --------
2023-04-23 03:30:14,297 [MainThread] [INFO ]  --- start training ---
2023-04-23 03:33:04,023 [MainThread] [INFO ]  Server train time: 169.72576212882996
2023-04-23 03:33:04,024 [MainThread] [INFO ]  
-------- round 17 --------
2023-04-23 03:33:04,024 [MainThread] [INFO ]  --- start training ---
2023-04-23 03:35:54,607 [MainThread] [INFO ]  Server train time: 170.58254289627075
2023-04-23 03:35:54,607 [MainThread] [INFO ]  
-------- round 18 --------
2023-04-23 03:35:54,608 [MainThread] [INFO ]  --- start training ---
2023-04-23 03:38:44,912 [MainThread] [INFO ]  Server train time: 170.3039436340332
2023-04-23 03:38:44,913 [MainThread] [INFO ]  
-------- round 19 --------
2023-04-23 03:38:44,913 [MainThread] [INFO ]  --- start training ---
2023-04-23 03:41:34,711 [MainThread] [INFO ]  Server train time: 169.79850673675537
2023-04-23 03:41:34,728 [MainThread] [INFO ]  Model saved at /home/dengzhiling/.local/lib/python3.10/site-packages/easyfl/main/cifar10/saved_models/_global_model_r_19.pth
2023-04-23 03:41:34,729 [MainThread] [INFO ]  
-------- round 20 --------
2023-04-23 03:41:34,729 [MainThread] [INFO ]  --- start training ---
2023-04-23 03:44:25,041 [MainThread] [INFO ]  Server train time: 170.31240463256836
2023-04-23 03:44:25,042 [MainThread] [INFO ]  
-------- round 21 --------
2023-04-23 03:44:25,042 [MainThread] [INFO ]  --- start training ---
2023-04-23 03:47:15,122 [MainThread] [INFO ]  Server train time: 170.07980823516846
2023-04-23 03:47:15,123 [MainThread] [INFO ]  
-------- round 22 --------
2023-04-23 03:47:15,123 [MainThread] [INFO ]  --- start training ---
2023-04-23 03:50:04,234 [MainThread] [INFO ]  Server train time: 169.1103241443634
2023-04-23 03:50:04,235 [MainThread] [INFO ]  
-------- round 23 --------
2023-04-23 03:50:04,235 [MainThread] [INFO ]  --- start training ---
2023-04-23 03:52:54,051 [MainThread] [INFO ]  Server train time: 169.81555366516113
2023-04-23 03:52:54,051 [MainThread] [INFO ]  
-------- round 24 --------
2023-04-23 03:52:54,051 [MainThread] [INFO ]  --- start training ---
2023-04-23 03:55:43,998 [MainThread] [INFO ]  Server train time: 169.94656467437744
2023-04-23 03:55:43,999 [MainThread] [INFO ]  
-------- round 25 --------
2023-04-23 03:55:43,999 [MainThread] [INFO ]  --- start training ---
2023-04-23 03:58:33,198 [MainThread] [INFO ]  Server train time: 169.19846940040588
2023-04-23 03:58:33,198 [MainThread] [INFO ]  
-------- round 26 --------
2023-04-23 03:58:33,198 [MainThread] [INFO ]  --- start training ---
2023-04-23 04:01:23,674 [MainThread] [INFO ]  Server train time: 170.47485899925232
2023-04-23 04:01:23,674 [MainThread] [INFO ]  
-------- round 27 --------
2023-04-23 04:01:23,674 [MainThread] [INFO ]  --- start training ---
2023-04-23 04:04:14,304 [MainThread] [INFO ]  Server train time: 170.62873649597168
2023-04-23 04:04:14,304 [MainThread] [INFO ]  
-------- round 28 --------
2023-04-23 04:04:14,304 [MainThread] [INFO ]  --- start training ---
2023-04-23 04:07:04,268 [MainThread] [INFO ]  Server train time: 169.96311140060425
2023-04-23 04:07:04,268 [MainThread] [INFO ]  
-------- round 29 --------
2023-04-23 04:07:04,268 [MainThread] [INFO ]  --- start training ---
2023-04-23 04:09:53,813 [MainThread] [INFO ]  Server train time: 169.54445934295654
2023-04-23 04:09:53,816 [MainThread] [INFO ]  Model saved at /home/dengzhiling/.local/lib/python3.10/site-packages/easyfl/main/cifar10/saved_models/_global_model_r_29.pth
2023-04-23 04:09:53,816 [MainThread] [INFO ]  
-------- round 30 --------
2023-04-23 04:09:53,816 [MainThread] [INFO ]  --- start training ---
2023-04-23 04:12:44,455 [MainThread] [INFO ]  Server train time: 170.63837909698486
2023-04-23 04:12:44,456 [MainThread] [INFO ]  
-------- round 31 --------
2023-04-23 04:12:44,456 [MainThread] [INFO ]  --- start training ---
2023-04-23 04:15:35,153 [MainThread] [INFO ]  Server train time: 170.6973922252655
2023-04-23 04:15:35,154 [MainThread] [INFO ]  
-------- round 32 --------
2023-04-23 04:15:35,154 [MainThread] [INFO ]  --- start training ---
2023-04-23 04:18:25,127 [MainThread] [INFO ]  Server train time: 169.97274494171143
2023-04-23 04:18:25,128 [MainThread] [INFO ]  
-------- round 33 --------
2023-04-23 04:18:25,128 [MainThread] [INFO ]  --- start training ---
2023-04-23 04:21:16,067 [MainThread] [INFO ]  Server train time: 170.9381673336029
2023-04-23 04:21:16,067 [MainThread] [INFO ]  
-------- round 34 --------
2023-04-23 04:21:16,067 [MainThread] [INFO ]  --- start training ---
2023-04-23 04:24:06,587 [MainThread] [INFO ]  Server train time: 170.51965498924255
2023-04-23 04:24:06,588 [MainThread] [INFO ]  
-------- round 35 --------
2023-04-23 04:24:06,588 [MainThread] [INFO ]  --- start training ---
2023-04-23 04:26:57,920 [MainThread] [INFO ]  Server train time: 171.33209872245789
2023-04-23 04:26:57,921 [MainThread] [INFO ]  
-------- round 36 --------
2023-04-23 04:26:57,921 [MainThread] [INFO ]  --- start training ---
2023-04-23 04:29:49,085 [MainThread] [INFO ]  Server train time: 171.1631417274475
2023-04-23 04:29:49,085 [MainThread] [INFO ]  
-------- round 37 --------
2023-04-23 04:29:49,086 [MainThread] [INFO ]  --- start training ---
2023-04-23 04:32:40,623 [MainThread] [INFO ]  Server train time: 171.53671979904175
2023-04-23 04:32:40,623 [MainThread] [INFO ]  
-------- round 38 --------
2023-04-23 04:32:40,623 [MainThread] [INFO ]  --- start training ---
2023-04-23 04:35:32,087 [MainThread] [INFO ]  Server train time: 171.46360540390015
2023-04-23 04:35:32,088 [MainThread] [INFO ]  
-------- round 39 --------
2023-04-23 04:35:32,088 [MainThread] [INFO ]  --- start training ---
2023-04-23 04:38:23,576 [MainThread] [INFO ]  Server train time: 171.48787641525269
2023-04-23 04:38:23,579 [MainThread] [INFO ]  Model saved at /home/dengzhiling/.local/lib/python3.10/site-packages/easyfl/main/cifar10/saved_models/_global_model_r_39.pth
2023-04-23 04:38:23,579 [MainThread] [INFO ]  
-------- round 40 --------
2023-04-23 04:38:23,579 [MainThread] [INFO ]  --- start training ---
2023-04-23 04:41:14,447 [MainThread] [INFO ]  Server train time: 170.86782836914062
2023-04-23 04:41:14,448 [MainThread] [INFO ]  
-------- round 41 --------
2023-04-23 04:41:14,448 [MainThread] [INFO ]  --- start training ---
2023-04-23 04:44:05,756 [MainThread] [INFO ]  Server train time: 171.30743885040283
2023-04-23 04:44:05,757 [MainThread] [INFO ]  
-------- round 42 --------
2023-04-23 04:44:05,757 [MainThread] [INFO ]  --- start training ---
2023-04-23 04:46:57,305 [MainThread] [INFO ]  Server train time: 171.54844903945923
2023-04-23 04:46:57,306 [MainThread] [INFO ]  
-------- round 43 --------
2023-04-23 04:46:57,306 [MainThread] [INFO ]  --- start training ---
2023-04-23 04:49:48,314 [MainThread] [INFO ]  Server train time: 171.0077064037323
2023-04-23 04:49:48,315 [MainThread] [INFO ]  
-------- round 44 --------
2023-04-23 04:49:48,315 [MainThread] [INFO ]  --- start training ---
2023-04-23 04:52:39,957 [MainThread] [INFO ]  Server train time: 171.64115190505981
2023-04-23 04:52:39,957 [MainThread] [INFO ]  
-------- round 45 --------
2023-04-23 04:52:39,957 [MainThread] [INFO ]  --- start training ---
2023-04-23 04:55:30,491 [MainThread] [INFO ]  Server train time: 170.532856464386
2023-04-23 04:55:30,491 [MainThread] [INFO ]  
-------- round 46 --------
2023-04-23 04:55:30,491 [MainThread] [INFO ]  --- start training ---
2023-04-23 04:58:21,065 [MainThread] [INFO ]  Server train time: 170.5729682445526
2023-04-23 04:58:21,065 [MainThread] [INFO ]  
-------- round 47 --------
2023-04-23 04:58:21,065 [MainThread] [INFO ]  --- start training ---
2023-04-23 05:01:12,253 [MainThread] [INFO ]  Server train time: 171.1872341632843
2023-04-23 05:01:12,254 [MainThread] [INFO ]  
-------- round 48 --------
2023-04-23 05:01:12,254 [MainThread] [INFO ]  --- start training ---
2023-04-23 05:04:02,799 [MainThread] [INFO ]  Server train time: 170.5452516078949
2023-04-23 05:04:02,800 [MainThread] [INFO ]  
-------- round 49 --------
2023-04-23 05:04:02,800 [MainThread] [INFO ]  --- start training ---
2023-04-23 05:06:53,466 [MainThread] [INFO ]  Server train time: 170.665433883667
2023-04-23 05:06:53,468 [MainThread] [INFO ]  Model saved at /home/dengzhiling/.local/lib/python3.10/site-packages/easyfl/main/cifar10/saved_models/_global_model_r_49.pth
2023-04-23 05:06:53,469 [MainThread] [INFO ]  
-------- round 50 --------
2023-04-23 05:06:53,469 [MainThread] [INFO ]  --- start training ---
2023-04-23 05:09:44,220 [MainThread] [INFO ]  Server train time: 170.7506923675537
2023-04-23 05:09:44,220 [MainThread] [INFO ]  
-------- round 51 --------
2023-04-23 05:09:44,221 [MainThread] [INFO ]  --- start training ---
2023-04-23 05:12:35,369 [MainThread] [INFO ]  Server train time: 171.14794373512268
2023-04-23 05:12:35,370 [MainThread] [INFO ]  
-------- round 52 --------
2023-04-23 05:12:35,370 [MainThread] [INFO ]  --- start training ---
2023-04-23 05:15:26,167 [MainThread] [INFO ]  Server train time: 170.79725623130798
2023-04-23 05:15:26,168 [MainThread] [INFO ]  
-------- round 53 --------
2023-04-23 05:15:26,168 [MainThread] [INFO ]  --- start training ---
2023-04-23 05:18:17,719 [MainThread] [INFO ]  Server train time: 171.55074000358582
2023-04-23 05:18:17,720 [MainThread] [INFO ]  
-------- round 54 --------
2023-04-23 05:18:17,720 [MainThread] [INFO ]  --- start training ---
2023-04-23 05:21:08,229 [MainThread] [INFO ]  Server train time: 170.50922417640686
2023-04-23 05:21:08,230 [MainThread] [INFO ]  
-------- round 55 --------
2023-04-23 05:21:08,230 [MainThread] [INFO ]  --- start training ---
2023-04-23 05:23:58,675 [MainThread] [INFO ]  Server train time: 170.44418787956238
2023-04-23 05:23:58,675 [MainThread] [INFO ]  
-------- round 56 --------
2023-04-23 05:23:58,676 [MainThread] [INFO ]  --- start training ---
2023-04-23 05:26:49,054 [MainThread] [INFO ]  Server train time: 170.37855410575867
2023-04-23 05:26:49,055 [MainThread] [INFO ]  
-------- round 57 --------
2023-04-23 05:26:49,055 [MainThread] [INFO ]  --- start training ---
2023-04-23 05:29:39,183 [MainThread] [INFO ]  Server train time: 170.12771797180176
2023-04-23 05:29:39,184 [MainThread] [INFO ]  
-------- round 58 --------
2023-04-23 05:29:39,184 [MainThread] [INFO ]  --- start training ---
2023-04-23 05:32:30,717 [MainThread] [INFO ]  Server train time: 171.53245186805725
2023-04-23 05:32:30,718 [MainThread] [INFO ]  
-------- round 59 --------
2023-04-23 05:32:30,718 [MainThread] [INFO ]  --- start training ---
2023-04-23 05:35:22,213 [MainThread] [INFO ]  Server train time: 171.49549388885498
2023-04-23 05:35:22,216 [MainThread] [INFO ]  Model saved at /home/dengzhiling/.local/lib/python3.10/site-packages/easyfl/main/cifar10/saved_models/_global_model_r_59.pth
2023-04-23 05:35:22,216 [MainThread] [INFO ]  
-------- round 60 --------
2023-04-23 05:35:22,216 [MainThread] [INFO ]  --- start training ---
2023-04-23 05:38:12,779 [MainThread] [INFO ]  Server train time: 170.56213068962097
2023-04-23 05:38:12,779 [MainThread] [INFO ]  
-------- round 61 --------
2023-04-23 05:38:12,780 [MainThread] [INFO ]  --- start training ---
2023-04-23 05:41:04,415 [MainThread] [INFO ]  Server train time: 171.63470005989075
2023-04-23 05:41:04,415 [MainThread] [INFO ]  
-------- round 62 --------
2023-04-23 05:41:04,415 [MainThread] [INFO ]  --- start training ---
2023-04-23 05:43:55,335 [MainThread] [INFO ]  Server train time: 170.919193983078
2023-04-23 05:43:55,336 [MainThread] [INFO ]  
-------- round 63 --------
2023-04-23 05:43:55,336 [MainThread] [INFO ]  --- start training ---
2023-04-23 05:46:46,735 [MainThread] [INFO ]  Server train time: 171.39865922927856
2023-04-23 05:46:46,735 [MainThread] [INFO ]  
-------- round 64 --------
2023-04-23 05:46:46,735 [MainThread] [INFO ]  --- start training ---
2023-04-23 05:49:38,204 [MainThread] [INFO ]  Server train time: 171.4677402973175
2023-04-23 05:49:38,204 [MainThread] [INFO ]  
-------- round 65 --------
2023-04-23 05:49:38,204 [MainThread] [INFO ]  --- start training ---
2023-04-23 05:52:28,892 [MainThread] [INFO ]  Server train time: 170.68764686584473
2023-04-23 05:52:28,893 [MainThread] [INFO ]  
-------- round 66 --------
2023-04-23 05:52:28,893 [MainThread] [INFO ]  --- start training ---
2023-04-23 05:55:19,629 [MainThread] [INFO ]  Server train time: 170.7352294921875
2023-04-23 05:55:19,629 [MainThread] [INFO ]  
-------- round 67 --------
2023-04-23 05:55:19,629 [MainThread] [INFO ]  --- start training ---
2023-04-23 05:58:10,412 [MainThread] [INFO ]  Server train time: 170.782573223114
2023-04-23 05:58:10,413 [MainThread] [INFO ]  
-------- round 68 --------
2023-04-23 05:58:10,413 [MainThread] [INFO ]  --- start training ---
2023-04-23 06:01:01,388 [MainThread] [INFO ]  Server train time: 170.9742248058319
2023-04-23 06:01:01,388 [MainThread] [INFO ]  
-------- round 69 --------
2023-04-23 06:01:01,388 [MainThread] [INFO ]  --- start training ---
2023-04-23 06:03:51,800 [MainThread] [INFO ]  Server train time: 170.41080260276794
2023-04-23 06:03:51,802 [MainThread] [INFO ]  Model saved at /home/dengzhiling/.local/lib/python3.10/site-packages/easyfl/main/cifar10/saved_models/_global_model_r_69.pth
2023-04-23 06:03:51,802 [MainThread] [INFO ]  
-------- round 70 --------
2023-04-23 06:03:51,803 [MainThread] [INFO ]  --- start training ---
2023-04-23 06:06:43,417 [MainThread] [INFO ]  Server train time: 171.6139907836914
2023-04-23 06:06:43,418 [MainThread] [INFO ]  
-------- round 71 --------
2023-04-23 06:06:43,418 [MainThread] [INFO ]  --- start training ---
2023-04-23 06:09:34,018 [MainThread] [INFO ]  Server train time: 170.59988236427307
2023-04-23 06:09:34,019 [MainThread] [INFO ]  
-------- round 72 --------
2023-04-23 06:09:34,019 [MainThread] [INFO ]  --- start training ---
2023-04-23 06:12:25,354 [MainThread] [INFO ]  Server train time: 171.33473539352417
2023-04-23 06:12:25,354 [MainThread] [INFO ]  
-------- round 73 --------
2023-04-23 06:12:25,355 [MainThread] [INFO ]  --- start training ---
2023-04-23 06:15:15,970 [MainThread] [INFO ]  Server train time: 170.61561822891235
2023-04-23 06:15:15,971 [MainThread] [INFO ]  
-------- round 74 --------
2023-04-23 06:15:15,971 [MainThread] [INFO ]  --- start training ---
2023-04-23 06:18:07,122 [MainThread] [INFO ]  Server train time: 171.1508846282959
2023-04-23 06:18:07,123 [MainThread] [INFO ]  
-------- round 75 --------
2023-04-23 06:18:07,123 [MainThread] [INFO ]  --- start training ---
2023-04-23 06:20:57,485 [MainThread] [INFO ]  Server train time: 170.36113214492798
2023-04-23 06:20:57,485 [MainThread] [INFO ]  
-------- round 76 --------
2023-04-23 06:20:57,485 [MainThread] [INFO ]  --- start training ---
2023-04-23 06:23:49,607 [MainThread] [INFO ]  Server train time: 172.1210422515869
2023-04-23 06:23:49,608 [MainThread] [INFO ]  
-------- round 77 --------
2023-04-23 06:23:49,608 [MainThread] [INFO ]  --- start training ---
2023-04-23 06:26:40,367 [MainThread] [INFO ]  Server train time: 170.75944638252258
2023-04-23 06:26:40,368 [MainThread] [INFO ]  
-------- round 78 --------
2023-04-23 06:26:40,368 [MainThread] [INFO ]  --- start training ---
2023-04-23 06:29:31,072 [MainThread] [INFO ]  Server train time: 170.7032265663147
2023-04-23 06:29:31,072 [MainThread] [INFO ]  
-------- round 79 --------
2023-04-23 06:29:31,073 [MainThread] [INFO ]  --- start training ---
2023-04-23 06:32:22,469 [MainThread] [INFO ]  Server train time: 171.39655804634094
2023-04-23 06:32:22,472 [MainThread] [INFO ]  Model saved at /home/dengzhiling/.local/lib/python3.10/site-packages/easyfl/main/cifar10/saved_models/_global_model_r_79.pth
2023-04-23 06:32:22,472 [MainThread] [INFO ]  
-------- round 80 --------
2023-04-23 06:32:22,472 [MainThread] [INFO ]  --- start training ---
2023-04-23 06:35:13,685 [MainThread] [INFO ]  Server train time: 171.2125186920166
2023-04-23 06:35:13,686 [MainThread] [INFO ]  
-------- round 81 --------
2023-04-23 06:35:13,686 [MainThread] [INFO ]  --- start training ---
2023-04-23 06:38:04,670 [MainThread] [INFO ]  Server train time: 170.98323488235474
2023-04-23 06:38:04,670 [MainThread] [INFO ]  
-------- round 82 --------
2023-04-23 06:38:04,670 [MainThread] [INFO ]  --- start training ---
2023-04-23 06:40:56,378 [MainThread] [INFO ]  Server train time: 171.70698356628418
2023-04-23 06:40:56,378 [MainThread] [INFO ]  
-------- round 83 --------
2023-04-23 06:40:56,378 [MainThread] [INFO ]  --- start training ---
2023-04-23 06:43:47,931 [MainThread] [INFO ]  Server train time: 171.55244398117065
2023-04-23 06:43:47,932 [MainThread] [INFO ]  
-------- round 84 --------
2023-04-23 06:43:47,932 [MainThread] [INFO ]  --- start training ---
2023-04-23 06:46:38,843 [MainThread] [INFO ]  Server train time: 170.91043043136597
2023-04-23 06:46:38,844 [MainThread] [INFO ]  
-------- round 85 --------
2023-04-23 06:46:38,844 [MainThread] [INFO ]  --- start training ---
2023-04-23 06:49:29,626 [MainThread] [INFO ]  Server train time: 170.78172659873962
2023-04-23 06:49:29,626 [MainThread] [INFO ]  
-------- round 86 --------
2023-04-23 06:49:29,626 [MainThread] [INFO ]  --- start training ---
2023-04-23 06:52:20,976 [MainThread] [INFO ]  Server train time: 171.34908843040466
2023-04-23 06:52:20,977 [MainThread] [INFO ]  
-------- round 87 --------
2023-04-23 06:52:20,977 [MainThread] [INFO ]  --- start training ---
2023-04-23 06:55:11,771 [MainThread] [INFO ]  Server train time: 170.79378151893616
2023-04-23 06:55:11,772 [MainThread] [INFO ]  
-------- round 88 --------
2023-04-23 06:55:11,772 [MainThread] [INFO ]  --- start training ---
2023-04-23 06:58:01,958 [MainThread] [INFO ]  Server train time: 170.1863088607788
2023-04-23 06:58:01,959 [MainThread] [INFO ]  
-------- round 89 --------
2023-04-23 06:58:01,959 [MainThread] [INFO ]  --- start training ---
2023-04-23 07:00:52,820 [MainThread] [INFO ]  Server train time: 170.86020922660828
2023-04-23 07:00:52,822 [MainThread] [INFO ]  Model saved at /home/dengzhiling/.local/lib/python3.10/site-packages/easyfl/main/cifar10/saved_models/_global_model_r_89.pth
2023-04-23 07:00:52,823 [MainThread] [INFO ]  
-------- round 90 --------
2023-04-23 07:00:52,823 [MainThread] [INFO ]  --- start training ---
2023-04-23 07:03:44,320 [MainThread] [INFO ]  Server train time: 171.49678325653076
2023-04-23 07:03:44,320 [MainThread] [INFO ]  
-------- round 91 --------
2023-04-23 07:03:44,321 [MainThread] [INFO ]  --- start training ---
2023-04-23 07:06:35,410 [MainThread] [INFO ]  Server train time: 171.08875274658203
2023-04-23 07:06:35,410 [MainThread] [INFO ]  
-------- round 92 --------
2023-04-23 07:06:35,410 [MainThread] [INFO ]  --- start training ---
2023-04-23 07:09:26,945 [MainThread] [INFO ]  Server train time: 171.53464674949646
2023-04-23 07:09:26,946 [MainThread] [INFO ]  
-------- round 93 --------
2023-04-23 07:09:26,946 [MainThread] [INFO ]  --- start training ---
2023-04-23 07:12:18,545 [MainThread] [INFO ]  Server train time: 171.5980305671692
2023-04-23 07:12:18,545 [MainThread] [INFO ]  
-------- round 94 --------
2023-04-23 07:12:18,545 [MainThread] [INFO ]  --- start training ---
2023-04-23 07:15:10,133 [MainThread] [INFO ]  Server train time: 171.58774065971375
2023-04-23 07:15:10,134 [MainThread] [INFO ]  
-------- round 95 --------
2023-04-23 07:15:10,134 [MainThread] [INFO ]  --- start training ---
2023-04-23 07:18:00,801 [MainThread] [INFO ]  Server train time: 170.6668565273285
2023-04-23 07:18:00,802 [MainThread] [INFO ]  
-------- round 96 --------
2023-04-23 07:18:00,802 [MainThread] [INFO ]  --- start training ---
2023-04-23 07:20:52,155 [MainThread] [INFO ]  Server train time: 171.35214805603027
2023-04-23 07:20:52,155 [MainThread] [INFO ]  
-------- round 97 --------
2023-04-23 07:20:52,155 [MainThread] [INFO ]  --- start training ---
2023-04-23 07:23:43,116 [MainThread] [INFO ]  Server train time: 170.95991778373718
2023-04-23 07:23:43,116 [MainThread] [INFO ]  
-------- round 98 --------
2023-04-23 07:23:43,117 [MainThread] [INFO ]  --- start training ---
2023-04-23 07:26:33,154 [MainThread] [INFO ]  Server train time: 170.03716850280762
2023-04-23 07:26:33,155 [MainThread] [INFO ]  
-------- round 99 --------
2023-04-23 07:26:33,155 [MainThread] [INFO ]  --- start training ---
2023-04-23 07:29:22,910 [MainThread] [INFO ]  Server train time: 169.75482511520386
2023-04-23 07:29:22,913 [MainThread] [INFO ]  Model saved at /home/dengzhiling/.local/lib/python3.10/site-packages/easyfl/main/cifar10/saved_models/_global_model_r_99.pth
2023-04-23 07:29:22,913 [MainThread] [INFO ]  
-------- round 100 --------
2023-04-23 07:29:22,913 [MainThread] [INFO ]  --- start training ---
2023-04-23 07:32:13,811 [MainThread] [INFO ]  Server train time: 170.89819264411926
2023-04-23 07:32:13,812 [MainThread] [INFO ]  
-------- round 101 --------
2023-04-23 07:32:13,812 [MainThread] [INFO ]  --- start training ---
2023-04-23 07:35:03,796 [MainThread] [INFO ]  Server train time: 169.98321628570557
2023-04-23 07:35:03,796 [MainThread] [INFO ]  
-------- round 102 --------
2023-04-23 07:35:03,797 [MainThread] [INFO ]  --- start training ---
2023-04-23 07:37:54,216 [MainThread] [INFO ]  Server train time: 170.41874647140503
2023-04-23 07:37:54,216 [MainThread] [INFO ]  
-------- round 103 --------
2023-04-23 07:37:54,216 [MainThread] [INFO ]  --- start training ---
2023-04-23 07:40:45,452 [MainThread] [INFO ]  Server train time: 171.2357211112976
2023-04-23 07:40:45,453 [MainThread] [INFO ]  
-------- round 104 --------
2023-04-23 07:40:45,453 [MainThread] [INFO ]  --- start training ---
2023-04-23 07:43:36,706 [MainThread] [INFO ]  Server train time: 171.2522964477539
2023-04-23 07:43:36,707 [MainThread] [INFO ]  
-------- round 105 --------
2023-04-23 07:43:36,707 [MainThread] [INFO ]  --- start training ---
2023-04-23 07:46:28,198 [MainThread] [INFO ]  Server train time: 171.49119877815247
2023-04-23 07:46:28,199 [MainThread] [INFO ]  
-------- round 106 --------
2023-04-23 07:46:28,199 [MainThread] [INFO ]  --- start training ---
2023-04-23 07:49:19,345 [MainThread] [INFO ]  Server train time: 171.14542484283447
2023-04-23 07:49:19,345 [MainThread] [INFO ]  
-------- round 107 --------
2023-04-23 07:49:19,346 [MainThread] [INFO ]  --- start training ---
2023-04-23 07:52:11,167 [MainThread] [INFO ]  Server train time: 171.82092452049255
2023-04-23 07:52:11,168 [MainThread] [INFO ]  
-------- round 108 --------
2023-04-23 07:52:11,168 [MainThread] [INFO ]  --- start training ---
2023-04-23 07:55:01,857 [MainThread] [INFO ]  Server train time: 170.6889500617981
2023-04-23 07:55:01,858 [MainThread] [INFO ]  
-------- round 109 --------
2023-04-23 07:55:01,858 [MainThread] [INFO ]  --- start training ---
2023-04-23 07:57:52,194 [MainThread] [INFO ]  Server train time: 170.33552622795105
2023-04-23 07:57:52,196 [MainThread] [INFO ]  Model saved at /home/dengzhiling/.local/lib/python3.10/site-packages/easyfl/main/cifar10/saved_models/_global_model_r_109.pth
2023-04-23 07:57:52,196 [MainThread] [INFO ]  
-------- round 110 --------
2023-04-23 07:57:52,196 [MainThread] [INFO ]  --- start training ---
2023-04-23 08:00:42,454 [MainThread] [INFO ]  Server train time: 170.25767302513123
2023-04-23 08:00:42,455 [MainThread] [INFO ]  
-------- round 111 --------
2023-04-23 08:00:42,455 [MainThread] [INFO ]  --- start training ---
2023-04-23 08:03:32,817 [MainThread] [INFO ]  Server train time: 170.36165809631348
2023-04-23 08:03:32,818 [MainThread] [INFO ]  
-------- round 112 --------
2023-04-23 08:03:32,818 [MainThread] [INFO ]  --- start training ---
2023-04-23 08:06:23,522 [MainThread] [INFO ]  Server train time: 170.70323944091797
2023-04-23 08:06:23,522 [MainThread] [INFO ]  
-------- round 113 --------
2023-04-23 08:06:23,522 [MainThread] [INFO ]  --- start training ---
2023-04-23 08:09:13,939 [MainThread] [INFO ]  Server train time: 170.4157359600067
2023-04-23 08:09:13,939 [MainThread] [INFO ]  
-------- round 114 --------
2023-04-23 08:09:13,939 [MainThread] [INFO ]  --- start training ---
2023-04-23 08:12:04,147 [MainThread] [INFO ]  Server train time: 170.20764255523682
2023-04-23 08:12:04,148 [MainThread] [INFO ]  
-------- round 115 --------
2023-04-23 08:12:04,148 [MainThread] [INFO ]  --- start training ---
2023-04-23 08:14:54,747 [MainThread] [INFO ]  Server train time: 170.59830403327942
2023-04-23 08:14:54,747 [MainThread] [INFO ]  
-------- round 116 --------
2023-04-23 08:14:54,747 [MainThread] [INFO ]  --- start training ---
2023-04-23 08:17:45,163 [MainThread] [INFO ]  Server train time: 170.41570711135864
2023-04-23 08:17:45,164 [MainThread] [INFO ]  
-------- round 117 --------
2023-04-23 08:17:45,164 [MainThread] [INFO ]  --- start training ---
2023-04-23 08:20:35,109 [MainThread] [INFO ]  Server train time: 169.94434714317322
2023-04-23 08:20:35,110 [MainThread] [INFO ]  
-------- round 118 --------
2023-04-23 08:20:35,110 [MainThread] [INFO ]  --- start training ---
2023-04-23 08:23:25,133 [MainThread] [INFO ]  Server train time: 170.02249217033386
2023-04-23 08:23:25,133 [MainThread] [INFO ]  
-------- round 119 --------
2023-04-23 08:23:25,133 [MainThread] [INFO ]  --- start training ---
2023-04-23 08:26:15,809 [MainThread] [INFO ]  Server train time: 170.67567324638367
2023-04-23 08:26:15,812 [MainThread] [INFO ]  Model saved at /home/dengzhiling/.local/lib/python3.10/site-packages/easyfl/main/cifar10/saved_models/_global_model_r_119.pth
2023-04-23 08:26:15,812 [MainThread] [INFO ]  
-------- round 120 --------
2023-04-23 08:26:15,812 [MainThread] [INFO ]  --- start training ---
2023-04-23 08:29:05,899 [MainThread] [INFO ]  Server train time: 170.08667945861816
2023-04-23 08:29:05,900 [MainThread] [INFO ]  
-------- round 121 --------
2023-04-23 08:29:05,900 [MainThread] [INFO ]  --- start training ---
2023-04-23 08:31:56,214 [MainThread] [INFO ]  Server train time: 170.31340169906616
2023-04-23 08:31:56,215 [MainThread] [INFO ]  
-------- round 122 --------
2023-04-23 08:31:56,215 [MainThread] [INFO ]  --- start training ---
2023-04-23 08:34:46,519 [MainThread] [INFO ]  Server train time: 170.3036208152771
2023-04-23 08:34:46,519 [MainThread] [INFO ]  
-------- round 123 --------
2023-04-23 08:34:46,519 [MainThread] [INFO ]  --- start training ---
2023-04-23 08:37:36,645 [MainThread] [INFO ]  Server train time: 170.12499451637268
2023-04-23 08:37:36,645 [MainThread] [INFO ]  
-------- round 124 --------
2023-04-23 08:37:36,645 [MainThread] [INFO ]  --- start training ---
2023-04-23 08:40:27,854 [MainThread] [INFO ]  Server train time: 171.2085735797882
2023-04-23 08:40:27,855 [MainThread] [INFO ]  
-------- round 125 --------
2023-04-23 08:40:27,855 [MainThread] [INFO ]  --- start training ---
2023-04-23 08:43:18,745 [MainThread] [INFO ]  Server train time: 170.88962316513062
2023-04-23 08:43:18,746 [MainThread] [INFO ]  
-------- round 126 --------
2023-04-23 08:43:18,746 [MainThread] [INFO ]  --- start training ---
2023-04-23 08:46:09,932 [MainThread] [INFO ]  Server train time: 171.18552112579346
2023-04-23 08:46:09,933 [MainThread] [INFO ]  
-------- round 127 --------
2023-04-23 08:46:09,933 [MainThread] [INFO ]  --- start training ---
2023-04-23 08:49:00,639 [MainThread] [INFO ]  Server train time: 170.7062530517578
2023-04-23 08:49:00,640 [MainThread] [INFO ]  
-------- round 128 --------
2023-04-23 08:49:00,640 [MainThread] [INFO ]  --- start training ---
2023-04-23 08:51:51,139 [MainThread] [INFO ]  Server train time: 170.498792886734
2023-04-23 08:51:51,140 [MainThread] [INFO ]  
-------- round 129 --------
2023-04-23 08:51:51,140 [MainThread] [INFO ]  --- start training ---
2023-04-23 08:54:41,504 [MainThread] [INFO ]  Server train time: 170.36357498168945
2023-04-23 08:54:41,506 [MainThread] [INFO ]  Model saved at /home/dengzhiling/.local/lib/python3.10/site-packages/easyfl/main/cifar10/saved_models/_global_model_r_129.pth
2023-04-23 08:54:41,507 [MainThread] [INFO ]  
-------- round 130 --------
2023-04-23 08:54:41,507 [MainThread] [INFO ]  --- start training ---
2023-04-23 08:57:32,127 [MainThread] [INFO ]  Server train time: 170.61980867385864
2023-04-23 08:57:32,128 [MainThread] [INFO ]  
-------- round 131 --------
2023-04-23 08:57:32,128 [MainThread] [INFO ]  --- start training ---
2023-04-23 09:00:23,065 [MainThread] [INFO ]  Server train time: 170.9364356994629
2023-04-23 09:00:23,065 [MainThread] [INFO ]  
-------- round 132 --------
2023-04-23 09:00:23,065 [MainThread] [INFO ]  --- start training ---
2023-04-23 09:03:13,431 [MainThread] [INFO ]  Server train time: 170.36519527435303
2023-04-23 09:03:13,432 [MainThread] [INFO ]  
-------- round 133 --------
2023-04-23 09:03:13,432 [MainThread] [INFO ]  --- start training ---
2023-04-23 09:06:03,522 [MainThread] [INFO ]  Server train time: 170.08979725837708
2023-04-23 09:06:03,522 [MainThread] [INFO ]  
-------- round 134 --------
2023-04-23 09:06:03,523 [MainThread] [INFO ]  --- start training ---
2023-04-23 09:08:54,279 [MainThread] [INFO ]  Server train time: 170.75595927238464
2023-04-23 09:08:54,280 [MainThread] [INFO ]  
-------- round 135 --------
2023-04-23 09:08:54,280 [MainThread] [INFO ]  --- start training ---
2023-04-23 09:11:44,718 [MainThread] [INFO ]  Server train time: 170.43786764144897
2023-04-23 09:11:44,719 [MainThread] [INFO ]  
-------- round 136 --------
2023-04-23 09:11:44,719 [MainThread] [INFO ]  --- start training ---
2023-04-23 09:14:34,769 [MainThread] [INFO ]  Server train time: 170.05021977424622
2023-04-23 09:14:34,770 [MainThread] [INFO ]  
-------- round 137 --------
2023-04-23 09:14:34,770 [MainThread] [INFO ]  --- start training ---
2023-04-23 09:17:25,150 [MainThread] [INFO ]  Server train time: 170.37990641593933
2023-04-23 09:17:25,151 [MainThread] [INFO ]  
-------- round 138 --------
2023-04-23 09:17:25,151 [MainThread] [INFO ]  --- start training ---
2023-04-23 09:20:15,832 [MainThread] [INFO ]  Server train time: 170.68081665039062
2023-04-23 09:20:15,833 [MainThread] [INFO ]  
-------- round 139 --------
2023-04-23 09:20:15,833 [MainThread] [INFO ]  --- start training ---
2023-04-23 09:23:06,676 [MainThread] [INFO ]  Server train time: 170.84274554252625
2023-04-23 09:23:06,679 [MainThread] [INFO ]  Model saved at /home/dengzhiling/.local/lib/python3.10/site-packages/easyfl/main/cifar10/saved_models/_global_model_r_139.pth
2023-04-23 09:23:06,679 [MainThread] [INFO ]  
-------- round 140 --------
2023-04-23 09:23:06,679 [MainThread] [INFO ]  --- start training ---
2023-04-23 09:25:57,553 [MainThread] [INFO ]  Server train time: 170.87396264076233
2023-04-23 09:25:57,554 [MainThread] [INFO ]  
-------- round 141 --------
2023-04-23 09:25:57,554 [MainThread] [INFO ]  --- start training ---
2023-04-23 09:28:48,049 [MainThread] [INFO ]  Server train time: 170.4948606491089
2023-04-23 09:28:48,050 [MainThread] [INFO ]  
-------- round 142 --------
2023-04-23 09:28:48,050 [MainThread] [INFO ]  --- start training ---
2023-04-23 09:31:38,229 [MainThread] [INFO ]  Server train time: 170.17825293540955
2023-04-23 09:31:38,229 [MainThread] [INFO ]  
-------- round 143 --------
2023-04-23 09:31:38,230 [MainThread] [INFO ]  --- start training ---
2023-04-23 09:34:28,524 [MainThread] [INFO ]  Server train time: 170.29376125335693
2023-04-23 09:34:28,524 [MainThread] [INFO ]  
-------- round 144 --------
2023-04-23 09:34:28,524 [MainThread] [INFO ]  --- start training ---
2023-04-23 09:37:19,188 [MainThread] [INFO ]  Server train time: 170.66333651542664
2023-04-23 09:37:19,189 [MainThread] [INFO ]  
-------- round 145 --------
2023-04-23 09:37:19,189 [MainThread] [INFO ]  --- start training ---
2023-04-23 09:40:09,231 [MainThread] [INFO ]  Server train time: 170.04184985160828
2023-04-23 09:40:09,232 [MainThread] [INFO ]  
-------- round 146 --------
2023-04-23 09:40:09,232 [MainThread] [INFO ]  --- start training ---
2023-04-23 09:42:58,940 [MainThread] [INFO ]  Server train time: 169.70727014541626
2023-04-23 09:42:58,940 [MainThread] [INFO ]  
-------- round 147 --------
2023-04-23 09:42:58,940 [MainThread] [INFO ]  --- start training ---
2023-04-23 09:45:48,734 [MainThread] [INFO ]  Server train time: 169.79346656799316
2023-04-23 09:45:48,735 [MainThread] [INFO ]  
-------- round 148 --------
2023-04-23 09:45:48,735 [MainThread] [INFO ]  --- start training ---
2023-04-23 09:48:38,297 [MainThread] [INFO ]  Server train time: 169.5613465309143
2023-04-23 09:48:38,297 [MainThread] [INFO ]  
-------- round 149 --------
2023-04-23 09:48:38,297 [MainThread] [INFO ]  --- start training ---
2023-04-23 09:51:28,867 [MainThread] [INFO ]  Server train time: 170.56889724731445
2023-04-23 09:51:28,869 [MainThread] [INFO ]  Model saved at /home/dengzhiling/.local/lib/python3.10/site-packages/easyfl/main/cifar10/saved_models/_global_model_r_149.pth
2023-04-23 09:51:28,869 [MainThread] [INFO ]  
-------- round 150 --------
2023-04-23 09:51:28,869 [MainThread] [INFO ]  --- start training ---
2023-04-23 09:54:18,618 [MainThread] [INFO ]  Server train time: 169.74847626686096
2023-04-23 09:54:18,619 [MainThread] [INFO ]  
-------- round 151 --------
2023-04-23 09:54:18,619 [MainThread] [INFO ]  --- start training ---
2023-04-23 09:57:08,386 [MainThread] [INFO ]  Server train time: 169.76624608039856
2023-04-23 09:57:08,386 [MainThread] [INFO ]  
-------- round 152 --------
2023-04-23 09:57:08,386 [MainThread] [INFO ]  --- start training ---
2023-04-23 09:59:58,256 [MainThread] [INFO ]  Server train time: 169.86945056915283
2023-04-23 09:59:58,257 [MainThread] [INFO ]  
-------- round 153 --------
2023-04-23 09:59:58,257 [MainThread] [INFO ]  --- start training ---
2023-04-23 10:02:48,397 [MainThread] [INFO ]  Server train time: 170.13988208770752
2023-04-23 10:02:48,398 [MainThread] [INFO ]  
-------- round 154 --------
2023-04-23 10:02:48,398 [MainThread] [INFO ]  --- start training ---
2023-04-23 10:05:38,776 [MainThread] [INFO ]  Server train time: 170.37786650657654
2023-04-23 10:05:38,777 [MainThread] [INFO ]  
-------- round 155 --------
2023-04-23 10:05:38,777 [MainThread] [INFO ]  --- start training ---
2023-04-23 10:08:28,710 [MainThread] [INFO ]  Server train time: 169.9322474002838
2023-04-23 10:08:28,710 [MainThread] [INFO ]  
-------- round 156 --------
2023-04-23 10:08:28,710 [MainThread] [INFO ]  --- start training ---
2023-04-23 10:11:17,249 [MainThread] [INFO ]  Server train time: 168.53829503059387
2023-04-23 10:11:17,250 [MainThread] [INFO ]  
-------- round 157 --------
2023-04-23 10:11:17,250 [MainThread] [INFO ]  --- start training ---
2023-04-23 10:14:07,547 [MainThread] [INFO ]  Server train time: 170.29635787010193
2023-04-23 10:14:07,547 [MainThread] [INFO ]  
-------- round 158 --------
2023-04-23 10:14:07,547 [MainThread] [INFO ]  --- start training ---
2023-04-23 10:16:57,789 [MainThread] [INFO ]  Server train time: 170.2407774925232
2023-04-23 10:16:57,789 [MainThread] [INFO ]  
-------- round 159 --------
2023-04-23 10:16:57,789 [MainThread] [INFO ]  --- start training ---
2023-04-23 10:19:48,097 [MainThread] [INFO ]  Server train time: 170.3077416419983
2023-04-23 10:19:48,100 [MainThread] [INFO ]  Model saved at /home/dengzhiling/.local/lib/python3.10/site-packages/easyfl/main/cifar10/saved_models/_global_model_r_159.pth
2023-04-23 10:19:48,100 [MainThread] [INFO ]  
-------- round 160 --------
2023-04-23 10:19:48,100 [MainThread] [INFO ]  --- start training ---
2023-04-23 10:22:38,497 [MainThread] [INFO ]  Server train time: 170.39670276641846
2023-04-23 10:22:38,498 [MainThread] [INFO ]  
-------- round 161 --------
2023-04-23 10:22:38,498 [MainThread] [INFO ]  --- start training ---
2023-04-23 10:25:28,505 [MainThread] [INFO ]  Server train time: 170.0068633556366
2023-04-23 10:25:28,506 [MainThread] [INFO ]  
-------- round 162 --------
2023-04-23 10:25:28,506 [MainThread] [INFO ]  --- start training ---
2023-04-23 10:28:20,269 [MainThread] [INFO ]  Server train time: 171.7620267868042
2023-04-23 10:28:20,269 [MainThread] [INFO ]  
-------- round 163 --------
2023-04-23 10:28:20,269 [MainThread] [INFO ]  --- start training ---
2023-04-23 10:31:15,109 [MainThread] [INFO ]  Server train time: 174.83875250816345
2023-04-23 10:31:15,110 [MainThread] [INFO ]  
-------- round 164 --------
2023-04-23 10:31:15,110 [MainThread] [INFO ]  --- start training ---
2023-04-23 10:34:10,661 [MainThread] [INFO ]  Server train time: 175.55087089538574
2023-04-23 10:34:10,662 [MainThread] [INFO ]  
-------- round 165 --------
2023-04-23 10:34:10,662 [MainThread] [INFO ]  --- start training ---
2023-04-23 10:37:03,937 [MainThread] [INFO ]  Server train time: 173.27431464195251
2023-04-23 10:37:03,938 [MainThread] [INFO ]  
-------- round 166 --------
2023-04-23 10:37:03,938 [MainThread] [INFO ]  --- start training ---
2023-04-23 10:39:57,747 [MainThread] [INFO ]  Server train time: 173.8086540699005
2023-04-23 10:39:57,747 [MainThread] [INFO ]  
-------- round 167 --------
2023-04-23 10:39:57,747 [MainThread] [INFO ]  --- start training ---
2023-04-23 10:42:50,876 [MainThread] [INFO ]  Server train time: 173.1279079914093
2023-04-23 10:42:50,876 [MainThread] [INFO ]  
-------- round 168 --------
2023-04-23 10:42:50,876 [MainThread] [INFO ]  --- start training ---
2023-04-23 10:45:44,941 [MainThread] [INFO ]  Server train time: 174.06456446647644
2023-04-23 10:45:44,942 [MainThread] [INFO ]  
-------- round 169 --------
2023-04-23 10:45:44,942 [MainThread] [INFO ]  --- start training ---
2023-04-23 10:48:38,777 [MainThread] [INFO ]  Server train time: 173.83418536186218
2023-04-23 10:48:38,780 [MainThread] [INFO ]  Model saved at /home/dengzhiling/.local/lib/python3.10/site-packages/easyfl/main/cifar10/saved_models/_global_model_r_169.pth
2023-04-23 10:48:38,780 [MainThread] [INFO ]  
-------- round 170 --------
2023-04-23 10:48:38,780 [MainThread] [INFO ]  --- start training ---
2023-04-23 10:51:33,810 [MainThread] [INFO ]  Server train time: 175.0301797389984
2023-04-23 10:51:33,811 [MainThread] [INFO ]  
-------- round 171 --------
2023-04-23 10:51:33,811 [MainThread] [INFO ]  --- start training ---
2023-04-23 10:54:28,027 [MainThread] [INFO ]  Server train time: 174.2156732082367
2023-04-23 10:54:28,028 [MainThread] [INFO ]  
-------- round 172 --------
2023-04-23 10:54:28,028 [MainThread] [INFO ]  --- start training ---
2023-04-23 10:57:21,420 [MainThread] [INFO ]  Server train time: 173.3916573524475
2023-04-23 10:57:21,421 [MainThread] [INFO ]  
-------- round 173 --------
2023-04-23 10:57:21,421 [MainThread] [INFO ]  --- start training ---
2023-04-23 11:00:16,286 [MainThread] [INFO ]  Server train time: 174.86443948745728
2023-04-23 11:00:16,286 [MainThread] [INFO ]  
-------- round 174 --------
2023-04-23 11:00:16,286 [MainThread] [INFO ]  --- start training ---
2023-04-23 11:03:10,657 [MainThread] [INFO ]  Server train time: 174.37033343315125
2023-04-23 11:03:10,658 [MainThread] [INFO ]  
-------- round 175 --------
2023-04-23 11:03:10,658 [MainThread] [INFO ]  --- start training ---
2023-04-23 11:06:04,838 [MainThread] [INFO ]  Server train time: 174.17965936660767
2023-04-23 11:06:04,839 [MainThread] [INFO ]  
-------- round 176 --------
2023-04-23 11:06:04,839 [MainThread] [INFO ]  --- start training ---
2023-04-23 11:08:58,994 [MainThread] [INFO ]  Server train time: 174.15462517738342
2023-04-23 11:08:58,994 [MainThread] [INFO ]  
-------- round 177 --------
2023-04-23 11:08:58,994 [MainThread] [INFO ]  --- start training ---
2023-04-23 11:11:52,432 [MainThread] [INFO ]  Server train time: 173.43672847747803
2023-04-23 11:11:52,432 [MainThread] [INFO ]  
-------- round 178 --------
2023-04-23 11:11:52,432 [MainThread] [INFO ]  --- start training ---
2023-04-23 11:14:46,257 [MainThread] [INFO ]  Server train time: 173.82455921173096
2023-04-23 11:14:46,258 [MainThread] [INFO ]  
-------- round 179 --------
2023-04-23 11:14:46,258 [MainThread] [INFO ]  --- start training ---
2023-04-23 11:17:41,077 [MainThread] [INFO ]  Server train time: 174.81865191459656
2023-04-23 11:17:41,080 [MainThread] [INFO ]  Model saved at /home/dengzhiling/.local/lib/python3.10/site-packages/easyfl/main/cifar10/saved_models/_global_model_r_179.pth
2023-04-23 11:17:41,080 [MainThread] [INFO ]  
-------- round 180 --------
2023-04-23 11:17:41,080 [MainThread] [INFO ]  --- start training ---
2023-04-23 11:20:34,010 [MainThread] [INFO ]  Server train time: 172.929279088974
2023-04-23 11:20:34,010 [MainThread] [INFO ]  
-------- round 181 --------
2023-04-23 11:20:34,010 [MainThread] [INFO ]  --- start training ---
2023-04-23 11:23:27,439 [MainThread] [INFO ]  Server train time: 173.42825412750244
2023-04-23 11:23:27,440 [MainThread] [INFO ]  
-------- round 182 --------
2023-04-23 11:23:27,440 [MainThread] [INFO ]  --- start training ---
2023-04-23 11:26:22,309 [MainThread] [INFO ]  Server train time: 174.86845088005066
2023-04-23 11:26:22,309 [MainThread] [INFO ]  
-------- round 183 --------
2023-04-23 11:26:22,309 [MainThread] [INFO ]  --- start training ---
2023-04-23 11:29:15,811 [MainThread] [INFO ]  Server train time: 173.50104141235352
2023-04-23 11:29:15,812 [MainThread] [INFO ]  
-------- round 184 --------
2023-04-23 11:29:15,812 [MainThread] [INFO ]  --- start training ---
2023-04-23 11:32:08,771 [MainThread] [INFO ]  Server train time: 172.9590253829956
2023-04-23 11:32:08,772 [MainThread] [INFO ]  
-------- round 185 --------
2023-04-23 11:32:08,772 [MainThread] [INFO ]  --- start training ---
2023-04-23 11:35:03,435 [MainThread] [INFO ]  Server train time: 174.66298031806946
2023-04-23 11:35:03,436 [MainThread] [INFO ]  
-------- round 186 --------
2023-04-23 11:35:03,436 [MainThread] [INFO ]  --- start training ---
2023-04-23 11:37:56,690 [MainThread] [INFO ]  Server train time: 173.25344610214233
2023-04-23 11:37:56,690 [MainThread] [INFO ]  
-------- round 187 --------
2023-04-23 11:37:56,691 [MainThread] [INFO ]  --- start training ---
2023-04-23 11:40:50,892 [MainThread] [INFO ]  Server train time: 174.20129418373108
2023-04-23 11:40:50,893 [MainThread] [INFO ]  
-------- round 188 --------
2023-04-23 11:40:50,893 [MainThread] [INFO ]  --- start training ---
2023-04-23 11:43:44,226 [MainThread] [INFO ]  Server train time: 173.3326599597931
2023-04-23 11:43:44,227 [MainThread] [INFO ]  
-------- round 189 --------
2023-04-23 11:43:44,227 [MainThread] [INFO ]  --- start training ---
2023-04-23 11:46:37,554 [MainThread] [INFO ]  Server train time: 173.32623958587646
2023-04-23 11:46:37,556 [MainThread] [INFO ]  Model saved at /home/dengzhiling/.local/lib/python3.10/site-packages/easyfl/main/cifar10/saved_models/_global_model_r_189.pth
2023-04-23 11:46:37,556 [MainThread] [INFO ]  
-------- round 190 --------
2023-04-23 11:46:37,556 [MainThread] [INFO ]  --- start training ---
2023-04-23 11:49:32,791 [MainThread] [INFO ]  Server train time: 175.2339391708374
2023-04-23 11:49:32,791 [MainThread] [INFO ]  
-------- round 191 --------
2023-04-23 11:49:32,791 [MainThread] [INFO ]  --- start training ---
2023-04-23 11:52:26,686 [MainThread] [INFO ]  Server train time: 173.89458227157593
2023-04-23 11:52:26,687 [MainThread] [INFO ]  
-------- round 192 --------
2023-04-23 11:52:26,687 [MainThread] [INFO ]  --- start training ---
2023-04-23 11:55:21,289 [MainThread] [INFO ]  Server train time: 174.60184001922607
2023-04-23 11:55:21,290 [MainThread] [INFO ]  
-------- round 193 --------
2023-04-23 11:55:21,290 [MainThread] [INFO ]  --- start training ---
2023-04-23 11:58:16,118 [MainThread] [INFO ]  Server train time: 174.8271083831787
2023-04-23 11:58:16,118 [MainThread] [INFO ]  
-------- round 194 --------
2023-04-23 11:58:16,118 [MainThread] [INFO ]  --- start training ---
2023-04-23 12:01:10,000 [MainThread] [INFO ]  Server train time: 173.88113141059875
2023-04-23 12:01:10,001 [MainThread] [INFO ]  
-------- round 195 --------
2023-04-23 12:01:10,001 [MainThread] [INFO ]  --- start training ---
2023-04-23 12:04:04,730 [MainThread] [INFO ]  Server train time: 174.72909569740295
2023-04-23 12:04:04,731 [MainThread] [INFO ]  
-------- round 196 --------
2023-04-23 12:04:04,731 [MainThread] [INFO ]  --- start training ---
2023-04-23 12:06:58,734 [MainThread] [INFO ]  Server train time: 174.00287747383118
2023-04-23 12:06:58,735 [MainThread] [INFO ]  
-------- round 197 --------
2023-04-23 12:06:58,735 [MainThread] [INFO ]  --- start training ---
2023-04-23 12:09:54,253 [MainThread] [INFO ]  Server train time: 175.51708388328552
2023-04-23 12:09:54,253 [MainThread] [INFO ]  
-------- round 198 --------
2023-04-23 12:09:54,253 [MainThread] [INFO ]  --- start training ---
2023-04-23 12:12:48,410 [MainThread] [INFO ]  Server train time: 174.15585350990295
2023-04-23 12:12:48,410 [MainThread] [INFO ]  
-------- round 199 --------
2023-04-23 12:12:48,410 [MainThread] [INFO ]  --- start training ---
2023-04-23 12:15:42,539 [MainThread] [INFO ]  Server train time: 174.12843799591064
2023-04-23 12:15:42,542 [MainThread] [INFO ]  Model saved at /home/dengzhiling/.local/lib/python3.10/site-packages/easyfl/main/cifar10/saved_models/_global_model_r_199.pth
2023-04-23 12:15:42,542 [MainThread] [INFO ]  
-------- round 200 --------
2023-04-23 12:15:42,542 [MainThread] [INFO ]  --- start training ---
2023-04-23 12:18:36,376 [MainThread] [INFO ]  Server train time: 173.8333203792572
2023-04-23 12:18:36,377 [MainThread] [INFO ]  
-------- round 201 --------
2023-04-23 12:18:36,377 [MainThread] [INFO ]  --- start training ---
2023-04-23 12:21:30,545 [MainThread] [INFO ]  Server train time: 174.168203830719
2023-04-23 12:21:30,546 [MainThread] [INFO ]  
-------- round 202 --------
2023-04-23 12:21:30,546 [MainThread] [INFO ]  --- start training ---
2023-04-23 12:24:23,197 [MainThread] [INFO ]  Server train time: 172.65047979354858
2023-04-23 12:24:23,198 [MainThread] [INFO ]  
-------- round 203 --------
2023-04-23 12:24:23,198 [MainThread] [INFO ]  --- start training ---
2023-04-23 12:27:14,923 [MainThread] [INFO ]  Server train time: 171.724702835083
2023-04-23 12:27:14,924 [MainThread] [INFO ]  
-------- round 204 --------
2023-04-23 12:27:14,924 [MainThread] [INFO ]  --- start training ---
2023-04-23 12:30:09,222 [MainThread] [INFO ]  Server train time: 174.29814338684082
2023-04-23 12:30:09,223 [MainThread] [INFO ]  
-------- round 205 --------
2023-04-23 12:30:09,223 [MainThread] [INFO ]  --- start training ---
2023-04-23 12:33:02,965 [MainThread] [INFO ]  Server train time: 173.7417290210724
2023-04-23 12:33:02,966 [MainThread] [INFO ]  
-------- round 206 --------
2023-04-23 12:33:02,966 [MainThread] [INFO ]  --- start training ---
