2023-04-23 07:32:31,961 [MainThread] [INFO ]  Configurations: {'task_id': '', 'data': {'root': '../data/', 'dataset': 'cifar100', 'split_type': 'class', 'min_size': 10, 'data_amount': 0.05, 'iid_fraction': 0.1, 'user': False, 'train_test_split': 0.8, 'class_per_client': 50, 'num_of_clients': 10, 'alpha': 0.2, 'weights': None}, 'model': 'simple_cnn', 'test_mode': 'test_in_client', 'test_method': 'average', 'server': {'track': False, 'rounds': 1000, 'clients_per_round': 2, 'test_every': 1, 'save_model_every': 10, 'save_model_path': '', 'batch_size': 64, 'test_all': True, 'random_selection': True, 'aggregation_stragtegy': 'FedAvg', 'aggregation_content': 'all'}, 'client': {'track': False, 'batch_size': 16, 'test_batch_size': 5, 'local_epoch': 20, 'optimizer': {'type': 'SGD', 'lr': 0.01, 'momentum': 0.5, 'weight_decay': 0.0005, 'nesterov': True}, 'seed': 0, 'local_test': True}, 'gpu': 1, 'distributed': {'backend': 'nccl', 'init_method': '', 'world_size': 0, 'rank': 0, 'local_rank': 0}, 'tracking': {'database': '', 'log_file': '', 'log_level': 'INFO', 'metric_file': '', 'save_every': 1}, 'resource_heterogeneous': {'simulate': False, 'hetero_type': 'real', 'level': 3, 'sleep_group_num': 1000, 'total_time': 1000, 'fraction': 1, 'grouping_strategy': 'greedy', 'initial_default_time': 5, 'default_time_momentum': 0.2}, 'seed': 0, 'is_distributed': False, 'device': 0}
2023-04-23 07:32:32,173 [MainThread] [INFO ]  Total training data amount: 50000
2023-04-23 07:32:32,173 [MainThread] [INFO ]  Total testing data amount: 10000
2023-04-23 07:32:32,218 [MainThread] [INFO ]  Clients in total: 10
2023-04-23 07:32:32,241 [MainThread] [INFO ]  
-------- round 0 --------
2023-04-23 07:32:32,241 [MainThread] [INFO ]  --- start training ---
2023-04-23 07:35:25,772 [MainThread] [INFO ]  Server train time: 173.53025341033936
2023-04-23 07:35:25,772 [MainThread] [INFO ]  
-------- round 1 --------
2023-04-23 07:35:25,772 [MainThread] [INFO ]  --- start training ---
2023-04-23 07:38:14,391 [MainThread] [INFO ]  Server train time: 168.61831903457642
2023-04-23 07:38:14,392 [MainThread] [INFO ]  
-------- round 2 --------
2023-04-23 07:38:14,392 [MainThread] [INFO ]  --- start training ---
2023-04-23 07:41:04,072 [MainThread] [INFO ]  Server train time: 169.67995405197144
2023-04-23 07:41:04,073 [MainThread] [INFO ]  
-------- round 3 --------
2023-04-23 07:41:04,073 [MainThread] [INFO ]  --- start training ---
2023-04-23 07:43:53,661 [MainThread] [INFO ]  Server train time: 169.5872094631195
2023-04-23 07:43:53,661 [MainThread] [INFO ]  
-------- round 4 --------
2023-04-23 07:43:53,661 [MainThread] [INFO ]  --- start training ---
2023-04-23 07:46:43,699 [MainThread] [INFO ]  Server train time: 170.03776812553406
2023-04-23 07:46:43,700 [MainThread] [INFO ]  
-------- round 5 --------
2023-04-23 07:46:43,700 [MainThread] [INFO ]  --- start training ---
2023-04-23 07:49:34,669 [MainThread] [INFO ]  Server train time: 170.9680483341217
2023-04-23 07:49:34,669 [MainThread] [INFO ]  
-------- round 6 --------
2023-04-23 07:49:34,669 [MainThread] [INFO ]  --- start training ---
2023-04-23 07:52:24,827 [MainThread] [INFO ]  Server train time: 170.15726518630981
2023-04-23 07:52:24,828 [MainThread] [INFO ]  
-------- round 7 --------
2023-04-23 07:52:24,828 [MainThread] [INFO ]  --- start training ---
2023-04-23 07:55:14,567 [MainThread] [INFO ]  Server train time: 169.73906326293945
2023-04-23 07:55:14,568 [MainThread] [INFO ]  
-------- round 8 --------
2023-04-23 07:55:14,568 [MainThread] [INFO ]  --- start training ---
2023-04-23 07:58:04,357 [MainThread] [INFO ]  Server train time: 169.78819608688354
2023-04-23 07:58:04,357 [MainThread] [INFO ]  
-------- round 9 --------
2023-04-23 07:58:04,357 [MainThread] [INFO ]  --- start training ---
2023-04-23 08:00:53,735 [MainThread] [INFO ]  Server train time: 169.3768858909607
2023-04-23 08:00:53,738 [MainThread] [INFO ]  Model saved at /home/dengzhiling/.local/lib/python3.10/site-packages/easyfl/main/cifar100/saved_models/_global_model_r_9.pth
2023-04-23 08:00:53,738 [MainThread] [INFO ]  
-------- round 10 --------
2023-04-23 08:00:53,739 [MainThread] [INFO ]  --- start training ---
2023-04-23 08:03:43,131 [MainThread] [INFO ]  Server train time: 169.39242005348206
2023-04-23 08:03:43,132 [MainThread] [INFO ]  
-------- round 11 --------
2023-04-23 08:03:43,132 [MainThread] [INFO ]  --- start training ---
2023-04-23 08:06:32,524 [MainThread] [INFO ]  Server train time: 169.39110040664673
2023-04-23 08:06:32,524 [MainThread] [INFO ]  
-------- round 12 --------
2023-04-23 08:06:32,524 [MainThread] [INFO ]  --- start training ---
2023-04-23 08:09:22,834 [MainThread] [INFO ]  Server train time: 170.30910444259644
2023-04-23 08:09:22,834 [MainThread] [INFO ]  
-------- round 13 --------
2023-04-23 08:09:22,835 [MainThread] [INFO ]  --- start training ---
2023-04-23 08:12:12,925 [MainThread] [INFO ]  Server train time: 170.09024906158447
2023-04-23 08:12:12,926 [MainThread] [INFO ]  
-------- round 14 --------
2023-04-23 08:12:12,926 [MainThread] [INFO ]  --- start training ---
2023-04-23 08:15:02,677 [MainThread] [INFO ]  Server train time: 169.75098133087158
2023-04-23 08:15:02,678 [MainThread] [INFO ]  
-------- round 15 --------
2023-04-23 08:15:02,678 [MainThread] [INFO ]  --- start training ---
2023-04-23 08:17:52,202 [MainThread] [INFO ]  Server train time: 169.52307224273682
2023-04-23 08:17:52,202 [MainThread] [INFO ]  
-------- round 16 --------
2023-04-23 08:17:52,202 [MainThread] [INFO ]  --- start training ---
2023-04-23 08:20:41,791 [MainThread] [INFO ]  Server train time: 169.58768486976624
2023-04-23 08:20:41,791 [MainThread] [INFO ]  
-------- round 17 --------
2023-04-23 08:20:41,791 [MainThread] [INFO ]  --- start training ---
2023-04-23 08:23:31,747 [MainThread] [INFO ]  Server train time: 169.95525789260864
2023-04-23 08:23:31,748 [MainThread] [INFO ]  
-------- round 18 --------
2023-04-23 08:23:31,748 [MainThread] [INFO ]  --- start training ---
2023-04-23 08:26:21,559 [MainThread] [INFO ]  Server train time: 169.81052422523499
2023-04-23 08:26:21,559 [MainThread] [INFO ]  
-------- round 19 --------
2023-04-23 08:26:21,559 [MainThread] [INFO ]  --- start training ---
2023-04-23 08:29:11,148 [MainThread] [INFO ]  Server train time: 169.58849263191223
2023-04-23 08:29:11,151 [MainThread] [INFO ]  Model saved at /home/dengzhiling/.local/lib/python3.10/site-packages/easyfl/main/cifar100/saved_models/_global_model_r_19.pth
2023-04-23 08:29:11,152 [MainThread] [INFO ]  
-------- round 20 --------
2023-04-23 08:29:11,152 [MainThread] [INFO ]  --- start training ---
2023-04-23 08:32:00,293 [MainThread] [INFO ]  Server train time: 169.14049983024597
2023-04-23 08:32:00,293 [MainThread] [INFO ]  
-------- round 21 --------
2023-04-23 08:32:00,293 [MainThread] [INFO ]  --- start training ---
2023-04-23 08:34:49,270 [MainThread] [INFO ]  Server train time: 168.97667694091797
2023-04-23 08:34:49,271 [MainThread] [INFO ]  
-------- round 22 --------
2023-04-23 08:34:49,271 [MainThread] [INFO ]  --- start training ---
2023-04-23 08:37:39,090 [MainThread] [INFO ]  Server train time: 169.8184700012207
2023-04-23 08:37:39,091 [MainThread] [INFO ]  
-------- round 23 --------
2023-04-23 08:37:39,091 [MainThread] [INFO ]  --- start training ---
2023-04-23 08:40:28,663 [MainThread] [INFO ]  Server train time: 169.57172560691833
2023-04-23 08:40:28,664 [MainThread] [INFO ]  
-------- round 24 --------
2023-04-23 08:40:28,664 [MainThread] [INFO ]  --- start training ---
2023-04-23 08:43:18,900 [MainThread] [INFO ]  Server train time: 170.23547887802124
2023-04-23 08:43:18,900 [MainThread] [INFO ]  
-------- round 25 --------
2023-04-23 08:43:18,900 [MainThread] [INFO ]  --- start training ---
2023-04-23 08:46:08,839 [MainThread] [INFO ]  Server train time: 169.93819737434387
2023-04-23 08:46:08,840 [MainThread] [INFO ]  
-------- round 26 --------
2023-04-23 08:46:08,840 [MainThread] [INFO ]  --- start training ---
2023-04-23 08:48:58,563 [MainThread] [INFO ]  Server train time: 169.72275805473328
2023-04-23 08:48:58,563 [MainThread] [INFO ]  
-------- round 27 --------
2023-04-23 08:48:58,564 [MainThread] [INFO ]  --- start training ---
2023-04-23 08:51:48,283 [MainThread] [INFO ]  Server train time: 169.71945023536682
2023-04-23 08:51:48,284 [MainThread] [INFO ]  
-------- round 28 --------
2023-04-23 08:51:48,284 [MainThread] [INFO ]  --- start training ---
2023-04-23 08:54:38,293 [MainThread] [INFO ]  Server train time: 170.00891208648682
2023-04-23 08:54:38,294 [MainThread] [INFO ]  
-------- round 29 --------
2023-04-23 08:54:38,294 [MainThread] [INFO ]  --- start training ---
2023-04-23 08:57:28,489 [MainThread] [INFO ]  Server train time: 170.19463229179382
2023-04-23 08:57:28,492 [MainThread] [INFO ]  Model saved at /home/dengzhiling/.local/lib/python3.10/site-packages/easyfl/main/cifar100/saved_models/_global_model_r_29.pth
2023-04-23 08:57:28,493 [MainThread] [INFO ]  
-------- round 30 --------
2023-04-23 08:57:28,493 [MainThread] [INFO ]  --- start training ---
2023-04-23 09:00:18,570 [MainThread] [INFO ]  Server train time: 170.0771086215973
2023-04-23 09:00:18,571 [MainThread] [INFO ]  
-------- round 31 --------
2023-04-23 09:00:18,571 [MainThread] [INFO ]  --- start training ---
2023-04-23 09:03:09,028 [MainThread] [INFO ]  Server train time: 170.4565498828888
2023-04-23 09:03:09,029 [MainThread] [INFO ]  
-------- round 32 --------
2023-04-23 09:03:09,029 [MainThread] [INFO ]  --- start training ---
2023-04-23 09:05:58,397 [MainThread] [INFO ]  Server train time: 169.3676073551178
2023-04-23 09:05:58,397 [MainThread] [INFO ]  
-------- round 33 --------
2023-04-23 09:05:58,397 [MainThread] [INFO ]  --- start training ---
2023-04-23 09:08:47,988 [MainThread] [INFO ]  Server train time: 169.59077143669128
2023-04-23 09:08:47,989 [MainThread] [INFO ]  
-------- round 34 --------
2023-04-23 09:08:47,989 [MainThread] [INFO ]  --- start training ---
2023-04-23 09:11:37,285 [MainThread] [INFO ]  Server train time: 169.29552555084229
2023-04-23 09:11:37,286 [MainThread] [INFO ]  
-------- round 35 --------
2023-04-23 09:11:37,286 [MainThread] [INFO ]  --- start training ---
2023-04-23 09:14:27,302 [MainThread] [INFO ]  Server train time: 170.01547193527222
2023-04-23 09:14:27,302 [MainThread] [INFO ]  
-------- round 36 --------
2023-04-23 09:14:27,302 [MainThread] [INFO ]  --- start training ---
2023-04-23 09:17:17,490 [MainThread] [INFO ]  Server train time: 170.18711972236633
2023-04-23 09:17:17,491 [MainThread] [INFO ]  
-------- round 37 --------
2023-04-23 09:17:17,491 [MainThread] [INFO ]  --- start training ---
2023-04-23 09:20:06,846 [MainThread] [INFO ]  Server train time: 169.35525751113892
2023-04-23 09:20:06,847 [MainThread] [INFO ]  
-------- round 38 --------
2023-04-23 09:20:06,847 [MainThread] [INFO ]  --- start training ---
2023-04-23 09:22:56,702 [MainThread] [INFO ]  Server train time: 169.85422444343567
2023-04-23 09:22:56,702 [MainThread] [INFO ]  
-------- round 39 --------
2023-04-23 09:22:56,702 [MainThread] [INFO ]  --- start training ---
2023-04-23 09:25:46,925 [MainThread] [INFO ]  Server train time: 170.22239756584167
2023-04-23 09:25:46,928 [MainThread] [INFO ]  Model saved at /home/dengzhiling/.local/lib/python3.10/site-packages/easyfl/main/cifar100/saved_models/_global_model_r_39.pth
2023-04-23 09:25:46,929 [MainThread] [INFO ]  
-------- round 40 --------
2023-04-23 09:25:46,929 [MainThread] [INFO ]  --- start training ---
2023-04-23 09:28:36,194 [MainThread] [INFO ]  Server train time: 169.26487588882446
2023-04-23 09:28:36,195 [MainThread] [INFO ]  
-------- round 41 --------
2023-04-23 09:28:36,195 [MainThread] [INFO ]  --- start training ---
2023-04-23 09:31:25,839 [MainThread] [INFO ]  Server train time: 169.64400839805603
2023-04-23 09:31:25,840 [MainThread] [INFO ]  
-------- round 42 --------
2023-04-23 09:31:25,840 [MainThread] [INFO ]  --- start training ---
2023-04-23 09:34:15,271 [MainThread] [INFO ]  Server train time: 169.4307553768158
2023-04-23 09:34:15,272 [MainThread] [INFO ]  
-------- round 43 --------
2023-04-23 09:34:15,272 [MainThread] [INFO ]  --- start training ---
2023-04-23 09:37:04,484 [MainThread] [INFO ]  Server train time: 169.21183276176453
2023-04-23 09:37:04,485 [MainThread] [INFO ]  
-------- round 44 --------
2023-04-23 09:37:04,485 [MainThread] [INFO ]  --- start training ---
2023-04-23 09:39:54,175 [MainThread] [INFO ]  Server train time: 169.6902244091034
2023-04-23 09:39:54,176 [MainThread] [INFO ]  
-------- round 45 --------
2023-04-23 09:39:54,176 [MainThread] [INFO ]  --- start training ---
2023-04-23 09:42:43,616 [MainThread] [INFO ]  Server train time: 169.4393539428711
2023-04-23 09:42:43,617 [MainThread] [INFO ]  
-------- round 46 --------
2023-04-23 09:42:43,617 [MainThread] [INFO ]  --- start training ---
2023-04-23 09:45:32,636 [MainThread] [INFO ]  Server train time: 169.0187792778015
2023-04-23 09:45:32,637 [MainThread] [INFO ]  
-------- round 47 --------
2023-04-23 09:45:32,637 [MainThread] [INFO ]  --- start training ---
2023-04-23 09:48:21,655 [MainThread] [INFO ]  Server train time: 169.0181179046631
2023-04-23 09:48:21,656 [MainThread] [INFO ]  
-------- round 48 --------
2023-04-23 09:48:21,656 [MainThread] [INFO ]  --- start training ---
2023-04-23 09:51:11,384 [MainThread] [INFO ]  Server train time: 169.72817707061768
2023-04-23 09:51:11,385 [MainThread] [INFO ]  
-------- round 49 --------
2023-04-23 09:51:11,385 [MainThread] [INFO ]  --- start training ---
2023-04-23 09:54:00,764 [MainThread] [INFO ]  Server train time: 169.37820839881897
2023-04-23 09:54:00,767 [MainThread] [INFO ]  Model saved at /home/dengzhiling/.local/lib/python3.10/site-packages/easyfl/main/cifar100/saved_models/_global_model_r_49.pth
2023-04-23 09:54:00,767 [MainThread] [INFO ]  
-------- round 50 --------
2023-04-23 09:54:00,767 [MainThread] [INFO ]  --- start training ---
2023-04-23 09:56:50,537 [MainThread] [INFO ]  Server train time: 169.76926565170288
2023-04-23 09:56:50,538 [MainThread] [INFO ]  
-------- round 51 --------
2023-04-23 09:56:50,538 [MainThread] [INFO ]  --- start training ---
2023-04-23 09:59:39,704 [MainThread] [INFO ]  Server train time: 169.16560125350952
2023-04-23 09:59:39,705 [MainThread] [INFO ]  
-------- round 52 --------
2023-04-23 09:59:39,705 [MainThread] [INFO ]  --- start training ---
2023-04-23 10:02:29,203 [MainThread] [INFO ]  Server train time: 169.4976396560669
2023-04-23 10:02:29,203 [MainThread] [INFO ]  
-------- round 53 --------
2023-04-23 10:02:29,203 [MainThread] [INFO ]  --- start training ---
2023-04-23 10:05:18,554 [MainThread] [INFO ]  Server train time: 169.3504993915558
2023-04-23 10:05:18,555 [MainThread] [INFO ]  
-------- round 54 --------
2023-04-23 10:05:18,555 [MainThread] [INFO ]  --- start training ---
2023-04-23 10:08:07,584 [MainThread] [INFO ]  Server train time: 169.0286009311676
2023-04-23 10:08:07,585 [MainThread] [INFO ]  
-------- round 55 --------
2023-04-23 10:08:07,585 [MainThread] [INFO ]  --- start training ---
2023-04-23 10:10:56,576 [MainThread] [INFO ]  Server train time: 168.99092054367065
2023-04-23 10:10:56,577 [MainThread] [INFO ]  
-------- round 56 --------
2023-04-23 10:10:56,577 [MainThread] [INFO ]  --- start training ---
2023-04-23 10:13:46,442 [MainThread] [INFO ]  Server train time: 169.86471390724182
2023-04-23 10:13:46,443 [MainThread] [INFO ]  
-------- round 57 --------
2023-04-23 10:13:46,443 [MainThread] [INFO ]  --- start training ---
2023-04-23 10:16:35,688 [MainThread] [INFO ]  Server train time: 169.24542593955994
2023-04-23 10:16:35,689 [MainThread] [INFO ]  
-------- round 58 --------
2023-04-23 10:16:35,689 [MainThread] [INFO ]  --- start training ---
2023-04-23 10:19:24,996 [MainThread] [INFO ]  Server train time: 169.3066577911377
2023-04-23 10:19:24,997 [MainThread] [INFO ]  
-------- round 59 --------
2023-04-23 10:19:24,997 [MainThread] [INFO ]  --- start training ---
2023-04-23 10:22:14,115 [MainThread] [INFO ]  Server train time: 169.11761498451233
2023-04-23 10:22:14,118 [MainThread] [INFO ]  Model saved at /home/dengzhiling/.local/lib/python3.10/site-packages/easyfl/main/cifar100/saved_models/_global_model_r_59.pth
2023-04-23 10:22:14,119 [MainThread] [INFO ]  
-------- round 60 --------
2023-04-23 10:22:14,119 [MainThread] [INFO ]  --- start training ---
2023-04-23 10:25:03,102 [MainThread] [INFO ]  Server train time: 168.98252749443054
2023-04-23 10:25:03,102 [MainThread] [INFO ]  
-------- round 61 --------
2023-04-23 10:25:03,102 [MainThread] [INFO ]  --- start training ---
2023-04-23 10:27:52,294 [MainThread] [INFO ]  Server train time: 169.19177985191345
2023-04-23 10:27:52,295 [MainThread] [INFO ]  
-------- round 62 --------
2023-04-23 10:27:52,295 [MainThread] [INFO ]  --- start training ---
2023-04-23 10:30:41,380 [MainThread] [INFO ]  Server train time: 169.08396863937378
2023-04-23 10:30:41,380 [MainThread] [INFO ]  
-------- round 63 --------
2023-04-23 10:30:41,380 [MainThread] [INFO ]  --- start training ---
2023-04-23 10:33:31,692 [MainThread] [INFO ]  Server train time: 170.3115599155426
2023-04-23 10:33:31,693 [MainThread] [INFO ]  
-------- round 64 --------
2023-04-23 10:33:31,693 [MainThread] [INFO ]  --- start training ---
2023-04-23 10:36:22,232 [MainThread] [INFO ]  Server train time: 170.53871393203735
2023-04-23 10:36:22,233 [MainThread] [INFO ]  
-------- round 65 --------
2023-04-23 10:36:22,233 [MainThread] [INFO ]  --- start training ---
2023-04-23 10:39:12,184 [MainThread] [INFO ]  Server train time: 169.95081114768982
2023-04-23 10:39:12,185 [MainThread] [INFO ]  
-------- round 66 --------
2023-04-23 10:39:12,185 [MainThread] [INFO ]  --- start training ---
2023-04-23 10:42:02,615 [MainThread] [INFO ]  Server train time: 170.42951846122742
2023-04-23 10:42:02,615 [MainThread] [INFO ]  
-------- round 67 --------
2023-04-23 10:42:02,615 [MainThread] [INFO ]  --- start training ---
2023-04-23 10:44:52,173 [MainThread] [INFO ]  Server train time: 169.55699253082275
2023-04-23 10:44:52,174 [MainThread] [INFO ]  
-------- round 68 --------
2023-04-23 10:44:52,174 [MainThread] [INFO ]  --- start training ---
2023-04-23 10:47:42,483 [MainThread] [INFO ]  Server train time: 170.3092098236084
2023-04-23 10:47:42,484 [MainThread] [INFO ]  
-------- round 69 --------
2023-04-23 10:47:42,484 [MainThread] [INFO ]  --- start training ---
2023-04-23 10:50:32,306 [MainThread] [INFO ]  Server train time: 169.82135605812073
2023-04-23 10:50:32,309 [MainThread] [INFO ]  Model saved at /home/dengzhiling/.local/lib/python3.10/site-packages/easyfl/main/cifar100/saved_models/_global_model_r_69.pth
2023-04-23 10:50:32,309 [MainThread] [INFO ]  
-------- round 70 --------
2023-04-23 10:50:32,309 [MainThread] [INFO ]  --- start training ---
2023-04-23 10:53:21,729 [MainThread] [INFO ]  Server train time: 169.41959309577942
2023-04-23 10:53:21,730 [MainThread] [INFO ]  
-------- round 71 --------
2023-04-23 10:53:21,730 [MainThread] [INFO ]  --- start training ---
2023-04-23 10:56:11,718 [MainThread] [INFO ]  Server train time: 169.98799753189087
2023-04-23 10:56:11,719 [MainThread] [INFO ]  
-------- round 72 --------
2023-04-23 10:56:11,719 [MainThread] [INFO ]  --- start training ---
2023-04-23 10:59:01,401 [MainThread] [INFO ]  Server train time: 169.68190217018127
2023-04-23 10:59:01,402 [MainThread] [INFO ]  
-------- round 73 --------
2023-04-23 10:59:01,402 [MainThread] [INFO ]  --- start training ---
2023-04-23 11:01:51,576 [MainThread] [INFO ]  Server train time: 170.17380142211914
2023-04-23 11:01:51,577 [MainThread] [INFO ]  
-------- round 74 --------
2023-04-23 11:01:51,577 [MainThread] [INFO ]  --- start training ---
2023-04-23 11:04:41,365 [MainThread] [INFO ]  Server train time: 169.78763437271118
2023-04-23 11:04:41,366 [MainThread] [INFO ]  
-------- round 75 --------
2023-04-23 11:04:41,366 [MainThread] [INFO ]  --- start training ---
2023-04-23 11:07:31,238 [MainThread] [INFO ]  Server train time: 169.87200546264648
2023-04-23 11:07:31,239 [MainThread] [INFO ]  
-------- round 76 --------
2023-04-23 11:07:31,239 [MainThread] [INFO ]  --- start training ---
2023-04-23 11:10:21,265 [MainThread] [INFO ]  Server train time: 170.02607202529907
2023-04-23 11:10:21,266 [MainThread] [INFO ]  
-------- round 77 --------
2023-04-23 11:10:21,266 [MainThread] [INFO ]  --- start training ---
2023-04-23 11:13:11,341 [MainThread] [INFO ]  Server train time: 170.0741286277771
2023-04-23 11:13:11,341 [MainThread] [INFO ]  
-------- round 78 --------
2023-04-23 11:13:11,341 [MainThread] [INFO ]  --- start training ---
2023-04-23 11:16:01,909 [MainThread] [INFO ]  Server train time: 170.56676959991455
2023-04-23 11:16:01,909 [MainThread] [INFO ]  
-------- round 79 --------
2023-04-23 11:16:01,909 [MainThread] [INFO ]  --- start training ---
2023-04-23 11:18:51,611 [MainThread] [INFO ]  Server train time: 169.7011523246765
2023-04-23 11:18:51,614 [MainThread] [INFO ]  Model saved at /home/dengzhiling/.local/lib/python3.10/site-packages/easyfl/main/cifar100/saved_models/_global_model_r_79.pth
2023-04-23 11:18:51,614 [MainThread] [INFO ]  
-------- round 80 --------
2023-04-23 11:18:51,614 [MainThread] [INFO ]  --- start training ---
2023-04-23 11:21:41,966 [MainThread] [INFO ]  Server train time: 170.35166931152344
2023-04-23 11:21:41,967 [MainThread] [INFO ]  
-------- round 81 --------
2023-04-23 11:21:41,967 [MainThread] [INFO ]  --- start training ---
2023-04-23 11:24:29,174 [MainThread] [INFO ]  Server train time: 167.20686411857605
2023-04-23 11:24:29,175 [MainThread] [INFO ]  
-------- round 82 --------
2023-04-23 11:24:29,175 [MainThread] [INFO ]  --- start training ---
2023-04-23 11:27:19,219 [MainThread] [INFO ]  Server train time: 170.0437273979187
2023-04-23 11:27:19,220 [MainThread] [INFO ]  
-------- round 83 --------
2023-04-23 11:27:19,220 [MainThread] [INFO ]  --- start training ---
2023-04-23 11:30:09,288 [MainThread] [INFO ]  Server train time: 170.06770539283752
2023-04-23 11:30:09,289 [MainThread] [INFO ]  
-------- round 84 --------
2023-04-23 11:30:09,289 [MainThread] [INFO ]  --- start training ---
2023-04-23 11:32:59,978 [MainThread] [INFO ]  Server train time: 170.68902683258057
2023-04-23 11:32:59,979 [MainThread] [INFO ]  
-------- round 85 --------
2023-04-23 11:32:59,979 [MainThread] [INFO ]  --- start training ---
2023-04-23 11:35:50,393 [MainThread] [INFO ]  Server train time: 170.41396832466125
2023-04-23 11:35:50,394 [MainThread] [INFO ]  
-------- round 86 --------
2023-04-23 11:35:50,394 [MainThread] [INFO ]  --- start training ---
2023-04-23 11:38:40,770 [MainThread] [INFO ]  Server train time: 170.3758668899536
2023-04-23 11:38:40,771 [MainThread] [INFO ]  
-------- round 87 --------
2023-04-23 11:38:40,771 [MainThread] [INFO ]  --- start training ---
2023-04-23 11:41:31,493 [MainThread] [INFO ]  Server train time: 170.72149896621704
2023-04-23 11:41:31,494 [MainThread] [INFO ]  
-------- round 88 --------
2023-04-23 11:41:31,494 [MainThread] [INFO ]  --- start training ---
2023-04-23 11:44:21,207 [MainThread] [INFO ]  Server train time: 169.71301698684692
2023-04-23 11:44:21,208 [MainThread] [INFO ]  
-------- round 89 --------
2023-04-23 11:44:21,208 [MainThread] [INFO ]  --- start training ---
2023-04-23 11:47:11,680 [MainThread] [INFO ]  Server train time: 170.47155904769897
2023-04-23 11:47:11,683 [MainThread] [INFO ]  Model saved at /home/dengzhiling/.local/lib/python3.10/site-packages/easyfl/main/cifar100/saved_models/_global_model_r_89.pth
2023-04-23 11:47:11,683 [MainThread] [INFO ]  
-------- round 90 --------
2023-04-23 11:47:11,683 [MainThread] [INFO ]  --- start training ---
2023-04-23 11:50:02,300 [MainThread] [INFO ]  Server train time: 170.61588716506958
2023-04-23 11:50:02,300 [MainThread] [INFO ]  
-------- round 91 --------
2023-04-23 11:50:02,300 [MainThread] [INFO ]  --- start training ---
2023-04-23 11:52:51,788 [MainThread] [INFO ]  Server train time: 169.48736453056335
2023-04-23 11:52:51,789 [MainThread] [INFO ]  
-------- round 92 --------
2023-04-23 11:52:51,789 [MainThread] [INFO ]  --- start training ---
2023-04-23 11:55:42,051 [MainThread] [INFO ]  Server train time: 170.26203060150146
2023-04-23 11:55:42,052 [MainThread] [INFO ]  
-------- round 93 --------
2023-04-23 11:55:42,052 [MainThread] [INFO ]  --- start training ---
2023-04-23 11:58:32,696 [MainThread] [INFO ]  Server train time: 170.64375257492065
2023-04-23 11:58:32,697 [MainThread] [INFO ]  
-------- round 94 --------
2023-04-23 11:58:32,697 [MainThread] [INFO ]  --- start training ---
2023-04-23 12:01:23,467 [MainThread] [INFO ]  Server train time: 170.77011728286743
2023-04-23 12:01:23,468 [MainThread] [INFO ]  
-------- round 95 --------
2023-04-23 12:01:23,468 [MainThread] [INFO ]  --- start training ---
2023-04-23 12:04:16,442 [MainThread] [INFO ]  Server train time: 172.97352123260498
2023-04-23 12:04:16,443 [MainThread] [INFO ]  
-------- round 96 --------
2023-04-23 12:04:16,443 [MainThread] [INFO ]  --- start training ---
2023-04-23 12:07:08,103 [MainThread] [INFO ]  Server train time: 171.65985226631165
2023-04-23 12:07:08,104 [MainThread] [INFO ]  
-------- round 97 --------
2023-04-23 12:07:08,104 [MainThread] [INFO ]  --- start training ---
2023-04-23 12:09:58,996 [MainThread] [INFO ]  Server train time: 170.89205765724182
2023-04-23 12:09:58,997 [MainThread] [INFO ]  
-------- round 98 --------
2023-04-23 12:09:58,997 [MainThread] [INFO ]  --- start training ---
2023-04-23 12:12:49,539 [MainThread] [INFO ]  Server train time: 170.5414173603058
2023-04-23 12:12:49,540 [MainThread] [INFO ]  
-------- round 99 --------
2023-04-23 12:12:49,540 [MainThread] [INFO ]  --- start training ---
2023-04-23 12:15:40,266 [MainThread] [INFO ]  Server train time: 170.72583150863647
2023-04-23 12:15:40,269 [MainThread] [INFO ]  Model saved at /home/dengzhiling/.local/lib/python3.10/site-packages/easyfl/main/cifar100/saved_models/_global_model_r_99.pth
2023-04-23 12:15:40,269 [MainThread] [INFO ]  
-------- round 100 --------
2023-04-23 12:15:40,269 [MainThread] [INFO ]  --- start training ---
2023-04-23 12:18:30,896 [MainThread] [INFO ]  Server train time: 170.62660098075867
2023-04-23 12:18:30,897 [MainThread] [INFO ]  
-------- round 101 --------
2023-04-23 12:18:30,897 [MainThread] [INFO ]  --- start training ---
2023-04-23 12:21:22,017 [MainThread] [INFO ]  Server train time: 171.11918783187866
2023-04-23 12:21:22,017 [MainThread] [INFO ]  
-------- round 102 --------
2023-04-23 12:21:22,018 [MainThread] [INFO ]  --- start training ---
2023-04-23 12:24:12,541 [MainThread] [INFO ]  Server train time: 170.52282691001892
2023-04-23 12:24:12,541 [MainThread] [INFO ]  
-------- round 103 --------
2023-04-23 12:24:12,542 [MainThread] [INFO ]  --- start training ---
2023-04-23 12:27:04,216 [MainThread] [INFO ]  Server train time: 171.67391896247864
2023-04-23 12:27:04,217 [MainThread] [INFO ]  
-------- round 104 --------
2023-04-23 12:27:04,217 [MainThread] [INFO ]  --- start training ---
2023-04-23 12:29:56,575 [MainThread] [INFO ]  Server train time: 172.3577437400818
2023-04-23 12:29:56,575 [MainThread] [INFO ]  
-------- round 105 --------
2023-04-23 12:29:56,575 [MainThread] [INFO ]  --- start training ---
2023-04-23 12:32:48,929 [MainThread] [INFO ]  Server train time: 172.35325384140015
2023-04-23 12:32:48,930 [MainThread] [INFO ]  
-------- round 106 --------
2023-04-23 12:32:48,930 [MainThread] [INFO ]  --- start training ---
