2023-04-22 12:00:34,813 [MainThread] [INFO ]  Configurations: {'task_id': '', 'data': {'root': '../data/', 'dataset': 'cifar100', 'split_type': 'class', 'min_size': 10, 'data_amount': 0.05, 'iid_fraction': 0.1, 'user': False, 'train_test_split': 0.8, 'class_per_client': 10, 'num_of_clients': 10, 'alpha': 0.2, 'weights': None}, 'model': 'simple_cnn', 'test_mode': 'test_in_client', 'test_method': 'average', 'server': {'track': False, 'rounds': 1000, 'clients_per_round': 2, 'test_every': 1, 'save_model_every': 10, 'save_model_path': '', 'batch_size': 64, 'test_all': True, 'random_selection': True, 'aggregation_stragtegy': 'FedAvg', 'aggregation_content': 'all'}, 'client': {'track': False, 'batch_size': 16, 'test_batch_size': 5, 'local_epoch': 20, 'optimizer': {'type': 'SGD', 'lr': 0.01, 'momentum': 0.5, 'weight_decay': 0.0005, 'nesterov': True}, 'seed': 0, 'local_test': True}, 'gpu': 1, 'distributed': {'backend': 'nccl', 'init_method': '', 'world_size': 0, 'rank': 0, 'local_rank': 0}, 'tracking': {'database': '', 'log_file': '', 'log_level': 'INFO', 'metric_file': '', 'save_every': 1}, 'resource_heterogeneous': {'simulate': False, 'hetero_type': 'real', 'level': 3, 'sleep_group_num': 1000, 'total_time': 1000, 'fraction': 1, 'grouping_strategy': 'greedy', 'initial_default_time': 5, 'default_time_momentum': 0.2}, 'seed': 0, 'is_distributed': False, 'device': 0}
2023-04-22 12:00:34,917 [MainThread] [INFO ]  Total training data amount: 50000
2023-04-22 12:00:34,918 [MainThread] [INFO ]  Total testing data amount: 10000
2023-04-22 12:00:34,964 [MainThread] [INFO ]  Clients in total: 10
2023-04-22 12:00:34,989 [MainThread] [INFO ]  
-------- round 0 --------
2023-04-22 12:00:34,990 [MainThread] [INFO ]  --- start training ---
2023-04-22 12:03:24,722 [MainThread] [INFO ]  Server train time: 169.7320351600647
2023-04-22 12:03:24,723 [MainThread] [INFO ]  
-------- round 1 --------
2023-04-22 12:03:24,723 [MainThread] [INFO ]  --- start training ---
2023-04-22 12:06:10,990 [MainThread] [INFO ]  Server train time: 166.2657916545868
2023-04-22 12:06:10,990 [MainThread] [INFO ]  
-------- round 2 --------
2023-04-22 12:06:10,990 [MainThread] [INFO ]  --- start training ---
2023-04-22 12:08:54,645 [MainThread] [INFO ]  Server train time: 163.65391731262207
2023-04-22 12:08:54,646 [MainThread] [INFO ]  
-------- round 3 --------
2023-04-22 12:08:54,646 [MainThread] [INFO ]  --- start training ---
2023-04-22 12:11:48,028 [MainThread] [INFO ]  Server train time: 173.38216829299927
2023-04-22 12:11:48,029 [MainThread] [INFO ]  
-------- round 4 --------
2023-04-22 12:11:48,029 [MainThread] [INFO ]  --- start training ---
2023-04-22 12:14:41,367 [MainThread] [INFO ]  Server train time: 173.33744859695435
2023-04-22 12:14:41,368 [MainThread] [INFO ]  
-------- round 5 --------
2023-04-22 12:14:41,368 [MainThread] [INFO ]  --- start training ---
2023-04-22 12:17:34,883 [MainThread] [INFO ]  Server train time: 173.51498413085938
2023-04-22 12:17:34,884 [MainThread] [INFO ]  
-------- round 6 --------
2023-04-22 12:17:34,884 [MainThread] [INFO ]  --- start training ---
2023-04-22 12:20:26,372 [MainThread] [INFO ]  Server train time: 171.4872922897339
2023-04-22 12:20:26,372 [MainThread] [INFO ]  
-------- round 7 --------
2023-04-22 12:20:26,373 [MainThread] [INFO ]  --- start training ---
2023-04-22 12:23:17,659 [MainThread] [INFO ]  Server train time: 171.28623604774475
2023-04-22 12:23:17,660 [MainThread] [INFO ]  
-------- round 8 --------
2023-04-22 12:23:17,660 [MainThread] [INFO ]  --- start training ---
2023-04-22 12:26:10,004 [MainThread] [INFO ]  Server train time: 172.34371638298035
2023-04-22 12:26:10,005 [MainThread] [INFO ]  
-------- round 9 --------
2023-04-22 12:26:10,005 [MainThread] [INFO ]  --- start training ---
2023-04-22 12:28:59,354 [MainThread] [INFO ]  Server train time: 169.34897136688232
2023-04-22 12:28:59,358 [MainThread] [INFO ]  Model saved at /home/dengzhiling/.local/lib/python3.10/site-packages/easyfl/main/cifar100/saved_models/_global_model_r_9.pth
2023-04-22 12:28:59,358 [MainThread] [INFO ]  
-------- round 10 --------
2023-04-22 12:28:59,358 [MainThread] [INFO ]  --- start training ---
2023-04-22 12:31:47,689 [MainThread] [INFO ]  Server train time: 168.3308138847351
2023-04-22 12:31:47,690 [MainThread] [INFO ]  
-------- round 11 --------
2023-04-22 12:31:47,690 [MainThread] [INFO ]  --- start training ---
2023-04-22 12:34:37,859 [MainThread] [INFO ]  Server train time: 170.1682789325714
2023-04-22 12:34:37,860 [MainThread] [INFO ]  
-------- round 12 --------
2023-04-22 12:34:37,860 [MainThread] [INFO ]  --- start training ---
2023-04-22 12:37:28,613 [MainThread] [INFO ]  Server train time: 170.75304579734802
2023-04-22 12:37:28,614 [MainThread] [INFO ]  
-------- round 13 --------
2023-04-22 12:37:28,614 [MainThread] [INFO ]  --- start training ---
2023-04-22 12:40:19,043 [MainThread] [INFO ]  Server train time: 170.4283766746521
2023-04-22 12:40:19,043 [MainThread] [INFO ]  
-------- round 14 --------
2023-04-22 12:40:19,043 [MainThread] [INFO ]  --- start training ---
2023-04-22 12:43:09,574 [MainThread] [INFO ]  Server train time: 170.53029870986938
2023-04-22 12:43:09,575 [MainThread] [INFO ]  
-------- round 15 --------
2023-04-22 12:43:09,575 [MainThread] [INFO ]  --- start training ---
2023-04-22 12:45:59,281 [MainThread] [INFO ]  Server train time: 169.70586895942688
2023-04-22 12:45:59,282 [MainThread] [INFO ]  
-------- round 16 --------
2023-04-22 12:45:59,282 [MainThread] [INFO ]  --- start training ---
2023-04-22 12:48:48,365 [MainThread] [INFO ]  Server train time: 169.08274459838867
2023-04-22 12:48:48,366 [MainThread] [INFO ]  
-------- round 17 --------
2023-04-22 12:48:48,366 [MainThread] [INFO ]  --- start training ---
2023-04-22 12:51:39,046 [MainThread] [INFO ]  Server train time: 170.67998027801514
2023-04-22 12:51:39,047 [MainThread] [INFO ]  
-------- round 18 --------
2023-04-22 12:51:39,047 [MainThread] [INFO ]  --- start training ---
2023-04-22 12:54:29,445 [MainThread] [INFO ]  Server train time: 170.3978774547577
2023-04-22 12:54:29,446 [MainThread] [INFO ]  
-------- round 19 --------
2023-04-22 12:54:29,446 [MainThread] [INFO ]  --- start training ---
2023-04-22 12:57:20,503 [MainThread] [INFO ]  Server train time: 171.0568609237671
2023-04-22 12:57:20,507 [MainThread] [INFO ]  Model saved at /home/dengzhiling/.local/lib/python3.10/site-packages/easyfl/main/cifar100/saved_models/_global_model_r_19.pth
2023-04-22 12:57:20,507 [MainThread] [INFO ]  
-------- round 20 --------
2023-04-22 12:57:20,507 [MainThread] [INFO ]  --- start training ---
2023-04-22 13:00:11,663 [MainThread] [INFO ]  Server train time: 171.15579462051392
2023-04-22 13:00:11,664 [MainThread] [INFO ]  
-------- round 21 --------
2023-04-22 13:00:11,664 [MainThread] [INFO ]  --- start training ---
2023-04-22 13:03:02,635 [MainThread] [INFO ]  Server train time: 170.97076773643494
2023-04-22 13:03:02,636 [MainThread] [INFO ]  
-------- round 22 --------
2023-04-22 13:03:02,636 [MainThread] [INFO ]  --- start training ---
2023-04-22 13:05:53,613 [MainThread] [INFO ]  Server train time: 170.97679471969604
2023-04-22 13:05:53,614 [MainThread] [INFO ]  
-------- round 23 --------
2023-04-22 13:05:53,614 [MainThread] [INFO ]  --- start training ---
2023-04-22 13:08:43,781 [MainThread] [INFO ]  Server train time: 170.16630125045776
2023-04-22 13:08:43,781 [MainThread] [INFO ]  
-------- round 24 --------
2023-04-22 13:08:43,781 [MainThread] [INFO ]  --- start training ---
2023-04-22 13:11:34,884 [MainThread] [INFO ]  Server train time: 171.10183548927307
2023-04-22 13:11:34,884 [MainThread] [INFO ]  
-------- round 25 --------
2023-04-22 13:11:34,884 [MainThread] [INFO ]  --- start training ---
2023-04-22 13:14:25,980 [MainThread] [INFO ]  Server train time: 171.09528255462646
2023-04-22 13:14:25,981 [MainThread] [INFO ]  
-------- round 26 --------
2023-04-22 13:14:25,981 [MainThread] [INFO ]  --- start training ---
2023-04-22 13:17:17,469 [MainThread] [INFO ]  Server train time: 171.4874246120453
2023-04-22 13:17:17,469 [MainThread] [INFO ]  
-------- round 27 --------
2023-04-22 13:17:17,469 [MainThread] [INFO ]  --- start training ---
2023-04-22 13:20:08,584 [MainThread] [INFO ]  Server train time: 171.1144757270813
2023-04-22 13:20:08,585 [MainThread] [INFO ]  
-------- round 28 --------
2023-04-22 13:20:08,585 [MainThread] [INFO ]  --- start training ---
2023-04-22 13:22:59,594 [MainThread] [INFO ]  Server train time: 171.0089933872223
2023-04-22 13:22:59,595 [MainThread] [INFO ]  
-------- round 29 --------
2023-04-22 13:22:59,595 [MainThread] [INFO ]  --- start training ---
2023-04-22 13:25:50,737 [MainThread] [INFO ]  Server train time: 171.141122341156
2023-04-22 13:25:50,740 [MainThread] [INFO ]  Model saved at /home/dengzhiling/.local/lib/python3.10/site-packages/easyfl/main/cifar100/saved_models/_global_model_r_29.pth
2023-04-22 13:25:50,740 [MainThread] [INFO ]  
-------- round 30 --------
2023-04-22 13:25:50,740 [MainThread] [INFO ]  --- start training ---
2023-04-22 13:28:41,076 [MainThread] [INFO ]  Server train time: 170.33581686019897
2023-04-22 13:28:41,077 [MainThread] [INFO ]  
-------- round 31 --------
2023-04-22 13:28:41,077 [MainThread] [INFO ]  --- start training ---
2023-04-22 13:31:31,396 [MainThread] [INFO ]  Server train time: 170.3180866241455
2023-04-22 13:31:31,396 [MainThread] [INFO ]  
-------- round 32 --------
2023-04-22 13:31:31,396 [MainThread] [INFO ]  --- start training ---
2023-04-22 13:34:21,969 [MainThread] [INFO ]  Server train time: 170.57180643081665
2023-04-22 13:34:21,969 [MainThread] [INFO ]  
-------- round 33 --------
2023-04-22 13:34:21,970 [MainThread] [INFO ]  --- start training ---
2023-04-22 13:37:12,660 [MainThread] [INFO ]  Server train time: 170.6901981830597
2023-04-22 13:37:12,661 [MainThread] [INFO ]  
-------- round 34 --------
2023-04-22 13:37:12,661 [MainThread] [INFO ]  --- start training ---
2023-04-22 13:40:02,449 [MainThread] [INFO ]  Server train time: 169.78821468353271
2023-04-22 13:40:02,450 [MainThread] [INFO ]  
-------- round 35 --------
2023-04-22 13:40:02,450 [MainThread] [INFO ]  --- start training ---
2023-04-22 13:42:52,947 [MainThread] [INFO ]  Server train time: 170.49609351158142
2023-04-22 13:42:52,947 [MainThread] [INFO ]  
-------- round 36 --------
2023-04-22 13:42:52,947 [MainThread] [INFO ]  --- start training ---
2023-04-22 13:45:43,096 [MainThread] [INFO ]  Server train time: 170.1476593017578
2023-04-22 13:45:43,096 [MainThread] [INFO ]  
-------- round 37 --------
2023-04-22 13:45:43,096 [MainThread] [INFO ]  --- start training ---
2023-04-22 13:48:32,770 [MainThread] [INFO ]  Server train time: 169.67308902740479
2023-04-22 13:48:32,770 [MainThread] [INFO ]  
-------- round 38 --------
2023-04-22 13:48:32,771 [MainThread] [INFO ]  --- start training ---
2023-04-22 13:51:22,525 [MainThread] [INFO ]  Server train time: 169.75364589691162
2023-04-22 13:51:22,526 [MainThread] [INFO ]  
-------- round 39 --------
2023-04-22 13:51:22,526 [MainThread] [INFO ]  --- start training ---
2023-04-22 13:54:13,282 [MainThread] [INFO ]  Server train time: 170.75607585906982
2023-04-22 13:54:13,285 [MainThread] [INFO ]  Model saved at /home/dengzhiling/.local/lib/python3.10/site-packages/easyfl/main/cifar100/saved_models/_global_model_r_39.pth
2023-04-22 13:54:13,286 [MainThread] [INFO ]  
-------- round 40 --------
2023-04-22 13:54:13,286 [MainThread] [INFO ]  --- start training ---
2023-04-22 13:57:03,122 [MainThread] [INFO ]  Server train time: 169.835604429245
2023-04-22 13:57:03,122 [MainThread] [INFO ]  
-------- round 41 --------
2023-04-22 13:57:03,122 [MainThread] [INFO ]  --- start training ---
2023-04-22 13:59:53,770 [MainThread] [INFO ]  Server train time: 170.6470274925232
2023-04-22 13:59:53,771 [MainThread] [INFO ]  
-------- round 42 --------
2023-04-22 13:59:53,771 [MainThread] [INFO ]  --- start training ---
2023-04-22 14:02:43,519 [MainThread] [INFO ]  Server train time: 169.74802017211914
2023-04-22 14:02:43,520 [MainThread] [INFO ]  
-------- round 43 --------
2023-04-22 14:02:43,520 [MainThread] [INFO ]  --- start training ---
2023-04-22 14:05:34,393 [MainThread] [INFO ]  Server train time: 170.87272238731384
2023-04-22 14:05:34,394 [MainThread] [INFO ]  
-------- round 44 --------
2023-04-22 14:05:34,394 [MainThread] [INFO ]  --- start training ---
2023-04-22 14:08:25,197 [MainThread] [INFO ]  Server train time: 170.80255961418152
2023-04-22 14:08:25,198 [MainThread] [INFO ]  
-------- round 45 --------
2023-04-22 14:08:25,198 [MainThread] [INFO ]  --- start training ---
2023-04-22 14:11:17,880 [MainThread] [INFO ]  Server train time: 172.68231987953186
2023-04-22 14:11:17,881 [MainThread] [INFO ]  
-------- round 46 --------
2023-04-22 14:11:17,881 [MainThread] [INFO ]  --- start training ---
2023-04-22 14:14:07,926 [MainThread] [INFO ]  Server train time: 170.04457664489746
2023-04-22 14:14:07,927 [MainThread] [INFO ]  
-------- round 47 --------
2023-04-22 14:14:07,927 [MainThread] [INFO ]  --- start training ---
2023-04-22 14:16:59,093 [MainThread] [INFO ]  Server train time: 171.16571307182312
2023-04-22 14:16:59,094 [MainThread] [INFO ]  
-------- round 48 --------
2023-04-22 14:16:59,094 [MainThread] [INFO ]  --- start training ---
2023-04-22 14:19:49,618 [MainThread] [INFO ]  Server train time: 170.52438163757324
2023-04-22 14:19:49,619 [MainThread] [INFO ]  
-------- round 49 --------
2023-04-22 14:19:49,619 [MainThread] [INFO ]  --- start training ---
2023-04-22 14:22:39,832 [MainThread] [INFO ]  Server train time: 170.21240735054016
2023-04-22 14:22:39,835 [MainThread] [INFO ]  Model saved at /home/dengzhiling/.local/lib/python3.10/site-packages/easyfl/main/cifar100/saved_models/_global_model_r_49.pth
2023-04-22 14:22:39,835 [MainThread] [INFO ]  
-------- round 50 --------
2023-04-22 14:22:39,835 [MainThread] [INFO ]  --- start training ---
2023-04-22 14:25:30,123 [MainThread] [INFO ]  Server train time: 170.28744411468506
2023-04-22 14:25:30,124 [MainThread] [INFO ]  
-------- round 51 --------
2023-04-22 14:25:30,124 [MainThread] [INFO ]  --- start training ---
2023-04-22 14:28:20,260 [MainThread] [INFO ]  Server train time: 170.1359794139862
2023-04-22 14:28:20,261 [MainThread] [INFO ]  
-------- round 52 --------
2023-04-22 14:28:20,261 [MainThread] [INFO ]  --- start training ---
2023-04-22 14:31:10,797 [MainThread] [INFO ]  Server train time: 170.53572797775269
2023-04-22 14:31:10,798 [MainThread] [INFO ]  
-------- round 53 --------
2023-04-22 14:31:10,798 [MainThread] [INFO ]  --- start training ---
2023-04-22 14:34:01,844 [MainThread] [INFO ]  Server train time: 171.04596757888794
2023-04-22 14:34:01,845 [MainThread] [INFO ]  
-------- round 54 --------
2023-04-22 14:34:01,845 [MainThread] [INFO ]  --- start training ---
2023-04-22 14:36:51,433 [MainThread] [INFO ]  Server train time: 169.5874342918396
2023-04-22 14:36:51,434 [MainThread] [INFO ]  
-------- round 55 --------
2023-04-22 14:36:51,434 [MainThread] [INFO ]  --- start training ---
2023-04-22 14:39:41,538 [MainThread] [INFO ]  Server train time: 170.10415720939636
2023-04-22 14:39:41,539 [MainThread] [INFO ]  
-------- round 56 --------
2023-04-22 14:39:41,539 [MainThread] [INFO ]  --- start training ---
2023-04-22 14:42:32,953 [MainThread] [INFO ]  Server train time: 171.41396951675415
2023-04-22 14:42:32,954 [MainThread] [INFO ]  
-------- round 57 --------
2023-04-22 14:42:32,954 [MainThread] [INFO ]  --- start training ---
2023-04-22 14:45:22,775 [MainThread] [INFO ]  Server train time: 169.82079243659973
2023-04-22 14:45:22,776 [MainThread] [INFO ]  
-------- round 58 --------
2023-04-22 14:45:22,776 [MainThread] [INFO ]  --- start training ---
2023-04-22 14:48:12,629 [MainThread] [INFO ]  Server train time: 169.85217881202698
2023-04-22 14:48:12,629 [MainThread] [INFO ]  
-------- round 59 --------
2023-04-22 14:48:12,629 [MainThread] [INFO ]  --- start training ---
2023-04-22 14:51:03,537 [MainThread] [INFO ]  Server train time: 170.9076328277588
2023-04-22 14:51:03,541 [MainThread] [INFO ]  Model saved at /home/dengzhiling/.local/lib/python3.10/site-packages/easyfl/main/cifar100/saved_models/_global_model_r_59.pth
2023-04-22 14:51:03,541 [MainThread] [INFO ]  
-------- round 60 --------
2023-04-22 14:51:03,541 [MainThread] [INFO ]  --- start training ---
2023-04-22 14:53:52,933 [MainThread] [INFO ]  Server train time: 169.3920555114746
2023-04-22 14:53:52,934 [MainThread] [INFO ]  
-------- round 61 --------
2023-04-22 14:53:52,934 [MainThread] [INFO ]  --- start training ---
2023-04-22 14:56:43,201 [MainThread] [INFO ]  Server train time: 170.26651430130005
2023-04-22 14:56:43,202 [MainThread] [INFO ]  
-------- round 62 --------
2023-04-22 14:56:43,202 [MainThread] [INFO ]  --- start training ---
2023-04-22 14:59:34,743 [MainThread] [INFO ]  Server train time: 171.54082608222961
2023-04-22 14:59:34,744 [MainThread] [INFO ]  
-------- round 63 --------
2023-04-22 14:59:34,744 [MainThread] [INFO ]  --- start training ---
2023-04-22 15:02:26,765 [MainThread] [INFO ]  Server train time: 172.02080965042114
2023-04-22 15:02:26,766 [MainThread] [INFO ]  
-------- round 64 --------
2023-04-22 15:02:26,766 [MainThread] [INFO ]  --- start training ---
2023-04-22 15:05:17,426 [MainThread] [INFO ]  Server train time: 170.6601185798645
2023-04-22 15:05:17,427 [MainThread] [INFO ]  
-------- round 65 --------
2023-04-22 15:05:17,427 [MainThread] [INFO ]  --- start training ---
2023-04-22 15:08:10,052 [MainThread] [INFO ]  Server train time: 172.6243257522583
2023-04-22 15:08:10,053 [MainThread] [INFO ]  
-------- round 66 --------
2023-04-22 15:08:10,053 [MainThread] [INFO ]  --- start training ---
2023-04-22 15:11:00,743 [MainThread] [INFO ]  Server train time: 170.68963098526
2023-04-22 15:11:00,744 [MainThread] [INFO ]  
-------- round 67 --------
2023-04-22 15:11:00,744 [MainThread] [INFO ]  --- start training ---
2023-04-22 15:13:50,862 [MainThread] [INFO ]  Server train time: 170.1176142692566
2023-04-22 15:13:50,862 [MainThread] [INFO ]  
-------- round 68 --------
2023-04-22 15:13:50,862 [MainThread] [INFO ]  --- start training ---
2023-04-22 15:16:42,290 [MainThread] [INFO ]  Server train time: 171.4271445274353
2023-04-22 15:16:42,291 [MainThread] [INFO ]  
-------- round 69 --------
2023-04-22 15:16:42,291 [MainThread] [INFO ]  --- start training ---
2023-04-22 15:19:32,851 [MainThread] [INFO ]  Server train time: 170.56028270721436
2023-04-22 15:19:32,855 [MainThread] [INFO ]  Model saved at /home/dengzhiling/.local/lib/python3.10/site-packages/easyfl/main/cifar100/saved_models/_global_model_r_69.pth
2023-04-22 15:19:32,855 [MainThread] [INFO ]  
-------- round 70 --------
2023-04-22 15:19:32,855 [MainThread] [INFO ]  --- start training ---
2023-04-22 15:22:23,366 [MainThread] [INFO ]  Server train time: 170.51097345352173
2023-04-22 15:22:23,367 [MainThread] [INFO ]  
-------- round 71 --------
2023-04-22 15:22:23,367 [MainThread] [INFO ]  --- start training ---
2023-04-22 15:25:13,798 [MainThread] [INFO ]  Server train time: 170.43068528175354
2023-04-22 15:25:13,799 [MainThread] [INFO ]  
-------- round 72 --------
2023-04-22 15:25:13,799 [MainThread] [INFO ]  --- start training ---
2023-04-22 15:28:03,911 [MainThread] [INFO ]  Server train time: 170.11149835586548
2023-04-22 15:28:03,911 [MainThread] [INFO ]  
-------- round 73 --------
2023-04-22 15:28:03,911 [MainThread] [INFO ]  --- start training ---
2023-04-22 15:30:54,000 [MainThread] [INFO ]  Server train time: 170.0885751247406
2023-04-22 15:30:54,001 [MainThread] [INFO ]  
-------- round 74 --------
2023-04-22 15:30:54,001 [MainThread] [INFO ]  --- start training ---
2023-04-22 15:33:45,985 [MainThread] [INFO ]  Server train time: 171.98386192321777
2023-04-22 15:33:45,986 [MainThread] [INFO ]  
-------- round 75 --------
2023-04-22 15:33:45,986 [MainThread] [INFO ]  --- start training ---
2023-04-22 15:36:36,369 [MainThread] [INFO ]  Server train time: 170.38212156295776
2023-04-22 15:36:36,369 [MainThread] [INFO ]  
-------- round 76 --------
2023-04-22 15:36:36,369 [MainThread] [INFO ]  --- start training ---
2023-04-22 15:39:27,949 [MainThread] [INFO ]  Server train time: 171.57965111732483
2023-04-22 15:39:27,950 [MainThread] [INFO ]  
-------- round 77 --------
2023-04-22 15:39:27,950 [MainThread] [INFO ]  --- start training ---
2023-04-22 15:42:19,016 [MainThread] [INFO ]  Server train time: 171.06543016433716
2023-04-22 15:42:19,017 [MainThread] [INFO ]  
-------- round 78 --------
2023-04-22 15:42:19,017 [MainThread] [INFO ]  --- start training ---
2023-04-22 15:45:09,631 [MainThread] [INFO ]  Server train time: 170.61423468589783
2023-04-22 15:45:09,632 [MainThread] [INFO ]  
-------- round 79 --------
2023-04-22 15:45:09,632 [MainThread] [INFO ]  --- start training ---
2023-04-22 15:48:01,579 [MainThread] [INFO ]  Server train time: 171.94604206085205
2023-04-22 15:48:01,582 [MainThread] [INFO ]  Model saved at /home/dengzhiling/.local/lib/python3.10/site-packages/easyfl/main/cifar100/saved_models/_global_model_r_79.pth
2023-04-22 15:48:01,582 [MainThread] [INFO ]  
-------- round 80 --------
2023-04-22 15:48:01,582 [MainThread] [INFO ]  --- start training ---
2023-04-22 15:50:51,952 [MainThread] [INFO ]  Server train time: 170.36962747573853
2023-04-22 15:50:51,953 [MainThread] [INFO ]  
-------- round 81 --------
2023-04-22 15:50:51,953 [MainThread] [INFO ]  --- start training ---
2023-04-22 15:53:41,675 [MainThread] [INFO ]  Server train time: 169.72119784355164
2023-04-22 15:53:41,676 [MainThread] [INFO ]  
-------- round 82 --------
2023-04-22 15:53:41,676 [MainThread] [INFO ]  --- start training ---
2023-04-22 15:56:31,805 [MainThread] [INFO ]  Server train time: 170.12871050834656
2023-04-22 15:56:31,805 [MainThread] [INFO ]  
-------- round 83 --------
2023-04-22 15:56:31,806 [MainThread] [INFO ]  --- start training ---
2023-04-22 15:59:21,979 [MainThread] [INFO ]  Server train time: 170.17336297035217
2023-04-22 15:59:21,980 [MainThread] [INFO ]  
-------- round 84 --------
2023-04-22 15:59:21,980 [MainThread] [INFO ]  --- start training ---
2023-04-22 16:02:12,954 [MainThread] [INFO ]  Server train time: 170.97324323654175
2023-04-22 16:02:12,954 [MainThread] [INFO ]  
-------- round 85 --------
2023-04-22 16:02:12,955 [MainThread] [INFO ]  --- start training ---
2023-04-22 16:05:03,425 [MainThread] [INFO ]  Server train time: 170.47037482261658
2023-04-22 16:05:03,426 [MainThread] [INFO ]  
-------- round 86 --------
2023-04-22 16:05:03,426 [MainThread] [INFO ]  --- start training ---
2023-04-22 16:07:54,317 [MainThread] [INFO ]  Server train time: 170.890615940094
2023-04-22 16:07:54,318 [MainThread] [INFO ]  
-------- round 87 --------
2023-04-22 16:07:54,318 [MainThread] [INFO ]  --- start training ---
2023-04-22 16:10:45,780 [MainThread] [INFO ]  Server train time: 171.46142506599426
2023-04-22 16:10:45,780 [MainThread] [INFO ]  
-------- round 88 --------
2023-04-22 16:10:45,780 [MainThread] [INFO ]  --- start training ---
2023-04-22 16:13:37,415 [MainThread] [INFO ]  Server train time: 171.63457942008972
2023-04-22 16:13:37,416 [MainThread] [INFO ]  
-------- round 89 --------
2023-04-22 16:13:37,416 [MainThread] [INFO ]  --- start training ---
2023-04-22 16:16:26,867 [MainThread] [INFO ]  Server train time: 169.45005249977112
2023-04-22 16:16:26,870 [MainThread] [INFO ]  Model saved at /home/dengzhiling/.local/lib/python3.10/site-packages/easyfl/main/cifar100/saved_models/_global_model_r_89.pth
2023-04-22 16:16:26,870 [MainThread] [INFO ]  
-------- round 90 --------
2023-04-22 16:16:26,870 [MainThread] [INFO ]  --- start training ---
2023-04-22 16:19:17,733 [MainThread] [INFO ]  Server train time: 170.86202096939087
2023-04-22 16:19:17,733 [MainThread] [INFO ]  
-------- round 91 --------
2023-04-22 16:19:17,733 [MainThread] [INFO ]  --- start training ---
2023-04-22 16:22:08,167 [MainThread] [INFO ]  Server train time: 170.43351101875305
2023-04-22 16:22:08,168 [MainThread] [INFO ]  
-------- round 92 --------
2023-04-22 16:22:08,168 [MainThread] [INFO ]  --- start training ---
2023-04-22 16:24:58,090 [MainThread] [INFO ]  Server train time: 169.92142033576965
2023-04-22 16:24:58,091 [MainThread] [INFO ]  
-------- round 93 --------
2023-04-22 16:24:58,091 [MainThread] [INFO ]  --- start training ---
2023-04-22 16:27:48,234 [MainThread] [INFO ]  Server train time: 170.14337849617004
2023-04-22 16:27:48,235 [MainThread] [INFO ]  
-------- round 94 --------
2023-04-22 16:27:48,235 [MainThread] [INFO ]  --- start training ---
2023-04-22 16:30:39,568 [MainThread] [INFO ]  Server train time: 171.3320770263672
2023-04-22 16:30:39,568 [MainThread] [INFO ]  
-------- round 95 --------
2023-04-22 16:30:39,568 [MainThread] [INFO ]  --- start training ---
2023-04-22 16:33:30,095 [MainThread] [INFO ]  Server train time: 170.5266396999359
2023-04-22 16:33:30,096 [MainThread] [INFO ]  
-------- round 96 --------
2023-04-22 16:33:30,096 [MainThread] [INFO ]  --- start training ---
2023-04-22 16:36:20,527 [MainThread] [INFO ]  Server train time: 170.4300606250763
2023-04-22 16:36:20,527 [MainThread] [INFO ]  
-------- round 97 --------
2023-04-22 16:36:20,527 [MainThread] [INFO ]  --- start training ---
2023-04-22 16:39:10,692 [MainThread] [INFO ]  Server train time: 170.1646122932434
2023-04-22 16:39:10,693 [MainThread] [INFO ]  
-------- round 98 --------
2023-04-22 16:39:10,693 [MainThread] [INFO ]  --- start training ---
2023-04-22 16:42:01,138 [MainThread] [INFO ]  Server train time: 170.44448256492615
2023-04-22 16:42:01,139 [MainThread] [INFO ]  
-------- round 99 --------
2023-04-22 16:42:01,139 [MainThread] [INFO ]  --- start training ---
2023-04-22 16:44:51,906 [MainThread] [INFO ]  Server train time: 170.7668993473053
2023-04-22 16:44:51,909 [MainThread] [INFO ]  Model saved at /home/dengzhiling/.local/lib/python3.10/site-packages/easyfl/main/cifar100/saved_models/_global_model_r_99.pth
2023-04-22 16:44:51,910 [MainThread] [INFO ]  
-------- round 100 --------
2023-04-22 16:44:51,910 [MainThread] [INFO ]  --- start training ---
2023-04-22 16:47:42,879 [MainThread] [INFO ]  Server train time: 170.96886086463928
2023-04-22 16:47:42,879 [MainThread] [INFO ]  
-------- round 101 --------
2023-04-22 16:47:42,880 [MainThread] [INFO ]  --- start training ---
2023-04-22 16:50:32,813 [MainThread] [INFO ]  Server train time: 169.93354606628418
2023-04-22 16:50:32,814 [MainThread] [INFO ]  
-------- round 102 --------
2023-04-22 16:50:32,814 [MainThread] [INFO ]  --- start training ---
2023-04-22 16:53:23,845 [MainThread] [INFO ]  Server train time: 171.03038334846497
2023-04-22 16:53:23,846 [MainThread] [INFO ]  
-------- round 103 --------
2023-04-22 16:53:23,846 [MainThread] [INFO ]  --- start training ---
2023-04-22 16:56:14,104 [MainThread] [INFO ]  Server train time: 170.25820565223694
2023-04-22 16:56:14,105 [MainThread] [INFO ]  
-------- round 104 --------
2023-04-22 16:56:14,105 [MainThread] [INFO ]  --- start training ---
2023-04-22 16:59:05,528 [MainThread] [INFO ]  Server train time: 171.42271852493286
2023-04-22 16:59:05,529 [MainThread] [INFO ]  
-------- round 105 --------
2023-04-22 16:59:05,529 [MainThread] [INFO ]  --- start training ---
2023-04-22 17:01:56,046 [MainThread] [INFO ]  Server train time: 170.51635098457336
2023-04-22 17:01:56,047 [MainThread] [INFO ]  
-------- round 106 --------
2023-04-22 17:01:56,047 [MainThread] [INFO ]  --- start training ---
2023-04-22 17:04:46,147 [MainThread] [INFO ]  Server train time: 170.09984517097473
2023-04-22 17:04:46,148 [MainThread] [INFO ]  
-------- round 107 --------
2023-04-22 17:04:46,148 [MainThread] [INFO ]  --- start training ---
2023-04-22 17:07:36,641 [MainThread] [INFO ]  Server train time: 170.49320435523987
2023-04-22 17:07:36,642 [MainThread] [INFO ]  
-------- round 108 --------
2023-04-22 17:07:36,642 [MainThread] [INFO ]  --- start training ---
2023-04-22 17:10:27,422 [MainThread] [INFO ]  Server train time: 170.77986216545105
2023-04-22 17:10:27,423 [MainThread] [INFO ]  
-------- round 109 --------
2023-04-22 17:10:27,423 [MainThread] [INFO ]  --- start training ---
2023-04-22 17:13:17,949 [MainThread] [INFO ]  Server train time: 170.52541399002075
2023-04-22 17:13:17,952 [MainThread] [INFO ]  Model saved at /home/dengzhiling/.local/lib/python3.10/site-packages/easyfl/main/cifar100/saved_models/_global_model_r_109.pth
2023-04-22 17:13:17,952 [MainThread] [INFO ]  
-------- round 110 --------
2023-04-22 17:13:17,952 [MainThread] [INFO ]  --- start training ---
2023-04-22 17:16:08,988 [MainThread] [INFO ]  Server train time: 171.03523921966553
2023-04-22 17:16:08,988 [MainThread] [INFO ]  
-------- round 111 --------
2023-04-22 17:16:08,989 [MainThread] [INFO ]  --- start training ---
2023-04-22 17:19:01,229 [MainThread] [INFO ]  Server train time: 172.24029874801636
2023-04-22 17:19:01,230 [MainThread] [INFO ]  
-------- round 112 --------
2023-04-22 17:19:01,230 [MainThread] [INFO ]  --- start training ---
2023-04-22 17:21:51,996 [MainThread] [INFO ]  Server train time: 170.76521801948547
2023-04-22 17:21:51,996 [MainThread] [INFO ]  
-------- round 113 --------
2023-04-22 17:21:51,996 [MainThread] [INFO ]  --- start training ---
2023-04-22 17:24:43,628 [MainThread] [INFO ]  Server train time: 171.6317000389099
2023-04-22 17:24:43,629 [MainThread] [INFO ]  
-------- round 114 --------
2023-04-22 17:24:43,629 [MainThread] [INFO ]  --- start training ---
2023-04-22 17:27:33,868 [MainThread] [INFO ]  Server train time: 170.23784255981445
2023-04-22 17:27:33,868 [MainThread] [INFO ]  
-------- round 115 --------
2023-04-22 17:27:33,868 [MainThread] [INFO ]  --- start training ---
2023-04-22 17:30:24,772 [MainThread] [INFO ]  Server train time: 170.90368223190308
2023-04-22 17:30:24,773 [MainThread] [INFO ]  
-------- round 116 --------
2023-04-22 17:30:24,773 [MainThread] [INFO ]  --- start training ---
2023-04-22 17:33:15,236 [MainThread] [INFO ]  Server train time: 170.46261262893677
2023-04-22 17:33:15,237 [MainThread] [INFO ]  
-------- round 117 --------
2023-04-22 17:33:15,237 [MainThread] [INFO ]  --- start training ---
2023-04-22 17:36:06,018 [MainThread] [INFO ]  Server train time: 170.78099370002747
2023-04-22 17:36:06,019 [MainThread] [INFO ]  
-------- round 118 --------
2023-04-22 17:36:06,019 [MainThread] [INFO ]  --- start training ---
2023-04-22 17:38:56,611 [MainThread] [INFO ]  Server train time: 170.59196257591248
2023-04-22 17:38:56,612 [MainThread] [INFO ]  
-------- round 119 --------
2023-04-22 17:38:56,612 [MainThread] [INFO ]  --- start training ---
2023-04-22 17:41:46,444 [MainThread] [INFO ]  Server train time: 169.83107137680054
2023-04-22 17:41:46,447 [MainThread] [INFO ]  Model saved at /home/dengzhiling/.local/lib/python3.10/site-packages/easyfl/main/cifar100/saved_models/_global_model_r_119.pth
2023-04-22 17:41:46,447 [MainThread] [INFO ]  
-------- round 120 --------
2023-04-22 17:41:46,447 [MainThread] [INFO ]  --- start training ---
2023-04-22 17:44:37,631 [MainThread] [INFO ]  Server train time: 171.18315386772156
2023-04-22 17:44:37,631 [MainThread] [INFO ]  
-------- round 121 --------
2023-04-22 17:44:37,631 [MainThread] [INFO ]  --- start training ---
2023-04-22 17:47:27,138 [MainThread] [INFO ]  Server train time: 169.5056664943695
2023-04-22 17:47:27,138 [MainThread] [INFO ]  
-------- round 122 --------
2023-04-22 17:47:27,138 [MainThread] [INFO ]  --- start training ---
2023-04-22 17:50:16,972 [MainThread] [INFO ]  Server train time: 169.8337070941925
2023-04-22 17:50:16,973 [MainThread] [INFO ]  
-------- round 123 --------
2023-04-22 17:50:16,973 [MainThread] [INFO ]  --- start training ---
2023-04-22 17:53:07,248 [MainThread] [INFO ]  Server train time: 170.2748601436615
2023-04-22 17:53:07,249 [MainThread] [INFO ]  
-------- round 124 --------
2023-04-22 17:53:07,249 [MainThread] [INFO ]  --- start training ---
2023-04-22 17:55:59,866 [MainThread] [INFO ]  Server train time: 172.6162075996399
2023-04-22 17:55:59,866 [MainThread] [INFO ]  
-------- round 125 --------
2023-04-22 17:55:59,866 [MainThread] [INFO ]  --- start training ---
2023-04-22 17:58:50,089 [MainThread] [INFO ]  Server train time: 170.22215795516968
2023-04-22 17:58:50,090 [MainThread] [INFO ]  
-------- round 126 --------
2023-04-22 17:58:50,090 [MainThread] [INFO ]  --- start training ---
2023-04-22 18:01:40,544 [MainThread] [INFO ]  Server train time: 170.45404982566833
2023-04-22 18:01:40,545 [MainThread] [INFO ]  
-------- round 127 --------
2023-04-22 18:01:40,545 [MainThread] [INFO ]  --- start training ---
2023-04-22 18:04:31,095 [MainThread] [INFO ]  Server train time: 170.5493083000183
2023-04-22 18:04:31,095 [MainThread] [INFO ]  
-------- round 128 --------
2023-04-22 18:04:31,095 [MainThread] [INFO ]  --- start training ---
2023-04-22 18:07:21,690 [MainThread] [INFO ]  Server train time: 170.59380674362183
2023-04-22 18:07:21,690 [MainThread] [INFO ]  
-------- round 129 --------
2023-04-22 18:07:21,690 [MainThread] [INFO ]  --- start training ---
2023-04-22 18:10:11,692 [MainThread] [INFO ]  Server train time: 170.00142288208008
2023-04-22 18:10:11,695 [MainThread] [INFO ]  Model saved at /home/dengzhiling/.local/lib/python3.10/site-packages/easyfl/main/cifar100/saved_models/_global_model_r_129.pth
2023-04-22 18:10:11,696 [MainThread] [INFO ]  
-------- round 130 --------
2023-04-22 18:10:11,696 [MainThread] [INFO ]  --- start training ---
2023-04-22 18:13:04,325 [MainThread] [INFO ]  Server train time: 172.62931966781616
2023-04-22 18:13:04,326 [MainThread] [INFO ]  
-------- round 131 --------
2023-04-22 18:13:04,326 [MainThread] [INFO ]  --- start training ---
2023-04-22 18:15:54,453 [MainThread] [INFO ]  Server train time: 170.12611150741577
2023-04-22 18:15:54,455 [MainThread] [INFO ]  
-------- round 132 --------
2023-04-22 18:15:54,456 [MainThread] [INFO ]  --- start training ---
2023-04-22 18:18:44,808 [MainThread] [INFO ]  Server train time: 170.3516263961792
2023-04-22 18:18:44,809 [MainThread] [INFO ]  
-------- round 133 --------
2023-04-22 18:18:44,809 [MainThread] [INFO ]  --- start training ---
2023-04-22 18:21:35,377 [MainThread] [INFO ]  Server train time: 170.56720089912415
2023-04-22 18:21:35,377 [MainThread] [INFO ]  
-------- round 134 --------
2023-04-22 18:21:35,377 [MainThread] [INFO ]  --- start training ---
2023-04-22 18:24:25,322 [MainThread] [INFO ]  Server train time: 169.94379711151123
2023-04-22 18:24:25,322 [MainThread] [INFO ]  
-------- round 135 --------
2023-04-22 18:24:25,322 [MainThread] [INFO ]  --- start training ---
2023-04-22 18:27:15,067 [MainThread] [INFO ]  Server train time: 169.74436855316162
2023-04-22 18:27:15,068 [MainThread] [INFO ]  
-------- round 136 --------
2023-04-22 18:27:15,068 [MainThread] [INFO ]  --- start training ---
2023-04-22 18:30:04,996 [MainThread] [INFO ]  Server train time: 169.9276740550995
2023-04-22 18:30:04,997 [MainThread] [INFO ]  
-------- round 137 --------
2023-04-22 18:30:04,997 [MainThread] [INFO ]  --- start training ---
2023-04-22 18:32:56,317 [MainThread] [INFO ]  Server train time: 171.31971263885498
2023-04-22 18:32:56,317 [MainThread] [INFO ]  
-------- round 138 --------
2023-04-22 18:32:56,317 [MainThread] [INFO ]  --- start training ---
2023-04-22 18:35:47,164 [MainThread] [INFO ]  Server train time: 170.8463592529297
2023-04-22 18:35:47,165 [MainThread] [INFO ]  
-------- round 139 --------
2023-04-22 18:35:47,165 [MainThread] [INFO ]  --- start training ---
2023-04-22 18:38:37,008 [MainThread] [INFO ]  Server train time: 169.84261059761047
2023-04-22 18:38:37,011 [MainThread] [INFO ]  Model saved at /home/dengzhiling/.local/lib/python3.10/site-packages/easyfl/main/cifar100/saved_models/_global_model_r_139.pth
2023-04-22 18:38:37,011 [MainThread] [INFO ]  
-------- round 140 --------
2023-04-22 18:38:37,012 [MainThread] [INFO ]  --- start training ---
2023-04-22 18:41:27,075 [MainThread] [INFO ]  Server train time: 170.06338834762573
2023-04-22 18:41:27,076 [MainThread] [INFO ]  
-------- round 141 --------
2023-04-22 18:41:27,076 [MainThread] [INFO ]  --- start training ---
2023-04-22 18:44:17,125 [MainThread] [INFO ]  Server train time: 170.04867148399353
2023-04-22 18:44:17,126 [MainThread] [INFO ]  
-------- round 142 --------
2023-04-22 18:44:17,126 [MainThread] [INFO ]  --- start training ---
2023-04-22 18:47:07,580 [MainThread] [INFO ]  Server train time: 170.45413947105408
2023-04-22 18:47:07,581 [MainThread] [INFO ]  
-------- round 143 --------
2023-04-22 18:47:07,581 [MainThread] [INFO ]  --- start training ---
2023-04-22 18:49:57,778 [MainThread] [INFO ]  Server train time: 170.1965765953064
2023-04-22 18:49:57,779 [MainThread] [INFO ]  
-------- round 144 --------
2023-04-22 18:49:57,779 [MainThread] [INFO ]  --- start training ---
2023-04-22 18:52:51,590 [MainThread] [INFO ]  Server train time: 173.81031012535095
2023-04-22 18:52:51,590 [MainThread] [INFO ]  
-------- round 145 --------
2023-04-22 18:52:51,590 [MainThread] [INFO ]  --- start training ---
2023-04-22 18:55:41,832 [MainThread] [INFO ]  Server train time: 170.24118876457214
2023-04-22 18:55:41,833 [MainThread] [INFO ]  
-------- round 146 --------
2023-04-22 18:55:41,833 [MainThread] [INFO ]  --- start training ---
2023-04-22 18:58:32,391 [MainThread] [INFO ]  Server train time: 170.55749344825745
2023-04-22 18:58:32,391 [MainThread] [INFO ]  
-------- round 147 --------
2023-04-22 18:58:32,391 [MainThread] [INFO ]  --- start training ---
2023-04-22 19:01:22,600 [MainThread] [INFO ]  Server train time: 170.208233833313
2023-04-22 19:01:22,601 [MainThread] [INFO ]  
-------- round 148 --------
2023-04-22 19:01:22,601 [MainThread] [INFO ]  --- start training ---
2023-04-22 19:04:12,596 [MainThread] [INFO ]  Server train time: 169.99488425254822
2023-04-22 19:04:12,597 [MainThread] [INFO ]  
-------- round 149 --------
2023-04-22 19:04:12,597 [MainThread] [INFO ]  --- start training ---
2023-04-22 19:07:03,276 [MainThread] [INFO ]  Server train time: 170.6784291267395
2023-04-22 19:07:03,279 [MainThread] [INFO ]  Model saved at /home/dengzhiling/.local/lib/python3.10/site-packages/easyfl/main/cifar100/saved_models/_global_model_r_149.pth
2023-04-22 19:07:03,279 [MainThread] [INFO ]  
-------- round 150 --------
2023-04-22 19:07:03,279 [MainThread] [INFO ]  --- start training ---
2023-04-22 19:09:53,498 [MainThread] [INFO ]  Server train time: 170.21787357330322
2023-04-22 19:09:53,498 [MainThread] [INFO ]  
-------- round 151 --------
2023-04-22 19:09:53,498 [MainThread] [INFO ]  --- start training ---
2023-04-22 19:12:43,223 [MainThread] [INFO ]  Server train time: 169.7237422466278
2023-04-22 19:12:43,223 [MainThread] [INFO ]  
-------- round 152 --------
2023-04-22 19:12:43,223 [MainThread] [INFO ]  --- start training ---
2023-04-22 19:15:33,294 [MainThread] [INFO ]  Server train time: 170.07080483436584
2023-04-22 19:15:33,295 [MainThread] [INFO ]  
-------- round 153 --------
2023-04-22 19:15:33,295 [MainThread] [INFO ]  --- start training ---
2023-04-22 19:18:25,752 [MainThread] [INFO ]  Server train time: 172.45616722106934
2023-04-22 19:18:25,752 [MainThread] [INFO ]  
-------- round 154 --------
2023-04-22 19:18:25,753 [MainThread] [INFO ]  --- start training ---
2023-04-22 19:21:15,051 [MainThread] [INFO ]  Server train time: 169.2976393699646
2023-04-22 19:21:15,051 [MainThread] [INFO ]  
-------- round 155 --------
2023-04-22 19:21:15,051 [MainThread] [INFO ]  --- start training ---
2023-04-22 19:24:05,280 [MainThread] [INFO ]  Server train time: 170.22785997390747
2023-04-22 19:24:05,280 [MainThread] [INFO ]  
-------- round 156 --------
2023-04-22 19:24:05,280 [MainThread] [INFO ]  --- start training ---
2023-04-22 19:26:55,854 [MainThread] [INFO ]  Server train time: 170.57323813438416
2023-04-22 19:26:55,855 [MainThread] [INFO ]  
-------- round 157 --------
2023-04-22 19:26:55,855 [MainThread] [INFO ]  --- start training ---
2023-04-22 19:29:46,462 [MainThread] [INFO ]  Server train time: 170.60737872123718
2023-04-22 19:29:46,463 [MainThread] [INFO ]  
-------- round 158 --------
2023-04-22 19:29:46,463 [MainThread] [INFO ]  --- start training ---
2023-04-22 19:32:35,770 [MainThread] [INFO ]  Server train time: 169.30676126480103
2023-04-22 19:32:35,771 [MainThread] [INFO ]  
-------- round 159 --------
2023-04-22 19:32:35,771 [MainThread] [INFO ]  --- start training ---
2023-04-22 19:35:25,356 [MainThread] [INFO ]  Server train time: 169.58491468429565
2023-04-22 19:35:25,360 [MainThread] [INFO ]  Model saved at /home/dengzhiling/.local/lib/python3.10/site-packages/easyfl/main/cifar100/saved_models/_global_model_r_159.pth
2023-04-22 19:35:25,360 [MainThread] [INFO ]  
-------- round 160 --------
2023-04-22 19:35:25,360 [MainThread] [INFO ]  --- start training ---
2023-04-22 19:38:16,094 [MainThread] [INFO ]  Server train time: 170.73395085334778
2023-04-22 19:38:16,095 [MainThread] [INFO ]  
-------- round 161 --------
2023-04-22 19:38:16,095 [MainThread] [INFO ]  --- start training ---
2023-04-22 19:41:07,044 [MainThread] [INFO ]  Server train time: 170.94881200790405
2023-04-22 19:41:07,045 [MainThread] [INFO ]  
-------- round 162 --------
2023-04-22 19:41:07,045 [MainThread] [INFO ]  --- start training ---
2023-04-22 19:43:56,892 [MainThread] [INFO ]  Server train time: 169.8462347984314
2023-04-22 19:43:56,892 [MainThread] [INFO ]  
-------- round 163 --------
2023-04-22 19:43:56,892 [MainThread] [INFO ]  --- start training ---
2023-04-22 19:46:48,528 [MainThread] [INFO ]  Server train time: 171.63554096221924
2023-04-22 19:46:48,529 [MainThread] [INFO ]  
-------- round 164 --------
2023-04-22 19:46:48,529 [MainThread] [INFO ]  --- start training ---
2023-04-22 19:49:39,761 [MainThread] [INFO ]  Server train time: 171.23136067390442
2023-04-22 19:49:39,762 [MainThread] [INFO ]  
-------- round 165 --------
2023-04-22 19:49:39,762 [MainThread] [INFO ]  --- start training ---
2023-04-22 19:52:29,834 [MainThread] [INFO ]  Server train time: 170.07149291038513
2023-04-22 19:52:29,834 [MainThread] [INFO ]  
-------- round 166 --------
2023-04-22 19:52:29,834 [MainThread] [INFO ]  --- start training ---
2023-04-22 19:55:20,764 [MainThread] [INFO ]  Server train time: 170.92964339256287
2023-04-22 19:55:20,765 [MainThread] [INFO ]  
-------- round 167 --------
2023-04-22 19:55:20,765 [MainThread] [INFO ]  --- start training ---
2023-04-22 19:58:11,443 [MainThread] [INFO ]  Server train time: 170.67794275283813
2023-04-22 19:58:11,444 [MainThread] [INFO ]  
-------- round 168 --------
2023-04-22 19:58:11,444 [MainThread] [INFO ]  --- start training ---
2023-04-22 20:01:01,830 [MainThread] [INFO ]  Server train time: 170.38498497009277
2023-04-22 20:01:01,830 [MainThread] [INFO ]  
-------- round 169 --------
2023-04-22 20:01:01,830 [MainThread] [INFO ]  --- start training ---
2023-04-22 20:03:51,541 [MainThread] [INFO ]  Server train time: 169.71051716804504
2023-04-22 20:03:51,544 [MainThread] [INFO ]  Model saved at /home/dengzhiling/.local/lib/python3.10/site-packages/easyfl/main/cifar100/saved_models/_global_model_r_169.pth
2023-04-22 20:03:51,545 [MainThread] [INFO ]  
-------- round 170 --------
2023-04-22 20:03:51,545 [MainThread] [INFO ]  --- start training ---
2023-04-22 20:06:40,670 [MainThread] [INFO ]  Server train time: 169.12523365020752
2023-04-22 20:06:40,671 [MainThread] [INFO ]  
-------- round 171 --------
2023-04-22 20:06:40,671 [MainThread] [INFO ]  --- start training ---
2023-04-22 20:09:30,776 [MainThread] [INFO ]  Server train time: 170.10421347618103
2023-04-22 20:09:30,776 [MainThread] [INFO ]  
-------- round 172 --------
2023-04-22 20:09:30,776 [MainThread] [INFO ]  --- start training ---
2023-04-22 20:12:21,021 [MainThread] [INFO ]  Server train time: 170.24440050125122
2023-04-22 20:12:21,022 [MainThread] [INFO ]  
-------- round 173 --------
2023-04-22 20:12:21,022 [MainThread] [INFO ]  --- start training ---
2023-04-22 20:15:11,166 [MainThread] [INFO ]  Server train time: 170.14366364479065
2023-04-22 20:15:11,167 [MainThread] [INFO ]  
-------- round 174 --------
2023-04-22 20:15:11,167 [MainThread] [INFO ]  --- start training ---
2023-04-22 20:18:01,184 [MainThread] [INFO ]  Server train time: 170.01636600494385
2023-04-22 20:18:01,184 [MainThread] [INFO ]  
-------- round 175 --------
2023-04-22 20:18:01,184 [MainThread] [INFO ]  --- start training ---
2023-04-22 20:20:51,101 [MainThread] [INFO ]  Server train time: 169.91665363311768
2023-04-22 20:20:51,102 [MainThread] [INFO ]  
-------- round 176 --------
2023-04-22 20:20:51,102 [MainThread] [INFO ]  --- start training ---
2023-04-22 20:23:42,897 [MainThread] [INFO ]  Server train time: 171.79443287849426
2023-04-22 20:23:42,898 [MainThread] [INFO ]  
-------- round 177 --------
2023-04-22 20:23:42,898 [MainThread] [INFO ]  --- start training ---
2023-04-22 20:26:34,576 [MainThread] [INFO ]  Server train time: 171.67796516418457
2023-04-22 20:26:34,577 [MainThread] [INFO ]  
-------- round 178 --------
2023-04-22 20:26:34,577 [MainThread] [INFO ]  --- start training ---
2023-04-22 20:29:24,380 [MainThread] [INFO ]  Server train time: 169.80236220359802
2023-04-22 20:29:24,380 [MainThread] [INFO ]  
-------- round 179 --------
2023-04-22 20:29:24,380 [MainThread] [INFO ]  --- start training ---
2023-04-22 20:32:14,638 [MainThread] [INFO ]  Server train time: 170.25678324699402
2023-04-22 20:32:14,641 [MainThread] [INFO ]  Model saved at /home/dengzhiling/.local/lib/python3.10/site-packages/easyfl/main/cifar100/saved_models/_global_model_r_179.pth
2023-04-22 20:32:14,641 [MainThread] [INFO ]  
-------- round 180 --------
2023-04-22 20:32:14,641 [MainThread] [INFO ]  --- start training ---
2023-04-22 20:35:05,147 [MainThread] [INFO ]  Server train time: 170.50530910491943
2023-04-22 20:35:05,147 [MainThread] [INFO ]  
-------- round 181 --------
2023-04-22 20:35:05,147 [MainThread] [INFO ]  --- start training ---
2023-04-22 20:37:55,234 [MainThread] [INFO ]  Server train time: 170.08590745925903
2023-04-22 20:37:55,234 [MainThread] [INFO ]  
-------- round 182 --------
2023-04-22 20:37:55,235 [MainThread] [INFO ]  --- start training ---
2023-04-22 20:40:45,218 [MainThread] [INFO ]  Server train time: 169.98310208320618
2023-04-22 20:40:45,219 [MainThread] [INFO ]  
-------- round 183 --------
2023-04-22 20:40:45,219 [MainThread] [INFO ]  --- start training ---
2023-04-22 20:43:36,075 [MainThread] [INFO ]  Server train time: 170.85600638389587
2023-04-22 20:43:36,076 [MainThread] [INFO ]  
-------- round 184 --------
2023-04-22 20:43:36,076 [MainThread] [INFO ]  --- start training ---
2023-04-22 20:46:26,833 [MainThread] [INFO ]  Server train time: 170.756329536438
2023-04-22 20:46:26,833 [MainThread] [INFO ]  
-------- round 185 --------
2023-04-22 20:46:26,833 [MainThread] [INFO ]  --- start training ---
2023-04-22 20:49:16,819 [MainThread] [INFO ]  Server train time: 169.9857213497162
2023-04-22 20:49:16,820 [MainThread] [INFO ]  
-------- round 186 --------
2023-04-22 20:49:16,820 [MainThread] [INFO ]  --- start training ---
2023-04-22 20:52:07,301 [MainThread] [INFO ]  Server train time: 170.4808750152588
2023-04-22 20:52:07,302 [MainThread] [INFO ]  
-------- round 187 --------
2023-04-22 20:52:07,302 [MainThread] [INFO ]  --- start training ---
2023-04-22 20:54:56,849 [MainThread] [INFO ]  Server train time: 169.5460000038147
2023-04-22 20:54:56,849 [MainThread] [INFO ]  
-------- round 188 --------
2023-04-22 20:54:56,849 [MainThread] [INFO ]  --- start training ---
2023-04-22 20:57:47,541 [MainThread] [INFO ]  Server train time: 170.69113945960999
2023-04-22 20:57:47,542 [MainThread] [INFO ]  
-------- round 189 --------
2023-04-22 20:57:47,542 [MainThread] [INFO ]  --- start training ---
2023-04-22 21:00:38,659 [MainThread] [INFO ]  Server train time: 171.11672711372375
2023-04-22 21:00:38,662 [MainThread] [INFO ]  Model saved at /home/dengzhiling/.local/lib/python3.10/site-packages/easyfl/main/cifar100/saved_models/_global_model_r_189.pth
2023-04-22 21:00:38,662 [MainThread] [INFO ]  
-------- round 190 --------
2023-04-22 21:00:38,662 [MainThread] [INFO ]  --- start training ---
2023-04-22 21:03:29,075 [MainThread] [INFO ]  Server train time: 170.41224026679993
2023-04-22 21:03:29,076 [MainThread] [INFO ]  
-------- round 191 --------
2023-04-22 21:03:29,076 [MainThread] [INFO ]  --- start training ---
2023-04-22 21:06:18,611 [MainThread] [INFO ]  Server train time: 169.53493285179138
2023-04-22 21:06:18,612 [MainThread] [INFO ]  
-------- round 192 --------
2023-04-22 21:06:18,612 [MainThread] [INFO ]  --- start training ---
2023-04-22 21:09:08,549 [MainThread] [INFO ]  Server train time: 169.93712949752808
2023-04-22 21:09:08,550 [MainThread] [INFO ]  
-------- round 193 --------
2023-04-22 21:09:08,550 [MainThread] [INFO ]  --- start training ---
2023-04-22 21:11:59,438 [MainThread] [INFO ]  Server train time: 170.88723349571228
2023-04-22 21:11:59,439 [MainThread] [INFO ]  
-------- round 194 --------
2023-04-22 21:11:59,439 [MainThread] [INFO ]  --- start training ---
2023-04-22 21:14:49,953 [MainThread] [INFO ]  Server train time: 170.51400542259216
2023-04-22 21:14:49,954 [MainThread] [INFO ]  
-------- round 195 --------
2023-04-22 21:14:49,954 [MainThread] [INFO ]  --- start training ---
2023-04-22 21:17:39,779 [MainThread] [INFO ]  Server train time: 169.82475972175598
2023-04-22 21:17:39,780 [MainThread] [INFO ]  
-------- round 196 --------
2023-04-22 21:17:39,780 [MainThread] [INFO ]  --- start training ---
2023-04-22 21:20:29,341 [MainThread] [INFO ]  Server train time: 169.5608024597168
2023-04-22 21:20:29,342 [MainThread] [INFO ]  
-------- round 197 --------
2023-04-22 21:20:29,342 [MainThread] [INFO ]  --- start training ---
2023-04-22 21:23:19,564 [MainThread] [INFO ]  Server train time: 170.2221541404724
2023-04-22 21:23:19,565 [MainThread] [INFO ]  
-------- round 198 --------
2023-04-22 21:23:19,565 [MainThread] [INFO ]  --- start training ---
2023-04-22 21:26:11,632 [MainThread] [INFO ]  Server train time: 172.06617712974548
2023-04-22 21:26:11,632 [MainThread] [INFO ]  
-------- round 199 --------
2023-04-22 21:26:11,632 [MainThread] [INFO ]  --- start training ---
2023-04-22 21:29:01,647 [MainThread] [INFO ]  Server train time: 170.01413416862488
2023-04-22 21:29:01,650 [MainThread] [INFO ]  Model saved at /home/dengzhiling/.local/lib/python3.10/site-packages/easyfl/main/cifar100/saved_models/_global_model_r_199.pth
2023-04-22 21:29:01,650 [MainThread] [INFO ]  
-------- round 200 --------
2023-04-22 21:29:01,650 [MainThread] [INFO ]  --- start training ---
2023-04-22 21:31:51,055 [MainThread] [INFO ]  Server train time: 169.4045205116272
2023-04-22 21:31:51,056 [MainThread] [INFO ]  
-------- round 201 --------
2023-04-22 21:31:51,056 [MainThread] [INFO ]  --- start training ---
2023-04-22 21:34:40,953 [MainThread] [INFO ]  Server train time: 169.89642190933228
2023-04-22 21:34:40,954 [MainThread] [INFO ]  
-------- round 202 --------
2023-04-22 21:34:40,954 [MainThread] [INFO ]  --- start training ---
2023-04-22 21:37:30,666 [MainThread] [INFO ]  Server train time: 169.71161651611328
2023-04-22 21:37:30,666 [MainThread] [INFO ]  
-------- round 203 --------
2023-04-22 21:37:30,666 [MainThread] [INFO ]  --- start training ---
2023-04-22 21:40:21,303 [MainThread] [INFO ]  Server train time: 170.63571000099182
2023-04-22 21:40:21,303 [MainThread] [INFO ]  
-------- round 204 --------
2023-04-22 21:40:21,303 [MainThread] [INFO ]  --- start training ---
2023-04-22 21:43:12,206 [MainThread] [INFO ]  Server train time: 170.90223741531372
2023-04-22 21:43:12,207 [MainThread] [INFO ]  
-------- round 205 --------
2023-04-22 21:43:12,207 [MainThread] [INFO ]  --- start training ---
2023-04-22 21:46:03,014 [MainThread] [INFO ]  Server train time: 170.80721378326416
2023-04-22 21:46:03,015 [MainThread] [INFO ]  
-------- round 206 --------
2023-04-22 21:46:03,015 [MainThread] [INFO ]  --- start training ---
2023-04-22 21:48:52,307 [MainThread] [INFO ]  Server train time: 169.2917926311493
2023-04-22 21:48:52,308 [MainThread] [INFO ]  
-------- round 207 --------
2023-04-22 21:48:52,308 [MainThread] [INFO ]  --- start training ---
2023-04-22 21:51:42,735 [MainThread] [INFO ]  Server train time: 170.42628026008606
2023-04-22 21:51:42,735 [MainThread] [INFO ]  
-------- round 208 --------
2023-04-22 21:51:42,735 [MainThread] [INFO ]  --- start training ---
2023-04-22 21:54:32,381 [MainThread] [INFO ]  Server train time: 169.64521408081055
2023-04-22 21:54:32,382 [MainThread] [INFO ]  
-------- round 209 --------
2023-04-22 21:54:32,382 [MainThread] [INFO ]  --- start training ---
2023-04-22 21:57:23,086 [MainThread] [INFO ]  Server train time: 170.70411896705627
2023-04-22 21:57:23,089 [MainThread] [INFO ]  Model saved at /home/dengzhiling/.local/lib/python3.10/site-packages/easyfl/main/cifar100/saved_models/_global_model_r_209.pth
2023-04-22 21:57:23,090 [MainThread] [INFO ]  
-------- round 210 --------
2023-04-22 21:57:23,090 [MainThread] [INFO ]  --- start training ---
2023-04-22 22:00:13,405 [MainThread] [INFO ]  Server train time: 170.31454753875732
2023-04-22 22:00:13,405 [MainThread] [INFO ]  
-------- round 211 --------
2023-04-22 22:00:13,405 [MainThread] [INFO ]  --- start training ---
2023-04-22 22:03:04,442 [MainThread] [INFO ]  Server train time: 171.03620266914368
2023-04-22 22:03:04,443 [MainThread] [INFO ]  
-------- round 212 --------
2023-04-22 22:03:04,443 [MainThread] [INFO ]  --- start training ---
2023-04-22 22:05:55,103 [MainThread] [INFO ]  Server train time: 170.65966367721558
2023-04-22 22:05:55,103 [MainThread] [INFO ]  
-------- round 213 --------
2023-04-22 22:05:55,103 [MainThread] [INFO ]  --- start training ---
2023-04-22 22:08:45,326 [MainThread] [INFO ]  Server train time: 170.22256898880005
2023-04-22 22:08:45,327 [MainThread] [INFO ]  
-------- round 214 --------
2023-04-22 22:08:45,327 [MainThread] [INFO ]  --- start training ---
2023-04-22 22:11:35,199 [MainThread] [INFO ]  Server train time: 169.87130880355835
2023-04-22 22:11:35,200 [MainThread] [INFO ]  
-------- round 215 --------
2023-04-22 22:11:35,200 [MainThread] [INFO ]  --- start training ---
2023-04-22 22:14:25,613 [MainThread] [INFO ]  Server train time: 170.41286253929138
2023-04-22 22:14:25,614 [MainThread] [INFO ]  
-------- round 216 --------
2023-04-22 22:14:25,614 [MainThread] [INFO ]  --- start training ---
2023-04-22 22:17:17,223 [MainThread] [INFO ]  Server train time: 171.60926604270935
2023-04-22 22:17:17,224 [MainThread] [INFO ]  
-------- round 217 --------
2023-04-22 22:17:17,224 [MainThread] [INFO ]  --- start training ---
2023-04-22 22:20:08,528 [MainThread] [INFO ]  Server train time: 171.30324459075928
2023-04-22 22:20:08,528 [MainThread] [INFO ]  
-------- round 218 --------
2023-04-22 22:20:08,528 [MainThread] [INFO ]  --- start training ---
2023-04-22 22:22:58,996 [MainThread] [INFO ]  Server train time: 170.4673149585724
2023-04-22 22:22:58,997 [MainThread] [INFO ]  
-------- round 219 --------
2023-04-22 22:22:58,997 [MainThread] [INFO ]  --- start training ---
2023-04-22 22:25:49,789 [MainThread] [INFO ]  Server train time: 170.79150652885437
2023-04-22 22:25:49,792 [MainThread] [INFO ]  Model saved at /home/dengzhiling/.local/lib/python3.10/site-packages/easyfl/main/cifar100/saved_models/_global_model_r_219.pth
2023-04-22 22:25:49,792 [MainThread] [INFO ]  
-------- round 220 --------
2023-04-22 22:25:49,792 [MainThread] [INFO ]  --- start training ---
2023-04-22 22:28:39,286 [MainThread] [INFO ]  Server train time: 169.49337911605835
2023-04-22 22:28:39,287 [MainThread] [INFO ]  
-------- round 221 --------
2023-04-22 22:28:39,287 [MainThread] [INFO ]  --- start training ---
2023-04-22 22:31:29,732 [MainThread] [INFO ]  Server train time: 170.44467663764954
2023-04-22 22:31:29,733 [MainThread] [INFO ]  
-------- round 222 --------
2023-04-22 22:31:29,733 [MainThread] [INFO ]  --- start training ---
2023-04-22 22:34:19,986 [MainThread] [INFO ]  Server train time: 170.25256419181824
2023-04-22 22:34:19,986 [MainThread] [INFO ]  
-------- round 223 --------
2023-04-22 22:34:19,986 [MainThread] [INFO ]  --- start training ---
2023-04-22 22:37:09,710 [MainThread] [INFO ]  Server train time: 169.72311234474182
2023-04-22 22:37:09,711 [MainThread] [INFO ]  
-------- round 224 --------
2023-04-22 22:37:09,711 [MainThread] [INFO ]  --- start training ---
2023-04-22 22:39:59,966 [MainThread] [INFO ]  Server train time: 170.25515007972717
2023-04-22 22:39:59,967 [MainThread] [INFO ]  
-------- round 225 --------
2023-04-22 22:39:59,967 [MainThread] [INFO ]  --- start training ---
2023-04-22 22:42:50,244 [MainThread] [INFO ]  Server train time: 170.27638173103333
2023-04-22 22:42:50,244 [MainThread] [INFO ]  
-------- round 226 --------
2023-04-22 22:42:50,244 [MainThread] [INFO ]  --- start training ---
2023-04-22 22:45:40,593 [MainThread] [INFO ]  Server train time: 170.3480885028839
2023-04-22 22:45:40,594 [MainThread] [INFO ]  
-------- round 227 --------
2023-04-22 22:45:40,594 [MainThread] [INFO ]  --- start training ---
2023-04-22 22:48:30,111 [MainThread] [INFO ]  Server train time: 169.51735162734985
2023-04-22 22:48:30,112 [MainThread] [INFO ]  
-------- round 228 --------
2023-04-22 22:48:30,112 [MainThread] [INFO ]  --- start training ---
2023-04-22 22:51:19,669 [MainThread] [INFO ]  Server train time: 169.55647349357605
2023-04-22 22:51:19,670 [MainThread] [INFO ]  
-------- round 229 --------
2023-04-22 22:51:19,670 [MainThread] [INFO ]  --- start training ---
2023-04-22 22:54:09,375 [MainThread] [INFO ]  Server train time: 169.70478796958923
2023-04-22 22:54:09,378 [MainThread] [INFO ]  Model saved at /home/dengzhiling/.local/lib/python3.10/site-packages/easyfl/main/cifar100/saved_models/_global_model_r_229.pth
2023-04-22 22:54:09,379 [MainThread] [INFO ]  
-------- round 230 --------
2023-04-22 22:54:09,379 [MainThread] [INFO ]  --- start training ---
2023-04-22 22:56:59,242 [MainThread] [INFO ]  Server train time: 169.86291337013245
2023-04-22 22:56:59,243 [MainThread] [INFO ]  
-------- round 231 --------
2023-04-22 22:56:59,243 [MainThread] [INFO ]  --- start training ---
2023-04-22 22:59:49,659 [MainThread] [INFO ]  Server train time: 170.415997505188
2023-04-22 22:59:49,660 [MainThread] [INFO ]  
-------- round 232 --------
2023-04-22 22:59:49,660 [MainThread] [INFO ]  --- start training ---
2023-04-22 23:02:39,141 [MainThread] [INFO ]  Server train time: 169.4809410572052
2023-04-22 23:02:39,142 [MainThread] [INFO ]  
-------- round 233 --------
2023-04-22 23:02:39,142 [MainThread] [INFO ]  --- start training ---
2023-04-22 23:05:30,729 [MainThread] [INFO ]  Server train time: 171.58717966079712
2023-04-22 23:05:30,730 [MainThread] [INFO ]  
-------- round 234 --------
2023-04-22 23:05:30,730 [MainThread] [INFO ]  --- start training ---
2023-04-22 23:08:21,284 [MainThread] [INFO ]  Server train time: 170.55325746536255
2023-04-22 23:08:21,285 [MainThread] [INFO ]  
-------- round 235 --------
2023-04-22 23:08:21,285 [MainThread] [INFO ]  --- start training ---
2023-04-22 23:11:12,313 [MainThread] [INFO ]  Server train time: 171.02769660949707
2023-04-22 23:11:12,314 [MainThread] [INFO ]  
-------- round 236 --------
2023-04-22 23:11:12,314 [MainThread] [INFO ]  --- start training ---
2023-04-22 23:14:03,068 [MainThread] [INFO ]  Server train time: 170.75343799591064
2023-04-22 23:14:03,069 [MainThread] [INFO ]  
-------- round 237 --------
2023-04-22 23:14:03,069 [MainThread] [INFO ]  --- start training ---
2023-04-22 23:16:53,595 [MainThread] [INFO ]  Server train time: 170.5253005027771
2023-04-22 23:16:53,596 [MainThread] [INFO ]  
-------- round 238 --------
2023-04-22 23:16:53,596 [MainThread] [INFO ]  --- start training ---
2023-04-22 23:19:43,985 [MainThread] [INFO ]  Server train time: 170.3887333869934
2023-04-22 23:19:43,986 [MainThread] [INFO ]  
-------- round 239 --------
2023-04-22 23:19:43,986 [MainThread] [INFO ]  --- start training ---
2023-04-22 23:22:33,668 [MainThread] [INFO ]  Server train time: 169.6815550327301
2023-04-22 23:22:33,671 [MainThread] [INFO ]  Model saved at /home/dengzhiling/.local/lib/python3.10/site-packages/easyfl/main/cifar100/saved_models/_global_model_r_239.pth
2023-04-22 23:22:33,671 [MainThread] [INFO ]  
-------- round 240 --------
2023-04-22 23:22:33,671 [MainThread] [INFO ]  --- start training ---
2023-04-22 23:25:23,855 [MainThread] [INFO ]  Server train time: 170.1834659576416
2023-04-22 23:25:23,856 [MainThread] [INFO ]  
-------- round 241 --------
2023-04-22 23:25:23,856 [MainThread] [INFO ]  --- start training ---
2023-04-22 23:28:14,119 [MainThread] [INFO ]  Server train time: 170.2626714706421
2023-04-22 23:28:14,120 [MainThread] [INFO ]  
-------- round 242 --------
2023-04-22 23:28:14,120 [MainThread] [INFO ]  --- start training ---
2023-04-22 23:31:05,272 [MainThread] [INFO ]  Server train time: 171.15181970596313
2023-04-22 23:31:05,273 [MainThread] [INFO ]  
-------- round 243 --------
2023-04-22 23:31:05,273 [MainThread] [INFO ]  --- start training ---
2023-04-22 23:33:55,853 [MainThread] [INFO ]  Server train time: 170.58012294769287
2023-04-22 23:33:55,854 [MainThread] [INFO ]  
-------- round 244 --------
2023-04-22 23:33:55,854 [MainThread] [INFO ]  --- start training ---
2023-04-22 23:36:46,209 [MainThread] [INFO ]  Server train time: 170.35491800308228
2023-04-22 23:36:46,210 [MainThread] [INFO ]  
-------- round 245 --------
2023-04-22 23:36:46,210 [MainThread] [INFO ]  --- start training ---
2023-04-22 23:39:37,430 [MainThread] [INFO ]  Server train time: 171.219300031662
2023-04-22 23:39:37,431 [MainThread] [INFO ]  
-------- round 246 --------
2023-04-22 23:39:37,431 [MainThread] [INFO ]  --- start training ---
2023-04-22 23:42:28,136 [MainThread] [INFO ]  Server train time: 170.70498156547546
2023-04-22 23:42:28,137 [MainThread] [INFO ]  
-------- round 247 --------
2023-04-22 23:42:28,137 [MainThread] [INFO ]  --- start training ---
2023-04-22 23:45:17,864 [MainThread] [INFO ]  Server train time: 169.72702074050903
2023-04-22 23:45:17,865 [MainThread] [INFO ]  
-------- round 248 --------
2023-04-22 23:45:17,865 [MainThread] [INFO ]  --- start training ---
2023-04-22 23:48:07,836 [MainThread] [INFO ]  Server train time: 169.9710292816162
2023-04-22 23:48:07,837 [MainThread] [INFO ]  
-------- round 249 --------
2023-04-22 23:48:07,837 [MainThread] [INFO ]  --- start training ---
2023-04-22 23:50:57,772 [MainThread] [INFO ]  Server train time: 169.93475937843323
2023-04-22 23:50:57,775 [MainThread] [INFO ]  Model saved at /home/dengzhiling/.local/lib/python3.10/site-packages/easyfl/main/cifar100/saved_models/_global_model_r_249.pth
2023-04-22 23:50:57,776 [MainThread] [INFO ]  
-------- round 250 --------
2023-04-22 23:50:57,776 [MainThread] [INFO ]  --- start training ---
2023-04-22 23:53:48,224 [MainThread] [INFO ]  Server train time: 170.44823956489563
2023-04-22 23:53:48,225 [MainThread] [INFO ]  
-------- round 251 --------
2023-04-22 23:53:48,225 [MainThread] [INFO ]  --- start training ---
2023-04-22 23:56:37,994 [MainThread] [INFO ]  Server train time: 169.7689573764801
2023-04-22 23:56:37,995 [MainThread] [INFO ]  
-------- round 252 --------
2023-04-22 23:56:37,995 [MainThread] [INFO ]  --- start training ---
2023-04-22 23:59:28,283 [MainThread] [INFO ]  Server train time: 170.28709983825684
2023-04-22 23:59:28,283 [MainThread] [INFO ]  
-------- round 253 --------
2023-04-22 23:59:28,283 [MainThread] [INFO ]  --- start training ---
2023-04-23 00:02:18,516 [MainThread] [INFO ]  Server train time: 170.23208904266357
2023-04-23 00:02:18,517 [MainThread] [INFO ]  
-------- round 254 --------
2023-04-23 00:02:18,517 [MainThread] [INFO ]  --- start training ---
2023-04-23 00:05:09,702 [MainThread] [INFO ]  Server train time: 171.18517088890076
2023-04-23 00:05:09,703 [MainThread] [INFO ]  
-------- round 255 --------
2023-04-23 00:05:09,703 [MainThread] [INFO ]  --- start training ---
2023-04-23 00:07:59,708 [MainThread] [INFO ]  Server train time: 170.00421738624573
2023-04-23 00:07:59,708 [MainThread] [INFO ]  
-------- round 256 --------
2023-04-23 00:07:59,708 [MainThread] [INFO ]  --- start training ---
2023-04-23 00:10:50,370 [MainThread] [INFO ]  Server train time: 170.66097617149353
2023-04-23 00:10:50,370 [MainThread] [INFO ]  
-------- round 257 --------
2023-04-23 00:10:50,370 [MainThread] [INFO ]  --- start training ---
2023-04-23 00:13:39,366 [MainThread] [INFO ]  Server train time: 168.9951949119568
2023-04-23 00:13:39,367 [MainThread] [INFO ]  
-------- round 258 --------
2023-04-23 00:13:39,367 [MainThread] [INFO ]  --- start training ---
2023-04-23 00:16:29,935 [MainThread] [INFO ]  Server train time: 170.56774377822876
2023-04-23 00:16:29,936 [MainThread] [INFO ]  
-------- round 259 --------
2023-04-23 00:16:29,936 [MainThread] [INFO ]  --- start training ---
2023-04-23 00:19:20,101 [MainThread] [INFO ]  Server train time: 170.16509437561035
2023-04-23 00:19:20,104 [MainThread] [INFO ]  Model saved at /home/dengzhiling/.local/lib/python3.10/site-packages/easyfl/main/cifar100/saved_models/_global_model_r_259.pth
2023-04-23 00:19:20,105 [MainThread] [INFO ]  
-------- round 260 --------
2023-04-23 00:19:20,105 [MainThread] [INFO ]  --- start training ---
2023-04-23 00:22:10,411 [MainThread] [INFO ]  Server train time: 170.30563187599182
2023-04-23 00:22:10,411 [MainThread] [INFO ]  
-------- round 261 --------
2023-04-23 00:22:10,411 [MainThread] [INFO ]  --- start training ---
2023-04-23 00:24:59,716 [MainThread] [INFO ]  Server train time: 169.30446124076843
2023-04-23 00:24:59,717 [MainThread] [INFO ]  
-------- round 262 --------
2023-04-23 00:24:59,717 [MainThread] [INFO ]  --- start training ---
2023-04-23 00:27:50,355 [MainThread] [INFO ]  Server train time: 170.63744139671326
2023-04-23 00:27:50,356 [MainThread] [INFO ]  
-------- round 263 --------
2023-04-23 00:27:50,356 [MainThread] [INFO ]  --- start training ---
2023-04-23 00:30:41,031 [MainThread] [INFO ]  Server train time: 170.67443013191223
2023-04-23 00:30:41,031 [MainThread] [INFO ]  
-------- round 264 --------
2023-04-23 00:30:41,031 [MainThread] [INFO ]  --- start training ---
2023-04-23 00:33:31,121 [MainThread] [INFO ]  Server train time: 170.0893635749817
2023-04-23 00:33:31,122 [MainThread] [INFO ]  
-------- round 265 --------
2023-04-23 00:33:31,122 [MainThread] [INFO ]  --- start training ---
2023-04-23 00:36:22,730 [MainThread] [INFO ]  Server train time: 171.6080720424652
2023-04-23 00:36:22,731 [MainThread] [INFO ]  
-------- round 266 --------
2023-04-23 00:36:22,731 [MainThread] [INFO ]  --- start training ---
2023-04-23 00:39:14,313 [MainThread] [INFO ]  Server train time: 171.581796169281
2023-04-23 00:39:14,314 [MainThread] [INFO ]  
-------- round 267 --------
2023-04-23 00:39:14,314 [MainThread] [INFO ]  --- start training ---
2023-04-23 00:42:04,044 [MainThread] [INFO ]  Server train time: 169.72966694831848
2023-04-23 00:42:04,045 [MainThread] [INFO ]  
-------- round 268 --------
2023-04-23 00:42:04,045 [MainThread] [INFO ]  --- start training ---
2023-04-23 00:44:54,857 [MainThread] [INFO ]  Server train time: 170.81171011924744
2023-04-23 00:44:54,858 [MainThread] [INFO ]  
-------- round 269 --------
2023-04-23 00:44:54,858 [MainThread] [INFO ]  --- start training ---
2023-04-23 00:47:45,043 [MainThread] [INFO ]  Server train time: 170.18532967567444
2023-04-23 00:47:45,047 [MainThread] [INFO ]  Model saved at /home/dengzhiling/.local/lib/python3.10/site-packages/easyfl/main/cifar100/saved_models/_global_model_r_269.pth
2023-04-23 00:47:45,047 [MainThread] [INFO ]  
-------- round 270 --------
2023-04-23 00:47:45,047 [MainThread] [INFO ]  --- start training ---
2023-04-23 00:50:34,613 [MainThread] [INFO ]  Server train time: 169.56568479537964
2023-04-23 00:50:34,614 [MainThread] [INFO ]  
-------- round 271 --------
2023-04-23 00:50:34,614 [MainThread] [INFO ]  --- start training ---
2023-04-23 00:53:22,091 [MainThread] [INFO ]  Server train time: 167.47689628601074
2023-04-23 00:53:22,092 [MainThread] [INFO ]  
-------- round 272 --------
2023-04-23 00:53:22,092 [MainThread] [INFO ]  --- start training ---
2023-04-23 00:56:13,409 [MainThread] [INFO ]  Server train time: 171.31675577163696
2023-04-23 00:56:13,410 [MainThread] [INFO ]  
-------- round 273 --------
2023-04-23 00:56:13,410 [MainThread] [INFO ]  --- start training ---
2023-04-23 00:59:03,505 [MainThread] [INFO ]  Server train time: 170.0945019721985
2023-04-23 00:59:03,505 [MainThread] [INFO ]  
-------- round 274 --------
2023-04-23 00:59:03,505 [MainThread] [INFO ]  --- start training ---
2023-04-23 01:01:55,650 [MainThread] [INFO ]  Server train time: 172.14448952674866
2023-04-23 01:01:55,651 [MainThread] [INFO ]  
-------- round 275 --------
2023-04-23 01:01:55,651 [MainThread] [INFO ]  --- start training ---
2023-04-23 01:04:46,111 [MainThread] [INFO ]  Server train time: 170.46007251739502
2023-04-23 01:04:46,112 [MainThread] [INFO ]  
-------- round 276 --------
2023-04-23 01:04:46,112 [MainThread] [INFO ]  --- start training ---
2023-04-23 01:07:33,223 [MainThread] [INFO ]  Server train time: 167.1105523109436
2023-04-23 01:07:33,224 [MainThread] [INFO ]  
-------- round 277 --------
2023-04-23 01:07:33,224 [MainThread] [INFO ]  --- start training ---
2023-04-23 01:10:23,641 [MainThread] [INFO ]  Server train time: 170.416809797287
2023-04-23 01:10:23,642 [MainThread] [INFO ]  
-------- round 278 --------
2023-04-23 01:10:23,642 [MainThread] [INFO ]  --- start training ---
2023-04-23 01:13:13,509 [MainThread] [INFO ]  Server train time: 169.8668336868286
2023-04-23 01:13:13,510 [MainThread] [INFO ]  
-------- round 279 --------
2023-04-23 01:13:13,510 [MainThread] [INFO ]  --- start training ---
2023-04-23 01:16:04,366 [MainThread] [INFO ]  Server train time: 170.85631799697876
2023-04-23 01:16:04,370 [MainThread] [INFO ]  Model saved at /home/dengzhiling/.local/lib/python3.10/site-packages/easyfl/main/cifar100/saved_models/_global_model_r_279.pth
2023-04-23 01:16:04,370 [MainThread] [INFO ]  
-------- round 280 --------
2023-04-23 01:16:04,370 [MainThread] [INFO ]  --- start training ---
2023-04-23 01:18:55,169 [MainThread] [INFO ]  Server train time: 170.7981767654419
2023-04-23 01:18:55,169 [MainThread] [INFO ]  
-------- round 281 --------
2023-04-23 01:18:55,169 [MainThread] [INFO ]  --- start training ---
2023-04-23 01:21:45,642 [MainThread] [INFO ]  Server train time: 170.47205877304077
2023-04-23 01:21:45,642 [MainThread] [INFO ]  
-------- round 282 --------
2023-04-23 01:21:45,642 [MainThread] [INFO ]  --- start training ---
2023-04-23 01:24:36,962 [MainThread] [INFO ]  Server train time: 171.31949639320374
2023-04-23 01:24:36,963 [MainThread] [INFO ]  
-------- round 283 --------
2023-04-23 01:24:36,963 [MainThread] [INFO ]  --- start training ---
2023-04-23 01:27:28,541 [MainThread] [INFO ]  Server train time: 171.5776994228363
2023-04-23 01:27:28,542 [MainThread] [INFO ]  
-------- round 284 --------
2023-04-23 01:27:28,542 [MainThread] [INFO ]  --- start training ---
2023-04-23 01:30:17,355 [MainThread] [INFO ]  Server train time: 168.81253266334534
2023-04-23 01:30:17,355 [MainThread] [INFO ]  
-------- round 285 --------
2023-04-23 01:30:17,355 [MainThread] [INFO ]  --- start training ---
2023-04-23 01:33:09,004 [MainThread] [INFO ]  Server train time: 171.6478455066681
2023-04-23 01:33:09,004 [MainThread] [INFO ]  
-------- round 286 --------
2023-04-23 01:33:09,004 [MainThread] [INFO ]  --- start training ---
2023-04-23 01:35:57,583 [MainThread] [INFO ]  Server train time: 168.5781283378601
2023-04-23 01:35:57,584 [MainThread] [INFO ]  
-------- round 287 --------
2023-04-23 01:35:57,584 [MainThread] [INFO ]  --- start training ---
2023-04-23 01:38:46,958 [MainThread] [INFO ]  Server train time: 169.37427163124084
2023-04-23 01:38:46,959 [MainThread] [INFO ]  
-------- round 288 --------
2023-04-23 01:38:46,959 [MainThread] [INFO ]  --- start training ---
2023-04-23 01:41:37,412 [MainThread] [INFO ]  Server train time: 170.45228815078735
2023-04-23 01:41:37,412 [MainThread] [INFO ]  
-------- round 289 --------
2023-04-23 01:41:37,412 [MainThread] [INFO ]  --- start training ---
2023-04-23 01:44:26,528 [MainThread] [INFO ]  Server train time: 169.11478805541992
2023-04-23 01:44:26,531 [MainThread] [INFO ]  Model saved at /home/dengzhiling/.local/lib/python3.10/site-packages/easyfl/main/cifar100/saved_models/_global_model_r_289.pth
2023-04-23 01:44:26,531 [MainThread] [INFO ]  
-------- round 290 --------
2023-04-23 01:44:26,531 [MainThread] [INFO ]  --- start training ---
2023-04-23 01:47:15,863 [MainThread] [INFO ]  Server train time: 169.33102679252625
2023-04-23 01:47:15,863 [MainThread] [INFO ]  
-------- round 291 --------
2023-04-23 01:47:15,863 [MainThread] [INFO ]  --- start training ---
2023-04-23 01:50:04,435 [MainThread] [INFO ]  Server train time: 168.57143449783325
2023-04-23 01:50:04,436 [MainThread] [INFO ]  
-------- round 292 --------
2023-04-23 01:50:04,436 [MainThread] [INFO ]  --- start training ---
2023-04-23 01:52:53,372 [MainThread] [INFO ]  Server train time: 168.9355697631836
2023-04-23 01:52:53,372 [MainThread] [INFO ]  
-------- round 293 --------
2023-04-23 01:52:53,373 [MainThread] [INFO ]  --- start training ---
2023-04-23 01:55:43,434 [MainThread] [INFO ]  Server train time: 170.0614595413208
2023-04-23 01:55:43,435 [MainThread] [INFO ]  
-------- round 294 --------
2023-04-23 01:55:43,435 [MainThread] [INFO ]  --- start training ---
2023-04-23 01:58:31,509 [MainThread] [INFO ]  Server train time: 168.07320094108582
2023-04-23 01:58:31,509 [MainThread] [INFO ]  
-------- round 295 --------
2023-04-23 01:58:31,510 [MainThread] [INFO ]  --- start training ---
2023-04-23 02:01:20,603 [MainThread] [INFO ]  Server train time: 169.09301924705505
2023-04-23 02:01:20,604 [MainThread] [INFO ]  
-------- round 296 --------
2023-04-23 02:01:20,604 [MainThread] [INFO ]  --- start training ---
2023-04-23 02:04:09,827 [MainThread] [INFO ]  Server train time: 169.22341442108154
2023-04-23 02:04:09,828 [MainThread] [INFO ]  
-------- round 297 --------
2023-04-23 02:04:09,828 [MainThread] [INFO ]  --- start training ---
2023-04-23 02:06:59,185 [MainThread] [INFO ]  Server train time: 169.35680508613586
2023-04-23 02:06:59,186 [MainThread] [INFO ]  
-------- round 298 --------
2023-04-23 02:06:59,186 [MainThread] [INFO ]  --- start training ---
2023-04-23 02:09:47,891 [MainThread] [INFO ]  Server train time: 168.70412135124207
2023-04-23 02:09:47,891 [MainThread] [INFO ]  
-------- round 299 --------
2023-04-23 02:09:47,891 [MainThread] [INFO ]  --- start training ---
2023-04-23 02:12:38,458 [MainThread] [INFO ]  Server train time: 170.56629347801208
2023-04-23 02:12:38,461 [MainThread] [INFO ]  Model saved at /home/dengzhiling/.local/lib/python3.10/site-packages/easyfl/main/cifar100/saved_models/_global_model_r_299.pth
2023-04-23 02:12:38,461 [MainThread] [INFO ]  
-------- round 300 --------
2023-04-23 02:12:38,462 [MainThread] [INFO ]  --- start training ---
2023-04-23 02:15:27,373 [MainThread] [INFO ]  Server train time: 168.9109673500061
2023-04-23 02:15:27,374 [MainThread] [INFO ]  
-------- round 301 --------
2023-04-23 02:15:27,374 [MainThread] [INFO ]  --- start training ---
2023-04-23 02:18:16,479 [MainThread] [INFO ]  Server train time: 169.1050546169281
2023-04-23 02:18:16,480 [MainThread] [INFO ]  
-------- round 302 --------
2023-04-23 02:18:16,480 [MainThread] [INFO ]  --- start training ---
2023-04-23 02:21:07,537 [MainThread] [INFO ]  Server train time: 171.05732893943787
2023-04-23 02:21:07,538 [MainThread] [INFO ]  
-------- round 303 --------
2023-04-23 02:21:07,538 [MainThread] [INFO ]  --- start training ---
2023-04-23 02:23:56,532 [MainThread] [INFO ]  Server train time: 168.9936854839325
2023-04-23 02:23:56,533 [MainThread] [INFO ]  
-------- round 304 --------
2023-04-23 02:23:56,533 [MainThread] [INFO ]  --- start training ---
2023-04-23 02:26:45,076 [MainThread] [INFO ]  Server train time: 168.54243326187134
2023-04-23 02:26:45,077 [MainThread] [INFO ]  
-------- round 305 --------
2023-04-23 02:26:45,077 [MainThread] [INFO ]  --- start training ---
2023-04-23 02:29:34,419 [MainThread] [INFO ]  Server train time: 169.3417248725891
2023-04-23 02:29:34,419 [MainThread] [INFO ]  
-------- round 306 --------
2023-04-23 02:29:34,419 [MainThread] [INFO ]  --- start training ---
2023-04-23 02:32:22,804 [MainThread] [INFO ]  Server train time: 168.38412499427795
2023-04-23 02:32:22,805 [MainThread] [INFO ]  
-------- round 307 --------
2023-04-23 02:32:22,805 [MainThread] [INFO ]  --- start training ---
2023-04-23 02:35:08,631 [MainThread] [INFO ]  Server train time: 165.8254735469818
2023-04-23 02:35:08,631 [MainThread] [INFO ]  
-------- round 308 --------
2023-04-23 02:35:08,632 [MainThread] [INFO ]  --- start training ---
