2023-02-26 03:09:47,180 [MainThread] [INFO ]  Configurations: {'task_id': '', 'data': {'root': './data/', 'dataset': 'cifar10', 'split_type': 'class', 'min_size': 10, 'data_amount': 0.05, 'iid_fraction': 0.1, 'user': False, 'train_test_split': 0.8, 'class_per_client': 8, 'num_of_clients': 10, 'alpha': 0.2, 'weights': None}, 'model': 'simple_cnn', 'test_mode': 'test_in_client', 'test_method': 'average', 'server': {'track': False, 'rounds': 2000, 'clients_per_round': 2, 'test_every': 1, 'save_model_every': 10, 'save_model_path': '', 'batch_size': 64, 'test_all': True, 'random_selection': True, 'aggregation_stragtegy': 'EQUAL_AVERAGE', 'aggregation_content': 'all'}, 'client': {'track': False, 'batch_size': 200, 'test_batch_size': 5, 'local_epoch': 20, 'optimizer': {'type': 'SGD', 'lr': 0.01, 'momentum': 0.5, 'weight_decay': 0.0005, 'nesterov': True}, 'seed': 0, 'local_test': True}, 'gpu': 1, 'distributed': {'backend': 'nccl', 'init_method': '', 'world_size': 0, 'rank': 0, 'local_rank': 0}, 'tracking': {'database': '', 'log_file': '', 'log_level': 'INFO', 'metric_file': '', 'save_every': 1}, 'resource_heterogeneous': {'simulate': False, 'hetero_type': 'real', 'level': 3, 'sleep_group_num': 1000, 'total_time': 1000, 'fraction': 1, 'grouping_strategy': 'greedy', 'initial_default_time': 5, 'default_time_momentum': 0.2}, 'seed': 0, 'is_distributed': False, 'device': 0}
2023-02-26 03:09:47,287 [MainThread] [INFO ]  Total training data amount: 50000
2023-02-26 03:09:47,287 [MainThread] [INFO ]  Total testing data amount: 10000
local_batch_size: 128, DML_batch_size: 32, local_epoch: 5, DML_epoch: 15, alpha: 1, beta: 1, DML_lr: 0.015
local_batch_size: 128, DML_batch_size: 32, local_epoch: 5, DML_epoch: 15, alpha: 1, beta: 1, DML_lr: 0.015
local_batch_size: 128, DML_batch_size: 32, local_epoch: 5, DML_epoch: 15, alpha: 1, beta: 1, DML_lr: 0.015
local_batch_size: 128, DML_batch_size: 32, local_epoch: 5, DML_epoch: 15, alpha: 1, beta: 1, DML_lr: 0.015
local_batch_size: 128, DML_batch_size: 32, local_epoch: 5, DML_epoch: 15, alpha: 1, beta: 1, DML_lr: 0.015
local_batch_size: 128, DML_batch_size: 32, local_epoch: 5, DML_epoch: 15, alpha: 1, beta: 1, DML_lr: 0.015
local_batch_size: 128, DML_batch_size: 32, local_epoch: 5, DML_epoch: 15, alpha: 1, beta: 1, DML_lr: 0.015
local_batch_size: 128, DML_batch_size: 32, local_epoch: 5, DML_epoch: 15, alpha: 1, beta: 1, DML_lr: 0.015
local_batch_size: 128, DML_batch_size: 32, local_epoch: 5, DML_epoch: 15, alpha: 1, beta: 1, DML_lr: 0.015
local_batch_size: 128, DML_batch_size: 32, local_epoch: 5, DML_epoch: 15, alpha: 1, beta: 1, DML_lr: 0.015
2023-02-26 03:09:47,321 [MainThread] [INFO ]  Clients in total: 10
2023-02-26 03:09:47,365 [MainThread] [INFO ]  
-------- round 0 --------
2023-02-26 03:09:47,365 [MainThread] [INFO ]  --- start training ---
client: f0000002
--- local_update_loss : 2.03
client: f0000008
--- local_update_loss : 2.12
--- DML_update_loss(A model) with Client:f0000004: 1.68
--- DML_update_loss(A model) with Client:f0000000: 1.69
--------- test avarage ---------
--- All clients' test loss: 1.66
--- All clients' test acc: 36.55%
2023-02-26 03:12:27,311 [MainThread] [INFO ]  Server train time: 159.94542169570923
2023-02-26 03:12:27,312 [MainThread] [INFO ]  
-------- round 1 --------
2023-02-26 03:12:27,312 [MainThread] [INFO ]  --- start training ---
client: f0000002
--- local_update_loss : 1.80
client: f0000009
--- local_update_loss : 2.10
--- DML_update_loss(A model) with Client:f0000006: 1.65
--- DML_update_loss(A model) with Client:f0000007: 1.57
--------- test avarage ---------
--- All clients' test loss: 1.60
--- All clients' test acc: 38.20%
2023-02-26 03:15:05,577 [MainThread] [INFO ]  Server train time: 158.2638349533081
2023-02-26 03:15:05,577 [MainThread] [INFO ]  
-------- round 2 --------
2023-02-26 03:15:05,578 [MainThread] [INFO ]  --- start training ---
client: f0000004
--- local_update_loss : 1.35
client: f0000001
--- local_update_loss : 2.10
--- DML_update_loss(A model) with Client:f0000005: 1.68
--- DML_update_loss(A model) with Client:f0000007: 1.48
--------- test avarage ---------
--- All clients' test loss: 1.41
--- All clients' test acc: 46.12%
2023-02-26 03:17:45,476 [MainThread] [INFO ]  Server train time: 159.89844346046448
2023-02-26 03:17:45,477 [MainThread] [INFO ]  
-------- round 3 --------
2023-02-26 03:17:45,477 [MainThread] [INFO ]  --- start training ---
client: f0000005
--- local_update_loss : 1.36
client: f0000004
--- local_update_loss : 1.32
--- DML_update_loss(A model) with Client:f0000007: 1.48
--- DML_update_loss(A model) with Client:f0000003: 1.56
--------- test avarage ---------
--- All clients' test loss: 1.21
--- All clients' test acc: 56.03%
2023-02-26 03:20:24,918 [MainThread] [INFO ]  Server train time: 159.4400577545166
2023-02-26 03:20:24,919 [MainThread] [INFO ]  
-------- round 4 --------
2023-02-26 03:20:24,919 [MainThread] [INFO ]  --- start training ---
client: f0000003
--- local_update_loss : 1.20
client: f0000008
--- local_update_loss : 1.82
--- DML_update_loss(A model) with Client:f0000009: 1.67
--- DML_update_loss(A model) with Client:f0000007: 1.49
--------- test avarage ---------
--- All clients' test loss: 1.34
--- All clients' test acc: 49.98%
2023-02-26 03:23:01,200 [MainThread] [INFO ]  Server train time: 156.28113865852356
2023-02-26 03:23:01,201 [MainThread] [INFO ]  
-------- round 5 --------
2023-02-26 03:23:01,201 [MainThread] [INFO ]  --- start training ---
client: f0000009
--- local_update_loss : 1.35
client: f0000005
--- local_update_loss : 1.33
--- DML_update_loss(A model) with Client:f0000001: 1.63
--- DML_update_loss(A model) with Client:f0000000: 1.61
--------- test avarage ---------
--- All clients' test loss: 1.23
--- All clients' test acc: 53.53%
2023-02-26 03:25:41,029 [MainThread] [INFO ]  Server train time: 159.82745146751404
2023-02-26 03:25:41,030 [MainThread] [INFO ]  
-------- round 6 --------
2023-02-26 03:25:41,030 [MainThread] [INFO ]  --- start training ---
client: f0000008
--- local_update_loss : 1.67
client: f0000001
--- local_update_loss : 1.34
--- DML_update_loss(A model) with Client:f0000006: 1.57
--- DML_update_loss(A model) with Client:f0000005: 1.60
--------- test avarage ---------
--- All clients' test loss: 1.27
--- All clients' test acc: 50.97%
2023-02-26 03:28:17,637 [MainThread] [INFO ]  Server train time: 156.60726952552795
2023-02-26 03:28:17,638 [MainThread] [INFO ]  
-------- round 7 --------
2023-02-26 03:28:17,638 [MainThread] [INFO ]  --- start training ---
client: f0000008
--- local_update_loss : 1.58
client: f0000005
--- local_update_loss : 1.26
--- DML_update_loss(A model) with Client:f0000000: 1.61
--- DML_update_loss(A model) with Client:f0000001: 1.56
--------- test avarage ---------
--- All clients' test loss: 1.31
--- All clients' test acc: 50.40%
2023-02-26 03:30:56,387 [MainThread] [INFO ]  Server train time: 158.74866223335266
2023-02-26 03:30:56,388 [MainThread] [INFO ]  
-------- round 8 --------
2023-02-26 03:30:56,388 [MainThread] [INFO ]  --- start training ---
client: f0000008
--- local_update_loss : 1.52
client: f0000006
--- local_update_loss : 1.28
--- DML_update_loss(A model) with Client:f0000003: 1.46
--- DML_update_loss(A model) with Client:f0000007: 1.49
--------- test avarage ---------
--- All clients' test loss: 1.24
--- All clients' test acc: 54.58%
2023-02-26 03:33:34,510 [MainThread] [INFO ]  Server train time: 158.12145495414734
2023-02-26 03:33:34,511 [MainThread] [INFO ]  
-------- round 9 --------
2023-02-26 03:33:34,511 [MainThread] [INFO ]  --- start training ---
client: f0000008
--- local_update_loss : 1.48
client: f0000004
--- local_update_loss : 1.31
--- DML_update_loss(A model) with Client:f0000001: 1.56
--- DML_update_loss(A model) with Client:f0000006: 1.57
--------- test avarage ---------
--- All clients' test loss: 1.21
--- All clients' test acc: 55.28%
2023-02-26 03:36:12,692 [MainThread] [INFO ]  Server train time: 158.18074083328247
2023-02-26 03:36:12,702 [MainThread] [INFO ]  Model saved at /home/dengzhiling/.local/lib/python3.10/site-packages/easyfl/main/saved_models/_global_model_r_9.pth
2023-02-26 03:36:12,702 [MainThread] [INFO ]  
-------- round 10 --------
2023-02-26 03:36:12,702 [MainThread] [INFO ]  --- start training ---
client: f0000008
--- local_update_loss : 1.44
client: f0000002
--- local_update_loss : 1.72
--- DML_update_loss(A model) with Client:f0000001: 1.56
--- DML_update_loss(A model) with Client:f0000004: 1.60
--------- test avarage ---------
--- All clients' test loss: 1.36
--- All clients' test acc: 47.80%
2023-02-26 03:38:50,492 [MainThread] [INFO ]  Server train time: 157.78921699523926
2023-02-26 03:38:50,493 [MainThread] [INFO ]  
-------- round 11 --------
2023-02-26 03:38:50,493 [MainThread] [INFO ]  --- start training ---
client: f0000007
--- local_update_loss : 1.07
client: f0000008
--- local_update_loss : 1.39
--- DML_update_loss(A model) with Client:f0000000: 1.61
--- DML_update_loss(A model) with Client:f0000004: 1.60
--------- test avarage ---------
--- All clients' test loss: 1.21
--- All clients' test acc: 55.25%
2023-02-26 03:41:28,851 [MainThread] [INFO ]  Server train time: 158.3580596446991
2023-02-26 03:41:28,852 [MainThread] [INFO ]  
-------- round 12 --------
2023-02-26 03:41:28,852 [MainThread] [INFO ]  --- start training ---
client: f0000005
--- local_update_loss : 1.22
client: f0000008
--- local_update_loss : 1.35
--- DML_update_loss(A model) with Client:f0000003: 1.46
--- DML_update_loss(A model) with Client:f0000002: 1.56
--------- test avarage ---------
--- All clients' test loss: 1.22
--- All clients' test acc: 56.22%
2023-02-26 03:44:06,198 [MainThread] [INFO ]  Server train time: 157.34551548957825
2023-02-26 03:44:06,199 [MainThread] [INFO ]  
-------- round 13 --------
2023-02-26 03:44:06,199 [MainThread] [INFO ]  --- start training ---
client: f0000003
--- local_update_loss : 1.06
client: f0000005
--- local_update_loss : 1.21
--- DML_update_loss(A model) with Client:f0000008: 1.53
--- DML_update_loss(A model) with Client:f0000002: 1.50
--------- test avarage ---------
--- All clients' test loss: 1.06
--- All clients' test acc: 61.20%
2023-02-26 03:46:43,273 [MainThread] [INFO ]  Server train time: 157.07391238212585
2023-02-26 03:46:43,274 [MainThread] [INFO ]  
-------- round 14 --------
2023-02-26 03:46:43,274 [MainThread] [INFO ]  --- start training ---
client: f0000003
--- local_update_loss : 1.03
client: f0000009
--- local_update_loss : 1.32
--- DML_update_loss(A model) with Client:f0000006: 1.57
--- DML_update_loss(A model) with Client:f0000007: 1.49
--------- test avarage ---------
--- All clients' test loss: 1.11
--- All clients' test acc: 60.00%
2023-02-26 03:49:23,500 [MainThread] [INFO ]  Server train time: 160.2259476184845
2023-02-26 03:49:23,501 [MainThread] [INFO ]  
-------- round 15 --------
2023-02-26 03:49:23,501 [MainThread] [INFO ]  --- start training ---
client: f0000002
--- local_update_loss : 1.12
client: f0000006
--- local_update_loss : 1.22
--- DML_update_loss(A model) with Client:f0000004: 1.60
--- DML_update_loss(A model) with Client:f0000009: 1.60
--------- test avarage ---------
--- All clients' test loss: 1.14
--- All clients' test acc: 58.08%
2023-02-26 03:52:03,940 [MainThread] [INFO ]  Server train time: 160.438631772995
2023-02-26 03:52:03,941 [MainThread] [INFO ]  
-------- round 16 --------
2023-02-26 03:52:03,941 [MainThread] [INFO ]  --- start training ---
client: f0000006
--- local_update_loss : 1.21
client: f0000002
--- local_update_loss : 1.09
--- DML_update_loss(A model) with Client:f0000004: 1.60
--- DML_update_loss(A model) with Client:f0000005: 1.60
--------- test avarage ---------
--- All clients' test loss: 1.15
--- All clients' test acc: 57.30%
2023-02-26 03:54:44,774 [MainThread] [INFO ]  Server train time: 160.83282232284546
2023-02-26 03:54:44,775 [MainThread] [INFO ]  
-------- round 17 --------
2023-02-26 03:54:44,775 [MainThread] [INFO ]  --- start training ---
client: f0000007
--- local_update_loss : 1.06
client: f0000002
--- local_update_loss : 1.08
--- DML_update_loss(A model) with Client:f0000001: 1.57
--- DML_update_loss(A model) with Client:f0000004: 1.60
--------- test avarage ---------
--- All clients' test loss: 1.12
--- All clients' test acc: 58.00%
2023-02-26 03:57:25,635 [MainThread] [INFO ]  Server train time: 160.85969519615173
2023-02-26 03:57:25,636 [MainThread] [INFO ]  
-------- round 18 --------
2023-02-26 03:57:25,636 [MainThread] [INFO ]  --- start training ---
client: f0000007
--- local_update_loss : 1.03
client: f0000009
--- local_update_loss : 1.25
--- DML_update_loss(A model) with Client:f0000000: 1.62
--- DML_update_loss(A model) with Client:f0000006: 1.58
--------- test avarage ---------
--- All clients' test loss: 1.18
--- All clients' test acc: 56.17%
2023-02-26 04:00:08,700 [MainThread] [INFO ]  Server train time: 163.06365156173706
2023-02-26 04:00:08,701 [MainThread] [INFO ]  
-------- round 19 --------
2023-02-26 04:00:08,701 [MainThread] [INFO ]  --- start training ---
client: f0000001
--- local_update_loss : 1.22
client: f0000007
--- local_update_loss : 1.00
--- DML_update_loss(A model) with Client:f0000004: 1.60
--- DML_update_loss(A model) with Client:f0000008: 1.48
--------- test avarage ---------
--- All clients' test loss: 1.05
--- All clients' test acc: 60.50%
2023-02-26 04:02:46,772 [MainThread] [INFO ]  Server train time: 158.07055568695068
2023-02-26 04:02:46,782 [MainThread] [INFO ]  Model saved at /home/dengzhiling/.local/lib/python3.10/site-packages/easyfl/main/saved_models/_global_model_r_19.pth
2023-02-26 04:02:46,782 [MainThread] [INFO ]  
-------- round 20 --------
2023-02-26 04:02:46,782 [MainThread] [INFO ]  --- start training ---
client: f0000007
--- local_update_loss : 0.99
client: f0000001
--- local_update_loss : 1.21
--- DML_update_loss(A model) with Client:f0000006: 1.57
--- DML_update_loss(A model) with Client:f0000004: 1.60
--------- test avarage ---------
--- All clients' test loss: 1.15
--- All clients' test acc: 58.08%
2023-02-26 04:05:23,997 [MainThread] [INFO ]  Server train time: 157.2142403125763
2023-02-26 04:05:23,998 [MainThread] [INFO ]  
-------- round 21 --------
2023-02-26 04:05:23,998 [MainThread] [INFO ]  --- start training ---
client: f0000001
--- local_update_loss : 1.18
client: f0000002
--- local_update_loss : 1.06
--- DML_update_loss(A model) with Client:f0000007: 1.50
--- DML_update_loss(A model) with Client:f0000006: 1.58
--------- test avarage ---------
--- All clients' test loss: 1.11
--- All clients' test acc: 59.05%
2023-02-26 04:08:03,380 [MainThread] [INFO ]  Server train time: 159.38253927230835
2023-02-26 04:08:03,381 [MainThread] [INFO ]  
-------- round 22 --------
2023-02-26 04:08:03,381 [MainThread] [INFO ]  --- start training ---
client: f0000002
--- local_update_loss : 1.05
client: f0000001
--- local_update_loss : 1.15
--- DML_update_loss(A model) with Client:f0000007: 1.49
--- DML_update_loss(A model) with Client:f0000006: 1.57
--------- test avarage ---------
--- All clients' test loss: 1.18
--- All clients' test acc: 57.12%
2023-02-26 04:10:41,117 [MainThread] [INFO ]  Server train time: 157.73541975021362
2023-02-26 04:10:41,118 [MainThread] [INFO ]  
-------- round 23 --------
2023-02-26 04:10:41,118 [MainThread] [INFO ]  --- start training ---
client: f0000005
--- local_update_loss : 1.24
client: f0000008
--- local_update_loss : 1.10
--- DML_update_loss(A model) with Client:f0000002: 1.52
--- DML_update_loss(A model) with Client:f0000009: 1.60
--------- test avarage ---------
--- All clients' test loss: 1.08
--- All clients' test acc: 59.62%
2023-02-26 04:13:20,380 [MainThread] [INFO ]  Server train time: 159.26107931137085
2023-02-26 04:13:20,381 [MainThread] [INFO ]  
-------- round 24 --------
2023-02-26 04:13:20,381 [MainThread] [INFO ]  --- start training ---
client: f0000009
--- local_update_loss : 1.23
client: f0000004
--- local_update_loss : 1.22
--- DML_update_loss(A model) with Client:f0000006: 1.57
--- DML_update_loss(A model) with Client:f0000008: 1.49
--------- test avarage ---------
--- All clients' test loss: 1.14
--- All clients' test acc: 58.00%
2023-02-26 04:16:00,558 [MainThread] [INFO ]  Server train time: 160.17718148231506
2023-02-26 04:16:00,559 [MainThread] [INFO ]  
-------- round 25 --------
2023-02-26 04:16:00,559 [MainThread] [INFO ]  --- start training ---
client: f0000005
--- local_update_loss : 1.21
client: f0000001
--- local_update_loss : 1.15
--- DML_update_loss(A model) with Client:f0000000: 1.62
--- DML_update_loss(A model) with Client:f0000006: 1.57
--------- test avarage ---------
--- All clients' test loss: 1.17
--- All clients' test acc: 56.53%
2023-02-26 04:18:38,174 [MainThread] [INFO ]  Server train time: 157.614022731781
2023-02-26 04:18:38,174 [MainThread] [INFO ]  
-------- round 26 --------
2023-02-26 04:18:38,174 [MainThread] [INFO ]  --- start training ---
client: f0000008
--- local_update_loss : 1.07
client: f0000004
--- local_update_loss : 1.19
--- DML_update_loss(A model) with Client:f0000001: 1.58
--- DML_update_loss(A model) with Client:f0000003: 1.47
--------- test avarage ---------
--- All clients' test loss: 1.11
--- All clients' test acc: 58.03%
2023-02-26 04:21:18,103 [MainThread] [INFO ]  Server train time: 159.9282500743866
2023-02-26 04:21:18,104 [MainThread] [INFO ]  
-------- round 27 --------
2023-02-26 04:21:18,104 [MainThread] [INFO ]  --- start training ---
client: f0000004
--- local_update_loss : 1.18
client: f0000002
--- local_update_loss : 1.08
--- DML_update_loss(A model) with Client:f0000007: 1.49
--- DML_update_loss(A model) with Client:f0000001: 1.57
--------- test avarage ---------
--- All clients' test loss: 1.08
--- All clients' test acc: 60.80%
2023-02-26 04:23:56,067 [MainThread] [INFO ]  Server train time: 157.96274781227112
2023-02-26 04:23:56,068 [MainThread] [INFO ]  
-------- round 28 --------
2023-02-26 04:23:56,068 [MainThread] [INFO ]  --- start training ---
client: f0000009
--- local_update_loss : 1.20
client: f0000002
--- local_update_loss : 1.06
--- DML_update_loss(A model) with Client:f0000005: 1.59
--- DML_update_loss(A model) with Client:f0000003: 1.47
--------- test avarage ---------
--- All clients' test loss: 1.08
--- All clients' test acc: 61.38%
2023-02-26 04:26:32,797 [MainThread] [INFO ]  Server train time: 156.72819662094116
2023-02-26 04:26:32,797 [MainThread] [INFO ]  
-------- round 29 --------
2023-02-26 04:26:32,797 [MainThread] [INFO ]  --- start training ---
client: f0000008
--- local_update_loss : 1.05
client: f0000006
--- local_update_loss : 1.22
--- DML_update_loss(A model) with Client:f0000004: 1.61
--- DML_update_loss(A model) with Client:f0000003: 1.46
--------- test avarage ---------
--- All clients' test loss: 1.09
--- All clients' test acc: 60.03%
2023-02-26 04:29:11,213 [MainThread] [INFO ]  Server train time: 158.41522812843323
2023-02-26 04:29:11,222 [MainThread] [INFO ]  Model saved at /home/dengzhiling/.local/lib/python3.10/site-packages/easyfl/main/saved_models/_global_model_r_29.pth
2023-02-26 04:29:11,223 [MainThread] [INFO ]  
-------- round 30 --------
2023-02-26 04:29:11,223 [MainThread] [INFO ]  --- start training ---
client: f0000000
--- local_update_loss : 1.26
client: f0000001
--- local_update_loss : 1.23
--- DML_update_loss(A model) with Client:f0000008: 1.49
--- DML_update_loss(A model) with Client:f0000002: 1.52
--------- test avarage ---------
--- All clients' test loss: 1.12
--- All clients' test acc: 58.02%
2023-02-26 04:31:47,161 [MainThread] [INFO ]  Server train time: 155.93791484832764
2023-02-26 04:31:47,162 [MainThread] [INFO ]  
-------- round 31 --------
2023-02-26 04:31:47,162 [MainThread] [INFO ]  --- start training ---
client: f0000004
--- local_update_loss : 1.22
client: f0000001
--- local_update_loss : 1.21
--- DML_update_loss(A model) with Client:f0000005: 1.60
--- DML_update_loss(A model) with Client:f0000008: 1.49
--------- test avarage ---------
--- All clients' test loss: 1.12
--- All clients' test acc: 58.20%
2023-02-26 04:34:24,476 [MainThread] [INFO ]  Server train time: 157.31322932243347
2023-02-26 04:34:24,476 [MainThread] [INFO ]  
-------- round 32 --------
2023-02-26 04:34:24,476 [MainThread] [INFO ]  --- start training ---
client: f0000009
--- local_update_loss : 1.18
client: f0000001
--- local_update_loss : 1.18
--- DML_update_loss(A model) with Client:f0000003: 1.47
--- DML_update_loss(A model) with Client:f0000006: 1.57
--------- test avarage ---------
--- All clients' test loss: 1.21
--- All clients' test acc: 54.48%
2023-02-26 04:37:01,493 [MainThread] [INFO ]  Server train time: 157.01638340950012
2023-02-26 04:37:01,494 [MainThread] [INFO ]  
-------- round 33 --------
2023-02-26 04:37:01,494 [MainThread] [INFO ]  --- start training ---
client: f0000008
--- local_update_loss : 1.08
client: f0000003
--- local_update_loss : 1.06
--- DML_update_loss(A model) with Client:f0000005: 1.59
--- DML_update_loss(A model) with Client:f0000001: 1.57
--------- test avarage ---------
--- All clients' test loss: 1.07
--- All clients' test acc: 60.82%
2023-02-26 04:39:39,135 [MainThread] [INFO ]  Server train time: 157.64040684700012
2023-02-26 04:39:39,136 [MainThread] [INFO ]  
-------- round 34 --------
2023-02-26 04:39:39,136 [MainThread] [INFO ]  --- start training ---
client: f0000000
--- local_update_loss : 1.23
client: f0000009
--- local_update_loss : 1.16
--- DML_update_loss(A model) with Client:f0000004: 1.61
--- DML_update_loss(A model) with Client:f0000007: 1.49
--------- test avarage ---------
--- All clients' test loss: 1.22
--- All clients' test acc: 55.25%
2023-02-26 04:42:18,231 [MainThread] [INFO ]  Server train time: 159.09518766403198
2023-02-26 04:42:18,232 [MainThread] [INFO ]  
-------- round 35 --------
2023-02-26 04:42:18,232 [MainThread] [INFO ]  --- start training ---
client: f0000006
--- local_update_loss : 1.24
client: f0000002
--- local_update_loss : 1.09
--- DML_update_loss(A model) with Client:f0000003: 1.46
--- DML_update_loss(A model) with Client:f0000000: 1.62
--------- test avarage ---------
--- All clients' test loss: 1.10
--- All clients' test acc: 59.83%
2023-02-26 04:45:02,723 [MainThread] [INFO ]  Server train time: 164.49018716812134
2023-02-26 04:45:02,724 [MainThread] [INFO ]  
-------- round 36 --------
2023-02-26 04:45:02,724 [MainThread] [INFO ]  --- start training ---
client: f0000003
--- local_update_loss : 1.03
client: f0000009
--- local_update_loss : 1.16
--- DML_update_loss(A model) with Client:f0000005: 1.59
--- DML_update_loss(A model) with Client:f0000006: 1.58
--------- test avarage ---------
--- All clients' test loss: 1.15
--- All clients' test acc: 58.17%
2023-02-26 04:47:45,133 [MainThread] [INFO ]  Server train time: 162.40880513191223
2023-02-26 04:47:45,134 [MainThread] [INFO ]  
-------- round 37 --------
2023-02-26 04:47:45,134 [MainThread] [INFO ]  --- start training ---
client: f0000004
--- local_update_loss : 1.22
client: f0000009
--- local_update_loss : 1.14
--- DML_update_loss(A model) with Client:f0000005: 1.60
--- DML_update_loss(A model) with Client:f0000007: 1.48
--------- test avarage ---------
--- All clients' test loss: 1.16
--- All clients' test acc: 57.77%
2023-02-26 04:50:20,963 [MainThread] [INFO ]  Server train time: 155.8286190032959
2023-02-26 04:50:20,964 [MainThread] [INFO ]  
-------- round 38 --------
2023-02-26 04:50:20,964 [MainThread] [INFO ]  --- start training ---
client: f0000008
--- local_update_loss : 1.04
client: f0000000
--- local_update_loss : 1.25
--- DML_update_loss(A model) with Client:f0000009: 1.61
--- DML_update_loss(A model) with Client:f0000003: 1.47
--------- test avarage ---------
--- All clients' test loss: 1.08
--- All clients' test acc: 59.72%
2023-02-26 04:52:59,734 [MainThread] [INFO ]  Server train time: 158.77019691467285
2023-02-26 04:52:59,735 [MainThread] [INFO ]  
-------- round 39 --------
2023-02-26 04:52:59,735 [MainThread] [INFO ]  --- start training ---
client: f0000002
--- local_update_loss : 1.04
client: f0000001
--- local_update_loss : 1.22
--- DML_update_loss(A model) with Client:f0000005: 1.59
--- DML_update_loss(A model) with Client:f0000000: 1.62
--------- test avarage ---------
--- All clients' test loss: 1.12
--- All clients' test acc: 58.28%
2023-02-26 04:55:39,103 [MainThread] [INFO ]  Server train time: 159.36674618721008
2023-02-26 04:55:39,112 [MainThread] [INFO ]  Model saved at /home/dengzhiling/.local/lib/python3.10/site-packages/easyfl/main/saved_models/_global_model_r_39.pth
2023-02-26 04:55:39,112 [MainThread] [INFO ]  
-------- round 40 --------
2023-02-26 04:55:39,112 [MainThread] [INFO ]  --- start training ---
client: f0000004
--- local_update_loss : 1.19
client: f0000003
--- local_update_loss : 1.04
--- DML_update_loss(A model) with Client:f0000001: 1.57
--- DML_update_loss(A model) with Client:f0000008: 1.49
--------- test avarage ---------
--- All clients' test loss: 1.14
--- All clients' test acc: 58.45%
2023-02-26 04:58:16,535 [MainThread] [INFO ]  Server train time: 157.4226005077362
2023-02-26 04:58:16,536 [MainThread] [INFO ]  
-------- round 41 --------
2023-02-26 04:58:16,536 [MainThread] [INFO ]  --- start training ---
client: f0000005
--- local_update_loss : 1.23
client: f0000006
--- local_update_loss : 1.23
--- DML_update_loss(A model) with Client:f0000002: 1.51
--- DML_update_loss(A model) with Client:f0000007: 1.49
--------- test avarage ---------
--- All clients' test loss: 1.12
--- All clients' test acc: 59.92%
2023-02-26 05:00:55,470 [MainThread] [INFO ]  Server train time: 158.93306398391724
2023-02-26 05:00:55,471 [MainThread] [INFO ]  
-------- round 42 --------
2023-02-26 05:00:55,471 [MainThread] [INFO ]  --- start training ---
client: f0000008
--- local_update_loss : 1.06
client: f0000001
--- local_update_loss : 1.22
--- DML_update_loss(A model) with Client:f0000004: 1.61
--- DML_update_loss(A model) with Client:f0000002: 1.51
--------- test avarage ---------
--- All clients' test loss: 1.06
--- All clients' test acc: 60.60%
2023-02-26 05:03:34,970 [MainThread] [INFO ]  Server train time: 159.4985146522522
2023-02-26 05:03:34,970 [MainThread] [INFO ]  
-------- round 43 --------
2023-02-26 05:03:34,971 [MainThread] [INFO ]  --- start training ---
client: f0000003
--- local_update_loss : 1.02
client: f0000009
--- local_update_loss : 1.21
--- DML_update_loss(A model) with Client:f0000004: 1.60
--- DML_update_loss(A model) with Client:f0000005: 1.59
--------- test avarage ---------
--- All clients' test loss: 1.11
--- All clients' test acc: 59.12%
2023-02-26 05:06:12,847 [MainThread] [INFO ]  Server train time: 157.87619733810425
2023-02-26 05:06:12,848 [MainThread] [INFO ]  
-------- round 44 --------
2023-02-26 05:06:12,848 [MainThread] [INFO ]  --- start training ---
client: f0000002
--- local_update_loss : 1.10
client: f0000007
--- local_update_loss : 1.06
--- DML_update_loss(A model) with Client:f0000009: 1.60
--- DML_update_loss(A model) with Client:f0000001: 1.57
--------- test avarage ---------
--- All clients' test loss: 1.14
--- All clients' test acc: 57.30%
2023-02-26 05:08:55,121 [MainThread] [INFO ]  Server train time: 162.2728590965271
2023-02-26 05:08:55,122 [MainThread] [INFO ]  
-------- round 45 --------
2023-02-26 05:08:55,122 [MainThread] [INFO ]  --- start training ---
client: f0000002
--- local_update_loss : 1.06
client: f0000004
--- local_update_loss : 1.23
--- DML_update_loss(A model) with Client:f0000007: 1.48
--- DML_update_loss(A model) with Client:f0000001: 1.56
--------- test avarage ---------
--- All clients' test loss: 1.20
--- All clients' test acc: 56.92%
2023-02-26 05:11:33,937 [MainThread] [INFO ]  Server train time: 158.81443071365356
2023-02-26 05:11:33,938 [MainThread] [INFO ]  
-------- round 46 --------
2023-02-26 05:11:33,938 [MainThread] [INFO ]  --- start training ---
client: f0000007
--- local_update_loss : 1.07
client: f0000000
--- local_update_loss : 1.25
--- DML_update_loss(A model) with Client:f0000001: 1.57
--- DML_update_loss(A model) with Client:f0000005: 1.59
--------- test avarage ---------
--- All clients' test loss: 1.15
--- All clients' test acc: 57.40%
2023-02-26 05:14:12,853 [MainThread] [INFO ]  Server train time: 158.91469025611877
2023-02-26 05:14:12,854 [MainThread] [INFO ]  
-------- round 47 --------
2023-02-26 05:14:12,854 [MainThread] [INFO ]  --- start training ---
client: f0000002
--- local_update_loss : 1.04
client: f0000001
--- local_update_loss : 1.23
--- DML_update_loss(A model) with Client:f0000008: 1.49
--- DML_update_loss(A model) with Client:f0000006: 1.57
--------- test avarage ---------
--- All clients' test loss: 1.10
--- All clients' test acc: 59.28%
2023-02-26 05:16:50,496 [MainThread] [INFO ]  Server train time: 157.64169073104858
2023-02-26 05:16:50,497 [MainThread] [INFO ]  
-------- round 48 --------
2023-02-26 05:16:50,497 [MainThread] [INFO ]  --- start training ---
client: f0000007
--- local_update_loss : 1.04
client: f0000005
--- local_update_loss : 1.23
--- DML_update_loss(A model) with Client:f0000004: 1.60
--- DML_update_loss(A model) with Client:f0000009: 1.59
--------- test avarage ---------
--- All clients' test loss: 1.15
--- All clients' test acc: 58.92%
2023-02-26 05:19:29,937 [MainThread] [INFO ]  Server train time: 159.43985176086426
2023-02-26 05:19:29,938 [MainThread] [INFO ]  
-------- round 49 --------
2023-02-26 05:19:29,938 [MainThread] [INFO ]  --- start training ---
client: f0000009
--- local_update_loss : 1.23
client: f0000000
--- local_update_loss : 1.23
--- DML_update_loss(A model) with Client:f0000006: 1.57
--- DML_update_loss(A model) with Client:f0000001: 1.57
--------- test avarage ---------
--- All clients' test loss: 1.16
--- All clients' test acc: 56.90%
2023-02-26 05:22:10,289 [MainThread] [INFO ]  Server train time: 160.35081839561462
2023-02-26 05:22:10,299 [MainThread] [INFO ]  Model saved at /home/dengzhiling/.local/lib/python3.10/site-packages/easyfl/main/saved_models/_global_model_r_49.pth
2023-02-26 05:22:10,299 [MainThread] [INFO ]  
-------- round 50 --------
2023-02-26 05:22:10,299 [MainThread] [INFO ]  --- start training ---
client: f0000007
--- local_update_loss : 1.02
client: f0000008
--- local_update_loss : 1.05
--- DML_update_loss(A model) with Client:f0000005: 1.59
--- DML_update_loss(A model) with Client:f0000002: 1.52
--------- test avarage ---------
--- All clients' test loss: 1.06
--- All clients' test acc: 60.85%
2023-02-26 05:24:47,371 [MainThread] [INFO ]  Server train time: 157.07096147537231
2023-02-26 05:24:47,371 [MainThread] [INFO ]  
-------- round 51 --------
2023-02-26 05:24:47,372 [MainThread] [INFO ]  --- start training ---
client: f0000003
--- local_update_loss : 1.00
client: f0000004
--- local_update_loss : 1.21
--- DML_update_loss(A model) with Client:f0000006: 1.58
--- DML_update_loss(A model) with Client:f0000000: 1.63
--------- test avarage ---------
--- All clients' test loss: 1.11
--- All clients' test acc: 58.45%
2023-02-26 05:27:25,562 [MainThread] [INFO ]  Server train time: 158.19043970108032
2023-02-26 05:27:25,563 [MainThread] [INFO ]  
-------- round 52 --------
2023-02-26 05:27:25,563 [MainThread] [INFO ]  --- start training ---
client: f0000009
--- local_update_loss : 1.20
client: f0000001
--- local_update_loss : 1.21
--- DML_update_loss(A model) with Client:f0000002: 1.51
--- DML_update_loss(A model) with Client:f0000008: 1.50
--------- test avarage ---------
--- All clients' test loss: 1.08
--- All clients' test acc: 60.65%
2023-02-26 05:30:05,669 [MainThread] [INFO ]  Server train time: 160.10566568374634
2023-02-26 05:30:05,670 [MainThread] [INFO ]  
-------- round 53 --------
2023-02-26 05:30:05,670 [MainThread] [INFO ]  --- start training ---
client: f0000001
--- local_update_loss : 1.19
client: f0000002
--- local_update_loss : 1.09
--- DML_update_loss(A model) with Client:f0000007: 1.50
--- DML_update_loss(A model) with Client:f0000008: 1.49
--------- test avarage ---------
--- All clients' test loss: 1.05
--- All clients' test acc: 62.07%
2023-02-26 05:32:45,956 [MainThread] [INFO ]  Server train time: 160.28536319732666
2023-02-26 05:32:45,957 [MainThread] [INFO ]  
-------- round 54 --------
2023-02-26 05:32:45,957 [MainThread] [INFO ]  --- start training ---
client: f0000004
--- local_update_loss : 1.19
client: f0000008
--- local_update_loss : 1.07
--- DML_update_loss(A model) with Client:f0000000: 1.61
--- DML_update_loss(A model) with Client:f0000007: 1.49
--------- test avarage ---------
--- All clients' test loss: 1.06
--- All clients' test acc: 59.97%
2023-02-26 05:35:23,126 [MainThread] [INFO ]  Server train time: 157.16844844818115
2023-02-26 05:35:23,127 [MainThread] [INFO ]  
-------- round 55 --------
2023-02-26 05:35:23,127 [MainThread] [INFO ]  --- start training ---
client: f0000004
--- local_update_loss : 1.17
client: f0000000
--- local_update_loss : 1.25
--- DML_update_loss(A model) with Client:f0000003: 1.48
--- DML_update_loss(A model) with Client:f0000002: 1.51
--------- test avarage ---------
--- All clients' test loss: 1.10
--- All clients' test acc: 60.50%
2023-02-26 05:38:00,305 [MainThread] [INFO ]  Server train time: 157.17820811271667
2023-02-26 05:38:00,306 [MainThread] [INFO ]  
-------- round 56 --------
2023-02-26 05:38:00,306 [MainThread] [INFO ]  --- start training ---
client: f0000006
--- local_update_loss : 1.23
client: f0000001
--- local_update_loss : 1.18
--- DML_update_loss(A model) with Client:f0000003: 1.47
--- DML_update_loss(A model) with Client:f0000008: 1.49
--------- test avarage ---------
--- All clients' test loss: 1.08
--- All clients' test acc: 59.18%
2023-02-26 05:40:38,360 [MainThread] [INFO ]  Server train time: 158.05315136909485
2023-02-26 05:40:38,361 [MainThread] [INFO ]  
-------- round 57 --------
2023-02-26 05:40:38,361 [MainThread] [INFO ]  --- start training ---
client: f0000003
--- local_update_loss : 1.05
client: f0000008
--- local_update_loss : 1.06
--- DML_update_loss(A model) with Client:f0000000: 1.62
--- DML_update_loss(A model) with Client:f0000004: 1.61
--------- test avarage ---------
--- All clients' test loss: 1.06
--- All clients' test acc: 60.60%
2023-02-26 05:43:17,071 [MainThread] [INFO ]  Server train time: 158.7100658416748
2023-02-26 05:43:17,072 [MainThread] [INFO ]  
-------- round 58 --------
2023-02-26 05:43:17,072 [MainThread] [INFO ]  --- start training ---
client: f0000004
--- local_update_loss : 1.22
client: f0000002
--- local_update_loss : 1.08
--- DML_update_loss(A model) with Client:f0000005: 1.59
--- DML_update_loss(A model) with Client:f0000007: 1.49
--------- test avarage ---------
--- All clients' test loss: 1.09
--- All clients' test acc: 59.55%
2023-02-26 05:45:55,580 [MainThread] [INFO ]  Server train time: 158.5076026916504
2023-02-26 05:45:55,581 [MainThread] [INFO ]  
-------- round 59 --------
2023-02-26 05:45:55,581 [MainThread] [INFO ]  --- start training ---
client: f0000002
--- local_update_loss : 1.05
client: f0000006
--- local_update_loss : 1.20
--- DML_update_loss(A model) with Client:f0000000: 1.61
--- DML_update_loss(A model) with Client:f0000007: 1.49
--------- test avarage ---------
--- All clients' test loss: 1.19
--- All clients' test acc: 56.62%
2023-02-26 05:48:34,649 [MainThread] [INFO ]  Server train time: 159.06821250915527
2023-02-26 05:48:34,659 [MainThread] [INFO ]  Model saved at /home/dengzhiling/.local/lib/python3.10/site-packages/easyfl/main/saved_models/_global_model_r_59.pth
2023-02-26 05:48:34,659 [MainThread] [INFO ]  
-------- round 60 --------
2023-02-26 05:48:34,659 [MainThread] [INFO ]  --- start training ---
client: f0000005
--- local_update_loss : 1.23
client: f0000008
--- local_update_loss : 1.03
--- DML_update_loss(A model) with Client:f0000006: 1.58
--- DML_update_loss(A model) with Client:f0000004: 1.60
--------- test avarage ---------
--- All clients' test loss: 1.10
--- All clients' test acc: 58.70%
2023-02-26 05:51:12,436 [MainThread] [INFO ]  Server train time: 157.77680087089539
2023-02-26 05:51:12,437 [MainThread] [INFO ]  
-------- round 61 --------
2023-02-26 05:51:12,437 [MainThread] [INFO ]  --- start training ---
client: f0000006
--- local_update_loss : 1.24
client: f0000004
--- local_update_loss : 1.21
--- DML_update_loss(A model) with Client:f0000002: 1.52
--- DML_update_loss(A model) with Client:f0000005: 1.59
--------- test avarage ---------
--- All clients' test loss: 1.10
--- All clients' test acc: 59.47%
2023-02-26 05:53:49,806 [MainThread] [INFO ]  Server train time: 157.36811065673828
2023-02-26 05:53:49,806 [MainThread] [INFO ]  
-------- round 62 --------
2023-02-26 05:53:49,807 [MainThread] [INFO ]  --- start training ---
client: f0000000
--- local_update_loss : 1.26
client: f0000004
--- local_update_loss : 1.19
--- DML_update_loss(A model) with Client:f0000002: 1.50
--- DML_update_loss(A model) with Client:f0000008: 1.49
--------- test avarage ---------
--- All clients' test loss: 1.08
--- All clients' test acc: 59.88%
2023-02-26 05:56:27,910 [MainThread] [INFO ]  Server train time: 158.10297274589539
2023-02-26 05:56:27,911 [MainThread] [INFO ]  
-------- round 63 --------
2023-02-26 05:56:27,911 [MainThread] [INFO ]  --- start training ---
client: f0000005
--- local_update_loss : 1.23
client: f0000009
--- local_update_loss : 1.18
--- DML_update_loss(A model) with Client:f0000003: 1.47
--- DML_update_loss(A model) with Client:f0000008: 1.48
--------- test avarage ---------
--- All clients' test loss: 1.10
--- All clients' test acc: 59.12%
2023-02-26 05:59:08,083 [MainThread] [INFO ]  Server train time: 160.1715784072876
2023-02-26 05:59:08,084 [MainThread] [INFO ]  
-------- round 64 --------
2023-02-26 05:59:08,084 [MainThread] [INFO ]  --- start training ---
client: f0000002
--- local_update_loss : 1.09
client: f0000000
--- local_update_loss : 1.22
--- DML_update_loss(A model) with Client:f0000004: 1.61
--- DML_update_loss(A model) with Client:f0000005: 1.60
--------- test avarage ---------
--- All clients' test loss: 1.11
--- All clients' test acc: 59.55%
2023-02-26 06:01:48,534 [MainThread] [INFO ]  Server train time: 160.44952368736267
2023-02-26 06:01:48,535 [MainThread] [INFO ]  
-------- round 65 --------
2023-02-26 06:01:48,535 [MainThread] [INFO ]  --- start training ---
client: f0000003
--- local_update_loss : 1.04
client: f0000002
--- local_update_loss : 1.06
--- DML_update_loss(A model) with Client:f0000004: 1.61
--- DML_update_loss(A model) with Client:f0000007: 1.49
--------- test avarage ---------
--- All clients' test loss: 1.04
--- All clients' test acc: 63.07%
2023-02-26 06:04:28,055 [MainThread] [INFO ]  Server train time: 159.5201060771942
2023-02-26 06:04:28,056 [MainThread] [INFO ]  
-------- round 66 --------
2023-02-26 06:04:28,056 [MainThread] [INFO ]  --- start training ---
client: f0000000
--- local_update_loss : 1.21
client: f0000008
--- local_update_loss : 1.06
--- DML_update_loss(A model) with Client:f0000003: 1.47
--- DML_update_loss(A model) with Client:f0000002: 1.51
--------- test avarage ---------
--- All clients' test loss: 1.06
--- All clients' test acc: 61.90%
2023-02-26 06:07:05,356 [MainThread] [INFO ]  Server train time: 157.29994559288025
2023-02-26 06:07:05,357 [MainThread] [INFO ]  
-------- round 67 --------
2023-02-26 06:07:05,357 [MainThread] [INFO ]  --- start training ---
client: f0000000
--- local_update_loss : 1.20
client: f0000004
--- local_update_loss : 1.21
--- DML_update_loss(A model) with Client:f0000005: 1.60
--- DML_update_loss(A model) with Client:f0000003: 1.46
--------- test avarage ---------
--- All clients' test loss: 1.11
--- All clients' test acc: 59.35%
2023-02-26 06:09:42,244 [MainThread] [INFO ]  Server train time: 156.88640141487122
2023-02-26 06:09:42,245 [MainThread] [INFO ]  
-------- round 68 --------
2023-02-26 06:09:42,245 [MainThread] [INFO ]  --- start training ---
client: f0000006
--- local_update_loss : 1.20
client: f0000001
--- local_update_loss : 1.15
--- DML_update_loss(A model) with Client:f0000002: 1.51
--- DML_update_loss(A model) with Client:f0000005: 1.59
--------- test avarage ---------
--- All clients' test loss: 1.15
--- All clients' test acc: 56.35%
2023-02-26 06:12:19,361 [MainThread] [INFO ]  Server train time: 157.11576294898987
2023-02-26 06:12:19,362 [MainThread] [INFO ]  
-------- round 69 --------
2023-02-26 06:12:19,362 [MainThread] [INFO ]  --- start training ---
client: f0000003
--- local_update_loss : 1.06
client: f0000008
--- local_update_loss : 1.03
--- DML_update_loss(A model) with Client:f0000007: 1.49
--- DML_update_loss(A model) with Client:f0000009: 1.61
--------- test avarage ---------
--- All clients' test loss: 1.14
--- All clients' test acc: 60.00%
2023-02-26 06:14:57,550 [MainThread] [INFO ]  Server train time: 158.1879756450653
2023-02-26 06:14:57,560 [MainThread] [INFO ]  Model saved at /home/dengzhiling/.local/lib/python3.10/site-packages/easyfl/main/saved_models/_global_model_r_69.pth
2023-02-26 06:14:57,560 [MainThread] [INFO ]  
-------- round 70 --------
2023-02-26 06:14:57,560 [MainThread] [INFO ]  --- start training ---
client: f0000005
--- local_update_loss : 1.23
client: f0000008
--- local_update_loss : 1.01
--- DML_update_loss(A model) with Client:f0000007: 1.49
--- DML_update_loss(A model) with Client:f0000000: 1.62
--------- test avarage ---------
--- All clients' test loss: 1.05
--- All clients' test acc: 61.08%
2023-02-26 06:17:34,452 [MainThread] [INFO ]  Server train time: 156.89119029045105
2023-02-26 06:17:34,452 [MainThread] [INFO ]  
-------- round 71 --------
2023-02-26 06:17:34,452 [MainThread] [INFO ]  --- start training ---
client: f0000004
--- local_update_loss : 1.18
client: f0000005
--- local_update_loss : 1.21
--- DML_update_loss(A model) with Client:f0000000: 1.61
--- DML_update_loss(A model) with Client:f0000001: 1.57
--------- test avarage ---------
--- All clients' test loss: 1.14
--- All clients' test acc: 57.35%
2023-02-26 06:20:13,749 [MainThread] [INFO ]  Server train time: 159.2961573600769
2023-02-26 06:20:13,750 [MainThread] [INFO ]  
-------- round 72 --------
2023-02-26 06:20:13,750 [MainThread] [INFO ]  --- start training ---
client: f0000000
--- local_update_loss : 1.26
client: f0000004
--- local_update_loss : 1.17
--- DML_update_loss(A model) with Client:f0000002: 1.51
--- DML_update_loss(A model) with Client:f0000005: 1.60
--------- test avarage ---------
--- All clients' test loss: 1.18
--- All clients' test acc: 56.90%
2023-02-26 06:22:51,315 [MainThread] [INFO ]  Server train time: 157.56521105766296
2023-02-26 06:22:51,316 [MainThread] [INFO ]  
-------- round 73 --------
2023-02-26 06:22:51,316 [MainThread] [INFO ]  --- start training ---
client: f0000007
--- local_update_loss : 1.06
client: f0000004
--- local_update_loss : 1.15
--- DML_update_loss(A model) with Client:f0000008: 1.50
--- DML_update_loss(A model) with Client:f0000003: 1.47
--------- test avarage ---------
--- All clients' test loss: 1.01
--- All clients' test acc: 62.45%
2023-02-26 06:25:31,764 [MainThread] [INFO ]  Server train time: 160.44760656356812
2023-02-26 06:25:31,765 [MainThread] [INFO ]  
-------- round 74 --------
2023-02-26 06:25:31,765 [MainThread] [INFO ]  --- start training ---
client: f0000000
--- local_update_loss : 1.23
client: f0000005
--- local_update_loss : 1.24
--- DML_update_loss(A model) with Client:f0000006: 1.58
--- DML_update_loss(A model) with Client:f0000002: 1.50
--------- test avarage ---------
--- All clients' test loss: 1.16
--- All clients' test acc: 56.77%
2023-02-26 06:28:10,857 [MainThread] [INFO ]  Server train time: 159.09085702896118
2023-02-26 06:28:10,857 [MainThread] [INFO ]  
-------- round 75 --------
2023-02-26 06:28:10,857 [MainThread] [INFO ]  --- start training ---
client: f0000006
--- local_update_loss : 1.22
client: f0000004
--- local_update_loss : 1.15
--- DML_update_loss(A model) with Client:f0000002: 1.51
--- DML_update_loss(A model) with Client:f0000009: 1.61
--------- test avarage ---------
--- All clients' test loss: 1.15
--- All clients' test acc: 57.53%
2023-02-26 06:30:49,955 [MainThread] [INFO ]  Server train time: 159.09764552116394
2023-02-26 06:30:49,956 [MainThread] [INFO ]  
-------- round 76 --------
2023-02-26 06:30:49,956 [MainThread] [INFO ]  --- start training ---
client: f0000006
--- local_update_loss : 1.21
client: f0000003
--- local_update_loss : 1.04
--- DML_update_loss(A model) with Client:f0000005: 1.59
--- DML_update_loss(A model) with Client:f0000004: 1.62
--------- test avarage ---------
--- All clients' test loss: 1.11
--- All clients' test acc: 59.33%
2023-02-26 06:33:29,035 [MainThread] [INFO ]  Server train time: 159.07827854156494
2023-02-26 06:33:29,036 [MainThread] [INFO ]  
-------- round 77 --------
2023-02-26 06:33:29,036 [MainThread] [INFO ]  --- start training ---
client: f0000002
--- local_update_loss : 1.10
client: f0000001
--- local_update_loss : 1.22
--- DML_update_loss(A model) with Client:f0000005: 1.59
--- DML_update_loss(A model) with Client:f0000006: 1.58
--------- test avarage ---------
--- All clients' test loss: 1.14
--- All clients' test acc: 57.35%
2023-02-26 06:36:06,578 [MainThread] [INFO ]  Server train time: 157.5413932800293
2023-02-26 06:36:06,579 [MainThread] [INFO ]  
-------- round 78 --------
2023-02-26 06:36:06,579 [MainThread] [INFO ]  --- start training ---
client: f0000003
--- local_update_loss : 1.00
client: f0000002
--- local_update_loss : 1.07
--- DML_update_loss(A model) with Client:f0000005: 1.59
--- DML_update_loss(A model) with Client:f0000000: 1.62
--------- test avarage ---------
--- All clients' test loss: 1.12
--- All clients' test acc: 60.70%
2023-02-26 06:38:47,186 [MainThread] [INFO ]  Server train time: 160.6069839000702
2023-02-26 06:38:47,187 [MainThread] [INFO ]  
-------- round 79 --------
2023-02-26 06:38:47,187 [MainThread] [INFO ]  --- start training ---
client: f0000009
--- local_update_loss : 1.22
client: f0000005
--- local_update_loss : 1.24
--- DML_update_loss(A model) with Client:f0000004: 1.59
--- DML_update_loss(A model) with Client:f0000002: 1.51
--------- test avarage ---------
--- All clients' test loss: 1.20
--- All clients' test acc: 57.12%
2023-02-26 06:41:24,680 [MainThread] [INFO ]  Server train time: 157.49240136146545
2023-02-26 06:41:24,701 [MainThread] [INFO ]  Model saved at /home/dengzhiling/.local/lib/python3.10/site-packages/easyfl/main/saved_models/_global_model_r_79.pth
2023-02-26 06:41:24,701 [MainThread] [INFO ]  
-------- round 80 --------
2023-02-26 06:41:24,701 [MainThread] [INFO ]  --- start training ---
client: f0000000
--- local_update_loss : 1.25
client: f0000009
--- local_update_loss : 1.20
--- DML_update_loss(A model) with Client:f0000007: 1.48
--- DML_update_loss(A model) with Client:f0000003: 1.48
--------- test avarage ---------
--- All clients' test loss: 1.10
--- All clients' test acc: 59.92%
2023-02-26 06:44:04,027 [MainThread] [INFO ]  Server train time: 159.32487869262695
2023-02-26 06:44:04,027 [MainThread] [INFO ]  
-------- round 81 --------
2023-02-26 06:44:04,028 [MainThread] [INFO ]  --- start training ---
client: f0000007
--- local_update_loss : 1.06
client: f0000002
--- local_update_loss : 1.10
--- DML_update_loss(A model) with Client:f0000006: 1.58
--- DML_update_loss(A model) with Client:f0000001: 1.57
--------- test avarage ---------
--- All clients' test loss: 1.12
--- All clients' test acc: 58.80%
2023-02-26 06:46:43,532 [MainThread] [INFO ]  Server train time: 159.5037260055542
2023-02-26 06:46:43,532 [MainThread] [INFO ]  
-------- round 82 --------
2023-02-26 06:46:43,533 [MainThread] [INFO ]  --- start training ---
client: f0000001
--- local_update_loss : 1.21
client: f0000006
--- local_update_loss : 1.23
--- DML_update_loss(A model) with Client:f0000008: 1.49
--- DML_update_loss(A model) with Client:f0000003: 1.46
--------- test avarage ---------
--- All clients' test loss: 1.11
--- All clients' test acc: 59.33%
2023-02-26 06:49:21,573 [MainThread] [INFO ]  Server train time: 158.04053044319153
2023-02-26 06:49:21,574 [MainThread] [INFO ]  
-------- round 83 --------
2023-02-26 06:49:21,574 [MainThread] [INFO ]  --- start training ---
client: f0000009
--- local_update_loss : 1.17
client: f0000001
--- local_update_loss : 1.19
--- DML_update_loss(A model) with Client:f0000003: 1.47
--- DML_update_loss(A model) with Client:f0000000: 1.62
--------- test avarage ---------
--- All clients' test loss: 1.24
--- All clients' test acc: 56.40%
2023-02-26 06:52:03,912 [MainThread] [INFO ]  Server train time: 162.33690524101257
2023-02-26 06:52:03,913 [MainThread] [INFO ]  
-------- round 84 --------
2023-02-26 06:52:03,913 [MainThread] [INFO ]  --- start training ---
client: f0000003
--- local_update_loss : 1.05
client: f0000006
--- local_update_loss : 1.21
--- DML_update_loss(A model) with Client:f0000008: 1.49
--- DML_update_loss(A model) with Client:f0000000: 1.62
--------- test avarage ---------
--- All clients' test loss: 1.16
--- All clients' test acc: 58.17%
2023-02-26 06:54:41,054 [MainThread] [INFO ]  Server train time: 157.14083003997803
2023-02-26 06:54:41,055 [MainThread] [INFO ]  
-------- round 85 --------
2023-02-26 06:54:41,055 [MainThread] [INFO ]  --- start training ---
client: f0000009
--- local_update_loss : 1.17
client: f0000006
--- local_update_loss : 1.19
--- DML_update_loss(A model) with Client:f0000003: 1.47
--- DML_update_loss(A model) with Client:f0000005: 1.59
--------- test avarage ---------
--- All clients' test loss: 1.09
--- All clients' test acc: 59.98%
2023-02-26 06:57:20,189 [MainThread] [INFO ]  Server train time: 159.133544921875
2023-02-26 06:57:20,190 [MainThread] [INFO ]  
-------- round 86 --------
2023-02-26 06:57:20,190 [MainThread] [INFO ]  --- start training ---
client: f0000002
--- local_update_loss : 1.06
client: f0000006
--- local_update_loss : 1.17
--- DML_update_loss(A model) with Client:f0000008: 1.48
--- DML_update_loss(A model) with Client:f0000007: 1.49
--------- test avarage ---------
--- All clients' test loss: 1.06
--- All clients' test acc: 61.83%
2023-02-26 06:59:57,989 [MainThread] [INFO ]  Server train time: 157.79937720298767
2023-02-26 06:59:57,990 [MainThread] [INFO ]  
-------- round 87 --------
2023-02-26 06:59:57,990 [MainThread] [INFO ]  --- start training ---
client: f0000002
--- local_update_loss : 1.04
client: f0000004
--- local_update_loss : 1.22
--- DML_update_loss(A model) with Client:f0000003: 1.47
--- DML_update_loss(A model) with Client:f0000005: 1.59
--------- test avarage ---------
--- All clients' test loss: 1.10
--- All clients' test acc: 60.23%
2023-02-26 07:02:35,918 [MainThread] [INFO ]  Server train time: 157.92685270309448
2023-02-26 07:02:35,918 [MainThread] [INFO ]  
-------- round 88 --------
2023-02-26 07:02:35,918 [MainThread] [INFO ]  --- start training ---
client: f0000009
--- local_update_loss : 1.16
client: f0000003
--- local_update_loss : 1.04
--- DML_update_loss(A model) with Client:f0000000: 1.61
--- DML_update_loss(A model) with Client:f0000005: 1.59
--------- test avarage ---------
--- All clients' test loss: 1.10
--- All clients' test acc: 59.60%
2023-02-26 07:05:13,804 [MainThread] [INFO ]  Server train time: 157.88499450683594
2023-02-26 07:05:13,805 [MainThread] [INFO ]  
-------- round 89 --------
2023-02-26 07:05:13,805 [MainThread] [INFO ]  --- start training ---
client: f0000001
--- local_update_loss : 1.17
client: f0000007
--- local_update_loss : 1.06
--- DML_update_loss(A model) with Client:f0000006: 1.58
--- DML_update_loss(A model) with Client:f0000009: 1.61
--------- test avarage ---------
--- All clients' test loss: 1.12
--- All clients' test acc: 57.92%
2023-02-26 07:07:51,801 [MainThread] [INFO ]  Server train time: 157.99615454673767
2023-02-26 07:07:51,811 [MainThread] [INFO ]  Model saved at /home/dengzhiling/.local/lib/python3.10/site-packages/easyfl/main/saved_models/_global_model_r_89.pth
2023-02-26 07:07:51,811 [MainThread] [INFO ]  
-------- round 90 --------
2023-02-26 07:07:51,811 [MainThread] [INFO ]  --- start training ---
client: f0000008
--- local_update_loss : 1.07
client: f0000001
--- local_update_loss : 1.15
--- DML_update_loss(A model) with Client:f0000009: 1.59
--- DML_update_loss(A model) with Client:f0000003: 1.47
--------- test avarage ---------
--- All clients' test loss: 1.17
--- All clients' test acc: 56.95%
2023-02-26 07:10:30,390 [MainThread] [INFO ]  Server train time: 158.57902598381042
2023-02-26 07:10:30,391 [MainThread] [INFO ]  
-------- round 91 --------
2023-02-26 07:10:30,391 [MainThread] [INFO ]  --- start training ---
client: f0000003
--- local_update_loss : 1.04
client: f0000000
--- local_update_loss : 1.26
--- DML_update_loss(A model) with Client:f0000007: 1.49
--- DML_update_loss(A model) with Client:f0000006: 1.58
--------- test avarage ---------
--- All clients' test loss: 1.12
--- All clients' test acc: 58.15%
2023-02-26 07:13:09,063 [MainThread] [INFO ]  Server train time: 158.6716046333313
2023-02-26 07:13:09,064 [MainThread] [INFO ]  
-------- round 92 --------
2023-02-26 07:13:09,064 [MainThread] [INFO ]  --- start training ---
client: f0000007
--- local_update_loss : 1.06
client: f0000000
--- local_update_loss : 1.23
--- DML_update_loss(A model) with Client:f0000009: 1.60
--- DML_update_loss(A model) with Client:f0000003: 1.47
--------- test avarage ---------
--- All clients' test loss: 1.08
--- All clients' test acc: 60.40%
2023-02-26 07:15:45,964 [MainThread] [INFO ]  Server train time: 156.8997197151184
2023-02-26 07:15:45,966 [MainThread] [INFO ]  
-------- round 93 --------
2023-02-26 07:15:45,966 [MainThread] [INFO ]  --- start training ---
client: f0000002
--- local_update_loss : 1.03
client: f0000008
--- local_update_loss : 1.05
--- DML_update_loss(A model) with Client:f0000009: 1.60
--- DML_update_loss(A model) with Client:f0000005: 1.59
--------- test avarage ---------
--- All clients' test loss: 1.11
--- All clients' test acc: 59.87%
2023-02-26 07:18:26,670 [MainThread] [INFO ]  Server train time: 160.70312976837158
2023-02-26 07:18:26,670 [MainThread] [INFO ]  
-------- round 94 --------
2023-02-26 07:18:26,671 [MainThread] [INFO ]  --- start training ---
client: f0000004
--- local_update_loss : 1.19
client: f0000006
--- local_update_loss : 1.24
--- DML_update_loss(A model) with Client:f0000007: 1.49
--- DML_update_loss(A model) with Client:f0000000: 1.63
--------- test avarage ---------
--- All clients' test loss: 1.17
--- All clients' test acc: 56.67%
2023-02-26 07:21:04,950 [MainThread] [INFO ]  Server train time: 158.2791018486023
2023-02-26 07:21:04,951 [MainThread] [INFO ]  
-------- round 95 --------
2023-02-26 07:21:04,951 [MainThread] [INFO ]  --- start training ---
client: f0000008
--- local_update_loss : 1.02
client: f0000001
--- local_update_loss : 1.14
--- DML_update_loss(A model) with Client:f0000009: 1.61
--- DML_update_loss(A model) with Client:f0000007: 1.49
--------- test avarage ---------
--- All clients' test loss: 1.14
--- All clients' test acc: 58.52%
2023-02-26 07:23:46,730 [MainThread] [INFO ]  Server train time: 161.7790288925171
2023-02-26 07:23:46,731 [MainThread] [INFO ]  
-------- round 96 --------
2023-02-26 07:23:46,731 [MainThread] [INFO ]  --- start training ---
client: f0000000
--- local_update_loss : 1.25
client: f0000008
--- local_update_loss : 1.00
--- DML_update_loss(A model) with Client:f0000003: 1.47
--- DML_update_loss(A model) with Client:f0000001: 1.58
--------- test avarage ---------
--- All clients' test loss: 1.08
--- All clients' test acc: 59.35%
2023-02-26 07:26:24,031 [MainThread] [INFO ]  Server train time: 157.29885029792786
2023-02-26 07:26:24,031 [MainThread] [INFO ]  
-------- round 97 --------
2023-02-26 07:26:24,032 [MainThread] [INFO ]  --- start training ---
client: f0000007
--- local_update_loss : 1.07
client: f0000001
--- local_update_loss : 1.22
--- DML_update_loss(A model) with Client:f0000005: 1.60
--- DML_update_loss(A model) with Client:f0000002: 1.52
--------- test avarage ---------
--- All clients' test loss: 1.10
--- All clients' test acc: 59.83%
2023-02-26 07:29:05,018 [MainThread] [INFO ]  Server train time: 160.98591256141663
2023-02-26 07:29:05,019 [MainThread] [INFO ]  
-------- round 98 --------
2023-02-26 07:29:05,019 [MainThread] [INFO ]  --- start training ---
client: f0000000
--- local_update_loss : 1.22
client: f0000005
--- local_update_loss : 1.24
--- DML_update_loss(A model) with Client:f0000004: 1.61
Traceback (most recent call last):
  File "/home/dengzhiling/.local/lib/python3.10/site-packages/easyfl/main/main.py", line 26, in <module>
    easyfl.run()
  File "/home/dengzhiling/.local/lib/python3.10/site-packages/easyfl/coordinator.py", line 390, in run
    _global_coord.run()
  File "/home/dengzhiling/.local/lib/python3.10/site-packages/easyfl/coordinator.py", line 80, in run
    self.server.start(self.model, self.clients)
  File "/home/dengzhiling/.local/lib/python3.10/site-packages/easyfl/server/base.py", line 164, in start
    self.train()
  File "/home/dengzhiling/.local/lib/python3.10/site-packages/easyfl/server/base.py", line 200, in train
    self.distribution_to_train()
  File "/home/dengzhiling/.local/lib/python3.10/site-packages/easyfl/server/base.py", line 347, in distribution_to_train
    self.distribution_to_train_locally()
  File "/home/dengzhiling/.local/lib/python3.10/site-packages/easyfl/main/CustomizeServer.py", line 89, in distribution_to_train_locally
    client.run_train(model, self.conf.client, train_local_only=False)
  File "/home/dengzhiling/.local/lib/python3.10/site-packages/easyfl/main/CustomizedClient.py", line 154, in run_train
    self.train(conf, self.device, train_local_only) # 
  File "/home/dengzhiling/.local/lib/python3.10/site-packages/easyfl/main/CustomizedClient.py", line 142, in train
    self.train_DML(conf, device)
  File "/home/dengzhiling/.local/lib/python3.10/site-packages/easyfl/main/CustomizedClient.py", line 85, in train_DML
    for data, label in train_loader:
  File "/home/dengzhiling/.local/lib/python3.10/site-packages/torch/utils/data/dataloader.py", line 628, in __next__
    data = self._next_data()
  File "/home/dengzhiling/.local/lib/python3.10/site-packages/torch/utils/data/dataloader.py", line 671, in _next_data
    data = self._dataset_fetcher.fetch(index)  # may raise StopIteration
  File "/home/dengzhiling/.local/lib/python3.10/site-packages/torch/utils/data/_utils/fetch.py", line 58, in fetch
    data = [self.dataset[idx] for idx in possibly_batched_index]
  File "/home/dengzhiling/.local/lib/python3.10/site-packages/torch/utils/data/_utils/fetch.py", line 58, in <listcomp>
    data = [self.dataset[idx] for idx in possibly_batched_index]
  File "/home/dengzhiling/.local/lib/python3.10/site-packages/easyfl/datasets/dataset_util.py", line 41, in __getitem__
    sample = self.transform_x(sample)
  File "/home/dengzhiling/.local/lib/python3.10/site-packages/torchvision/transforms/transforms.py", line 95, in __call__
    img = t(img)
  File "/home/dengzhiling/.local/lib/python3.10/site-packages/torch/nn/modules/module.py", line 1194, in _call_impl
    return forward_call(*input, **kwargs)
  File "/home/dengzhiling/.local/lib/python3.10/site-packages/torchvision/transforms/transforms.py", line 262, in forward
    def forward(self, tensor: Tensor) -> Tensor:
KeyboardInterrupt
