2023-02-26 07:15:11,385 [MainThread] [INFO ]  Configurations: {'task_id': '', 'data': {'root': './data/', 'dataset': 'cifar10', 'split_type': 'class', 'min_size': 10, 'data_amount': 0.05, 'iid_fraction': 0.1, 'user': False, 'train_test_split': 0.8, 'class_per_client': 8, 'num_of_clients': 10, 'alpha': 0.2, 'weights': None}, 'model': 'simple_cnn', 'test_mode': 'test_in_client', 'test_method': 'average', 'server': {'track': False, 'rounds': 2000, 'clients_per_round': 2, 'test_every': 1, 'save_model_every': 10, 'save_model_path': '', 'batch_size': 64, 'test_all': True, 'random_selection': True, 'aggregation_stragtegy': 'EQUAL_AVERAGE', 'aggregation_content': 'all'}, 'client': {'track': False, 'batch_size': 200, 'test_batch_size': 5, 'local_epoch': 20, 'optimizer': {'type': 'SGD', 'lr': 0.01, 'momentum': 0.5, 'weight_decay': 0.0005, 'nesterov': True}, 'seed': 0, 'local_test': True}, 'gpu': 1, 'distributed': {'backend': 'nccl', 'init_method': '', 'world_size': 0, 'rank': 0, 'local_rank': 0}, 'tracking': {'database': '', 'log_file': '', 'log_level': 'INFO', 'metric_file': '', 'save_every': 1}, 'resource_heterogeneous': {'simulate': False, 'hetero_type': 'real', 'level': 3, 'sleep_group_num': 1000, 'total_time': 1000, 'fraction': 1, 'grouping_strategy': 'greedy', 'initial_default_time': 5, 'default_time_momentum': 0.2}, 'seed': 0, 'is_distributed': False, 'device': 0}
2023-02-26 07:15:11,488 [MainThread] [INFO ]  Total training data amount: 50000
2023-02-26 07:15:11,488 [MainThread] [INFO ]  Total testing data amount: 10000
local_batch_size: 128, DML_batch_size: 16, local_epoch: 5, DML_epoch: 15, alpha: 1, beta: 1, DML_lr: 0.015
local_batch_size: 128, DML_batch_size: 16, local_epoch: 5, DML_epoch: 15, alpha: 1, beta: 1, DML_lr: 0.015
local_batch_size: 128, DML_batch_size: 16, local_epoch: 5, DML_epoch: 15, alpha: 1, beta: 1, DML_lr: 0.015
local_batch_size: 128, DML_batch_size: 16, local_epoch: 5, DML_epoch: 15, alpha: 1, beta: 1, DML_lr: 0.015
local_batch_size: 128, DML_batch_size: 16, local_epoch: 5, DML_epoch: 15, alpha: 1, beta: 1, DML_lr: 0.015
local_batch_size: 128, DML_batch_size: 16, local_epoch: 5, DML_epoch: 15, alpha: 1, beta: 1, DML_lr: 0.015
local_batch_size: 128, DML_batch_size: 16, local_epoch: 5, DML_epoch: 15, alpha: 1, beta: 1, DML_lr: 0.015
local_batch_size: 128, DML_batch_size: 16, local_epoch: 5, DML_epoch: 15, alpha: 1, beta: 1, DML_lr: 0.015
local_batch_size: 128, DML_batch_size: 16, local_epoch: 5, DML_epoch: 15, alpha: 1, beta: 1, DML_lr: 0.015
local_batch_size: 128, DML_batch_size: 16, local_epoch: 5, DML_epoch: 15, alpha: 1, beta: 1, DML_lr: 0.015
2023-02-26 07:15:11,521 [MainThread] [INFO ]  Clients in total: 10
2023-02-26 07:15:11,546 [MainThread] [INFO ]  
-------- round 0 --------
2023-02-26 07:15:11,546 [MainThread] [INFO ]  --- start training ---
client: f0000002
--- local_update_loss : 2.03
client: f0000008
--- local_update_loss : 2.12
--- DML_update_loss(A model) with Client:f0000004: 1.59
--- DML_update_loss(A model) with Client:f0000000: 1.60
--------- test avarage ---------
--- All clients' test loss: 1.60
--- All clients' test acc: 39.20%
2023-02-26 07:19:44,278 [MainThread] [INFO ]  Server train time: 272.73061871528625
2023-02-26 07:19:44,278 [MainThread] [INFO ]  
-------- round 1 --------
2023-02-26 07:19:44,278 [MainThread] [INFO ]  --- start training ---
client: f0000002
--- local_update_loss : 1.80
client: f0000009
--- local_update_loss : 2.10
--- DML_update_loss(A model) with Client:f0000006: 1.56
--- DML_update_loss(A model) with Client:f0000007: 1.47
--------- test avarage ---------
--- All clients' test loss: 1.57
--- All clients' test acc: 39.60%
2023-02-26 07:24:15,272 [MainThread] [INFO ]  Server train time: 270.99325013160706
2023-02-26 07:24:15,273 [MainThread] [INFO ]  
-------- round 2 --------
2023-02-26 07:24:15,273 [MainThread] [INFO ]  --- start training ---
client: f0000004
--- local_update_loss : 1.22
client: f0000001
--- local_update_loss : 2.10
--- DML_update_loss(A model) with Client:f0000005: 1.58
--- DML_update_loss(A model) with Client:f0000007: 1.39
--------- test avarage ---------
--- All clients' test loss: 1.32
--- All clients' test acc: 50.32%
2023-02-26 07:28:46,988 [MainThread] [INFO ]  Server train time: 271.7148756980896
2023-02-26 07:28:46,989 [MainThread] [INFO ]  
-------- round 3 --------
2023-02-26 07:28:46,989 [MainThread] [INFO ]  --- start training ---
client: f0000005
--- local_update_loss : 1.24
client: f0000004
--- local_update_loss : 1.20
--- DML_update_loss(A model) with Client:f0000007: 1.40
--- DML_update_loss(A model) with Client:f0000003: 1.46
--------- test avarage ---------
--- All clients' test loss: 1.06
--- All clients' test acc: 61.48%
2023-02-26 07:33:14,666 [MainThread] [INFO ]  Server train time: 267.6760115623474
2023-02-26 07:33:14,666 [MainThread] [INFO ]  
-------- round 4 --------
2023-02-26 07:33:14,667 [MainThread] [INFO ]  --- start training ---
client: f0000003
--- local_update_loss : 1.06
client: f0000008
--- local_update_loss : 1.82
--- DML_update_loss(A model) with Client:f0000009: 1.58
--- DML_update_loss(A model) with Client:f0000007: 1.40
--------- test avarage ---------
--- All clients' test loss: 1.29
--- All clients' test acc: 52.17%
2023-02-26 07:37:44,645 [MainThread] [INFO ]  Server train time: 269.97842812538147
2023-02-26 07:37:44,646 [MainThread] [INFO ]  
-------- round 5 --------
2023-02-26 07:37:44,646 [MainThread] [INFO ]  --- start training ---
client: f0000009
--- local_update_loss : 1.22
client: f0000005
--- local_update_loss : 1.20
--- DML_update_loss(A model) with Client:f0000001: 1.55
--- DML_update_loss(A model) with Client:f0000000: 1.53
--------- test avarage ---------
--- All clients' test loss: 1.14
--- All clients' test acc: 56.42%
2023-02-26 07:42:19,199 [MainThread] [INFO ]  Server train time: 274.5525312423706
2023-02-26 07:42:19,200 [MainThread] [INFO ]  
-------- round 6 --------
2023-02-26 07:42:19,200 [MainThread] [INFO ]  --- start training ---
client: f0000008
--- local_update_loss : 1.67
client: f0000001
--- local_update_loss : 1.23
--- DML_update_loss(A model) with Client:f0000006: 1.49
--- DML_update_loss(A model) with Client:f0000005: 1.51
--------- test avarage ---------
--- All clients' test loss: 1.21
--- All clients' test acc: 53.03%
2023-02-26 07:46:48,282 [MainThread] [INFO ]  Server train time: 269.08191657066345
2023-02-26 07:46:48,283 [MainThread] [INFO ]  
-------- round 7 --------
2023-02-26 07:46:48,283 [MainThread] [INFO ]  --- start training ---
client: f0000008
--- local_update_loss : 1.58
client: f0000005
--- local_update_loss : 1.14
--- DML_update_loss(A model) with Client:f0000000: 1.52
--- DML_update_loss(A model) with Client:f0000001: 1.49
--------- test avarage ---------
--- All clients' test loss: 1.19
--- All clients' test acc: 55.70%
2023-02-26 07:51:16,451 [MainThread] [INFO ]  Server train time: 268.16782784461975
2023-02-26 07:51:16,452 [MainThread] [INFO ]  
-------- round 8 --------
2023-02-26 07:51:16,452 [MainThread] [INFO ]  --- start training ---
client: f0000008
--- local_update_loss : 1.52
client: f0000006
--- local_update_loss : 1.14
--- DML_update_loss(A model) with Client:f0000003: 1.38
--- DML_update_loss(A model) with Client:f0000007: 1.40
--------- test avarage ---------
--- All clients' test loss: 1.13
--- All clients' test acc: 58.30%
2023-02-26 07:55:45,745 [MainThread] [INFO ]  Server train time: 269.2924494743347
2023-02-26 07:55:45,746 [MainThread] [INFO ]  
-------- round 9 --------
2023-02-26 07:55:45,746 [MainThread] [INFO ]  --- start training ---
client: f0000008
--- local_update_loss : 1.48
client: f0000004
--- local_update_loss : 1.18
--- DML_update_loss(A model) with Client:f0000001: 1.50
--- DML_update_loss(A model) with Client:f0000006: 1.50
--------- test avarage ---------
--- All clients' test loss: 1.13
--- All clients' test acc: 59.28%
2023-02-26 08:00:14,732 [MainThread] [INFO ]  Server train time: 268.98554396629333
2023-02-26 08:00:14,741 [MainThread] [INFO ]  Model saved at /home/dengzhiling/.local/lib/python3.10/site-packages/easyfl/main/saved_models/_global_model_r_9.pth
2023-02-26 08:00:14,741 [MainThread] [INFO ]  
-------- round 10 --------
2023-02-26 08:00:14,741 [MainThread] [INFO ]  --- start training ---
client: f0000008
--- local_update_loss : 1.44
client: f0000002
--- local_update_loss : 1.71
--- DML_update_loss(A model) with Client:f0000001: 1.49
--- DML_update_loss(A model) with Client:f0000004: 1.52
--------- test avarage ---------
--- All clients' test loss: 1.33
--- All clients' test acc: 49.85%
2023-02-26 08:04:48,487 [MainThread] [INFO ]  Server train time: 273.7451684474945
2023-02-26 08:04:48,487 [MainThread] [INFO ]  
-------- round 11 --------
2023-02-26 08:04:48,488 [MainThread] [INFO ]  --- start training ---
client: f0000007
--- local_update_loss : 0.93
client: f0000008
--- local_update_loss : 1.40
--- DML_update_loss(A model) with Client:f0000000: 1.53
--- DML_update_loss(A model) with Client:f0000004: 1.51
--------- test avarage ---------
--- All clients' test loss: 1.09
--- All clients' test acc: 60.53%
2023-02-26 08:09:19,601 [MainThread] [INFO ]  Server train time: 271.112651348114
2023-02-26 08:09:19,601 [MainThread] [INFO ]  
-------- round 12 --------
2023-02-26 08:09:19,602 [MainThread] [INFO ]  --- start training ---
client: f0000005
--- local_update_loss : 1.10
client: f0000008
--- local_update_loss : 1.35
--- DML_update_loss(A model) with Client:f0000003: 1.38
--- DML_update_loss(A model) with Client:f0000002: 1.47
--------- test avarage ---------
--- All clients' test loss: 1.14
--- All clients' test acc: 60.00%
2023-02-26 08:13:48,072 [MainThread] [INFO ]  Server train time: 268.47057843208313
2023-02-26 08:13:48,073 [MainThread] [INFO ]  
-------- round 13 --------
2023-02-26 08:13:48,073 [MainThread] [INFO ]  --- start training ---
client: f0000003
--- local_update_loss : 0.94
client: f0000005
--- local_update_loss : 1.09
--- DML_update_loss(A model) with Client:f0000008: 1.44
--- DML_update_loss(A model) with Client:f0000002: 1.42
--------- test avarage ---------
--- All clients' test loss: 0.98
--- All clients' test acc: 64.45%
2023-02-26 08:18:16,573 [MainThread] [INFO ]  Server train time: 268.4988088607788
2023-02-26 08:18:16,574 [MainThread] [INFO ]  
-------- round 14 --------
2023-02-26 08:18:16,574 [MainThread] [INFO ]  --- start training ---
client: f0000003
--- local_update_loss : 0.89
client: f0000009
--- local_update_loss : 1.19
--- DML_update_loss(A model) with Client:f0000006: 1.50
--- DML_update_loss(A model) with Client:f0000007: 1.41
--------- test avarage ---------
--- All clients' test loss: 1.02
--- All clients' test acc: 63.62%
2023-02-26 08:22:48,196 [MainThread] [INFO ]  Server train time: 271.62193989753723
2023-02-26 08:22:48,197 [MainThread] [INFO ]  
-------- round 15 --------
2023-02-26 08:22:48,197 [MainThread] [INFO ]  --- start training ---
client: f0000002
--- local_update_loss : 1.00
client: f0000006
--- local_update_loss : 1.08
--- DML_update_loss(A model) with Client:f0000004: 1.51
--- DML_update_loss(A model) with Client:f0000009: 1.51
--------- test avarage ---------
--- All clients' test loss: 1.02
--- All clients' test acc: 62.53%
2023-02-26 08:27:21,828 [MainThread] [INFO ]  Server train time: 273.63097286224365
2023-02-26 08:27:21,831 [MainThread] [INFO ]  
-------- round 16 --------
2023-02-26 08:27:21,831 [MainThread] [INFO ]  --- start training ---
client: f0000006
--- local_update_loss : 1.06
client: f0000002
--- local_update_loss : 0.96
--- DML_update_loss(A model) with Client:f0000004: 1.52
--- DML_update_loss(A model) with Client:f0000005: 1.52
--------- test avarage ---------
--- All clients' test loss: 1.03
--- All clients' test acc: 62.45%
2023-02-26 08:31:50,617 [MainThread] [INFO ]  Server train time: 268.7846236228943
2023-02-26 08:31:50,618 [MainThread] [INFO ]  
-------- round 17 --------
2023-02-26 08:31:50,618 [MainThread] [INFO ]  --- start training ---
client: f0000007
--- local_update_loss : 0.93
client: f0000002
--- local_update_loss : 0.95
--- DML_update_loss(A model) with Client:f0000001: 1.50
--- DML_update_loss(A model) with Client:f0000004: 1.52
--------- test avarage ---------
--- All clients' test loss: 0.97
--- All clients' test acc: 64.67%
2023-02-26 08:36:19,077 [MainThread] [INFO ]  Server train time: 268.45859456062317
2023-02-26 08:36:19,078 [MainThread] [INFO ]  
-------- round 18 --------
2023-02-26 08:36:19,078 [MainThread] [INFO ]  --- start training ---
client: f0000007
--- local_update_loss : 0.90
client: f0000009
--- local_update_loss : 1.12
--- DML_update_loss(A model) with Client:f0000000: 1.53
--- DML_update_loss(A model) with Client:f0000006: 1.50
--------- test avarage ---------
--- All clients' test loss: 1.02
--- All clients' test acc: 62.17%
2023-02-26 08:40:52,036 [MainThread] [INFO ]  Server train time: 272.95826721191406
2023-02-26 08:40:52,038 [MainThread] [INFO ]  
-------- round 19 --------
2023-02-26 08:40:52,038 [MainThread] [INFO ]  --- start training ---
client: f0000001
--- local_update_loss : 1.07
client: f0000007
--- local_update_loss : 0.87
--- DML_update_loss(A model) with Client:f0000004: 1.51
--- DML_update_loss(A model) with Client:f0000008: 1.38
--------- test avarage ---------
--- All clients' test loss: 0.97
--- All clients' test acc: 65.12%
2023-02-26 08:45:24,451 [MainThread] [INFO ]  Server train time: 272.4126670360565
2023-02-26 08:45:24,461 [MainThread] [INFO ]  Model saved at /home/dengzhiling/.local/lib/python3.10/site-packages/easyfl/main/saved_models/_global_model_r_19.pth
2023-02-26 08:45:24,461 [MainThread] [INFO ]  
-------- round 20 --------
2023-02-26 08:45:24,461 [MainThread] [INFO ]  --- start training ---
client: f0000007
--- local_update_loss : 0.87
client: f0000001
--- local_update_loss : 1.05
--- DML_update_loss(A model) with Client:f0000006: 1.50
--- DML_update_loss(A model) with Client:f0000004: 1.52
--------- test avarage ---------
--- All clients' test loss: 1.03
--- All clients' test acc: 62.75%
2023-02-26 08:49:53,657 [MainThread] [INFO ]  Server train time: 269.1953544616699
2023-02-26 08:49:53,657 [MainThread] [INFO ]  
-------- round 21 --------
2023-02-26 08:49:53,658 [MainThread] [INFO ]  --- start training ---
client: f0000001
--- local_update_loss : 1.02
client: f0000002
--- local_update_loss : 0.93
--- DML_update_loss(A model) with Client:f0000007: 1.41
--- DML_update_loss(A model) with Client:f0000006: 1.50
--------- test avarage ---------
--- All clients' test loss: 0.97
--- All clients' test acc: 64.92%
2023-02-26 08:54:24,106 [MainThread] [INFO ]  Server train time: 270.4482612609863
2023-02-26 08:54:24,107 [MainThread] [INFO ]  
-------- round 22 --------
2023-02-26 08:54:24,107 [MainThread] [INFO ]  --- start training ---
client: f0000002
--- local_update_loss : 0.92
client: f0000001
--- local_update_loss : 0.99
--- DML_update_loss(A model) with Client:f0000007: 1.41
--- DML_update_loss(A model) with Client:f0000006: 1.50
--------- test avarage ---------
--- All clients' test loss: 1.00
--- All clients' test acc: 64.33%
2023-02-26 08:58:54,933 [MainThread] [INFO ]  Server train time: 270.82561898231506
2023-02-26 08:58:54,934 [MainThread] [INFO ]  
-------- round 23 --------
2023-02-26 08:58:54,934 [MainThread] [INFO ]  --- start training ---
client: f0000005
--- local_update_loss : 1.12
client: f0000008
--- local_update_loss : 0.97
--- DML_update_loss(A model) with Client:f0000002: 1.43
--- DML_update_loss(A model) with Client:f0000009: 1.52
--------- test avarage ---------
--- All clients' test loss: 0.98
--- All clients' test acc: 63.53%
2023-02-26 09:03:23,540 [MainThread] [INFO ]  Server train time: 268.60600328445435
2023-02-26 09:03:23,541 [MainThread] [INFO ]  
-------- round 24 --------
2023-02-26 09:03:23,541 [MainThread] [INFO ]  --- start training ---
client: f0000009
--- local_update_loss : 1.11
client: f0000004
--- local_update_loss : 1.10
--- DML_update_loss(A model) with Client:f0000006: 1.51
--- DML_update_loss(A model) with Client:f0000008: 1.39
--------- test avarage ---------
--- All clients' test loss: 1.03
--- All clients' test acc: 62.70%
2023-02-26 09:07:53,233 [MainThread] [INFO ]  Server train time: 269.69107246398926
2023-02-26 09:07:53,234 [MainThread] [INFO ]  
-------- round 25 --------
2023-02-26 09:07:53,234 [MainThread] [INFO ]  --- start training ---
client: f0000005
--- local_update_loss : 1.08
client: f0000001
--- local_update_loss : 0.99
--- DML_update_loss(A model) with Client:f0000000: 1.54
--- DML_update_loss(A model) with Client:f0000006: 1.51
--------- test avarage ---------
--- All clients' test loss: 1.02
--- All clients' test acc: 63.08%
2023-02-26 09:12:22,853 [MainThread] [INFO ]  Server train time: 269.6192321777344
2023-02-26 09:12:22,854 [MainThread] [INFO ]  
-------- round 26 --------
2023-02-26 09:12:22,854 [MainThread] [INFO ]  --- start training ---
client: f0000008
--- local_update_loss : 0.94
client: f0000004
--- local_update_loss : 1.07
--- DML_update_loss(A model) with Client:f0000001: 1.51
--- DML_update_loss(A model) with Client:f0000003: 1.38
--------- test avarage ---------
--- All clients' test loss: 0.98
--- All clients' test acc: 63.68%
2023-02-26 09:16:55,378 [MainThread] [INFO ]  Server train time: 272.52316427230835
2023-02-26 09:16:55,379 [MainThread] [INFO ]  
-------- round 27 --------
2023-02-26 09:16:55,379 [MainThread] [INFO ]  --- start training ---
client: f0000004
--- local_update_loss : 1.05
client: f0000002
--- local_update_loss : 0.96
--- DML_update_loss(A model) with Client:f0000007: 1.41
--- DML_update_loss(A model) with Client:f0000001: 1.50
--------- test avarage ---------
--- All clients' test loss: 0.97
--- All clients' test acc: 64.40%
2023-02-26 09:21:25,172 [MainThread] [INFO ]  Server train time: 269.7930750846863
2023-02-26 09:21:25,173 [MainThread] [INFO ]  
-------- round 28 --------
2023-02-26 09:21:25,173 [MainThread] [INFO ]  --- start training ---
client: f0000009
--- local_update_loss : 1.07
client: f0000002
--- local_update_loss : 0.93
--- DML_update_loss(A model) with Client:f0000005: 1.51
--- DML_update_loss(A model) with Client:f0000003: 1.38
--------- test avarage ---------
--- All clients' test loss: 0.96
--- All clients' test acc: 65.10%
2023-02-26 09:25:59,693 [MainThread] [INFO ]  Server train time: 274.5195646286011
2023-02-26 09:25:59,694 [MainThread] [INFO ]  
-------- round 29 --------
2023-02-26 09:25:59,694 [MainThread] [INFO ]  --- start training ---
client: f0000008
--- local_update_loss : 0.90
client: f0000006
--- local_update_loss : 1.08
--- DML_update_loss(A model) with Client:f0000004: 1.52
--- DML_update_loss(A model) with Client:f0000003: 1.38
--------- test avarage ---------
--- All clients' test loss: 0.94
--- All clients' test acc: 65.78%
2023-02-26 09:30:30,864 [MainThread] [INFO ]  Server train time: 271.16982078552246
2023-02-26 09:30:30,874 [MainThread] [INFO ]  Model saved at /home/dengzhiling/.local/lib/python3.10/site-packages/easyfl/main/saved_models/_global_model_r_29.pth
2023-02-26 09:30:30,875 [MainThread] [INFO ]  
-------- round 30 --------
2023-02-26 09:30:30,875 [MainThread] [INFO ]  --- start training ---
client: f0000000
--- local_update_loss : 1.13
client: f0000001
--- local_update_loss : 1.08
--- DML_update_loss(A model) with Client:f0000008: 1.41
--- DML_update_loss(A model) with Client:f0000002: 1.42
--------- test avarage ---------
--- All clients' test loss: 0.98
--- All clients' test acc: 63.62%
2023-02-26 09:34:59,183 [MainThread] [INFO ]  Server train time: 268.30836391448975
2023-02-26 09:34:59,184 [MainThread] [INFO ]  
-------- round 31 --------
2023-02-26 09:34:59,184 [MainThread] [INFO ]  --- start training ---
client: f0000004
--- local_update_loss : 1.10
client: f0000001
--- local_update_loss : 1.05
--- DML_update_loss(A model) with Client:f0000005: 1.52
--- DML_update_loss(A model) with Client:f0000008: 1.40
--------- test avarage ---------
--- All clients' test loss: 0.97
--- All clients' test acc: 63.75%
2023-02-26 09:39:28,924 [MainThread] [INFO ]  Server train time: 269.7392055988312
2023-02-26 09:39:28,925 [MainThread] [INFO ]  
-------- round 32 --------
2023-02-26 09:39:28,925 [MainThread] [INFO ]  --- start training ---
client: f0000009
--- local_update_loss : 1.04
client: f0000001
--- local_update_loss : 1.02
--- DML_update_loss(A model) with Client:f0000003: 1.38
--- DML_update_loss(A model) with Client:f0000006: 1.50
--------- test avarage ---------
--- All clients' test loss: 1.00
--- All clients' test acc: 63.35%
2023-02-26 09:43:59,265 [MainThread] [INFO ]  Server train time: 270.34018301963806
2023-02-26 09:43:59,266 [MainThread] [INFO ]  
-------- round 33 --------
2023-02-26 09:43:59,266 [MainThread] [INFO ]  --- start training ---
client: f0000008
--- local_update_loss : 0.95
client: f0000003
--- local_update_loss : 0.92
--- DML_update_loss(A model) with Client:f0000005: 1.51
--- DML_update_loss(A model) with Client:f0000001: 1.50
--------- test avarage ---------
--- All clients' test loss: 0.92
--- All clients' test acc: 65.12%
2023-02-26 09:48:28,884 [MainThread] [INFO ]  Server train time: 269.61698055267334
2023-02-26 09:48:28,885 [MainThread] [INFO ]  
-------- round 34 --------
2023-02-26 09:48:28,885 [MainThread] [INFO ]  --- start training ---
client: f0000000
--- local_update_loss : 1.09
client: f0000009
--- local_update_loss : 1.03
--- DML_update_loss(A model) with Client:f0000004: 1.52
--- DML_update_loss(A model) with Client:f0000007: 1.41
--------- test avarage ---------
--- All clients' test loss: 1.00
--- All clients' test acc: 63.52%
2023-02-26 09:52:57,994 [MainThread] [INFO ]  Server train time: 269.10859084129333
2023-02-26 09:52:57,995 [MainThread] [INFO ]  
-------- round 35 --------
2023-02-26 09:52:57,995 [MainThread] [INFO ]  --- start training ---
client: f0000006
--- local_update_loss : 1.10
client: f0000002
--- local_update_loss : 0.98
--- DML_update_loss(A model) with Client:f0000003: 1.37
--- DML_update_loss(A model) with Client:f0000000: 1.54
--------- test avarage ---------
--- All clients' test loss: 0.98
--- All clients' test acc: 64.80%
2023-02-26 09:57:27,109 [MainThread] [INFO ]  Server train time: 269.11412262916565
2023-02-26 09:57:27,110 [MainThread] [INFO ]  
-------- round 36 --------
2023-02-26 09:57:27,110 [MainThread] [INFO ]  --- start training ---
client: f0000003
--- local_update_loss : 0.91
client: f0000009
--- local_update_loss : 1.04
--- DML_update_loss(A model) with Client:f0000005: 1.51
--- DML_update_loss(A model) with Client:f0000006: 1.50
--------- test avarage ---------
--- All clients' test loss: 1.00
--- All clients' test acc: 63.05%
2023-02-26 10:02:00,391 [MainThread] [INFO ]  Server train time: 273.28040623664856
2023-02-26 10:02:00,392 [MainThread] [INFO ]  
-------- round 37 --------
2023-02-26 10:02:00,392 [MainThread] [INFO ]  --- start training ---
client: f0000004
--- local_update_loss : 1.10
client: f0000009
--- local_update_loss : 1.01
--- DML_update_loss(A model) with Client:f0000005: 1.52
--- DML_update_loss(A model) with Client:f0000007: 1.40
--------- test avarage ---------
--- All clients' test loss: 1.01
--- All clients' test acc: 62.83%
2023-02-26 10:06:31,222 [MainThread] [INFO ]  Server train time: 270.8297116756439
2023-02-26 10:06:31,223 [MainThread] [INFO ]  
-------- round 38 --------
2023-02-26 10:06:31,223 [MainThread] [INFO ]  --- start training ---
client: f0000008
--- local_update_loss : 0.91
client: f0000000
--- local_update_loss : 1.13
--- DML_update_loss(A model) with Client:f0000009: 1.53
--- DML_update_loss(A model) with Client:f0000003: 1.38
--------- test avarage ---------
--- All clients' test loss: 0.98
--- All clients' test acc: 64.53%
2023-02-26 10:11:01,086 [MainThread] [INFO ]  Server train time: 269.862557888031
2023-02-26 10:11:01,087 [MainThread] [INFO ]  
-------- round 39 --------
2023-02-26 10:11:01,087 [MainThread] [INFO ]  --- start training ---
client: f0000002
--- local_update_loss : 0.92
client: f0000001
--- local_update_loss : 1.08
--- DML_update_loss(A model) with Client:f0000005: 1.51
--- DML_update_loss(A model) with Client:f0000000: 1.54
--------- test avarage ---------
--- All clients' test loss: 0.99
--- All clients' test acc: 63.62%
2023-02-26 10:15:30,572 [MainThread] [INFO ]  Server train time: 269.4852705001831
2023-02-26 10:15:30,582 [MainThread] [INFO ]  Model saved at /home/dengzhiling/.local/lib/python3.10/site-packages/easyfl/main/saved_models/_global_model_r_39.pth
2023-02-26 10:15:30,582 [MainThread] [INFO ]  
-------- round 40 --------
2023-02-26 10:15:30,582 [MainThread] [INFO ]  --- start training ---
client: f0000004
--- local_update_loss : 1.07
client: f0000003
--- local_update_loss : 0.91
--- DML_update_loss(A model) with Client:f0000001: 1.50
--- DML_update_loss(A model) with Client:f0000008: 1.39
--------- test avarage ---------
--- All clients' test loss: 0.98
--- All clients' test acc: 64.45%
2023-02-26 10:20:04,413 [MainThread] [INFO ]  Server train time: 273.8308119773865
2023-02-26 10:20:04,414 [MainThread] [INFO ]  
-------- round 41 --------
2023-02-26 10:20:04,414 [MainThread] [INFO ]  --- start training ---
client: f0000005
--- local_update_loss : 1.11
client: f0000006
--- local_update_loss : 1.09
--- DML_update_loss(A model) with Client:f0000002: 1.43
--- DML_update_loss(A model) with Client:f0000007: 1.40
--------- test avarage ---------
--- All clients' test loss: 0.99
--- All clients' test acc: 65.33%
2023-02-26 10:24:37,204 [MainThread] [INFO ]  Server train time: 272.789347410202
2023-02-26 10:24:37,205 [MainThread] [INFO ]  
-------- round 42 --------
2023-02-26 10:24:37,205 [MainThread] [INFO ]  --- start training ---
client: f0000008
--- local_update_loss : 0.93
client: f0000001
--- local_update_loss : 1.08
--- DML_update_loss(A model) with Client:f0000004: 1.52
--- DML_update_loss(A model) with Client:f0000002: 1.42
--------- test avarage ---------
--- All clients' test loss: 0.97
--- All clients' test acc: 63.82%
2023-02-26 10:29:09,154 [MainThread] [INFO ]  Server train time: 271.9489543437958
2023-02-26 10:29:09,155 [MainThread] [INFO ]  
-------- round 43 --------
2023-02-26 10:29:09,155 [MainThread] [INFO ]  --- start training ---
client: f0000003
--- local_update_loss : 0.88
client: f0000009
--- local_update_loss : 1.09
--- DML_update_loss(A model) with Client:f0000004: 1.52
--- DML_update_loss(A model) with Client:f0000005: 1.52
--------- test avarage ---------
--- All clients' test loss: 0.99
--- All clients' test acc: 64.60%
2023-02-26 10:33:42,829 [MainThread] [INFO ]  Server train time: 273.67390871047974
2023-02-26 10:33:42,830 [MainThread] [INFO ]  
-------- round 44 --------
2023-02-26 10:33:42,830 [MainThread] [INFO ]  --- start training ---
client: f0000002
--- local_update_loss : 0.98
client: f0000007
--- local_update_loss : 0.94
--- DML_update_loss(A model) with Client:f0000009: 1.51
--- DML_update_loss(A model) with Client:f0000001: 1.50
--------- test avarage ---------
--- All clients' test loss: 0.99
--- All clients' test acc: 63.17%
2023-02-26 10:38:13,699 [MainThread] [INFO ]  Server train time: 270.86782026290894
2023-02-26 10:38:13,699 [MainThread] [INFO ]  
-------- round 45 --------
2023-02-26 10:38:13,699 [MainThread] [INFO ]  --- start training ---
client: f0000002
--- local_update_loss : 0.94
client: f0000004
--- local_update_loss : 1.10
--- DML_update_loss(A model) with Client:f0000007: 1.41
--- DML_update_loss(A model) with Client:f0000001: 1.50
--------- test avarage ---------
--- All clients' test loss: 0.99
--- All clients' test acc: 64.20%
2023-02-26 10:42:46,248 [MainThread] [INFO ]  Server train time: 272.548282623291
2023-02-26 10:42:46,249 [MainThread] [INFO ]  
-------- round 46 --------
2023-02-26 10:42:46,249 [MainThread] [INFO ]  --- start training ---
client: f0000007
--- local_update_loss : 0.95
client: f0000000
--- local_update_loss : 1.12
--- DML_update_loss(A model) with Client:f0000001: 1.50
--- DML_update_loss(A model) with Client:f0000005: 1.51
--------- test avarage ---------
--- All clients' test loss: 1.03
--- All clients' test acc: 62.40%
2023-02-26 10:47:20,573 [MainThread] [INFO ]  Server train time: 274.32388973236084
2023-02-26 10:47:20,574 [MainThread] [INFO ]  
-------- round 47 --------
2023-02-26 10:47:20,574 [MainThread] [INFO ]  --- start training ---
client: f0000002
--- local_update_loss : 0.91
client: f0000001
--- local_update_loss : 1.09
--- DML_update_loss(A model) with Client:f0000008: 1.40
--- DML_update_loss(A model) with Client:f0000006: 1.50
--------- test avarage ---------
--- All clients' test loss: 0.96
--- All clients' test acc: 64.85%
2023-02-26 10:51:50,098 [MainThread] [INFO ]  Server train time: 269.5236382484436
2023-02-26 10:51:50,099 [MainThread] [INFO ]  
-------- round 48 --------
2023-02-26 10:51:50,099 [MainThread] [INFO ]  --- start training ---
client: f0000007
--- local_update_loss : 0.92
client: f0000005
--- local_update_loss : 1.11
--- DML_update_loss(A model) with Client:f0000004: 1.52
--- DML_update_loss(A model) with Client:f0000009: 1.51
--------- test avarage ---------
--- All clients' test loss: 1.00
--- All clients' test acc: 64.67%
2023-02-26 10:56:19,401 [MainThread] [INFO ]  Server train time: 269.3011164665222
2023-02-26 10:56:19,401 [MainThread] [INFO ]  
-------- round 49 --------
2023-02-26 10:56:19,402 [MainThread] [INFO ]  --- start training ---
client: f0000009
--- local_update_loss : 1.10
client: f0000000
--- local_update_loss : 1.09
--- DML_update_loss(A model) with Client:f0000006: 1.50
--- DML_update_loss(A model) with Client:f0000001: 1.50
--------- test avarage ---------
--- All clients' test loss: 1.04
--- All clients' test acc: 62.02%
2023-02-26 11:00:47,229 [MainThread] [INFO ]  Server train time: 267.8274974822998
2023-02-26 11:00:47,239 [MainThread] [INFO ]  Model saved at /home/dengzhiling/.local/lib/python3.10/site-packages/easyfl/main/saved_models/_global_model_r_49.pth
2023-02-26 11:00:47,239 [MainThread] [INFO ]  
-------- round 50 --------
2023-02-26 11:00:47,239 [MainThread] [INFO ]  --- start training ---
client: f0000007
--- local_update_loss : 0.89
client: f0000008
--- local_update_loss : 0.92
--- DML_update_loss(A model) with Client:f0000005: 1.51
--- DML_update_loss(A model) with Client:f0000002: 1.44
--------- test avarage ---------
--- All clients' test loss: 0.93
--- All clients' test acc: 66.17%
2023-02-26 11:05:15,598 [MainThread] [INFO ]  Server train time: 268.3581886291504
2023-02-26 11:05:15,599 [MainThread] [INFO ]  
-------- round 51 --------
2023-02-26 11:05:15,599 [MainThread] [INFO ]  --- start training ---
client: f0000003
--- local_update_loss : 0.87
client: f0000004
--- local_update_loss : 1.10
--- DML_update_loss(A model) with Client:f0000006: 1.50
--- DML_update_loss(A model) with Client:f0000000: 1.53
--------- test avarage ---------
--- All clients' test loss: 0.97
--- All clients' test acc: 64.17%
2023-02-26 11:09:45,512 [MainThread] [INFO ]  Server train time: 269.91277861595154
2023-02-26 11:09:45,513 [MainThread] [INFO ]  
-------- round 52 --------
2023-02-26 11:09:45,513 [MainThread] [INFO ]  --- start training ---
client: f0000009
--- local_update_loss : 1.07
client: f0000001
--- local_update_loss : 1.07
--- DML_update_loss(A model) with Client:f0000002: 1.42
--- DML_update_loss(A model) with Client:f0000008: 1.41
--------- test avarage ---------
--- All clients' test loss: 0.96
--- All clients' test acc: 64.72%
2023-02-26 11:14:17,628 [MainThread] [INFO ]  Server train time: 272.1142201423645
2023-02-26 11:14:17,629 [MainThread] [INFO ]  
-------- round 53 --------
2023-02-26 11:14:17,629 [MainThread] [INFO ]  --- start training ---
client: f0000001
--- local_update_loss : 1.04
client: f0000002
--- local_update_loss : 0.97
--- DML_update_loss(A model) with Client:f0000007: 1.41
--- DML_update_loss(A model) with Client:f0000008: 1.41
--------- test avarage ---------
--- All clients' test loss: 0.94
--- All clients' test acc: 66.55%
2023-02-26 11:18:46,085 [MainThread] [INFO ]  Server train time: 268.45556116104126
2023-02-26 11:18:46,085 [MainThread] [INFO ]  
-------- round 54 --------
2023-02-26 11:18:46,085 [MainThread] [INFO ]  --- start training ---
client: f0000004
--- local_update_loss : 1.08
client: f0000008
--- local_update_loss : 0.94
--- DML_update_loss(A model) with Client:f0000000: 1.53
--- DML_update_loss(A model) with Client:f0000007: 1.40
--------- test avarage ---------
--- All clients' test loss: 0.95
--- All clients' test acc: 64.72%
2023-02-26 11:23:15,708 [MainThread] [INFO ]  Server train time: 269.62240982055664
2023-02-26 11:23:15,709 [MainThread] [INFO ]  
-------- round 55 --------
2023-02-26 11:23:15,709 [MainThread] [INFO ]  --- start training ---
client: f0000004
--- local_update_loss : 1.05
client: f0000000
--- local_update_loss : 1.12
--- DML_update_loss(A model) with Client:f0000003: 1.39
--- DML_update_loss(A model) with Client:f0000002: 1.43
--------- test avarage ---------
--- All clients' test loss: 1.03
--- All clients' test acc: 63.75%
2023-02-26 11:27:46,623 [MainThread] [INFO ]  Server train time: 270.9136528968811
2023-02-26 11:27:46,624 [MainThread] [INFO ]  
-------- round 56 --------
2023-02-26 11:27:46,624 [MainThread] [INFO ]  --- start training ---
client: f0000006
--- local_update_loss : 1.09
client: f0000001
--- local_update_loss : 1.03
--- DML_update_loss(A model) with Client:f0000003: 1.38
--- DML_update_loss(A model) with Client:f0000008: 1.41
--------- test avarage ---------
--- All clients' test loss: 0.96
--- All clients' test acc: 64.65%
2023-02-26 11:32:19,706 [MainThread] [INFO ]  Server train time: 273.08103108406067
2023-02-26 11:32:19,708 [MainThread] [INFO ]  
-------- round 57 --------
2023-02-26 11:32:19,708 [MainThread] [INFO ]  --- start training ---
client: f0000003
--- local_update_loss : 0.92
client: f0000008
--- local_update_loss : 0.95
--- DML_update_loss(A model) with Client:f0000000: 1.54
--- DML_update_loss(A model) with Client:f0000004: 1.52
--------- test avarage ---------
--- All clients' test loss: 0.96
--- All clients' test acc: 64.65%
2023-02-26 11:36:49,999 [MainThread] [INFO ]  Server train time: 270.2909355163574
2023-02-26 11:36:50,000 [MainThread] [INFO ]  
-------- round 58 --------
2023-02-26 11:36:50,000 [MainThread] [INFO ]  --- start training ---
client: f0000004
--- local_update_loss : 1.10
client: f0000002
--- local_update_loss : 0.96
--- DML_update_loss(A model) with Client:f0000005: 1.52
--- DML_update_loss(A model) with Client:f0000007: 1.40
--------- test avarage ---------
--- All clients' test loss: 0.96
--- All clients' test acc: 65.55%
2023-02-26 11:41:21,822 [MainThread] [INFO ]  Server train time: 271.82107305526733
2023-02-26 11:41:21,822 [MainThread] [INFO ]  
-------- round 59 --------
2023-02-26 11:41:21,822 [MainThread] [INFO ]  --- start training ---
client: f0000002
--- local_update_loss : 0.93
client: f0000006
--- local_update_loss : 1.06
--- DML_update_loss(A model) with Client:f0000000: 1.53
--- DML_update_loss(A model) with Client:f0000007: 1.41
--------- test avarage ---------
--- All clients' test loss: 1.00
--- All clients' test acc: 64.88%
2023-02-26 11:45:52,462 [MainThread] [INFO ]  Server train time: 270.63903188705444
2023-02-26 11:45:52,472 [MainThread] [INFO ]  Model saved at /home/dengzhiling/.local/lib/python3.10/site-packages/easyfl/main/saved_models/_global_model_r_59.pth
2023-02-26 11:45:52,472 [MainThread] [INFO ]  
-------- round 60 --------
2023-02-26 11:45:52,472 [MainThread] [INFO ]  --- start training ---
client: f0000005
--- local_update_loss : 1.11
client: f0000008
--- local_update_loss : 0.91
--- DML_update_loss(A model) with Client:f0000006: 1.50
--- DML_update_loss(A model) with Client:f0000004: 1.52
--------- test avarage ---------
--- All clients' test loss: 0.99
--- All clients' test acc: 63.85%
2023-02-26 11:50:23,896 [MainThread] [INFO ]  Server train time: 271.4235556125641
2023-02-26 11:50:23,897 [MainThread] [INFO ]  
-------- round 61 --------
2023-02-26 11:50:23,897 [MainThread] [INFO ]  --- start training ---
client: f0000006
--- local_update_loss : 1.09
client: f0000004
--- local_update_loss : 1.10
--- DML_update_loss(A model) with Client:f0000002: 1.43
--- DML_update_loss(A model) with Client:f0000005: 1.51
--------- test avarage ---------
--- All clients' test loss: 0.99
--- All clients' test acc: 64.53%
2023-02-26 11:54:53,727 [MainThread] [INFO ]  Server train time: 269.8301331996918
2023-02-26 11:54:53,728 [MainThread] [INFO ]  
-------- round 62 --------
2023-02-26 11:54:53,728 [MainThread] [INFO ]  --- start training ---
client: f0000000
--- local_update_loss : 1.13
client: f0000004
--- local_update_loss : 1.07
--- DML_update_loss(A model) with Client:f0000002: 1.42
--- DML_update_loss(A model) with Client:f0000008: 1.40
--------- test avarage ---------
--- All clients' test loss: 0.98
--- All clients' test acc: 64.68%
2023-02-26 11:59:23,206 [MainThread] [INFO ]  Server train time: 269.4769687652588
2023-02-26 11:59:23,206 [MainThread] [INFO ]  
-------- round 63 --------
2023-02-26 11:59:23,206 [MainThread] [INFO ]  --- start training ---
client: f0000005
--- local_update_loss : 1.11
client: f0000009
--- local_update_loss : 1.05
--- DML_update_loss(A model) with Client:f0000003: 1.38
--- DML_update_loss(A model) with Client:f0000008: 1.40
--------- test avarage ---------
--- All clients' test loss: 0.95
--- All clients' test acc: 64.92%
2023-02-26 12:03:55,856 [MainThread] [INFO ]  Server train time: 272.6491107940674
2023-02-26 12:03:55,857 [MainThread] [INFO ]  
-------- round 64 --------
2023-02-26 12:03:55,857 [MainThread] [INFO ]  --- start training ---
client: f0000002
--- local_update_loss : 0.96
client: f0000000
--- local_update_loss : 1.09
--- DML_update_loss(A model) with Client:f0000004: 1.51
--- DML_update_loss(A model) with Client:f0000005: 1.52
--------- test avarage ---------
--- All clients' test loss: 0.99
--- All clients' test acc: 64.58%
2023-02-26 12:08:26,965 [MainThread] [INFO ]  Server train time: 271.10783886909485
2023-02-26 12:08:26,966 [MainThread] [INFO ]  
-------- round 65 --------
2023-02-26 12:08:26,966 [MainThread] [INFO ]  --- start training ---
client: f0000003
--- local_update_loss : 0.91
client: f0000002
--- local_update_loss : 0.93
--- DML_update_loss(A model) with Client:f0000004: 1.52
--- DML_update_loss(A model) with Client:f0000007: 1.41
--------- test avarage ---------
--- All clients' test loss: 0.96
--- All clients' test acc: 66.67%
2023-02-26 12:12:59,822 [MainThread] [INFO ]  Server train time: 272.85609889030457
2023-02-26 12:12:59,823 [MainThread] [INFO ]  
-------- round 66 --------
2023-02-26 12:12:59,823 [MainThread] [INFO ]  --- start training ---
client: f0000000
--- local_update_loss : 1.08
client: f0000008
--- local_update_loss : 0.94
--- DML_update_loss(A model) with Client:f0000003: 1.38
--- DML_update_loss(A model) with Client:f0000002: 1.43
--------- test avarage ---------
--- All clients' test loss: 0.94
--- All clients' test acc: 66.62%
2023-02-26 12:17:29,604 [MainThread] [INFO ]  Server train time: 269.78071880340576
2023-02-26 12:17:29,605 [MainThread] [INFO ]  
-------- round 67 --------
2023-02-26 12:17:29,605 [MainThread] [INFO ]  --- start training ---
client: f0000000
--- local_update_loss : 1.07
client: f0000004
--- local_update_loss : 1.10
--- DML_update_loss(A model) with Client:f0000005: 1.51
--- DML_update_loss(A model) with Client:f0000003: 1.38
--------- test avarage ---------
--- All clients' test loss: 1.05
--- All clients' test acc: 62.45%
2023-02-26 12:22:00,956 [MainThread] [INFO ]  Server train time: 271.3498845100403
2023-02-26 12:22:00,956 [MainThread] [INFO ]  
-------- round 68 --------
2023-02-26 12:22:00,957 [MainThread] [INFO ]  --- start training ---
client: f0000006
--- local_update_loss : 1.04
client: f0000001
--- local_update_loss : 1.01
--- DML_update_loss(A model) with Client:f0000002: 1.42
--- DML_update_loss(A model) with Client:f0000005: 1.51
--------- test avarage ---------
--- All clients' test loss: 0.99
--- All clients' test acc: 63.48%
2023-02-26 12:26:29,317 [MainThread] [INFO ]  Server train time: 268.3599123954773
2023-02-26 12:26:29,318 [MainThread] [INFO ]  
-------- round 69 --------
2023-02-26 12:26:29,318 [MainThread] [INFO ]  --- start training ---
client: f0000003
--- local_update_loss : 0.93
client: f0000008
--- local_update_loss : 0.89
--- DML_update_loss(A model) with Client:f0000007: 1.41
--- DML_update_loss(A model) with Client:f0000009: 1.52
--------- test avarage ---------
--- All clients' test loss: 0.94
--- All clients' test acc: 67.07%
2023-02-26 12:31:01,228 [MainThread] [INFO ]  Server train time: 271.9095196723938
2023-02-26 12:31:01,237 [MainThread] [INFO ]  Model saved at /home/dengzhiling/.local/lib/python3.10/site-packages/easyfl/main/saved_models/_global_model_r_69.pth
2023-02-26 12:31:01,237 [MainThread] [INFO ]  
-------- round 70 --------
2023-02-26 12:31:01,237 [MainThread] [INFO ]  --- start training ---
client: f0000005
--- local_update_loss : 1.11
client: f0000008
--- local_update_loss : 0.88
--- DML_update_loss(A model) with Client:f0000007: 1.40
--- DML_update_loss(A model) with Client:f0000000: 1.54
--------- test avarage ---------
--- All clients' test loss: 0.95
--- All clients' test acc: 65.67%
2023-02-26 12:35:32,365 [MainThread] [INFO ]  Server train time: 271.1273601055145
2023-02-26 12:35:32,366 [MainThread] [INFO ]  
-------- round 71 --------
2023-02-26 12:35:32,366 [MainThread] [INFO ]  --- start training ---
client: f0000004
--- local_update_loss : 1.06
client: f0000005
--- local_update_loss : 1.07
--- DML_update_loss(A model) with Client:f0000000: 1.54
--- DML_update_loss(A model) with Client:f0000001: 1.50
--------- test avarage ---------
--- All clients' test loss: 1.04
--- All clients' test acc: 61.75%
2023-02-26 12:40:01,306 [MainThread] [INFO ]  Server train time: 268.93981552124023
2023-02-26 12:40:01,307 [MainThread] [INFO ]  
-------- round 72 --------
2023-02-26 12:40:01,307 [MainThread] [INFO ]  --- start training ---
client: f0000000
--- local_update_loss : 1.12
client: f0000004
--- local_update_loss : 1.05
--- DML_update_loss(A model) with Client:f0000002: 1.42
--- DML_update_loss(A model) with Client:f0000005: 1.52
--------- test avarage ---------
--- All clients' test loss: 1.02
--- All clients' test acc: 62.07%
2023-02-26 12:44:31,277 [MainThread] [INFO ]  Server train time: 269.9691047668457
2023-02-26 12:44:31,277 [MainThread] [INFO ]  
-------- round 73 --------
2023-02-26 12:44:31,278 [MainThread] [INFO ]  --- start training ---
client: f0000007
--- local_update_loss : 0.95
client: f0000004
--- local_update_loss : 1.03
--- DML_update_loss(A model) with Client:f0000008: 1.41
--- DML_update_loss(A model) with Client:f0000003: 1.38
--------- test avarage ---------
--- All clients' test loss: 0.95
--- All clients' test acc: 65.48%
2023-02-26 12:48:59,434 [MainThread] [INFO ]  Server train time: 268.15603518486023
2023-02-26 12:48:59,435 [MainThread] [INFO ]  
-------- round 74 --------
2023-02-26 12:48:59,435 [MainThread] [INFO ]  --- start training ---
client: f0000000
--- local_update_loss : 1.10
client: f0000005
--- local_update_loss : 1.11
--- DML_update_loss(A model) with Client:f0000006: 1.50
--- DML_update_loss(A model) with Client:f0000002: 1.42
--------- test avarage ---------
--- All clients' test loss: 1.05
--- All clients' test acc: 62.12%
2023-02-26 12:53:30,056 [MainThread] [INFO ]  Server train time: 270.6209783554077
2023-02-26 12:53:30,057 [MainThread] [INFO ]  
-------- round 75 --------
2023-02-26 12:53:30,057 [MainThread] [INFO ]  --- start training ---
client: f0000006
--- local_update_loss : 1.09
client: f0000004
--- local_update_loss : 1.03
--- DML_update_loss(A model) with Client:f0000002: 1.42
--- DML_update_loss(A model) with Client:f0000009: 1.52
--------- test avarage ---------
--- All clients' test loss: 1.06
--- All clients' test acc: 61.60%
2023-02-26 12:57:59,390 [MainThread] [INFO ]  Server train time: 269.3324468135834
2023-02-26 12:57:59,391 [MainThread] [INFO ]  
-------- round 76 --------
2023-02-26 12:57:59,391 [MainThread] [INFO ]  --- start training ---
client: f0000006
--- local_update_loss : 1.06
client: f0000003
--- local_update_loss : 0.93
--- DML_update_loss(A model) with Client:f0000005: 1.52
--- DML_update_loss(A model) with Client:f0000004: 1.52
--------- test avarage ---------
--- All clients' test loss: 0.99
--- All clients' test acc: 63.70%
2023-02-26 13:02:29,339 [MainThread] [INFO ]  Server train time: 269.94771814346313
2023-02-26 13:02:29,340 [MainThread] [INFO ]  
-------- round 77 --------
2023-02-26 13:02:29,340 [MainThread] [INFO ]  --- start training ---
client: f0000002
--- local_update_loss : 0.96
client: f0000001
--- local_update_loss : 1.09
--- DML_update_loss(A model) with Client:f0000005: 1.51
--- DML_update_loss(A model) with Client:f0000006: 1.50
--------- test avarage ---------
--- All clients' test loss: 0.99
--- All clients' test acc: 63.83%
2023-02-26 13:06:59,380 [MainThread] [INFO ]  Server train time: 270.03994631767273
2023-02-26 13:06:59,381 [MainThread] [INFO ]  
-------- round 78 --------
2023-02-26 13:06:59,381 [MainThread] [INFO ]  --- start training ---
client: f0000003
--- local_update_loss : 0.88
client: f0000002
--- local_update_loss : 0.93
--- DML_update_loss(A model) with Client:f0000005: 1.51
--- DML_update_loss(A model) with Client:f0000000: 1.54
--------- test avarage ---------
--- All clients' test loss: 1.00
--- All clients' test acc: 65.00%
2023-02-26 13:11:29,343 [MainThread] [INFO ]  Server train time: 269.9614751338959
2023-02-26 13:11:29,344 [MainThread] [INFO ]  
-------- round 79 --------
2023-02-26 13:11:29,344 [MainThread] [INFO ]  --- start training ---
client: f0000009
--- local_update_loss : 1.09
client: f0000005
--- local_update_loss : 1.12
--- DML_update_loss(A model) with Client:f0000004: 1.52
--- DML_update_loss(A model) with Client:f0000002: 1.42
--------- test avarage ---------
--- All clients' test loss: 1.03
--- All clients' test acc: 63.03%
2023-02-26 13:15:58,437 [MainThread] [INFO ]  Server train time: 269.09214663505554
2023-02-26 13:15:58,445 [MainThread] [INFO ]  Model saved at /home/dengzhiling/.local/lib/python3.10/site-packages/easyfl/main/saved_models/_global_model_r_79.pth
2023-02-26 13:15:58,445 [MainThread] [INFO ]  
-------- round 80 --------
2023-02-26 13:15:58,445 [MainThread] [INFO ]  --- start training ---
client: f0000000
--- local_update_loss : 1.12
client: f0000009
--- local_update_loss : 1.06
--- DML_update_loss(A model) with Client:f0000007: 1.40
--- DML_update_loss(A model) with Client:f0000003: 1.38
--------- test avarage ---------
--- All clients' test loss: 1.02
--- All clients' test acc: 63.52%
2023-02-26 13:20:29,431 [MainThread] [INFO ]  Server train time: 270.98545002937317
2023-02-26 13:20:29,432 [MainThread] [INFO ]  
-------- round 81 --------
2023-02-26 13:20:29,432 [MainThread] [INFO ]  --- start training ---
client: f0000007
--- local_update_loss : 0.93
client: f0000002
--- local_update_loss : 0.97
--- DML_update_loss(A model) with Client:f0000006: 1.50
--- DML_update_loss(A model) with Client:f0000001: 1.50
--------- test avarage ---------
--- All clients' test loss: 0.99
--- All clients' test acc: 63.73%
2023-02-26 13:25:02,408 [MainThread] [INFO ]  Server train time: 272.9756238460541
2023-02-26 13:25:02,409 [MainThread] [INFO ]  
-------- round 82 --------
2023-02-26 13:25:02,409 [MainThread] [INFO ]  --- start training ---
client: f0000001
--- local_update_loss : 1.08
client: f0000006
--- local_update_loss : 1.08
--- DML_update_loss(A model) with Client:f0000008: 1.40
--- DML_update_loss(A model) with Client:f0000003: 1.38
--------- test avarage ---------
--- All clients' test loss: 0.97
--- All clients' test acc: 64.38%
2023-02-26 13:29:35,820 [MainThread] [INFO ]  Server train time: 273.41082310676575
2023-02-26 13:29:35,821 [MainThread] [INFO ]  
-------- round 83 --------
2023-02-26 13:29:35,821 [MainThread] [INFO ]  --- start training ---
client: f0000009
--- local_update_loss : 1.04
client: f0000001
--- local_update_loss : 1.05
--- DML_update_loss(A model) with Client:f0000003: 1.38
--- DML_update_loss(A model) with Client:f0000000: 1.54
--------- test avarage ---------
--- All clients' test loss: 1.01
--- All clients' test acc: 62.65%
2023-02-26 13:34:05,923 [MainThread] [INFO ]  Server train time: 270.10096406936646
2023-02-26 13:34:05,923 [MainThread] [INFO ]  
-------- round 84 --------
2023-02-26 13:34:05,924 [MainThread] [INFO ]  --- start training ---
client: f0000003
--- local_update_loss : 0.92
client: f0000006
--- local_update_loss : 1.06
--- DML_update_loss(A model) with Client:f0000008: 1.39
--- DML_update_loss(A model) with Client:f0000000: 1.53
--------- test avarage ---------
--- All clients' test loss: 0.96
--- All clients' test acc: 64.58%
2023-02-26 13:38:35,912 [MainThread] [INFO ]  Server train time: 269.9876391887665
2023-02-26 13:38:35,912 [MainThread] [INFO ]  
-------- round 85 --------
2023-02-26 13:38:35,912 [MainThread] [INFO ]  --- start training ---
client: f0000009
--- local_update_loss : 1.03
client: f0000006
--- local_update_loss : 1.04
--- DML_update_loss(A model) with Client:f0000003: 1.38
--- DML_update_loss(A model) with Client:f0000005: 1.52
--------- test avarage ---------
--- All clients' test loss: 0.98
--- All clients' test acc: 63.97%
2023-02-26 13:43:12,701 [MainThread] [INFO ]  Server train time: 276.7886166572571
2023-02-26 13:43:12,702 [MainThread] [INFO ]  
-------- round 86 --------
2023-02-26 13:43:12,702 [MainThread] [INFO ]  --- start training ---
client: f0000002
--- local_update_loss : 0.93
client: f0000006
--- local_update_loss : 1.01
--- DML_update_loss(A model) with Client:f0000008: 1.40
--- DML_update_loss(A model) with Client:f0000007: 1.41
--------- test avarage ---------
--- All clients' test loss: 0.94
--- All clients' test acc: 66.28%
2023-02-26 13:47:44,054 [MainThread] [INFO ]  Server train time: 271.3511571884155
2023-02-26 13:47:44,055 [MainThread] [INFO ]  
-------- round 87 --------
2023-02-26 13:47:44,055 [MainThread] [INFO ]  --- start training ---
client: f0000002
--- local_update_loss : 0.91
client: f0000004
--- local_update_loss : 1.10
--- DML_update_loss(A model) with Client:f0000003: 1.38
--- DML_update_loss(A model) with Client:f0000005: 1.51
--------- test avarage ---------
--- All clients' test loss: 1.00
--- All clients' test acc: 63.60%
2023-02-26 13:52:16,045 [MainThread] [INFO ]  Server train time: 271.9894349575043
2023-02-26 13:52:16,046 [MainThread] [INFO ]  
-------- round 88 --------
2023-02-26 13:52:16,046 [MainThread] [INFO ]  --- start training ---
client: f0000009
--- local_update_loss : 1.03
client: f0000003
--- local_update_loss : 0.92
--- DML_update_loss(A model) with Client:f0000000: 1.53
--- DML_update_loss(A model) with Client:f0000005: 1.51
--------- test avarage ---------
--- All clients' test loss: 1.00
--- All clients' test acc: 63.27%
2023-02-26 13:56:53,417 [MainThread] [INFO ]  Server train time: 277.37119722366333
2023-02-26 13:56:53,418 [MainThread] [INFO ]  
-------- round 89 --------
2023-02-26 13:56:53,418 [MainThread] [INFO ]  --- start training ---
client: f0000001
--- local_update_loss : 1.03
client: f0000007
--- local_update_loss : 0.94
--- DML_update_loss(A model) with Client:f0000006: 1.51
--- DML_update_loss(A model) with Client:f0000009: 1.52
--------- test avarage ---------
--- All clients' test loss: 1.03
--- All clients' test acc: 61.92%
2023-02-26 14:01:27,900 [MainThread] [INFO ]  Server train time: 274.481564283371
2023-02-26 14:01:27,910 [MainThread] [INFO ]  Model saved at /home/dengzhiling/.local/lib/python3.10/site-packages/easyfl/main/saved_models/_global_model_r_89.pth
2023-02-26 14:01:27,910 [MainThread] [INFO ]  
-------- round 90 --------
2023-02-26 14:01:27,910 [MainThread] [INFO ]  --- start training ---
client: f0000008
--- local_update_loss : 0.94
client: f0000001
--- local_update_loss : 1.01
--- DML_update_loss(A model) with Client:f0000009: 1.51
--- DML_update_loss(A model) with Client:f0000003: 1.38
--------- test avarage ---------
--- All clients' test loss: 1.00
--- All clients' test acc: 63.88%
2023-02-26 14:05:58,999 [MainThread] [INFO ]  Server train time: 271.08911752700806
2023-02-26 14:05:59,000 [MainThread] [INFO ]  
-------- round 91 --------
2023-02-26 14:05:59,000 [MainThread] [INFO ]  --- start training ---
client: f0000003
--- local_update_loss : 0.91
client: f0000000
--- local_update_loss : 1.12
--- DML_update_loss(A model) with Client:f0000007: 1.40
--- DML_update_loss(A model) with Client:f0000006: 1.50
--------- test avarage ---------
--- All clients' test loss: 1.02
--- All clients' test acc: 62.30%
2023-02-26 14:10:32,460 [MainThread] [INFO ]  Server train time: 273.45903754234314
2023-02-26 14:10:32,461 [MainThread] [INFO ]  
-------- round 92 --------
2023-02-26 14:10:32,461 [MainThread] [INFO ]  --- start training ---
client: f0000007
--- local_update_loss : 0.93
client: f0000000
--- local_update_loss : 1.10
--- DML_update_loss(A model) with Client:f0000009: 1.52
--- DML_update_loss(A model) with Client:f0000003: 1.38
--------- test avarage ---------
--- All clients' test loss: 0.98
--- All clients' test acc: 65.03%
2023-02-26 14:15:05,128 [MainThread] [INFO ]  Server train time: 272.6664912700653
2023-02-26 14:15:05,128 [MainThread] [INFO ]  
-------- round 93 --------
2023-02-26 14:15:05,129 [MainThread] [INFO ]  --- start training ---
client: f0000002
--- local_update_loss : 0.89
client: f0000008
--- local_update_loss : 0.91
--- DML_update_loss(A model) with Client:f0000009: 1.51
--- DML_update_loss(A model) with Client:f0000005: 1.51
--------- test avarage ---------
--- All clients' test loss: 0.94
--- All clients' test acc: 66.25%
2023-02-26 14:19:33,850 [MainThread] [INFO ]  Server train time: 268.72144985198975
2023-02-26 14:19:33,851 [MainThread] [INFO ]  
-------- round 94 --------
2023-02-26 14:19:33,851 [MainThread] [INFO ]  --- start training ---
client: f0000004
--- local_update_loss : 1.07
client: f0000006
--- local_update_loss : 1.10
--- DML_update_loss(A model) with Client:f0000007: 1.41
--- DML_update_loss(A model) with Client:f0000000: 1.54
--------- test avarage ---------
--- All clients' test loss: 1.05
--- All clients' test acc: 62.63%
2023-02-26 14:24:10,049 [MainThread] [INFO ]  Server train time: 276.1972064971924
2023-02-26 14:24:10,050 [MainThread] [INFO ]  
-------- round 95 --------
2023-02-26 14:24:10,050 [MainThread] [INFO ]  --- start training ---
client: f0000008
--- local_update_loss : 0.88
client: f0000001
--- local_update_loss : 1.00
--- DML_update_loss(A model) with Client:f0000009: 1.52
--- DML_update_loss(A model) with Client:f0000007: 1.41
--------- test avarage ---------
--- All clients' test loss: 0.98
--- All clients' test acc: 64.58%
2023-02-26 14:28:46,148 [MainThread] [INFO ]  Server train time: 276.0976793766022
2023-02-26 14:28:46,149 [MainThread] [INFO ]  
-------- round 96 --------
2023-02-26 14:28:46,149 [MainThread] [INFO ]  --- start training ---
client: f0000000
--- local_update_loss : 1.12
client: f0000008
--- local_update_loss : 0.86
--- DML_update_loss(A model) with Client:f0000003: 1.38
--- DML_update_loss(A model) with Client:f0000001: 1.50
--------- test avarage ---------
--- All clients' test loss: 0.99
--- All clients' test acc: 63.12%
2023-02-26 14:33:18,340 [MainThread] [INFO ]  Server train time: 272.19125962257385
2023-02-26 14:33:18,341 [MainThread] [INFO ]  
-------- round 97 --------
2023-02-26 14:33:18,341 [MainThread] [INFO ]  --- start training ---
client: f0000007
--- local_update_loss : 0.94
client: f0000001
--- local_update_loss : 1.08
--- DML_update_loss(A model) with Client:f0000005: 1.51
--- DML_update_loss(A model) with Client:f0000002: 1.43
--------- test avarage ---------
--- All clients' test loss: 0.95
--- All clients' test acc: 65.40%
2023-02-26 14:37:53,740 [MainThread] [INFO ]  Server train time: 275.3984923362732
2023-02-26 14:37:53,741 [MainThread] [INFO ]  
-------- round 98 --------
2023-02-26 14:37:53,741 [MainThread] [INFO ]  --- start training ---
client: f0000000
--- local_update_loss : 1.09
client: f0000005
--- local_update_loss : 1.11
--- DML_update_loss(A model) with Client:f0000004: 1.53
--- DML_update_loss(A model) with Client:f0000001: 1.51
--------- test avarage ---------
--- All clients' test loss: 1.04
--- All clients' test acc: 61.05%
2023-02-26 14:42:24,745 [MainThread] [INFO ]  Server train time: 271.0037884712219
2023-02-26 14:42:24,746 [MainThread] [INFO ]  
-------- round 99 --------
2023-02-26 14:42:24,746 [MainThread] [INFO ]  --- start training ---
client: f0000008
--- local_update_loss : 0.85
client: f0000005
--- local_update_loss : 1.08
--- DML_update_loss(A model) with Client:f0000007: 1.41
--- DML_update_loss(A model) with Client:f0000009: 1.52
--------- test avarage ---------
--- All clients' test loss: 0.97
--- All clients' test acc: 64.48%
2023-02-26 14:46:53,863 [MainThread] [INFO ]  Server train time: 269.1159813404083
2023-02-26 14:46:53,872 [MainThread] [INFO ]  Model saved at /home/dengzhiling/.local/lib/python3.10/site-packages/easyfl/main/saved_models/_global_model_r_99.pth
2023-02-26 14:46:53,872 [MainThread] [INFO ]  
-------- round 100 --------
2023-02-26 14:46:53,873 [MainThread] [INFO ]  --- start training ---
client: f0000007
--- local_update_loss : 0.93
client: f0000006
--- local_update_loss : 1.05
--- DML_update_loss(A model) with Client:f0000001: 1.49
--- DML_update_loss(A model) with Client:f0000004: 1.52
--------- test avarage ---------
--- All clients' test loss: 1.00
--- All clients' test acc: 64.12%
2023-02-26 14:51:24,371 [MainThread] [INFO ]  Server train time: 270.4979863166809
2023-02-26 14:51:24,372 [MainThread] [INFO ]  
-------- round 101 --------
2023-02-26 14:51:24,372 [MainThread] [INFO ]  --- start training ---
client: f0000008
--- local_update_loss : 0.83
client: f0000002
--- local_update_loss : 0.97
--- DML_update_loss(A model) with Client:f0000000: 1.54
--- DML_update_loss(A model) with Client:f0000007: 1.40
--------- test avarage ---------
--- All clients' test loss: 0.94
--- All clients' test acc: 66.25%
2023-02-26 14:55:54,808 [MainThread] [INFO ]  Server train time: 270.435485124588
2023-02-26 14:55:54,810 [MainThread] [INFO ]  
-------- round 102 --------
2023-02-26 14:55:54,810 [MainThread] [INFO ]  --- start training ---
client: f0000004
--- local_update_loss : 1.09
client: f0000009
--- local_update_loss : 1.10
--- DML_update_loss(A model) with Client:f0000003: 1.38
--- DML_update_loss(A model) with Client:f0000002: 1.42
--------- test avarage ---------
--- All clients' test loss: 1.00
--- All clients' test acc: 63.90%
2023-02-26 15:00:25,554 [MainThread] [INFO ]  Server train time: 270.7421112060547
2023-02-26 15:00:25,555 [MainThread] [INFO ]  
-------- round 103 --------
2023-02-26 15:00:25,555 [MainThread] [INFO ]  --- start training ---
client: f0000002
--- local_update_loss : 0.96
client: f0000009
--- local_update_loss : 1.07
--- DML_update_loss(A model) with Client:f0000006: 1.51
--- DML_update_loss(A model) with Client:f0000008: 1.40
--------- test avarage ---------
--- All clients' test loss: 1.01
--- All clients' test acc: 63.10%
2023-02-26 15:04:56,547 [MainThread] [INFO ]  Server train time: 270.99253582954407
2023-02-26 15:04:56,548 [MainThread] [INFO ]  
-------- round 104 --------
2023-02-26 15:04:56,548 [MainThread] [INFO ]  --- start training ---
client: f0000002
--- local_update_loss : 0.93
client: f0000007
--- local_update_loss : 0.93
--- DML_update_loss(A model) with Client:f0000006: 1.50
--- DML_update_loss(A model) with Client:f0000000: 1.54
--------- test avarage ---------
--- All clients' test loss: 0.99
--- All clients' test acc: 64.33%
2023-02-26 15:09:27,038 [MainThread] [INFO ]  Server train time: 270.4888377189636
2023-02-26 15:09:27,038 [MainThread] [INFO ]  
-------- round 105 --------
2023-02-26 15:09:27,039 [MainThread] [INFO ]  --- start training ---
client: f0000007
--- local_update_loss : 0.89
client: f0000002
--- local_update_loss : 0.91
--- DML_update_loss(A model) with Client:f0000008: 1.40
--- DML_update_loss(A model) with Client:f0000004: 1.52
--------- test avarage ---------
--- All clients' test loss: 0.92
--- All clients' test acc: 67.28%
2023-02-26 15:13:58,426 [MainThread] [INFO ]  Server train time: 271.38741183280945
2023-02-26 15:13:58,427 [MainThread] [INFO ]  
-------- round 106 --------
2023-02-26 15:13:58,427 [MainThread] [INFO ]  --- start training ---
client: f0000009
--- local_update_loss : 1.04
client: f0000000
--- local_update_loss : 1.14
Traceback (most recent call last):
  File "/home/dengzhiling/.local/lib/python3.10/site-packages/easyfl/main/main.py", line 26, in <module>
    easyfl.run()
  File "/home/dengzhiling/.local/lib/python3.10/site-packages/easyfl/coordinator.py", line 390, in run
    _global_coord.run()
  File "/home/dengzhiling/.local/lib/python3.10/site-packages/easyfl/coordinator.py", line 80, in run
    self.server.start(self.model, self.clients)
  File "/home/dengzhiling/.local/lib/python3.10/site-packages/easyfl/server/base.py", line 164, in start
    self.train()
  File "/home/dengzhiling/.local/lib/python3.10/site-packages/easyfl/server/base.py", line 200, in train
    self.distribution_to_train()
  File "/home/dengzhiling/.local/lib/python3.10/site-packages/easyfl/server/base.py", line 347, in distribution_to_train
    self.distribution_to_train_locally()
  File "/home/dengzhiling/.local/lib/python3.10/site-packages/easyfl/main/CustomizeServer.py", line 89, in distribution_to_train_locally
    # AmodelBDML
  File "/home/dengzhiling/.local/lib/python3.10/site-packages/easyfl/main/CustomizedClient.py", line 154, in run_train
    self.train(conf, self.device, train_local_only) # 
  File "/home/dengzhiling/.local/lib/python3.10/site-packages/easyfl/main/CustomizedClient.py", line 142, in train
    self.train_DML(conf, device)
  File "/home/dengzhiling/.local/lib/python3.10/site-packages/easyfl/main/CustomizedClient.py", line 99, in train_DML
    loss_B.backward(retain_graph=True)
  File "/home/dengzhiling/.local/lib/python3.10/site-packages/torch/_tensor.py", line 488, in backward
    torch.autograd.backward(
  File "/home/dengzhiling/.local/lib/python3.10/site-packages/torch/autograd/__init__.py", line 197, in backward
    Variable._execution_engine.run_backward(  # Calls into the C++ engine to run the backward pass
KeyboardInterrupt
