2023-02-26 07:19:06,441 [MainThread] [INFO ]  Configurations: {'task_id': '', 'data': {'root': './data/', 'dataset': 'cifar10', 'split_type': 'class', 'min_size': 10, 'data_amount': 0.05, 'iid_fraction': 0.1, 'user': False, 'train_test_split': 0.8, 'class_per_client': 8, 'num_of_clients': 10, 'alpha': 0.2, 'weights': None}, 'model': 'simple_cnn', 'test_mode': 'test_in_client', 'test_method': 'average', 'server': {'track': False, 'rounds': 2000, 'clients_per_round': 2, 'test_every': 1, 'save_model_every': 10, 'save_model_path': '', 'batch_size': 64, 'test_all': True, 'random_selection': True, 'aggregation_stragtegy': 'EQUAL_AVERAGE', 'aggregation_content': 'all'}, 'client': {'track': False, 'batch_size': 200, 'test_batch_size': 5, 'local_epoch': 20, 'optimizer': {'type': 'SGD', 'lr': 0.01, 'momentum': 0.5, 'weight_decay': 0.0005, 'nesterov': True}, 'seed': 0, 'local_test': True}, 'gpu': 1, 'distributed': {'backend': 'nccl', 'init_method': '', 'world_size': 0, 'rank': 0, 'local_rank': 0}, 'tracking': {'database': '', 'log_file': '', 'log_level': 'INFO', 'metric_file': '', 'save_every': 1}, 'resource_heterogeneous': {'simulate': False, 'hetero_type': 'real', 'level': 3, 'sleep_group_num': 1000, 'total_time': 1000, 'fraction': 1, 'grouping_strategy': 'greedy', 'initial_default_time': 5, 'default_time_momentum': 0.2}, 'seed': 0, 'is_distributed': False, 'device': 0}
2023-02-26 07:19:06,541 [MainThread] [INFO ]  Total training data amount: 50000
2023-02-26 07:19:06,541 [MainThread] [INFO ]  Total testing data amount: 10000
local_batch_size: 64, DML_batch_size: 16, local_epoch: 5, DML_epoch: 15, alpha: 1, beta: 1, DML_lr: 0.015
local_batch_size: 64, DML_batch_size: 16, local_epoch: 5, DML_epoch: 15, alpha: 1, beta: 1, DML_lr: 0.015
local_batch_size: 64, DML_batch_size: 16, local_epoch: 5, DML_epoch: 15, alpha: 1, beta: 1, DML_lr: 0.015
local_batch_size: 64, DML_batch_size: 16, local_epoch: 5, DML_epoch: 15, alpha: 1, beta: 1, DML_lr: 0.015
local_batch_size: 64, DML_batch_size: 16, local_epoch: 5, DML_epoch: 15, alpha: 1, beta: 1, DML_lr: 0.015
local_batch_size: 64, DML_batch_size: 16, local_epoch: 5, DML_epoch: 15, alpha: 1, beta: 1, DML_lr: 0.015
local_batch_size: 64, DML_batch_size: 16, local_epoch: 5, DML_epoch: 15, alpha: 1, beta: 1, DML_lr: 0.015
local_batch_size: 64, DML_batch_size: 16, local_epoch: 5, DML_epoch: 15, alpha: 1, beta: 1, DML_lr: 0.015
local_batch_size: 64, DML_batch_size: 16, local_epoch: 5, DML_epoch: 15, alpha: 1, beta: 1, DML_lr: 0.015
local_batch_size: 64, DML_batch_size: 16, local_epoch: 5, DML_epoch: 15, alpha: 1, beta: 1, DML_lr: 0.015
2023-02-26 07:19:06,573 [MainThread] [INFO ]  Clients in total: 10
2023-02-26 07:19:06,593 [MainThread] [INFO ]  
-------- round 0 --------
2023-02-26 07:19:06,593 [MainThread] [INFO ]  --- start training ---
client: f0000002
--- local_update_loss : 1.92
client: f0000008
--- local_update_loss : 1.98
--- DML_update_loss(A model) with Client:f0000001: 1.56
--- DML_update_loss(A model) with Client:f0000007: 1.47
--------- test avarage ---------
--- All clients' test loss: 1.50
--- All clients' test acc: 43.45%
2023-02-26 07:23:39,565 [MainThread] [INFO ]  Server train time: 272.97146677970886
2023-02-26 07:23:39,566 [MainThread] [INFO ]  
-------- round 1 --------
2023-02-26 07:23:39,566 [MainThread] [INFO ]  --- start training ---
client: f0000002
--- local_update_loss : 1.68
client: f0000009
--- local_update_loss : 2.00
--- DML_update_loss(A model) with Client:f0000008: 1.45
--- DML_update_loss(A model) with Client:f0000001: 1.49
--------- test avarage ---------
--- All clients' test loss: 1.51
--- All clients' test acc: 44.02%
2023-02-26 07:28:09,812 [MainThread] [INFO ]  Server train time: 270.2458026409149
2023-02-26 07:28:09,813 [MainThread] [INFO ]  
-------- round 2 --------
2023-02-26 07:28:09,813 [MainThread] [INFO ]  --- start training ---
client: f0000004
--- local_update_loss : 2.00
client: f0000001
--- local_update_loss : 1.12
--- DML_update_loss(A model) with Client:f0000007: 1.39
--- DML_update_loss(A model) with Client:f0000003: 1.46
--------- test avarage ---------
--- All clients' test loss: 1.22
--- All clients' test acc: 54.48%
2023-02-26 07:32:39,081 [MainThread] [INFO ]  Server train time: 269.26758217811584
2023-02-26 07:32:39,082 [MainThread] [INFO ]  
-------- round 3 --------
2023-02-26 07:32:39,082 [MainThread] [INFO ]  --- start training ---
client: f0000005
--- local_update_loss : 2.03
client: f0000004
--- local_update_loss : 1.76
--- DML_update_loss(A model) with Client:f0000009: 1.57
--- DML_update_loss(A model) with Client:f0000002: 1.47
--------- test avarage ---------
--- All clients' test loss: 1.57
--- All clients' test acc: 41.12%
2023-02-26 07:37:07,057 [MainThread] [INFO ]  Server train time: 267.9746823310852
2023-02-26 07:37:07,058 [MainThread] [INFO ]  
-------- round 4 --------
2023-02-26 07:37:07,058 [MainThread] [INFO ]  --- start training ---
client: f0000003
--- local_update_loss : 1.06
client: f0000008
--- local_update_loss : 1.06
--- DML_update_loss(A model) with Client:f0000005: 1.56
--- DML_update_loss(A model) with Client:f0000001: 1.49
--------- test avarage ---------
--- All clients' test loss: 1.03
--- All clients' test acc: 61.80%
2023-02-26 07:41:41,013 [MainThread] [INFO ]  Server train time: 273.95495986938477
2023-02-26 07:41:41,014 [MainThread] [INFO ]  
-------- round 5 --------
2023-02-26 07:41:41,014 [MainThread] [INFO ]  --- start training ---
client: f0000009
--- local_update_loss : 1.22
client: f0000005
--- local_update_loss : 1.21
--- DML_update_loss(A model) with Client:f0000003: 1.37
--- DML_update_loss(A model) with Client:f0000004: 1.56
--------- test avarage ---------
--- All clients' test loss: 1.07
--- All clients' test acc: 60.72%
2023-02-26 07:46:12,785 [MainThread] [INFO ]  Server train time: 271.770724773407
2023-02-26 07:46:12,786 [MainThread] [INFO ]  
-------- round 6 --------
2023-02-26 07:46:12,786 [MainThread] [INFO ]  --- start training ---
client: f0000008
--- local_update_loss : 1.02
client: f0000001
--- local_update_loss : 1.08
--- DML_update_loss(A model) with Client:f0000005: 1.51
--- DML_update_loss(A model) with Client:f0000000: 1.61
--------- test avarage ---------
--- All clients' test loss: 1.08
--- All clients' test acc: 59.93%
2023-02-26 07:50:43,946 [MainThread] [INFO ]  Server train time: 271.15900683403015
2023-02-26 07:50:43,947 [MainThread] [INFO ]  
-------- round 7 --------
2023-02-26 07:50:43,947 [MainThread] [INFO ]  --- start training ---
client: f0000008
--- local_update_loss : 0.99
client: f0000005
--- local_update_loss : 1.12
--- DML_update_loss(A model) with Client:f0000007: 1.40
--- DML_update_loss(A model) with Client:f0000009: 1.51
--------- test avarage ---------
--- All clients' test loss: 1.00
--- All clients' test acc: 62.92%
2023-02-26 07:55:13,436 [MainThread] [INFO ]  Server train time: 269.4890251159668
2023-02-26 07:55:13,437 [MainThread] [INFO ]  
-------- round 8 --------
2023-02-26 07:55:13,437 [MainThread] [INFO ]  --- start training ---
client: f0000008
--- local_update_loss : 0.97
client: f0000006
--- local_update_loss : 1.98
--- DML_update_loss(A model) with Client:f0000002: 1.41
--- DML_update_loss(A model) with Client:f0000001: 1.50
--------- test avarage ---------
--- All clients' test loss: 1.20
--- All clients' test acc: 53.48%
2023-02-26 07:59:45,929 [MainThread] [INFO ]  Server train time: 272.491441488266
2023-02-26 07:59:45,930 [MainThread] [INFO ]  
-------- round 9 --------
2023-02-26 07:59:45,930 [MainThread] [INFO ]  --- start training ---
client: f0000008
--- local_update_loss : 0.94
client: f0000004
--- local_update_loss : 1.21
--- DML_update_loss(A model) with Client:f0000006: 1.55
--- DML_update_loss(A model) with Client:f0000005: 1.51
--------- test avarage ---------
--- All clients' test loss: 1.06
--- All clients' test acc: 60.10%
2023-02-26 08:04:23,596 [MainThread] [INFO ]  Server train time: 277.665780544281
2023-02-26 08:04:23,607 [MainThread] [INFO ]  Model saved at /home/dengzhiling/.local/lib/python3.10/site-packages/easyfl/main/saved_models/_global_model_r_9.pth
2023-02-26 08:04:23,607 [MainThread] [INFO ]  
-------- round 10 --------
2023-02-26 08:04:23,607 [MainThread] [INFO ]  --- start training ---
client: f0000008
--- local_update_loss : 0.92
client: f0000002
--- local_update_loss : 0.99
--- DML_update_loss(A model) with Client:f0000009: 1.52
--- DML_update_loss(A model) with Client:f0000001: 1.50
--------- test avarage ---------
--- All clients' test loss: 1.04
--- All clients' test acc: 61.17%
2023-02-26 08:08:59,218 [MainThread] [INFO ]  Server train time: 275.6099684238434
2023-02-26 08:08:59,219 [MainThread] [INFO ]  
-------- round 11 --------
2023-02-26 08:08:59,219 [MainThread] [INFO ]  --- start training ---
client: f0000007
--- local_update_loss : 0.94
client: f0000008
--- local_update_loss : 0.90
--- DML_update_loss(A model) with Client:f0000001: 1.50
--- DML_update_loss(A model) with Client:f0000009: 1.51
--------- test avarage ---------
--- All clients' test loss: 1.03
--- All clients' test acc: 61.85%
2023-02-26 08:13:36,837 [MainThread] [INFO ]  Server train time: 277.61783480644226
2023-02-26 08:13:36,838 [MainThread] [INFO ]  
-------- round 12 --------
2023-02-26 08:13:36,838 [MainThread] [INFO ]  --- start training ---
client: f0000005
--- local_update_loss : 1.10
client: f0000008
--- local_update_loss : 0.88
--- DML_update_loss(A model) with Client:f0000002: 1.42
--- DML_update_loss(A model) with Client:f0000000: 1.53
--------- test avarage ---------
--- All clients' test loss: 1.03
--- All clients' test acc: 63.15%
2023-02-26 08:18:06,117 [MainThread] [INFO ]  Server train time: 269.2790653705597
2023-02-26 08:18:06,118 [MainThread] [INFO ]  
-------- round 13 --------
2023-02-26 08:18:06,118 [MainThread] [INFO ]  --- start training ---
client: f0000003
--- local_update_loss : 0.94
client: f0000005
--- local_update_loss : 1.07
--- DML_update_loss(A model) with Client:f0000000: 1.53
--- DML_update_loss(A model) with Client:f0000007: 1.41
--------- test avarage ---------
--- All clients' test loss: 0.98
--- All clients' test acc: 64.55%
2023-02-26 08:22:40,551 [MainThread] [INFO ]  Server train time: 274.4319200515747
2023-02-26 08:22:40,551 [MainThread] [INFO ]  
-------- round 14 --------
2023-02-26 08:22:40,552 [MainThread] [INFO ]  --- start training ---
client: f0000003
--- local_update_loss : 0.90
client: f0000009
--- local_update_loss : 1.09
--- DML_update_loss(A model) with Client:f0000002: 1.43
--- DML_update_loss(A model) with Client:f0000006: 1.49
--------- test avarage ---------
--- All clients' test loss: 0.98
--- All clients' test acc: 65.20%
2023-02-26 08:27:16,235 [MainThread] [INFO ]  Server train time: 275.68271589279175
2023-02-26 08:27:16,236 [MainThread] [INFO ]  
-------- round 15 --------
2023-02-26 08:27:16,236 [MainThread] [INFO ]  --- start training ---
client: f0000002
--- local_update_loss : 0.96
client: f0000006
--- local_update_loss : 1.12
--- DML_update_loss(A model) with Client:f0000009: 1.52
--- DML_update_loss(A model) with Client:f0000008: 1.41
--------- test avarage ---------
--- All clients' test loss: 0.96
--- All clients' test acc: 64.90%
2023-02-26 08:31:46,392 [MainThread] [INFO ]  Server train time: 270.15565252304077
2023-02-26 08:31:46,393 [MainThread] [INFO ]  
-------- round 16 --------
2023-02-26 08:31:46,393 [MainThread] [INFO ]  --- start training ---
client: f0000006
--- local_update_loss : 1.08
client: f0000002
--- local_update_loss : 0.92
--- DML_update_loss(A model) with Client:f0000009: 1.51
--- DML_update_loss(A model) with Client:f0000007: 1.41
--------- test avarage ---------
--- All clients' test loss: 1.01
--- All clients' test acc: 64.35%
2023-02-26 08:36:17,189 [MainThread] [INFO ]  Server train time: 270.79576659202576
2023-02-26 08:36:17,190 [MainThread] [INFO ]  
-------- round 17 --------
2023-02-26 08:36:17,190 [MainThread] [INFO ]  --- start training ---
client: f0000007
--- local_update_loss : 0.94
client: f0000002
--- local_update_loss : 0.90
--- DML_update_loss(A model) with Client:f0000006: 1.51
--- DML_update_loss(A model) with Client:f0000009: 1.52
--------- test avarage ---------
--- All clients' test loss: 0.98
--- All clients' test acc: 64.80%
2023-02-26 08:40:53,060 [MainThread] [INFO ]  Server train time: 275.86949038505554
2023-02-26 08:40:53,060 [MainThread] [INFO ]  
-------- round 18 --------
2023-02-26 08:40:53,060 [MainThread] [INFO ]  --- start training ---
client: f0000007
--- local_update_loss : 0.89
client: f0000009
--- local_update_loss : 1.09
--- DML_update_loss(A model) with Client:f0000006: 1.50
--- DML_update_loss(A model) with Client:f0000005: 1.52
--------- test avarage ---------
--- All clients' test loss: 1.02
--- All clients' test acc: 62.53%
2023-02-26 08:45:30,633 [MainThread] [INFO ]  Server train time: 277.57220435142517
2023-02-26 08:45:30,634 [MainThread] [INFO ]  
-------- round 19 --------
2023-02-26 08:45:30,634 [MainThread] [INFO ]  --- start training ---
client: f0000001
--- local_update_loss : 1.08
client: f0000007
--- local_update_loss : 0.86
--- DML_update_loss(A model) with Client:f0000003: 1.39
--- DML_update_loss(A model) with Client:f0000000: 1.53
--------- test avarage ---------
--- All clients' test loss: 0.98
--- All clients' test acc: 63.88%
2023-02-26 08:50:00,251 [MainThread] [INFO ]  Server train time: 269.61668252944946
2023-02-26 08:50:00,261 [MainThread] [INFO ]  Model saved at /home/dengzhiling/.local/lib/python3.10/site-packages/easyfl/main/saved_models/_global_model_r_19.pth
2023-02-26 08:50:00,261 [MainThread] [INFO ]  
-------- round 20 --------
2023-02-26 08:50:00,261 [MainThread] [INFO ]  --- start training ---
client: f0000007
--- local_update_loss : 0.85
client: f0000001
--- local_update_loss : 1.04
--- DML_update_loss(A model) with Client:f0000005: 1.52
--- DML_update_loss(A model) with Client:f0000003: 1.38
--------- test avarage ---------
--- All clients' test loss: 0.98
--- All clients' test acc: 65.07%
2023-02-26 08:54:33,978 [MainThread] [INFO ]  Server train time: 273.71679282188416
2023-02-26 08:54:33,979 [MainThread] [INFO ]  
-------- round 21 --------
2023-02-26 08:54:33,979 [MainThread] [INFO ]  --- start training ---
client: f0000001
--- local_update_loss : 1.01
client: f0000002
--- local_update_loss : 0.88
--- DML_update_loss(A model) with Client:f0000009: 1.52
--- DML_update_loss(A model) with Client:f0000008: 1.40
--------- test avarage ---------
--- All clients' test loss: 0.93
--- All clients' test acc: 66.62%
2023-02-26 08:59:07,993 [MainThread] [INFO ]  Server train time: 274.01325702667236
2023-02-26 08:59:07,994 [MainThread] [INFO ]  
-------- round 22 --------
2023-02-26 08:59:07,994 [MainThread] [INFO ]  --- start training ---
client: f0000002
--- local_update_loss : 0.87
client: f0000001
--- local_update_loss : 0.98
--- DML_update_loss(A model) with Client:f0000009: 1.51
--- DML_update_loss(A model) with Client:f0000008: 1.40
--------- test avarage ---------
--- All clients' test loss: 0.99
--- All clients' test acc: 64.48%
2023-02-26 09:03:38,574 [MainThread] [INFO ]  Server train time: 270.5804102420807
2023-02-26 09:03:38,575 [MainThread] [INFO ]  
-------- round 23 --------
2023-02-26 09:03:38,575 [MainThread] [INFO ]  --- start training ---
client: f0000005
--- local_update_loss : 1.10
client: f0000008
--- local_update_loss : 0.94
--- DML_update_loss(A model) with Client:f0000000: 1.53
--- DML_update_loss(A model) with Client:f0000006: 1.50
--------- test avarage ---------
--- All clients' test loss: 1.01
--- All clients' test acc: 62.10%
2023-02-26 09:08:08,126 [MainThread] [INFO ]  Server train time: 269.54973888397217
2023-02-26 09:08:08,126 [MainThread] [INFO ]  
-------- round 24 --------
2023-02-26 09:08:08,126 [MainThread] [INFO ]  --- start training ---
client: f0000009
--- local_update_loss : 1.09
client: f0000004
--- local_update_loss : 1.16
--- DML_update_loss(A model) with Client:f0000005: 1.53
--- DML_update_loss(A model) with Client:f0000000: 1.53
--------- test avarage ---------
--- All clients' test loss: 1.06
--- All clients' test acc: 61.00%
2023-02-26 09:12:40,457 [MainThread] [INFO ]  Server train time: 272.3303339481354
2023-02-26 09:12:40,458 [MainThread] [INFO ]  
-------- round 25 --------
2023-02-26 09:12:40,458 [MainThread] [INFO ]  --- start training ---
client: f0000005
--- local_update_loss : 1.11
client: f0000001
--- local_update_loss : 0.97
--- DML_update_loss(A model) with Client:f0000004: 1.51
--- DML_update_loss(A model) with Client:f0000008: 1.40
--------- test avarage ---------
--- All clients' test loss: 0.99
--- All clients' test acc: 63.68%
2023-02-26 09:17:14,401 [MainThread] [INFO ]  Server train time: 273.94240069389343
2023-02-26 09:17:14,402 [MainThread] [INFO ]  
-------- round 26 --------
2023-02-26 09:17:14,402 [MainThread] [INFO ]  --- start training ---
client: f0000008
--- local_update_loss : 0.93
client: f0000004
--- local_update_loss : 1.11
--- DML_update_loss(A model) with Client:f0000006: 1.50
--- DML_update_loss(A model) with Client:f0000002: 1.44
--------- test avarage ---------
--- All clients' test loss: 1.03
--- All clients' test acc: 62.73%
2023-02-26 09:21:47,729 [MainThread] [INFO ]  Server train time: 273.32640838623047
2023-02-26 09:21:47,729 [MainThread] [INFO ]  
-------- round 27 --------
2023-02-26 09:21:47,730 [MainThread] [INFO ]  --- start training ---
client: f0000004
--- local_update_loss : 1.08
client: f0000002
--- local_update_loss : 0.96
--- DML_update_loss(A model) with Client:f0000009: 1.52
--- DML_update_loss(A model) with Client:f0000006: 1.50
--------- test avarage ---------
--- All clients' test loss: 1.00
--- All clients' test acc: 62.52%
2023-02-26 09:26:28,728 [MainThread] [INFO ]  Server train time: 280.9975938796997
2023-02-26 09:26:28,728 [MainThread] [INFO ]  
-------- round 28 --------
2023-02-26 09:26:28,729 [MainThread] [INFO ]  --- start training ---
client: f0000009
--- local_update_loss : 1.09
client: f0000002
--- local_update_loss : 0.92
--- DML_update_loss(A model) with Client:f0000007: 1.43
--- DML_update_loss(A model) with Client:f0000005: 1.53
--------- test avarage ---------
--- All clients' test loss: 1.00
--- All clients' test acc: 63.70%
2023-02-26 09:31:00,889 [MainThread] [INFO ]  Server train time: 272.15970373153687
2023-02-26 09:31:00,889 [MainThread] [INFO ]  
-------- round 29 --------
2023-02-26 09:31:00,890 [MainThread] [INFO ]  --- start training ---
client: f0000008
--- local_update_loss : 0.89
client: f0000006
--- local_update_loss : 1.07
--- DML_update_loss(A model) with Client:f0000009: 1.52
--- DML_update_loss(A model) with Client:f0000002: 1.43
--------- test avarage ---------
--- All clients' test loss: 0.97
--- All clients' test acc: 64.35%
2023-02-26 09:35:32,097 [MainThread] [INFO ]  Server train time: 271.20723962783813
2023-02-26 09:35:32,107 [MainThread] [INFO ]  Model saved at /home/dengzhiling/.local/lib/python3.10/site-packages/easyfl/main/saved_models/_global_model_r_29.pth
2023-02-26 09:35:32,107 [MainThread] [INFO ]  
-------- round 30 --------
2023-02-26 09:35:32,107 [MainThread] [INFO ]  --- start training ---
client: f0000000
--- local_update_loss : 1.11
client: f0000001
--- local_update_loss : 0.95
--- DML_update_loss(A model) with Client:f0000007: 1.40
--- DML_update_loss(A model) with Client:f0000009: 1.52
--------- test avarage ---------
--- All clients' test loss: 1.04
--- All clients' test acc: 61.52%
2023-02-26 09:40:04,919 [MainThread] [INFO ]  Server train time: 272.81212639808655
2023-02-26 09:40:04,920 [MainThread] [INFO ]  
-------- round 31 --------
2023-02-26 09:40:04,920 [MainThread] [INFO ]  --- start training ---
client: f0000004
--- local_update_loss : 1.05
client: f0000001
--- local_update_loss : 0.95
--- DML_update_loss(A model) with Client:f0000007: 1.40
--- DML_update_loss(A model) with Client:f0000000: 1.54
--------- test avarage ---------
--- All clients' test loss: 1.02
--- All clients' test acc: 62.80%
2023-02-26 09:44:35,040 [MainThread] [INFO ]  Server train time: 270.1194279193878
2023-02-26 09:44:35,041 [MainThread] [INFO ]  
-------- round 32 --------
2023-02-26 09:44:35,041 [MainThread] [INFO ]  --- start training ---
client: f0000009
--- local_update_loss : 1.09
client: f0000001
--- local_update_loss : 0.92
--- DML_update_loss(A model) with Client:f0000002: 1.42
--- DML_update_loss(A model) with Client:f0000005: 1.51
--------- test avarage ---------
--- All clients' test loss: 0.98
--- All clients' test acc: 64.50%
2023-02-26 09:49:07,799 [MainThread] [INFO ]  Server train time: 272.7577209472656
2023-02-26 09:49:07,800 [MainThread] [INFO ]  
-------- round 33 --------
2023-02-26 09:49:07,800 [MainThread] [INFO ]  --- start training ---
client: f0000008
--- local_update_loss : 0.86
client: f0000003
--- local_update_loss : 0.92
--- DML_update_loss(A model) with Client:f0000000: 1.53
--- DML_update_loss(A model) with Client:f0000006: 1.51
--------- test avarage ---------
--- All clients' test loss: 0.97
--- All clients' test acc: 64.70%
2023-02-26 09:53:37,118 [MainThread] [INFO ]  Server train time: 269.31737184524536
2023-02-26 09:53:37,119 [MainThread] [INFO ]  
-------- round 34 --------
2023-02-26 09:53:37,119 [MainThread] [INFO ]  --- start training ---
client: f0000000
--- local_update_loss : 1.12
client: f0000009
--- local_update_loss : 1.05
--- DML_update_loss(A model) with Client:f0000003: 1.38
--- DML_update_loss(A model) with Client:f0000006: 1.51
--------- test avarage ---------
--- All clients' test loss: 1.06
--- All clients' test acc: 60.20%
2023-02-26 09:58:09,399 [MainThread] [INFO ]  Server train time: 272.28003120422363
2023-02-26 09:58:09,400 [MainThread] [INFO ]  
-------- round 35 --------
2023-02-26 09:58:09,400 [MainThread] [INFO ]  --- start training ---
client: f0000006
--- local_update_loss : 1.10
client: f0000002
--- local_update_loss : 0.97
--- DML_update_loss(A model) with Client:f0000005: 1.52
--- DML_update_loss(A model) with Client:f0000004: 1.53
--------- test avarage ---------
--- All clients' test loss: 0.98
--- All clients' test acc: 63.90%
2023-02-26 10:02:42,421 [MainThread] [INFO ]  Server train time: 273.0201041698456
2023-02-26 10:02:42,421 [MainThread] [INFO ]  
-------- round 36 --------
2023-02-26 10:02:42,422 [MainThread] [INFO ]  --- start training ---
client: f0000003
--- local_update_loss : 0.90
client: f0000009
--- local_update_loss : 1.04
--- DML_update_loss(A model) with Client:f0000007: 1.40
--- DML_update_loss(A model) with Client:f0000002: 1.43
--------- test avarage ---------
--- All clients' test loss: 0.95
--- All clients' test acc: 65.42%
2023-02-26 10:07:12,990 [MainThread] [INFO ]  Server train time: 270.56850934028625
2023-02-26 10:07:12,991 [MainThread] [INFO ]  
-------- round 37 --------
2023-02-26 10:07:12,991 [MainThread] [INFO ]  --- start training ---
client: f0000004
--- local_update_loss : 1.09
client: f0000009
--- local_update_loss : 1.01
--- DML_update_loss(A model) with Client:f0000007: 1.40
--- DML_update_loss(A model) with Client:f0000003: 1.39
--------- test avarage ---------
--- All clients' test loss: 0.97
--- All clients' test acc: 64.53%
2023-02-26 10:11:43,286 [MainThread] [INFO ]  Server train time: 270.29474210739136
2023-02-26 10:11:43,287 [MainThread] [INFO ]  
-------- round 38 --------
2023-02-26 10:11:43,287 [MainThread] [INFO ]  --- start training ---
client: f0000008
--- local_update_loss : 0.84
client: f0000000
--- local_update_loss : 1.09
--- DML_update_loss(A model) with Client:f0000003: 1.38
--- DML_update_loss(A model) with Client:f0000002: 1.42
--------- test avarage ---------
--- All clients' test loss: 0.96
--- All clients' test acc: 64.90%
2023-02-26 10:16:21,717 [MainThread] [INFO ]  Server train time: 278.4294800758362
2023-02-26 10:16:21,718 [MainThread] [INFO ]  
-------- round 39 --------
2023-02-26 10:16:21,718 [MainThread] [INFO ]  --- start training ---
client: f0000002
--- local_update_loss : 0.96
client: f0000001
--- local_update_loss : 0.91
--- DML_update_loss(A model) with Client:f0000007: 1.41
--- DML_update_loss(A model) with Client:f0000004: 1.52
--------- test avarage ---------
--- All clients' test loss: 1.02
--- All clients' test acc: 64.17%
2023-02-26 10:20:54,365 [MainThread] [INFO ]  Server train time: 272.6467354297638
2023-02-26 10:20:54,375 [MainThread] [INFO ]  Model saved at /home/dengzhiling/.local/lib/python3.10/site-packages/easyfl/main/saved_models/_global_model_r_39.pth
2023-02-26 10:20:54,375 [MainThread] [INFO ]  
-------- round 40 --------
2023-02-26 10:20:54,375 [MainThread] [INFO ]  --- start training ---
client: f0000004
--- local_update_loss : 1.10
client: f0000003
--- local_update_loss : 0.91
--- DML_update_loss(A model) with Client:f0000008: 1.41
--- DML_update_loss(A model) with Client:f0000000: 1.54
--------- test avarage ---------
--- All clients' test loss: 0.95
--- All clients' test acc: 65.65%
2023-02-26 10:25:30,529 [MainThread] [INFO ]  Server train time: 276.1535224914551
2023-02-26 10:25:30,530 [MainThread] [INFO ]  
-------- round 41 --------
2023-02-26 10:25:30,530 [MainThread] [INFO ]  --- start training ---
client: f0000005
--- local_update_loss : 1.10
client: f0000006
--- local_update_loss : 1.05
--- DML_update_loss(A model) with Client:f0000007: 1.41
--- DML_update_loss(A model) with Client:f0000001: 1.53
--------- test avarage ---------
--- All clients' test loss: 1.02
--- All clients' test acc: 62.15%
2023-02-26 10:30:06,757 [MainThread] [INFO ]  Server train time: 276.22648668289185
2023-02-26 10:30:06,758 [MainThread] [INFO ]  
-------- round 42 --------
2023-02-26 10:30:06,758 [MainThread] [INFO ]  --- start training ---
client: f0000008
--- local_update_loss : 0.91
client: f0000001
--- local_update_loss : 1.07
--- DML_update_loss(A model) with Client:f0000006: 1.51
--- DML_update_loss(A model) with Client:f0000007: 1.41
--------- test avarage ---------
--- All clients' test loss: 0.95
--- All clients' test acc: 64.38%
2023-02-26 10:34:43,163 [MainThread] [INFO ]  Server train time: 276.4047963619232
2023-02-26 10:34:43,164 [MainThread] [INFO ]  
-------- round 43 --------
2023-02-26 10:34:43,164 [MainThread] [INFO ]  --- start training ---
client: f0000003
--- local_update_loss : 0.88
client: f0000009
--- local_update_loss : 1.00
--- DML_update_loss(A model) with Client:f0000008: 1.40
--- DML_update_loss(A model) with Client:f0000007: 1.40
--------- test avarage ---------
--- All clients' test loss: 0.95
--- All clients' test acc: 66.35%
2023-02-26 10:39:13,647 [MainThread] [INFO ]  Server train time: 270.4828188419342
2023-02-26 10:39:13,648 [MainThread] [INFO ]  
-------- round 44 --------
2023-02-26 10:39:13,648 [MainThread] [INFO ]  --- start training ---
client: f0000002
--- local_update_loss : 0.93
client: f0000007
--- local_update_loss : 0.92
--- DML_update_loss(A model) with Client:f0000003: 1.38
--- DML_update_loss(A model) with Client:f0000006: 1.50
--------- test avarage ---------
--- All clients' test loss: 0.92
--- All clients' test acc: 66.67%
2023-02-26 10:43:48,117 [MainThread] [INFO ]  Server train time: 274.46875166893005
2023-02-26 10:43:48,118 [MainThread] [INFO ]  
-------- round 45 --------
2023-02-26 10:43:48,118 [MainThread] [INFO ]  --- start training ---
client: f0000002
--- local_update_loss : 0.90
client: f0000004
--- local_update_loss : 1.06
--- DML_update_loss(A model) with Client:f0000009: 1.53
--- DML_update_loss(A model) with Client:f0000006: 1.50
--------- test avarage ---------
--- All clients' test loss: 1.03
--- All clients' test acc: 63.40%
2023-02-26 10:48:22,212 [MainThread] [INFO ]  Server train time: 274.0938277244568
2023-02-26 10:48:22,213 [MainThread] [INFO ]  
-------- round 46 --------
2023-02-26 10:48:22,213 [MainThread] [INFO ]  --- start training ---
client: f0000007
--- local_update_loss : 0.89
client: f0000000
--- local_update_loss : 1.12
--- DML_update_loss(A model) with Client:f0000003: 1.38
--- DML_update_loss(A model) with Client:f0000001: 1.50
--------- test avarage ---------
--- All clients' test loss: 0.98
--- All clients' test acc: 65.10%
2023-02-26 10:52:58,920 [MainThread] [INFO ]  Server train time: 276.7058997154236
2023-02-26 10:52:58,921 [MainThread] [INFO ]  
-------- round 47 --------
2023-02-26 10:52:58,921 [MainThread] [INFO ]  --- start training ---
client: f0000002
--- local_update_loss : 0.88
client: f0000001
--- local_update_loss : 1.08
--- DML_update_loss(A model) with Client:f0000000: 1.54
--- DML_update_loss(A model) with Client:f0000008: 1.39
--------- test avarage ---------
--- All clients' test loss: 1.00
--- All clients' test acc: 63.50%
2023-02-26 10:57:29,927 [MainThread] [INFO ]  Server train time: 271.0057604312897
2023-02-26 10:57:29,928 [MainThread] [INFO ]  
-------- round 48 --------
2023-02-26 10:57:29,928 [MainThread] [INFO ]  --- start training ---
client: f0000007
--- local_update_loss : 0.87
client: f0000005
--- local_update_loss : 1.06
--- DML_update_loss(A model) with Client:f0000009: 1.51
--- DML_update_loss(A model) with Client:f0000003: 1.37
--------- test avarage ---------
--- All clients' test loss: 0.96
--- All clients' test acc: 65.45%
2023-02-26 11:01:58,793 [MainThread] [INFO ]  Server train time: 268.8653476238251
2023-02-26 11:01:58,794 [MainThread] [INFO ]  
-------- round 49 --------
2023-02-26 11:01:58,794 [MainThread] [INFO ]  --- start training ---
client: f0000009
--- local_update_loss : 1.09
client: f0000000
--- local_update_loss : 1.12
--- DML_update_loss(A model) with Client:f0000005: 1.51
--- DML_update_loss(A model) with Client:f0000008: 1.39
--------- test avarage ---------
--- All clients' test loss: 0.99
--- All clients' test acc: 63.32%
2023-02-26 11:06:30,547 [MainThread] [INFO ]  Server train time: 271.7523281574249
2023-02-26 11:06:30,557 [MainThread] [INFO ]  Model saved at /home/dengzhiling/.local/lib/python3.10/site-packages/easyfl/main/saved_models/_global_model_r_49.pth
2023-02-26 11:06:30,557 [MainThread] [INFO ]  
-------- round 50 --------
2023-02-26 11:06:30,557 [MainThread] [INFO ]  --- start training ---
client: f0000007
--- local_update_loss : 0.85
client: f0000008
--- local_update_loss : 0.92
--- DML_update_loss(A model) with Client:f0000000: 1.53
--- DML_update_loss(A model) with Client:f0000004: 1.53
--------- test avarage ---------
--- All clients' test loss: 0.95
--- All clients' test acc: 65.92%
2023-02-26 11:11:06,150 [MainThread] [INFO ]  Server train time: 275.5929608345032
2023-02-26 11:11:06,151 [MainThread] [INFO ]  
-------- round 51 --------
2023-02-26 11:11:06,151 [MainThread] [INFO ]  --- start training ---
client: f0000003
--- local_update_loss : 0.91
client: f0000004
--- local_update_loss : 1.09
--- DML_update_loss(A model) with Client:f0000002: 1.43
--- DML_update_loss(A model) with Client:f0000009: 1.52
--------- test avarage ---------
--- All clients' test loss: 0.96
--- All clients' test acc: 65.45%
2023-02-26 11:15:41,696 [MainThread] [INFO ]  Server train time: 275.54393243789673
2023-02-26 11:15:41,697 [MainThread] [INFO ]  
-------- round 52 --------
2023-02-26 11:15:41,697 [MainThread] [INFO ]  --- start training ---
client: f0000009
--- local_update_loss : 1.09
client: f0000001
--- local_update_loss : 1.03
--- DML_update_loss(A model) with Client:f0000004: 1.52
--- DML_update_loss(A model) with Client:f0000000: 1.54
--------- test avarage ---------
--- All clients' test loss: 1.05
--- All clients' test acc: 61.58%
2023-02-26 11:20:13,830 [MainThread] [INFO ]  Server train time: 272.1328980922699
2023-02-26 11:20:13,831 [MainThread] [INFO ]  
-------- round 53 --------
2023-02-26 11:20:13,831 [MainThread] [INFO ]  --- start training ---
client: f0000001
--- local_update_loss : 1.01
client: f0000002
--- local_update_loss : 0.96
--- DML_update_loss(A model) with Client:f0000009: 1.52
--- DML_update_loss(A model) with Client:f0000000: 1.54
--------- test avarage ---------
--- All clients' test loss: 1.01
--- All clients' test acc: 63.02%
2023-02-26 11:24:46,389 [MainThread] [INFO ]  Server train time: 272.55798268318176
2023-02-26 11:24:46,390 [MainThread] [INFO ]  
-------- round 54 --------
2023-02-26 11:24:46,390 [MainThread] [INFO ]  --- start training ---
client: f0000004
--- local_update_loss : 1.09
client: f0000008
--- local_update_loss : 0.88
--- DML_update_loss(A model) with Client:f0000001: 1.50
--- DML_update_loss(A model) with Client:f0000009: 1.52
--------- test avarage ---------
--- All clients' test loss: 0.97
--- All clients' test acc: 64.20%
2023-02-26 11:29:16,929 [MainThread] [INFO ]  Server train time: 270.53870034217834
2023-02-26 11:29:16,930 [MainThread] [INFO ]  
-------- round 55 --------
2023-02-26 11:29:16,930 [MainThread] [INFO ]  --- start training ---
client: f0000004
--- local_update_loss : 1.05
client: f0000000
--- local_update_loss : 1.12
--- DML_update_loss(A model) with Client:f0000002: 1.43
--- DML_update_loss(A model) with Client:f0000009: 1.52
--------- test avarage ---------
--- All clients' test loss: 1.00
--- All clients' test acc: 64.38%
2023-02-26 11:33:47,810 [MainThread] [INFO ]  Server train time: 270.8795213699341
2023-02-26 11:33:47,811 [MainThread] [INFO ]  
-------- round 56 --------
2023-02-26 11:33:47,811 [MainThread] [INFO ]  --- start training ---
client: f0000006
--- local_update_loss : 1.09
client: f0000001
--- local_update_loss : 1.07
--- DML_update_loss(A model) with Client:f0000002: 1.43
--- DML_update_loss(A model) with Client:f0000000: 1.54
--------- test avarage ---------
--- All clients' test loss: 1.00
--- All clients' test acc: 63.77%
2023-02-26 11:38:17,042 [MainThread] [INFO ]  Server train time: 269.23107147216797
2023-02-26 11:38:17,043 [MainThread] [INFO ]  
-------- round 57 --------
2023-02-26 11:38:17,043 [MainThread] [INFO ]  --- start training ---
client: f0000003
--- local_update_loss : 0.87
client: f0000008
--- local_update_loss : 0.86
--- DML_update_loss(A model) with Client:f0000004: 1.53
--- DML_update_loss(A model) with Client:f0000009: 1.52
--------- test avarage ---------
--- All clients' test loss: 0.94
--- All clients' test acc: 66.12%
2023-02-26 11:42:51,902 [MainThread] [INFO ]  Server train time: 274.85843777656555
2023-02-26 11:42:51,903 [MainThread] [INFO ]  
-------- round 58 --------
2023-02-26 11:42:51,903 [MainThread] [INFO ]  --- start training ---
client: f0000004
--- local_update_loss : 1.10
client: f0000002
--- local_update_loss : 0.96
--- DML_update_loss(A model) with Client:f0000007: 1.42
--- DML_update_loss(A model) with Client:f0000009: 1.51
--------- test avarage ---------
--- All clients' test loss: 0.98
--- All clients' test acc: 64.85%
2023-02-26 11:47:24,341 [MainThread] [INFO ]  Server train time: 272.4369583129883
2023-02-26 11:47:24,341 [MainThread] [INFO ]  
-------- round 59 --------
2023-02-26 11:47:24,341 [MainThread] [INFO ]  --- start training ---
client: f0000002
--- local_update_loss : 0.92
client: f0000006
--- local_update_loss : 1.05
--- DML_update_loss(A model) with Client:f0000004: 1.52
--- DML_update_loss(A model) with Client:f0000001: 1.50
--------- test avarage ---------
--- All clients' test loss: 1.02
--- All clients' test acc: 62.90%
2023-02-26 11:51:57,291 [MainThread] [INFO ]  Server train time: 272.9493737220764
2023-02-26 11:51:57,301 [MainThread] [INFO ]  Model saved at /home/dengzhiling/.local/lib/python3.10/site-packages/easyfl/main/saved_models/_global_model_r_59.pth
2023-02-26 11:51:57,301 [MainThread] [INFO ]  
-------- round 60 --------
2023-02-26 11:51:57,301 [MainThread] [INFO ]  --- start training ---
client: f0000005
--- local_update_loss : 1.09
client: f0000008
--- local_update_loss : 0.85
--- DML_update_loss(A model) with Client:f0000003: 1.39
--- DML_update_loss(A model) with Client:f0000001: 1.50
--------- test avarage ---------
--- All clients' test loss: 0.91
--- All clients' test acc: 65.88%
2023-02-26 11:56:27,224 [MainThread] [INFO ]  Server train time: 269.9231696128845
2023-02-26 11:56:27,225 [MainThread] [INFO ]  
-------- round 61 --------
2023-02-26 11:56:27,225 [MainThread] [INFO ]  --- start training ---
client: f0000006
--- local_update_loss : 1.02
client: f0000004
--- local_update_loss : 1.09
--- DML_update_loss(A model) with Client:f0000001: 1.49
--- DML_update_loss(A model) with Client:f0000007: 1.40
--------- test avarage ---------
--- All clients' test loss: 1.00
--- All clients' test acc: 62.58%
2023-02-26 12:01:02,927 [MainThread] [INFO ]  Server train time: 275.70076155662537
2023-02-26 12:01:02,927 [MainThread] [INFO ]  
-------- round 62 --------
2023-02-26 12:01:02,928 [MainThread] [INFO ]  --- start training ---
client: f0000000
--- local_update_loss : 1.13
client: f0000004
--- local_update_loss : 1.05
--- DML_update_loss(A model) with Client:f0000009: 1.51
--- DML_update_loss(A model) with Client:f0000007: 1.40
--------- test avarage ---------
--- All clients' test loss: 1.05
--- All clients' test acc: 61.85%
2023-02-26 12:05:33,928 [MainThread] [INFO ]  Server train time: 270.99963212013245
2023-02-26 12:05:33,928 [MainThread] [INFO ]  
-------- round 63 --------
2023-02-26 12:05:33,929 [MainThread] [INFO ]  --- start training ---
client: f0000005
--- local_update_loss : 1.05
client: f0000009
--- local_update_loss : 1.10
--- DML_update_loss(A model) with Client:f0000002: 1.43
--- DML_update_loss(A model) with Client:f0000000: 1.54
--------- test avarage ---------
--- All clients' test loss: 1.04
--- All clients' test acc: 62.30%
2023-02-26 12:10:05,970 [MainThread] [INFO ]  Server train time: 272.0409667491913
2023-02-26 12:10:05,971 [MainThread] [INFO ]  
-------- round 64 --------
2023-02-26 12:10:05,971 [MainThread] [INFO ]  --- start training ---
client: f0000002
--- local_update_loss : 0.96
client: f0000000
--- local_update_loss : 1.12
--- DML_update_loss(A model) with Client:f0000009: 1.52
--- DML_update_loss(A model) with Client:f0000004: 1.52
--------- test avarage ---------
--- All clients' test loss: 1.05
--- All clients' test acc: 62.38%
2023-02-26 12:14:37,595 [MainThread] [INFO ]  Server train time: 271.62345123291016
2023-02-26 12:14:37,596 [MainThread] [INFO ]  
-------- round 65 --------
2023-02-26 12:14:37,596 [MainThread] [INFO ]  --- start training ---
client: f0000003
--- local_update_loss : 0.90
client: f0000002
--- local_update_loss : 0.92
--- DML_update_loss(A model) with Client:f0000009: 1.51
--- DML_update_loss(A model) with Client:f0000001: 1.50
--------- test avarage ---------
--- All clients' test loss: 0.99
--- All clients' test acc: 64.45%
2023-02-26 12:19:08,259 [MainThread] [INFO ]  Server train time: 270.6632270812988
2023-02-26 12:19:08,260 [MainThread] [INFO ]  
-------- round 66 --------
2023-02-26 12:19:08,260 [MainThread] [INFO ]  --- start training ---
client: f0000000
--- local_update_loss : 1.09
client: f0000008
--- local_update_loss : 0.83
--- DML_update_loss(A model) with Client:f0000002: 1.43
--- DML_update_loss(A model) with Client:f0000004: 1.52
--------- test avarage ---------
--- All clients' test loss: 1.00
--- All clients' test acc: 64.77%
2023-02-26 12:23:38,883 [MainThread] [INFO ]  Server train time: 270.62210988998413
2023-02-26 12:23:38,884 [MainThread] [INFO ]  
-------- round 67 --------
2023-02-26 12:23:38,884 [MainThread] [INFO ]  --- start training ---
client: f0000000
--- local_update_loss : 1.07
client: f0000004
--- local_update_loss : 1.09
--- DML_update_loss(A model) with Client:f0000001: 1.50
--- DML_update_loss(A model) with Client:f0000002: 1.42
--------- test avarage ---------
--- All clients' test loss: 1.00
--- All clients' test acc: 62.95%
2023-02-26 12:28:09,408 [MainThread] [INFO ]  Server train time: 270.5242660045624
2023-02-26 12:28:09,409 [MainThread] [INFO ]  
-------- round 68 --------
2023-02-26 12:28:09,409 [MainThread] [INFO ]  --- start training ---
client: f0000006
--- local_update_loss : 0.99
client: f0000001
--- local_update_loss : 1.07
--- DML_update_loss(A model) with Client:f0000004: 1.52
--- DML_update_loss(A model) with Client:f0000007: 1.40
--------- test avarage ---------
--- All clients' test loss: 1.03
--- All clients' test acc: 63.10%
2023-02-26 12:32:42,067 [MainThread] [INFO ]  Server train time: 272.6572575569153
2023-02-26 12:32:42,068 [MainThread] [INFO ]  
-------- round 69 --------
2023-02-26 12:32:42,068 [MainThread] [INFO ]  --- start training ---
client: f0000003
--- local_update_loss : 0.86
client: f0000008
--- local_update_loss : 0.81
--- DML_update_loss(A model) with Client:f0000001: 1.50
--- DML_update_loss(A model) with Client:f0000005: 1.52
--------- test avarage ---------
--- All clients' test loss: 0.95
--- All clients' test acc: 65.45%
2023-02-26 12:37:13,287 [MainThread] [INFO ]  Server train time: 271.2190930843353
2023-02-26 12:37:13,310 [MainThread] [INFO ]  Model saved at /home/dengzhiling/.local/lib/python3.10/site-packages/easyfl/main/saved_models/_global_model_r_69.pth
2023-02-26 12:37:13,310 [MainThread] [INFO ]  
-------- round 70 --------
2023-02-26 12:37:13,310 [MainThread] [INFO ]  --- start training ---
client: f0000005
--- local_update_loss : 1.09
client: f0000008
--- local_update_loss : 0.80
--- DML_update_loss(A model) with Client:f0000004: 1.52
--- DML_update_loss(A model) with Client:f0000007: 1.40
--------- test avarage ---------
--- All clients' test loss: 0.95
--- All clients' test acc: 65.72%
2023-02-26 12:41:48,542 [MainThread] [INFO ]  Server train time: 275.2313413619995
2023-02-26 12:41:48,543 [MainThread] [INFO ]  
-------- round 71 --------
2023-02-26 12:41:48,543 [MainThread] [INFO ]  --- start training ---
client: f0000004
--- local_update_loss : 1.09
client: f0000005
--- local_update_loss : 1.06
--- DML_update_loss(A model) with Client:f0000001: 1.50
--- DML_update_loss(A model) with Client:f0000006: 1.51
--------- test avarage ---------
--- All clients' test loss: 1.02
--- All clients' test acc: 62.23%
2023-02-26 12:46:18,692 [MainThread] [INFO ]  Server train time: 270.1485471725464
2023-02-26 12:46:18,693 [MainThread] [INFO ]  
-------- round 72 --------
2023-02-26 12:46:18,693 [MainThread] [INFO ]  --- start training ---
client: f0000000
--- local_update_loss : 1.05
client: f0000004
--- local_update_loss : 1.06
--- DML_update_loss(A model) with Client:f0000009: 1.52
--- DML_update_loss(A model) with Client:f0000001: 1.49
--------- test avarage ---------
--- All clients' test loss: 1.07
--- All clients' test acc: 60.60%
2023-02-26 12:50:49,836 [MainThread] [INFO ]  Server train time: 271.14231061935425
2023-02-26 12:50:49,837 [MainThread] [INFO ]  
-------- round 73 --------
2023-02-26 12:50:49,837 [MainThread] [INFO ]  --- start training ---
client: f0000007
--- local_update_loss : 0.93
client: f0000004
--- local_update_loss : 1.04
--- DML_update_loss(A model) with Client:f0000000: 1.54
--- DML_update_loss(A model) with Client:f0000002: 1.42
--------- test avarage ---------
--- All clients' test loss: 0.96
--- All clients' test acc: 65.18%
2023-02-26 12:55:21,472 [MainThread] [INFO ]  Server train time: 271.63473296165466
2023-02-26 12:55:21,473 [MainThread] [INFO ]  
-------- round 74 --------
2023-02-26 12:55:21,473 [MainThread] [INFO ]  --- start training ---
client: f0000000
--- local_update_loss : 1.12
client: f0000005
--- local_update_loss : 1.04
--- DML_update_loss(A model) with Client:f0000008: 1.42
--- DML_update_loss(A model) with Client:f0000004: 1.54
--------- test avarage ---------
--- All clients' test loss: 0.99
--- All clients' test acc: 64.08%
2023-02-26 12:59:54,593 [MainThread] [INFO ]  Server train time: 273.1198468208313
2023-02-26 12:59:54,594 [MainThread] [INFO ]  
-------- round 75 --------
2023-02-26 12:59:54,594 [MainThread] [INFO ]  --- start training ---
client: f0000006
--- local_update_loss : 1.08
client: f0000004
--- local_update_loss : 1.10
--- DML_update_loss(A model) with Client:f0000001: 1.50
--- DML_update_loss(A model) with Client:f0000005: 1.53
--------- test avarage ---------
--- All clients' test loss: 1.02
--- All clients' test acc: 62.12%
2023-02-26 13:04:26,149 [MainThread] [INFO ]  Server train time: 271.55479645729065
2023-02-26 13:04:26,150 [MainThread] [INFO ]  
-------- round 76 --------
2023-02-26 13:04:26,150 [MainThread] [INFO ]  --- start training ---
client: f0000006
--- local_update_loss : 1.04
client: f0000003
--- local_update_loss : 0.84
--- DML_update_loss(A model) with Client:f0000007: 1.40
--- DML_update_loss(A model) with Client:f0000008: 1.40
--------- test avarage ---------
--- All clients' test loss: 0.88
--- All clients' test acc: 67.98%
2023-02-26 13:08:57,794 [MainThread] [INFO ]  Server train time: 271.6436960697174
2023-02-26 13:08:57,795 [MainThread] [INFO ]  
-------- round 77 --------
2023-02-26 13:08:57,795 [MainThread] [INFO ]  --- start training ---
client: f0000002
--- local_update_loss : 0.96
client: f0000001
--- local_update_loss : 1.08
--- DML_update_loss(A model) with Client:f0000007: 1.41
--- DML_update_loss(A model) with Client:f0000008: 1.40
--------- test avarage ---------
--- All clients' test loss: 0.91
--- All clients' test acc: 66.60%
2023-02-26 13:13:28,899 [MainThread] [INFO ]  Server train time: 271.1036138534546
2023-02-26 13:13:28,900 [MainThread] [INFO ]  
-------- round 78 --------
2023-02-26 13:13:28,900 [MainThread] [INFO ]  --- start training ---
client: f0000003
--- local_update_loss : 0.82
client: f0000002
--- local_update_loss : 0.92
--- DML_update_loss(A model) with Client:f0000007: 1.40
--- DML_update_loss(A model) with Client:f0000004: 1.53
--------- test avarage ---------
--- All clients' test loss: 0.94
--- All clients' test acc: 67.33%
2023-02-26 13:17:58,665 [MainThread] [INFO ]  Server train time: 269.76447439193726
2023-02-26 13:17:58,666 [MainThread] [INFO ]  
-------- round 79 --------
2023-02-26 13:17:58,666 [MainThread] [INFO ]  --- start training ---
client: f0000009
--- local_update_loss : 1.09
client: f0000005
--- local_update_loss : 1.10
--- DML_update_loss(A model) with Client:f0000006: 1.51
--- DML_update_loss(A model) with Client:f0000007: 1.41
--------- test avarage ---------
--- All clients' test loss: 1.01
--- All clients' test acc: 63.00%
2023-02-26 13:22:30,029 [MainThread] [INFO ]  Server train time: 271.36238384246826
2023-02-26 13:22:30,038 [MainThread] [INFO ]  Model saved at /home/dengzhiling/.local/lib/python3.10/site-packages/easyfl/main/saved_models/_global_model_r_79.pth
2023-02-26 13:22:30,038 [MainThread] [INFO ]  
-------- round 80 --------
2023-02-26 13:22:30,038 [MainThread] [INFO ]  --- start training ---
client: f0000000
--- local_update_loss : 1.08
client: f0000009
--- local_update_loss : 1.05
--- DML_update_loss(A model) with Client:f0000006: 1.50
--- DML_update_loss(A model) with Client:f0000002: 1.43
--------- test avarage ---------
--- All clients' test loss: 1.02
--- All clients' test acc: 63.25%
2023-02-26 13:27:11,048 [MainThread] [INFO ]  Server train time: 281.00906467437744
2023-02-26 13:27:11,049 [MainThread] [INFO ]  
-------- round 81 --------
2023-02-26 13:27:11,049 [MainThread] [INFO ]  --- start training ---
client: f0000007
--- local_update_loss : 0.93
client: f0000002
--- local_update_loss : 0.96
--- DML_update_loss(A model) with Client:f0000008: 1.39
--- DML_update_loss(A model) with Client:f0000006: 1.50
--------- test avarage ---------
--- All clients' test loss: 0.95
--- All clients' test acc: 66.03%
2023-02-26 13:31:42,990 [MainThread] [INFO ]  Server train time: 271.94109296798706
2023-02-26 13:31:42,991 [MainThread] [INFO ]  
-------- round 82 --------
2023-02-26 13:31:42,991 [MainThread] [INFO ]  --- start training ---
client: f0000001
--- local_update_loss : 1.04
client: f0000006
--- local_update_loss : 1.08
--- DML_update_loss(A model) with Client:f0000000: 1.55
--- DML_update_loss(A model) with Client:f0000002: 1.43
--------- test avarage ---------
--- All clients' test loss: 1.04
--- All clients' test acc: 62.25%
2023-02-26 13:36:16,445 [MainThread] [INFO ]  Server train time: 273.4530625343323
2023-02-26 13:36:16,446 [MainThread] [INFO ]  
-------- round 83 --------
2023-02-26 13:36:16,446 [MainThread] [INFO ]  --- start training ---
client: f0000009
--- local_update_loss : 1.03
client: f0000001
--- local_update_loss : 1.01
--- DML_update_loss(A model) with Client:f0000002: 1.43
--- DML_update_loss(A model) with Client:f0000006: 1.50
--------- test avarage ---------
--- All clients' test loss: 1.03
--- All clients' test acc: 62.85%
2023-02-26 13:40:55,979 [MainThread] [INFO ]  Server train time: 279.53324341773987
2023-02-26 13:40:55,980 [MainThread] [INFO ]  
-------- round 84 --------
2023-02-26 13:40:55,980 [MainThread] [INFO ]  --- start training ---
client: f0000003
--- local_update_loss : 0.80
client: f0000006
--- local_update_loss : 1.08
--- DML_update_loss(A model) with Client:f0000000: 1.53
--- DML_update_loss(A model) with Client:f0000001: 1.51
--------- test avarage ---------
--- All clients' test loss: 0.99
--- All clients' test acc: 63.88%
2023-02-26 13:45:32,762 [MainThread] [INFO ]  Server train time: 276.7808837890625
2023-02-26 13:45:32,763 [MainThread] [INFO ]  
-------- round 85 --------
2023-02-26 13:45:32,763 [MainThread] [INFO ]  --- start training ---
client: f0000009
--- local_update_loss : 1.02
client: f0000006
--- local_update_loss : 1.04
--- DML_update_loss(A model) with Client:f0000002: 1.43
--- DML_update_loss(A model) with Client:f0000007: 1.41
--------- test avarage ---------
--- All clients' test loss: 0.97
--- All clients' test acc: 65.40%
2023-02-26 13:50:06,994 [MainThread] [INFO ]  Server train time: 274.2309274673462
2023-02-26 13:50:06,995 [MainThread] [INFO ]  
-------- round 86 --------
2023-02-26 13:50:06,995 [MainThread] [INFO ]  --- start training ---
client: f0000002
--- local_update_loss : 0.97
client: f0000006
--- local_update_loss : 1.01
--- DML_update_loss(A model) with Client:f0000000: 1.54
--- DML_update_loss(A model) with Client:f0000001: 1.50
--------- test avarage ---------
--- All clients' test loss: 1.01
--- All clients' test acc: 63.80%
2023-02-26 13:54:45,408 [MainThread] [INFO ]  Server train time: 278.41323161125183
2023-02-26 13:54:45,409 [MainThread] [INFO ]  
-------- round 87 --------
2023-02-26 13:54:45,410 [MainThread] [INFO ]  --- start training ---
client: f0000002
--- local_update_loss : 0.93
client: f0000004
--- local_update_loss : 1.09
--- DML_update_loss(A model) with Client:f0000005: 1.52
--- DML_update_loss(A model) with Client:f0000007: 1.40
--------- test avarage ---------
--- All clients' test loss: 0.95
--- All clients' test acc: 65.25%
2023-02-26 13:59:21,630 [MainThread] [INFO ]  Server train time: 276.2199954986572
2023-02-26 13:59:21,631 [MainThread] [INFO ]  
-------- round 88 --------
2023-02-26 13:59:21,631 [MainThread] [INFO ]  --- start training ---
client: f0000009
--- local_update_loss : 1.00
client: f0000003
--- local_update_loss : 0.79
--- DML_update_loss(A model) with Client:f0000001: 1.50
--- DML_update_loss(A model) with Client:f0000007: 1.40
--------- test avarage ---------
--- All clients' test loss: 0.99
--- All clients' test acc: 64.75%
2023-02-26 14:04:02,427 [MainThread] [INFO ]  Server train time: 280.795893907547
2023-02-26 14:04:02,428 [MainThread] [INFO ]  
-------- round 89 --------
2023-02-26 14:04:02,428 [MainThread] [INFO ]  --- start training ---
client: f0000001
--- local_update_loss : 1.07
client: f0000007
--- local_update_loss : 0.93
--- DML_update_loss(A model) with Client:f0000005: 1.51
--- DML_update_loss(A model) with Client:f0000008: 1.40
--------- test avarage ---------
--- All clients' test loss: 0.97
--- All clients' test acc: 64.92%
2023-02-26 14:08:33,964 [MainThread] [INFO ]  Server train time: 271.5355944633484
2023-02-26 14:08:33,974 [MainThread] [INFO ]  Model saved at /home/dengzhiling/.local/lib/python3.10/site-packages/easyfl/main/saved_models/_global_model_r_89.pth
2023-02-26 14:08:33,974 [MainThread] [INFO ]  
-------- round 90 --------
2023-02-26 14:08:33,974 [MainThread] [INFO ]  --- start training ---
client: f0000008
--- local_update_loss : 0.93
client: f0000001
--- local_update_loss : 1.03
--- DML_update_loss(A model) with Client:f0000003: 1.40
--- DML_update_loss(A model) with Client:f0000002: 1.43
--------- test avarage ---------
--- All clients' test loss: 0.92
--- All clients' test acc: 67.25%
2023-02-26 14:13:11,137 [MainThread] [INFO ]  Server train time: 277.1622519493103
2023-02-26 14:13:11,137 [MainThread] [INFO ]  
-------- round 91 --------
2023-02-26 14:13:11,138 [MainThread] [INFO ]  --- start training ---
client: f0000003
--- local_update_loss : 0.90
client: f0000000
--- local_update_loss : 1.13
--- DML_update_loss(A model) with Client:f0000009: 1.53
--- DML_update_loss(A model) with Client:f0000002: 1.42
--------- test avarage ---------
--- All clients' test loss: 0.97
--- All clients' test acc: 65.92%
2023-02-26 14:17:45,288 [MainThread] [INFO ]  Server train time: 274.1501920223236
2023-02-26 14:17:45,289 [MainThread] [INFO ]  
-------- round 92 --------
2023-02-26 14:17:45,289 [MainThread] [INFO ]  --- start training ---
client: f0000007
--- local_update_loss : 0.89
client: f0000000
--- local_update_loss : 1.09
--- DML_update_loss(A model) with Client:f0000008: 1.40
--- DML_update_loss(A model) with Client:f0000002: 1.42
--------- test avarage ---------
--- All clients' test loss: 0.95
--- All clients' test acc: 66.65%
2023-02-26 14:22:19,464 [MainThread] [INFO ]  Server train time: 274.1744964122772
2023-02-26 14:22:19,465 [MainThread] [INFO ]  
-------- round 93 --------
2023-02-26 14:22:19,465 [MainThread] [INFO ]  --- start training ---
client: f0000002
--- local_update_loss : 0.96
client: f0000008
--- local_update_loss : 0.93
--- DML_update_loss(A model) with Client:f0000006: 1.52
--- DML_update_loss(A model) with Client:f0000000: 1.55
--------- test avarage ---------
--- All clients' test loss: 1.02
--- All clients' test acc: 63.03%
2023-02-26 14:27:00,830 [MainThread] [INFO ]  Server train time: 281.36467599868774
2023-02-26 14:27:00,831 [MainThread] [INFO ]  
-------- round 94 --------
2023-02-26 14:27:00,831 [MainThread] [INFO ]  --- start training ---
client: f0000004
--- local_update_loss : 1.06
client: f0000006
--- local_update_loss : 1.08
--- DML_update_loss(A model) with Client:f0000003: 1.39
--- DML_update_loss(A model) with Client:f0000009: 1.52
--------- test avarage ---------
--- All clients' test loss: 0.98
--- All clients' test acc: 64.67%
2023-02-26 14:31:37,974 [MainThread] [INFO ]  Server train time: 277.142169713974
2023-02-26 14:31:37,975 [MainThread] [INFO ]  
-------- round 95 --------
2023-02-26 14:31:37,975 [MainThread] [INFO ]  --- start training ---
client: f0000008
--- local_update_loss : 0.88
client: f0000001
--- local_update_loss : 1.01
--- DML_update_loss(A model) with Client:f0000003: 1.37
--- DML_update_loss(A model) with Client:f0000009: 1.52
--------- test avarage ---------
--- All clients' test loss: 0.95
--- All clients' test acc: 65.30%
2023-02-26 14:36:13,137 [MainThread] [INFO ]  Server train time: 275.1616675853729
2023-02-26 14:36:13,138 [MainThread] [INFO ]  
-------- round 96 --------
2023-02-26 14:36:13,138 [MainThread] [INFO ]  --- start training ---
client: f0000000
--- local_update_loss : 1.12
client: f0000008
--- local_update_loss : 0.86
--- DML_update_loss(A model) with Client:f0000002: 1.43
--- DML_update_loss(A model) with Client:f0000006: 1.50
--------- test avarage ---------
--- All clients' test loss: 0.96
--- All clients' test acc: 65.12%
2023-02-26 14:40:50,574 [MainThread] [INFO ]  Server train time: 277.43524193763733
2023-02-26 14:40:50,574 [MainThread] [INFO ]  
-------- round 97 --------
2023-02-26 14:40:50,575 [MainThread] [INFO ]  --- start training ---
client: f0000007
--- local_update_loss : 0.86
client: f0000001
--- local_update_loss : 1.00
--- DML_update_loss(A model) with Client:f0000004: 1.52
--- DML_update_loss(A model) with Client:f0000009: 1.51
--------- test avarage ---------
--- All clients' test loss: 1.00
--- All clients' test acc: 64.22%
2023-02-26 14:45:23,614 [MainThread] [INFO ]  Server train time: 273.0393147468567
2023-02-26 14:45:23,615 [MainThread] [INFO ]  
-------- round 98 --------
2023-02-26 14:45:23,615 [MainThread] [INFO ]  --- start training ---
client: f0000000
--- local_update_loss : 1.08
client: f0000005
--- local_update_loss : 1.11
--- DML_update_loss(A model) with Client:f0000009: 1.52
--- DML_update_loss(A model) with Client:f0000006: 1.50
--------- test avarage ---------
--- All clients' test loss: 1.05
--- All clients' test acc: 61.83%
2023-02-26 14:49:56,778 [MainThread] [INFO ]  Server train time: 273.16202092170715
2023-02-26 14:49:56,779 [MainThread] [INFO ]  
-------- round 99 --------
2023-02-26 14:49:56,779 [MainThread] [INFO ]  --- start training ---
client: f0000008
--- local_update_loss : 0.84
client: f0000005
--- local_update_loss : 1.06
--- DML_update_loss(A model) with Client:f0000004: 1.52
--- DML_update_loss(A model) with Client:f0000006: 1.50
--------- test avarage ---------
--- All clients' test loss: 0.99
--- All clients' test acc: 63.45%
2023-02-26 14:54:28,228 [MainThread] [INFO ]  Server train time: 271.44901299476624
2023-02-26 14:54:28,238 [MainThread] [INFO ]  Model saved at /home/dengzhiling/.local/lib/python3.10/site-packages/easyfl/main/saved_models/_global_model_r_99.pth
2023-02-26 14:54:28,238 [MainThread] [INFO ]  
-------- round 100 --------
2023-02-26 14:54:28,238 [MainThread] [INFO ]  --- start training ---
client: f0000007
--- local_update_loss : 0.84
client: f0000006
--- local_update_loss : 1.08
--- DML_update_loss(A model) with Client:f0000008: 1.41
--- DML_update_loss(A model) with Client:f0000003: 1.38
--------- test avarage ---------
--- All clients' test loss: 0.92
--- All clients' test acc: 67.25%
2023-02-26 14:59:02,252 [MainThread] [INFO ]  Server train time: 274.013911485672
2023-02-26 14:59:02,253 [MainThread] [INFO ]  
-------- round 101 --------
2023-02-26 14:59:02,253 [MainThread] [INFO ]  --- start training ---
client: f0000008
--- local_update_loss : 0.92
client: f0000002
--- local_update_loss : 0.96
--- DML_update_loss(A model) with Client:f0000007: 1.42
--- DML_update_loss(A model) with Client:f0000004: 1.52
--------- test avarage ---------
--- All clients' test loss: 0.92
--- All clients' test acc: 67.08%
2023-02-26 15:03:37,717 [MainThread] [INFO ]  Server train time: 275.46371626853943
2023-02-26 15:03:37,718 [MainThread] [INFO ]  
-------- round 102 --------
2023-02-26 15:03:37,718 [MainThread] [INFO ]  --- start training ---
client: f0000004
--- local_update_loss : 1.09
client: f0000009
--- local_update_loss : 1.10
--- DML_update_loss(A model) with Client:f0000002: 1.43
--- DML_update_loss(A model) with Client:f0000001: 1.51
--------- test avarage ---------
--- All clients' test loss: 1.04
--- All clients' test acc: 61.50%
2023-02-26 15:08:08,768 [MainThread] [INFO ]  Server train time: 271.04912781715393
2023-02-26 15:08:08,769 [MainThread] [INFO ]  
-------- round 103 --------
2023-02-26 15:08:08,769 [MainThread] [INFO ]  --- start training ---
client: f0000002
--- local_update_loss : 0.96
client: f0000009
--- local_update_loss : 1.07
--- DML_update_loss(A model) with Client:f0000008: 1.40
--- DML_update_loss(A model) with Client:f0000000: 1.54
--------- test avarage ---------
--- All clients' test loss: 1.00
--- All clients' test acc: 63.70%
2023-02-26 15:12:41,186 [MainThread] [INFO ]  Server train time: 272.4170722961426
2023-02-26 15:12:41,187 [MainThread] [INFO ]  
-------- round 104 --------
2023-02-26 15:12:41,187 [MainThread] [INFO ]  --- start training ---
client: f0000002
--- local_update_loss : 0.92
client: f0000007
--- local_update_loss : 0.92
--- DML_update_loss(A model) with Client:f0000008: 1.40
Traceback (most recent call last):
  File "/home/dengzhiling/.local/lib/python3.10/site-packages/easyfl/main/main.py", line 26, in <module>
    easyfl.run()
  File "/home/dengzhiling/.local/lib/python3.10/site-packages/easyfl/coordinator.py", line 390, in run
    _global_coord.run()
  File "/home/dengzhiling/.local/lib/python3.10/site-packages/easyfl/coordinator.py", line 80, in run
    self.server.start(self.model, self.clients)
  File "/home/dengzhiling/.local/lib/python3.10/site-packages/easyfl/server/base.py", line 164, in start
    self.train()
  File "/home/dengzhiling/.local/lib/python3.10/site-packages/easyfl/server/base.py", line 200, in train
    self.distribution_to_train()
  File "/home/dengzhiling/.local/lib/python3.10/site-packages/easyfl/server/base.py", line 347, in distribution_to_train
    self.distribution_to_train_locally()
  File "/home/dengzhiling/.local/lib/python3.10/site-packages/easyfl/main/CustomizeServer.py", line 89, in distribution_to_train_locally
    # AmodelBDML
  File "/home/dengzhiling/.local/lib/python3.10/site-packages/easyfl/main/CustomizedClient.py", line 154, in run_train
    self.train(conf, self.device, train_local_only) # 
  File "/home/dengzhiling/.local/lib/python3.10/site-packages/easyfl/main/CustomizedClient.py", line 142, in train
    self.train_DML(conf, device)
  File "/home/dengzhiling/.local/lib/python3.10/site-packages/easyfl/main/CustomizedClient.py", line 99, in train_DML
    loss_B.backward(retain_graph=True)
  File "/home/dengzhiling/.local/lib/python3.10/site-packages/torch/_tensor.py", line 488, in backward
    torch.autograd.backward(
  File "/home/dengzhiling/.local/lib/python3.10/site-packages/torch/autograd/__init__.py", line 197, in backward
    Variable._execution_engine.run_backward(  # Calls into the C++ engine to run the backward pass
KeyboardInterrupt
