2023-02-26 09:03:30,954 [MainThread] [INFO ]  Configurations: {'task_id': '', 'data': {'root': './data/', 'dataset': 'cifar10', 'split_type': 'class', 'min_size': 10, 'data_amount': 0.05, 'iid_fraction': 0.1, 'user': False, 'train_test_split': 0.8, 'class_per_client': 8, 'num_of_clients': 10, 'alpha': 0.2, 'weights': None}, 'model': 'simple_cnn', 'test_mode': 'test_in_client', 'test_method': 'average', 'server': {'track': False, 'rounds': 2000, 'clients_per_round': 2, 'test_every': 1, 'save_model_every': 10, 'save_model_path': '', 'batch_size': 64, 'test_all': True, 'random_selection': True, 'aggregation_stragtegy': 'EQUAL_AVERAGE', 'aggregation_content': 'all'}, 'client': {'track': False, 'batch_size': 200, 'test_batch_size': 5, 'local_epoch': 20, 'optimizer': {'type': 'SGD', 'lr': 0.01, 'momentum': 0.5, 'weight_decay': 0.0005, 'nesterov': True}, 'seed': 0, 'local_test': True}, 'gpu': 1, 'distributed': {'backend': 'nccl', 'init_method': '', 'world_size': 0, 'rank': 0, 'local_rank': 0}, 'tracking': {'database': '', 'log_file': '', 'log_level': 'INFO', 'metric_file': '', 'save_every': 1}, 'resource_heterogeneous': {'simulate': False, 'hetero_type': 'real', 'level': 3, 'sleep_group_num': 1000, 'total_time': 1000, 'fraction': 1, 'grouping_strategy': 'greedy', 'initial_default_time': 5, 'default_time_momentum': 0.2}, 'seed': 0, 'is_distributed': False, 'device': 0}
2023-02-26 09:03:31,063 [MainThread] [INFO ]  Total training data amount: 50000
2023-02-26 09:03:31,063 [MainThread] [INFO ]  Total testing data amount: 10000
local_batch_size: 128, DML_batch_size: 16, local_epoch: 5, DML_epoch: 15, alpha: 1, beta: 1, DML_lr: 0.015
local_batch_size: 128, DML_batch_size: 16, local_epoch: 5, DML_epoch: 15, alpha: 1, beta: 1, DML_lr: 0.015
local_batch_size: 128, DML_batch_size: 16, local_epoch: 5, DML_epoch: 15, alpha: 1, beta: 1, DML_lr: 0.015
local_batch_size: 128, DML_batch_size: 16, local_epoch: 5, DML_epoch: 15, alpha: 1, beta: 1, DML_lr: 0.015
local_batch_size: 128, DML_batch_size: 16, local_epoch: 5, DML_epoch: 15, alpha: 1, beta: 1, DML_lr: 0.015
local_batch_size: 128, DML_batch_size: 16, local_epoch: 5, DML_epoch: 15, alpha: 1, beta: 1, DML_lr: 0.015
local_batch_size: 128, DML_batch_size: 16, local_epoch: 5, DML_epoch: 15, alpha: 1, beta: 1, DML_lr: 0.015
local_batch_size: 128, DML_batch_size: 16, local_epoch: 5, DML_epoch: 15, alpha: 1, beta: 1, DML_lr: 0.015
local_batch_size: 128, DML_batch_size: 16, local_epoch: 5, DML_epoch: 15, alpha: 1, beta: 1, DML_lr: 0.015
local_batch_size: 128, DML_batch_size: 16, local_epoch: 5, DML_epoch: 15, alpha: 1, beta: 1, DML_lr: 0.015
2023-02-26 09:03:31,095 [MainThread] [INFO ]  Clients in total: 10
2023-02-26 09:03:31,129 [MainThread] [INFO ]  
-------- round 0 --------
2023-02-26 09:03:31,129 [MainThread] [INFO ]  --- start training ---
client: f0000002
--- local_update_loss : 2.03
client: f0000008
--- local_update_loss : 2.12
--- DML_update_loss(A model) with Client:f0000004: 1.58
--- DML_update_loss(A model) with Client:f0000000: 1.61
--------- test avarage ---------
--- All clients' test loss: 1.61
--- All clients' test acc: 37.98%
2023-02-26 09:08:04,914 [MainThread] [INFO ]  Server train time: 273.78396701812744
2023-02-26 09:08:04,914 [MainThread] [INFO ]  
-------- round 1 --------
2023-02-26 09:08:04,915 [MainThread] [INFO ]  --- start training ---
client: f0000005
--- local_update_loss : 2.11
client: f0000009
--- local_update_loss : 2.11
--- DML_update_loss(A model) with Client:f0000004: 1.51
--- DML_update_loss(A model) with Client:f0000003: 1.45
--------- test avarage ---------
--- All clients' test loss: 1.58
--- All clients' test acc: 37.80%
2023-02-26 09:12:36,960 [MainThread] [INFO ]  Server train time: 272.044757604599
2023-02-26 09:12:36,961 [MainThread] [INFO ]  
-------- round 2 --------
2023-02-26 09:12:36,961 [MainThread] [INFO ]  --- start training ---
client: f0000005
--- local_update_loss : 1.93
client: f0000009
--- local_update_loss : 1.89
--- DML_update_loss(A model) with Client:f0000004: 1.51
--- DML_update_loss(A model) with Client:f0000003: 1.37
--------- test avarage ---------
--- All clients' test loss: 1.46
--- All clients' test acc: 45.55%
2023-02-26 09:17:08,345 [MainThread] [INFO ]  Server train time: 271.38381814956665
2023-02-26 09:17:08,346 [MainThread] [INFO ]  
-------- round 3 --------
2023-02-26 09:17:08,346 [MainThread] [INFO ]  --- start training ---
client: f0000005
--- local_update_loss : 1.81
client: f0000009
--- local_update_loss : 1.80
--- DML_update_loss(A model) with Client:f0000004: 1.51
--- DML_update_loss(A model) with Client:f0000003: 1.37
--------- test avarage ---------
--- All clients' test loss: 1.37
--- All clients' test acc: 49.55%
2023-02-26 09:21:43,308 [MainThread] [INFO ]  Server train time: 274.9614460468292
2023-02-26 09:21:43,309 [MainThread] [INFO ]  
-------- round 4 --------
2023-02-26 09:21:43,309 [MainThread] [INFO ]  --- start training ---
client: f0000005
--- local_update_loss : 1.71
client: f0000009
--- local_update_loss : 1.72
--- DML_update_loss(A model) with Client:f0000004: 1.52
--- DML_update_loss(A model) with Client:f0000003: 1.38
--------- test avarage ---------
--- All clients' test loss: 1.35
--- All clients' test acc: 48.97%
2023-02-26 09:26:18,442 [MainThread] [INFO ]  Server train time: 275.1330499649048
2023-02-26 09:26:18,443 [MainThread] [INFO ]  
-------- round 5 --------
2023-02-26 09:26:18,443 [MainThread] [INFO ]  --- start training ---
client: f0000005
--- local_update_loss : 1.64
client: f0000009
--- local_update_loss : 1.65
--- DML_update_loss(A model) with Client:f0000004: 1.52
--- DML_update_loss(A model) with Client:f0000003: 1.38
--------- test avarage ---------
--- All clients' test loss: 1.77
--- All clients' test acc: 45.78%
2023-02-26 09:30:52,470 [MainThread] [INFO ]  Server train time: 274.02655506134033
2023-02-26 09:30:52,471 [MainThread] [INFO ]  
-------- round 6 --------
2023-02-26 09:30:52,471 [MainThread] [INFO ]  --- start training ---
client: f0000005
--- local_update_loss : 1.58
client: f0000009
--- local_update_loss : 1.61
--- DML_update_loss(A model) with Client:f0000004: 1.52
--- DML_update_loss(A model) with Client:f0000003: 1.37
--------- test avarage ---------
--- All clients' test loss: 1.29
--- All clients' test acc: 52.80%
2023-02-26 09:35:24,727 [MainThread] [INFO ]  Server train time: 272.25565671920776
2023-02-26 09:35:24,728 [MainThread] [INFO ]  
-------- round 7 --------
2023-02-26 09:35:24,728 [MainThread] [INFO ]  --- start training ---
client: f0000005
--- local_update_loss : 1.53
client: f0000009
--- local_update_loss : 1.57
--- DML_update_loss(A model) with Client:f0000004: 1.52
--- DML_update_loss(A model) with Client:f0000003: 1.37
--------- test avarage ---------
--- All clients' test loss: 1.26
--- All clients' test acc: 53.48%
2023-02-26 09:39:59,086 [MainThread] [INFO ]  Server train time: 274.35808634757996
2023-02-26 09:39:59,087 [MainThread] [INFO ]  
-------- round 8 --------
2023-02-26 09:39:59,087 [MainThread] [INFO ]  --- start training ---
client: f0000005
--- local_update_loss : 1.51
client: f0000009
--- local_update_loss : 1.54
--- DML_update_loss(A model) with Client:f0000004: 1.52
--- DML_update_loss(A model) with Client:f0000003: 1.38
--------- test avarage ---------
--- All clients' test loss: 1.22
--- All clients' test acc: 55.70%
2023-02-26 09:44:32,054 [MainThread] [INFO ]  Server train time: 272.9666976928711
2023-02-26 09:44:32,055 [MainThread] [INFO ]  
-------- round 9 --------
2023-02-26 09:44:32,055 [MainThread] [INFO ]  --- start training ---
client: f0000005
--- local_update_loss : 1.48
client: f0000009
--- local_update_loss : 1.49
--- DML_update_loss(A model) with Client:f0000004: 1.51
--- DML_update_loss(A model) with Client:f0000003: 1.38
--------- test avarage ---------
--- All clients' test loss: 1.24
--- All clients' test acc: 55.53%
2023-02-26 09:49:03,954 [MainThread] [INFO ]  Server train time: 271.8988597393036
2023-02-26 09:49:03,964 [MainThread] [INFO ]  Model saved at /home/dengzhiling/.local/lib/python3.10/site-packages/easyfl/main/saved_models/_global_model_r_9.pth
2023-02-26 09:49:03,964 [MainThread] [INFO ]  
-------- round 10 --------
2023-02-26 09:49:03,964 [MainThread] [INFO ]  --- start training ---
client: f0000005
--- local_update_loss : 1.45
client: f0000009
--- local_update_loss : 1.45
--- DML_update_loss(A model) with Client:f0000004: 1.52
--- DML_update_loss(A model) with Client:f0000003: 1.38
--------- test avarage ---------
--- All clients' test loss: 1.32
--- All clients' test acc: 51.62%
2023-02-26 09:53:36,286 [MainThread] [INFO ]  Server train time: 272.3213038444519
2023-02-26 09:53:36,287 [MainThread] [INFO ]  
-------- round 11 --------
2023-02-26 09:53:36,287 [MainThread] [INFO ]  --- start training ---
client: f0000005
--- local_update_loss : 1.42
client: f0000009
--- local_update_loss : 1.45
--- DML_update_loss(A model) with Client:f0000004: 1.52
--- DML_update_loss(A model) with Client:f0000003: 1.38
--------- test avarage ---------
--- All clients' test loss: 1.28
--- All clients' test acc: 53.70%
2023-02-26 09:58:10,287 [MainThread] [INFO ]  Server train time: 273.99926376342773
2023-02-26 09:58:10,288 [MainThread] [INFO ]  
-------- round 12 --------
2023-02-26 09:58:10,288 [MainThread] [INFO ]  --- start training ---
client: f0000005
--- local_update_loss : 1.41
client: f0000009
--- local_update_loss : 1.41
--- DML_update_loss(A model) with Client:f0000004: 1.52
--- DML_update_loss(A model) with Client:f0000003: 1.37
--------- test avarage ---------
--- All clients' test loss: 1.17
--- All clients' test acc: 57.85%
2023-02-26 10:02:45,301 [MainThread] [INFO ]  Server train time: 275.0129539966583
2023-02-26 10:02:45,302 [MainThread] [INFO ]  
-------- round 13 --------
2023-02-26 10:02:45,302 [MainThread] [INFO ]  --- start training ---
client: f0000005
--- local_update_loss : 1.38
client: f0000009
--- local_update_loss : 1.39
--- DML_update_loss(A model) with Client:f0000004: 1.52
--- DML_update_loss(A model) with Client:f0000003: 1.38
--------- test avarage ---------
--- All clients' test loss: 1.17
--- All clients' test acc: 56.72%
2023-02-26 10:07:19,989 [MainThread] [INFO ]  Server train time: 274.686265707016
2023-02-26 10:07:19,989 [MainThread] [INFO ]  
-------- round 14 --------
2023-02-26 10:07:19,989 [MainThread] [INFO ]  --- start training ---
client: f0000005
--- local_update_loss : 1.37
client: f0000009
--- local_update_loss : 1.38
--- DML_update_loss(A model) with Client:f0000004: 1.51
--- DML_update_loss(A model) with Client:f0000003: 1.38
--------- test avarage ---------
--- All clients' test loss: 1.16
--- All clients' test acc: 58.60%
2023-02-26 10:11:53,797 [MainThread] [INFO ]  Server train time: 273.8070185184479
2023-02-26 10:11:53,798 [MainThread] [INFO ]  
-------- round 15 --------
2023-02-26 10:11:53,798 [MainThread] [INFO ]  --- start training ---
client: f0000005
--- local_update_loss : 1.35
client: f0000009
--- local_update_loss : 1.36
--- DML_update_loss(A model) with Client:f0000004: 1.52
--- DML_update_loss(A model) with Client:f0000003: 1.38
--------- test avarage ---------
--- All clients' test loss: 1.53
--- All clients' test acc: 49.65%
2023-02-26 10:16:29,292 [MainThread] [INFO ]  Server train time: 275.49377489089966
2023-02-26 10:16:29,293 [MainThread] [INFO ]  
-------- round 16 --------
2023-02-26 10:16:29,293 [MainThread] [INFO ]  --- start training ---
client: f0000005
--- local_update_loss : 1.32
client: f0000009
--- local_update_loss : 1.34
--- DML_update_loss(A model) with Client:f0000004: 1.51
--- DML_update_loss(A model) with Client:f0000003: 1.38
--------- test avarage ---------
--- All clients' test loss: 1.48
--- All clients' test acc: 52.60%
2023-02-26 10:21:03,743 [MainThread] [INFO ]  Server train time: 274.4498131275177
2023-02-26 10:21:03,744 [MainThread] [INFO ]  
-------- round 17 --------
2023-02-26 10:21:03,744 [MainThread] [INFO ]  --- start training ---
client: f0000005
--- local_update_loss : 1.32
client: f0000009
--- local_update_loss : 1.32
--- DML_update_loss(A model) with Client:f0000004: 1.51
--- DML_update_loss(A model) with Client:f0000003: 1.37
--------- test avarage ---------
--- All clients' test loss: 1.26
--- All clients' test acc: 56.62%
2023-02-26 10:25:39,303 [MainThread] [INFO ]  Server train time: 275.55920481681824
2023-02-26 10:25:39,304 [MainThread] [INFO ]  
-------- round 18 --------
2023-02-26 10:25:39,304 [MainThread] [INFO ]  --- start training ---
client: f0000005
--- local_update_loss : 1.29
client: f0000009
--- local_update_loss : 1.31
--- DML_update_loss(A model) with Client:f0000004: 1.52
--- DML_update_loss(A model) with Client:f0000003: 1.38
--------- test avarage ---------
--- All clients' test loss: 1.23
--- All clients' test acc: 57.02%
2023-02-26 10:30:14,235 [MainThread] [INFO ]  Server train time: 274.9303300380707
2023-02-26 10:30:14,236 [MainThread] [INFO ]  
-------- round 19 --------
2023-02-26 10:30:14,236 [MainThread] [INFO ]  --- start training ---
client: f0000005
--- local_update_loss : 1.27
client: f0000009
--- local_update_loss : 1.28
--- DML_update_loss(A model) with Client:f0000004: 1.52
--- DML_update_loss(A model) with Client:f0000003: 1.37
--------- test avarage ---------
--- All clients' test loss: 1.09
--- All clients' test acc: 60.40%
2023-02-26 10:34:47,820 [MainThread] [INFO ]  Server train time: 273.5837731361389
2023-02-26 10:34:47,829 [MainThread] [INFO ]  Model saved at /home/dengzhiling/.local/lib/python3.10/site-packages/easyfl/main/saved_models/_global_model_r_19.pth
2023-02-26 10:34:47,829 [MainThread] [INFO ]  
-------- round 20 --------
2023-02-26 10:34:47,829 [MainThread] [INFO ]  --- start training ---
client: f0000005
--- local_update_loss : 1.26
client: f0000009
--- local_update_loss : 1.28
--- DML_update_loss(A model) with Client:f0000004: 1.51
--- DML_update_loss(A model) with Client:f0000003: 1.37
--------- test avarage ---------
--- All clients' test loss: 1.13
--- All clients' test acc: 59.33%
2023-02-26 10:39:20,681 [MainThread] [INFO ]  Server train time: 272.85168194770813
2023-02-26 10:39:20,682 [MainThread] [INFO ]  
-------- round 21 --------
2023-02-26 10:39:20,682 [MainThread] [INFO ]  --- start training ---
client: f0000005
--- local_update_loss : 1.24
client: f0000009
--- local_update_loss : 1.26
--- DML_update_loss(A model) with Client:f0000004: 1.51
--- DML_update_loss(A model) with Client:f0000003: 1.38
--------- test avarage ---------
--- All clients' test loss: 1.26
--- All clients' test acc: 55.40%
2023-02-26 10:43:52,679 [MainThread] [INFO ]  Server train time: 271.9971590042114
2023-02-26 10:43:52,680 [MainThread] [INFO ]  
-------- round 22 --------
2023-02-26 10:43:52,680 [MainThread] [INFO ]  --- start training ---
client: f0000005
--- local_update_loss : 1.22
client: f0000009
--- local_update_loss : 1.25
--- DML_update_loss(A model) with Client:f0000004: 1.51
--- DML_update_loss(A model) with Client:f0000003: 1.38
--------- test avarage ---------
--- All clients' test loss: 1.14
--- All clients' test acc: 57.93%
2023-02-26 10:48:26,787 [MainThread] [INFO ]  Server train time: 274.1064565181732
2023-02-26 10:48:26,788 [MainThread] [INFO ]  
-------- round 23 --------
2023-02-26 10:48:26,788 [MainThread] [INFO ]  --- start training ---
client: f0000005
--- local_update_loss : 1.21
client: f0000009
--- local_update_loss : 1.22
--- DML_update_loss(A model) with Client:f0000004: 1.52
--- DML_update_loss(A model) with Client:f0000003: 1.39
--------- test avarage ---------
--- All clients' test loss: 1.23
--- All clients' test acc: 57.10%
2023-02-26 10:53:01,627 [MainThread] [INFO ]  Server train time: 274.8380765914917
2023-02-26 10:53:01,627 [MainThread] [INFO ]  
-------- round 24 --------
2023-02-26 10:53:01,627 [MainThread] [INFO ]  --- start training ---
client: f0000005
--- local_update_loss : 1.20
client: f0000009
--- local_update_loss : 1.22
--- DML_update_loss(A model) with Client:f0000004: 1.52
--- DML_update_loss(A model) with Client:f0000003: 1.38
--------- test avarage ---------
--- All clients' test loss: 1.09
--- All clients' test acc: 60.30%
2023-02-26 10:57:36,955 [MainThread] [INFO ]  Server train time: 275.3271291255951
2023-02-26 10:57:36,956 [MainThread] [INFO ]  
-------- round 25 --------
2023-02-26 10:57:36,956 [MainThread] [INFO ]  --- start training ---
client: f0000005
--- local_update_loss : 1.19
client: f0000009
--- local_update_loss : 1.21
--- DML_update_loss(A model) with Client:f0000004: 1.51
--- DML_update_loss(A model) with Client:f0000003: 1.38
--------- test avarage ---------
--- All clients' test loss: 1.19
--- All clients' test acc: 57.73%
2023-02-26 11:02:09,029 [MainThread] [INFO ]  Server train time: 272.0723237991333
2023-02-26 11:02:09,029 [MainThread] [INFO ]  
-------- round 26 --------
2023-02-26 11:02:09,029 [MainThread] [INFO ]  --- start training ---
client: f0000005
--- local_update_loss : 1.17
client: f0000009
--- local_update_loss : 1.19
--- DML_update_loss(A model) with Client:f0000004: 1.52
--- DML_update_loss(A model) with Client:f0000003: 1.37
--------- test avarage ---------
--- All clients' test loss: 1.28
--- All clients' test acc: 57.75%
2023-02-26 11:06:42,812 [MainThread] [INFO ]  Server train time: 273.78225231170654
2023-02-26 11:06:42,813 [MainThread] [INFO ]  
-------- round 27 --------
2023-02-26 11:06:42,813 [MainThread] [INFO ]  --- start training ---
client: f0000005
--- local_update_loss : 1.17
client: f0000009
--- local_update_loss : 1.18
--- DML_update_loss(A model) with Client:f0000004: 1.52
--- DML_update_loss(A model) with Client:f0000003: 1.37
--------- test avarage ---------
--- All clients' test loss: 1.15
--- All clients' test acc: 59.15%
2023-02-26 11:11:09,063 [MainThread] [INFO ]  Server train time: 266.24973225593567
2023-02-26 11:11:09,064 [MainThread] [INFO ]  
-------- round 28 --------
2023-02-26 11:11:09,064 [MainThread] [INFO ]  --- start training ---
client: f0000005
--- local_update_loss : 1.15
client: f0000009
--- local_update_loss : 1.16
--- DML_update_loss(A model) with Client:f0000004: 1.52
--- DML_update_loss(A model) with Client:f0000003: 1.38
--------- test avarage ---------
--- All clients' test loss: 1.12
--- All clients' test acc: 59.35%
2023-02-26 11:15:24,820 [MainThread] [INFO ]  Server train time: 255.75537872314453
2023-02-26 11:15:24,821 [MainThread] [INFO ]  
-------- round 29 --------
2023-02-26 11:15:24,821 [MainThread] [INFO ]  --- start training ---
client: f0000005
--- local_update_loss : 1.13
client: f0000009
--- local_update_loss : 1.16
--- DML_update_loss(A model) with Client:f0000004: 1.52
--- DML_update_loss(A model) with Client:f0000003: 1.38
--------- test avarage ---------
--- All clients' test loss: 1.22
--- All clients' test acc: 57.80%
2023-02-26 11:19:59,425 [MainThread] [INFO ]  Server train time: 274.60401129722595
2023-02-26 11:19:59,435 [MainThread] [INFO ]  Model saved at /home/dengzhiling/.local/lib/python3.10/site-packages/easyfl/main/saved_models/_global_model_r_29.pth
2023-02-26 11:19:59,435 [MainThread] [INFO ]  
-------- round 30 --------
2023-02-26 11:19:59,435 [MainThread] [INFO ]  --- start training ---
client: f0000005
--- local_update_loss : 1.11
client: f0000009
--- local_update_loss : 1.15
--- DML_update_loss(A model) with Client:f0000004: 1.52
--- DML_update_loss(A model) with Client:f0000003: 1.38
--------- test avarage ---------
--- All clients' test loss: 1.14
--- All clients' test acc: 60.60%
2023-02-26 11:24:32,451 [MainThread] [INFO ]  Server train time: 273.01522397994995
2023-02-26 11:24:32,452 [MainThread] [INFO ]  
-------- round 31 --------
2023-02-26 11:24:32,452 [MainThread] [INFO ]  --- start training ---
client: f0000005
--- local_update_loss : 1.12
client: f0000009
Traceback (most recent call last):
  File "/home/dengzhiling/.local/lib/python3.10/site-packages/easyfl/main/main.py", line 26, in <module>
    easyfl.run()
  File "/home/dengzhiling/.local/lib/python3.10/site-packages/easyfl/coordinator.py", line 390, in run
    _global_coord.run()
  File "/home/dengzhiling/.local/lib/python3.10/site-packages/easyfl/coordinator.py", line 80, in run
    self.server.start(self.model, self.clients)
  File "/home/dengzhiling/.local/lib/python3.10/site-packages/easyfl/server/base.py", line 164, in start
    self.train()
  File "/home/dengzhiling/.local/lib/python3.10/site-packages/easyfl/server/base.py", line 200, in train
    self.distribution_to_train()
  File "/home/dengzhiling/.local/lib/python3.10/site-packages/easyfl/server/base.py", line 347, in distribution_to_train
    self.distribution_to_train_locally()
  File "/home/dengzhiling/.local/lib/python3.10/site-packages/easyfl/main/CustomizeServer.py", line 81, in distribution_to_train_locally
    uploaded_request = client.run_train(self._compressed_model, self.conf.client, train_local_only=True)
  File "/home/dengzhiling/.local/lib/python3.10/site-packages/easyfl/main/CustomizedClient.py", line 154, in run_train
    self.train(conf, self.device, train_local_only) # 只修改了这里
  File "/home/dengzhiling/.local/lib/python3.10/site-packages/easyfl/main/CustomizedClient.py", line 140, in train
    self.train_local(conf, device)
  File "/home/dengzhiling/.local/lib/python3.10/site-packages/easyfl/main/CustomizedClient.py", line 48, in train_local
    for data, label in train_loader:
  File "/home/dengzhiling/.local/lib/python3.10/site-packages/torch/utils/data/dataloader.py", line 628, in __next__
    data = self._next_data()
  File "/home/dengzhiling/.local/lib/python3.10/site-packages/torch/utils/data/dataloader.py", line 671, in _next_data
    data = self._dataset_fetcher.fetch(index)  # may raise StopIteration
  File "/home/dengzhiling/.local/lib/python3.10/site-packages/torch/utils/data/_utils/fetch.py", line 58, in fetch
    data = [self.dataset[idx] for idx in possibly_batched_index]
  File "/home/dengzhiling/.local/lib/python3.10/site-packages/torch/utils/data/_utils/fetch.py", line 58, in <listcomp>
    data = [self.dataset[idx] for idx in possibly_batched_index]
  File "/home/dengzhiling/.local/lib/python3.10/site-packages/easyfl/datasets/dataset_util.py", line 41, in __getitem__
    sample = self.transform_x(sample)
  File "/home/dengzhiling/.local/lib/python3.10/site-packages/torchvision/transforms/transforms.py", line 95, in __call__
    img = t(img)
  File "/home/dengzhiling/.local/lib/python3.10/site-packages/torchvision/transforms/transforms.py", line 135, in __call__
    return F.to_tensor(pic)
  File "/home/dengzhiling/.local/lib/python3.10/site-packages/torchvision/transforms/functional.py", line 171, in to_tensor
    return img.to(dtype=default_float_dtype).div(255)
KeyboardInterrupt
