2023-02-26 09:17:57,380 [MainThread] [INFO ]  Configurations: {'task_id': '', 'data': {'root': './data/', 'dataset': 'cifar10', 'split_type': 'class', 'min_size': 10, 'data_amount': 0.05, 'iid_fraction': 0.1, 'user': False, 'train_test_split': 0.8, 'class_per_client': 8, 'num_of_clients': 10, 'alpha': 0.2, 'weights': None}, 'model': 'simple_cnn', 'test_mode': 'test_in_client', 'test_method': 'average', 'server': {'track': False, 'rounds': 2000, 'clients_per_round': 2, 'test_every': 1, 'save_model_every': 10, 'save_model_path': '', 'batch_size': 64, 'test_all': True, 'random_selection': True, 'aggregation_stragtegy': 'EQUAL_AVERAGE', 'aggregation_content': 'all'}, 'client': {'track': False, 'batch_size': 200, 'test_batch_size': 5, 'local_epoch': 20, 'optimizer': {'type': 'SGD', 'lr': 0.01, 'momentum': 0.5, 'weight_decay': 0.0005, 'nesterov': True}, 'seed': 0, 'local_test': True}, 'gpu': 1, 'distributed': {'backend': 'nccl', 'init_method': '', 'world_size': 0, 'rank': 0, 'local_rank': 0}, 'tracking': {'database': '', 'log_file': '', 'log_level': 'INFO', 'metric_file': '', 'save_every': 1}, 'resource_heterogeneous': {'simulate': False, 'hetero_type': 'real', 'level': 3, 'sleep_group_num': 1000, 'total_time': 1000, 'fraction': 1, 'grouping_strategy': 'greedy', 'initial_default_time': 5, 'default_time_momentum': 0.2}, 'seed': 0, 'is_distributed': False, 'device': 0}
2023-02-26 09:17:57,489 [MainThread] [INFO ]  Total training data amount: 50000
2023-02-26 09:17:57,489 [MainThread] [INFO ]  Total testing data amount: 10000
local_batch_size: 64, DML_batch_size: 16, local_epoch: 5, DML_epoch: 15, alpha: 1, beta: 1, DML_lr: 0.02
local_batch_size: 64, DML_batch_size: 16, local_epoch: 5, DML_epoch: 15, alpha: 1, beta: 1, DML_lr: 0.02
local_batch_size: 64, DML_batch_size: 16, local_epoch: 5, DML_epoch: 15, alpha: 1, beta: 1, DML_lr: 0.02
local_batch_size: 64, DML_batch_size: 16, local_epoch: 5, DML_epoch: 15, alpha: 1, beta: 1, DML_lr: 0.02
local_batch_size: 64, DML_batch_size: 16, local_epoch: 5, DML_epoch: 15, alpha: 1, beta: 1, DML_lr: 0.02
local_batch_size: 64, DML_batch_size: 16, local_epoch: 5, DML_epoch: 15, alpha: 1, beta: 1, DML_lr: 0.02
local_batch_size: 64, DML_batch_size: 16, local_epoch: 5, DML_epoch: 15, alpha: 1, beta: 1, DML_lr: 0.02
local_batch_size: 64, DML_batch_size: 16, local_epoch: 5, DML_epoch: 15, alpha: 1, beta: 1, DML_lr: 0.02
local_batch_size: 64, DML_batch_size: 16, local_epoch: 5, DML_epoch: 15, alpha: 1, beta: 1, DML_lr: 0.02
local_batch_size: 64, DML_batch_size: 16, local_epoch: 5, DML_epoch: 15, alpha: 1, beta: 1, DML_lr: 0.02
2023-02-26 09:17:57,521 [MainThread] [INFO ]  Clients in total: 10
2023-02-26 09:17:57,545 [MainThread] [INFO ]  
-------- round 0 --------
2023-02-26 09:17:57,545 [MainThread] [INFO ]  --- start training ---
client: f0000002
--- local_update_loss : 1.92
client: f0000008
--- local_update_loss : 1.97
--- DML_update_loss(A model) with Client:f0000001: 1.56
--- DML_update_loss(A model) with Client:f0000007: 1.48
--------- test avarage ---------
--- All clients' test loss: 1.49
--- All clients' test acc: 44.03%
2023-02-26 09:22:31,002 [MainThread] [INFO ]  Server train time: 273.45624351501465
2023-02-26 09:22:31,003 [MainThread] [INFO ]  
-------- round 1 --------
2023-02-26 09:22:31,003 [MainThread] [INFO ]  --- start training ---
client: f0000005
--- local_update_loss : 2.03
client: f0000009
--- local_update_loss : 2.00
--- DML_update_loss(A model) with Client:f0000001: 1.49
--- DML_update_loss(A model) with Client:f0000008: 1.46
--------- test avarage ---------
--- All clients' test loss: 1.50
--- All clients' test acc: 41.67%
2023-02-26 09:27:06,403 [MainThread] [INFO ]  Server train time: 275.4001724720001
2023-02-26 09:27:06,404 [MainThread] [INFO ]  
-------- round 2 --------
2023-02-26 09:27:06,404 [MainThread] [INFO ]  --- start training ---
client: f0000005
--- local_update_loss : 1.78
client: f0000009
--- local_update_loss : 1.77
--- DML_update_loss(A model) with Client:f0000001: 1.49
--- DML_update_loss(A model) with Client:f0000008: 1.40
--------- test avarage ---------
--- All clients' test loss: 1.33
--- All clients' test acc: 49.23%
2023-02-26 09:31:37,514 [MainThread] [INFO ]  Server train time: 271.10979294776917
2023-02-26 09:31:37,515 [MainThread] [INFO ]  
-------- round 3 --------
2023-02-26 09:31:37,515 [MainThread] [INFO ]  --- start training ---
client: f0000005
--- local_update_loss : 1.64
client: f0000009
--- local_update_loss : 1.64
--- DML_update_loss(A model) with Client:f0000001: 1.50
--- DML_update_loss(A model) with Client:f0000008: 1.40
--------- test avarage ---------
--- All clients' test loss: 1.25
--- All clients' test acc: 52.70%
2023-02-26 09:36:07,334 [MainThread] [INFO ]  Server train time: 269.81874799728394
2023-02-26 09:36:07,335 [MainThread] [INFO ]  
-------- round 4 --------
2023-02-26 09:36:07,335 [MainThread] [INFO ]  --- start training ---
client: f0000005
--- local_update_loss : 1.54
client: f0000009
--- local_update_loss : 1.56
--- DML_update_loss(A model) with Client:f0000001: 1.50
--- DML_update_loss(A model) with Client:f0000008: 1.40
--------- test avarage ---------
--- All clients' test loss: 1.26
--- All clients' test acc: 52.92%
2023-02-26 09:40:37,836 [MainThread] [INFO ]  Server train time: 270.49995255470276
2023-02-26 09:40:37,836 [MainThread] [INFO ]  
-------- round 5 --------
2023-02-26 09:40:37,836 [MainThread] [INFO ]  --- start training ---
client: f0000005
--- local_update_loss : 1.48
client: f0000009
--- local_update_loss : 1.50
--- DML_update_loss(A model) with Client:f0000001: 1.50
--- DML_update_loss(A model) with Client:f0000008: 1.41
--------- test avarage ---------
--- All clients' test loss: 1.53
--- All clients' test acc: 49.55%
2023-02-26 09:45:07,666 [MainThread] [INFO ]  Server train time: 269.82951259613037
2023-02-26 09:45:07,667 [MainThread] [INFO ]  
-------- round 6 --------
2023-02-26 09:45:07,667 [MainThread] [INFO ]  --- start training ---
client: f0000005
--- local_update_loss : 1.43
client: f0000009
--- local_update_loss : 1.45
--- DML_update_loss(A model) with Client:f0000001: 1.51
--- DML_update_loss(A model) with Client:f0000008: 1.41
--------- test avarage ---------
--- All clients' test loss: 1.17
--- All clients' test acc: 56.55%
2023-02-26 09:49:38,211 [MainThread] [INFO ]  Server train time: 270.542955160141
2023-02-26 09:49:38,211 [MainThread] [INFO ]  
-------- round 7 --------
2023-02-26 09:49:38,211 [MainThread] [INFO ]  --- start training ---
client: f0000005
--- local_update_loss : 1.40
client: f0000009
--- local_update_loss : 1.40
--- DML_update_loss(A model) with Client:f0000001: 1.50
--- DML_update_loss(A model) with Client:f0000008: 1.40
--------- test avarage ---------
--- All clients' test loss: 1.13
--- All clients' test acc: 57.37%
2023-02-26 09:54:07,669 [MainThread] [INFO ]  Server train time: 269.45674109458923
2023-02-26 09:54:07,669 [MainThread] [INFO ]  
-------- round 8 --------
2023-02-26 09:54:07,669 [MainThread] [INFO ]  --- start training ---
client: f0000005
--- local_update_loss : 1.36
client: f0000009
--- local_update_loss : 1.38
--- DML_update_loss(A model) with Client:f0000001: 1.51
--- DML_update_loss(A model) with Client:f0000008: 1.41
--------- test avarage ---------
--- All clients' test loss: 1.15
--- All clients' test acc: 56.25%
2023-02-26 09:58:38,374 [MainThread] [INFO ]  Server train time: 270.7046308517456
2023-02-26 09:58:38,375 [MainThread] [INFO ]  
-------- round 9 --------
2023-02-26 09:58:38,375 [MainThread] [INFO ]  --- start training ---
client: f0000005
--- local_update_loss : 1.33
client: f0000009
--- local_update_loss : 1.34
--- DML_update_loss(A model) with Client:f0000001: 1.50
--- DML_update_loss(A model) with Client:f0000008: 1.40
--------- test avarage ---------
--- All clients' test loss: 1.16
--- All clients' test acc: 57.87%
2023-02-26 10:03:11,715 [MainThread] [INFO ]  Server train time: 273.3392219543457
2023-02-26 10:03:11,724 [MainThread] [INFO ]  Model saved at /home/dengzhiling/.local/lib/python3.10/site-packages/easyfl/main/saved_models/_global_model_r_9.pth
2023-02-26 10:03:11,725 [MainThread] [INFO ]  
-------- round 10 --------
2023-02-26 10:03:11,725 [MainThread] [INFO ]  --- start training ---
client: f0000005
--- local_update_loss : 1.29
client: f0000009
--- local_update_loss : 1.30
--- DML_update_loss(A model) with Client:f0000001: 1.50
--- DML_update_loss(A model) with Client:f0000008: 1.40
--------- test avarage ---------
--- All clients' test loss: 1.25
--- All clients' test acc: 55.38%
2023-02-26 10:07:42,334 [MainThread] [INFO ]  Server train time: 270.609103679657
2023-02-26 10:07:42,335 [MainThread] [INFO ]  
-------- round 11 --------
2023-02-26 10:07:42,335 [MainThread] [INFO ]  --- start training ---
client: f0000005
--- local_update_loss : 1.26
client: f0000009
--- local_update_loss : 1.28
--- DML_update_loss(A model) with Client:f0000001: 1.50
--- DML_update_loss(A model) with Client:f0000008: 1.42
--------- test avarage ---------
--- All clients' test loss: 1.10
--- All clients' test acc: 59.80%
2023-02-26 10:12:13,413 [MainThread] [INFO ]  Server train time: 271.07778096199036
2023-02-26 10:12:13,414 [MainThread] [INFO ]  
-------- round 12 --------
2023-02-26 10:12:13,414 [MainThread] [INFO ]  --- start training ---
client: f0000005
--- local_update_loss : 1.24
client: f0000009
--- local_update_loss : 1.25
--- DML_update_loss(A model) with Client:f0000001: 1.51
--- DML_update_loss(A model) with Client:f0000008: 1.41
--------- test avarage ---------
--- All clients' test loss: 1.09
--- All clients' test acc: 60.08%
2023-02-26 10:16:45,423 [MainThread] [INFO ]  Server train time: 272.0084054470062
2023-02-26 10:16:45,424 [MainThread] [INFO ]  
-------- round 13 --------
2023-02-26 10:16:45,424 [MainThread] [INFO ]  --- start training ---
client: f0000005
--- local_update_loss : 1.21
client: f0000009
--- local_update_loss : 1.22
--- DML_update_loss(A model) with Client:f0000001: 1.51
--- DML_update_loss(A model) with Client:f0000008: 1.41
--------- test avarage ---------
--- All clients' test loss: 1.10
--- All clients' test acc: 58.77%
2023-02-26 10:21:18,094 [MainThread] [INFO ]  Server train time: 272.67016887664795
2023-02-26 10:21:18,095 [MainThread] [INFO ]  
-------- round 14 --------
2023-02-26 10:21:18,095 [MainThread] [INFO ]  --- start training ---
client: f0000005
--- local_update_loss : 1.19
client: f0000009
--- local_update_loss : 1.21
--- DML_update_loss(A model) with Client:f0000001: 1.50
--- DML_update_loss(A model) with Client:f0000008: 1.40
--------- test avarage ---------
--- All clients' test loss: 1.11
--- All clients' test acc: 59.45%
2023-02-26 10:25:50,380 [MainThread] [INFO ]  Server train time: 272.2839002609253
2023-02-26 10:25:50,380 [MainThread] [INFO ]  
-------- round 15 --------
2023-02-26 10:25:50,380 [MainThread] [INFO ]  --- start training ---
client: f0000005
--- local_update_loss : 1.17
client: f0000009
--- local_update_loss : 1.18
--- DML_update_loss(A model) with Client:f0000001: 1.51
--- DML_update_loss(A model) with Client:f0000008: 1.41
--------- test avarage ---------
--- All clients' test loss: 1.42
--- All clients' test acc: 53.88%
2023-02-26 10:30:24,681 [MainThread] [INFO ]  Server train time: 274.2998960018158
2023-02-26 10:30:24,682 [MainThread] [INFO ]  
-------- round 16 --------
2023-02-26 10:30:24,682 [MainThread] [INFO ]  --- start training ---
client: f0000005
--- local_update_loss : 1.14
client: f0000009
--- local_update_loss : 1.16
--- DML_update_loss(A model) with Client:f0000001: 1.51
--- DML_update_loss(A model) with Client:f0000008: 1.41
--------- test avarage ---------
--- All clients' test loss: 1.20
--- All clients' test acc: 57.97%
2023-02-26 10:35:00,944 [MainThread] [INFO ]  Server train time: 276.2622287273407
2023-02-26 10:35:00,945 [MainThread] [INFO ]  
-------- round 17 --------
2023-02-26 10:35:00,945 [MainThread] [INFO ]  --- start training ---
client: f0000005
--- local_update_loss : 1.12
client: f0000009
--- local_update_loss : 1.14
--- DML_update_loss(A model) with Client:f0000001: 1.51
--- DML_update_loss(A model) with Client:f0000008: 1.40
--------- test avarage ---------
--- All clients' test loss: 1.08
--- All clients' test acc: 60.60%
2023-02-26 10:39:32,159 [MainThread] [INFO ]  Server train time: 271.21399545669556
2023-02-26 10:39:32,160 [MainThread] [INFO ]  
-------- round 18 --------
2023-02-26 10:39:32,160 [MainThread] [INFO ]  --- start training ---
client: f0000005
--- local_update_loss : 1.10
client: f0000009
--- local_update_loss : 1.12
--- DML_update_loss(A model) with Client:f0000001: 1.50
--- DML_update_loss(A model) with Client:f0000008: 1.41
--------- test avarage ---------
--- All clients' test loss: 1.16
--- All clients' test acc: 59.85%
2023-02-26 10:44:06,204 [MainThread] [INFO ]  Server train time: 274.0431184768677
2023-02-26 10:44:06,205 [MainThread] [INFO ]  
-------- round 19 --------
2023-02-26 10:44:06,205 [MainThread] [INFO ]  --- start training ---
client: f0000005
--- local_update_loss : 1.08
client: f0000009
--- local_update_loss : 1.10
--- DML_update_loss(A model) with Client:f0000001: 1.50
--- DML_update_loss(A model) with Client:f0000008: 1.41
--------- test avarage ---------
--- All clients' test loss: 1.10
--- All clients' test acc: 60.45%
2023-02-26 10:48:40,572 [MainThread] [INFO ]  Server train time: 274.3666093349457
2023-02-26 10:48:40,581 [MainThread] [INFO ]  Model saved at /home/dengzhiling/.local/lib/python3.10/site-packages/easyfl/main/saved_models/_global_model_r_19.pth
2023-02-26 10:48:40,581 [MainThread] [INFO ]  
-------- round 20 --------
2023-02-26 10:48:40,581 [MainThread] [INFO ]  --- start training ---
client: f0000005
--- local_update_loss : 1.07
client: f0000009
--- local_update_loss : 1.09
--- DML_update_loss(A model) with Client:f0000001: 1.51
--- DML_update_loss(A model) with Client:f0000008: 1.41
--------- test avarage ---------
--- All clients' test loss: 1.04
--- All clients' test acc: 61.17%
2023-02-26 10:53:09,272 [MainThread] [INFO ]  Server train time: 268.69044041633606
2023-02-26 10:53:09,273 [MainThread] [INFO ]  
-------- round 21 --------
2023-02-26 10:53:09,273 [MainThread] [INFO ]  --- start training ---
client: f0000005
--- local_update_loss : 1.05
client: f0000009
--- local_update_loss : 1.07
--- DML_update_loss(A model) with Client:f0000001: 1.51
--- DML_update_loss(A model) with Client:f0000008: 1.41
--------- test avarage ---------
--- All clients' test loss: 1.15
--- All clients' test acc: 58.83%
2023-02-26 10:57:38,793 [MainThread] [INFO ]  Server train time: 269.5198745727539
2023-02-26 10:57:38,794 [MainThread] [INFO ]  
-------- round 22 --------
2023-02-26 10:57:38,794 [MainThread] [INFO ]  --- start training ---
client: f0000005
--- local_update_loss : 1.04
client: f0000009
--- local_update_loss : 1.06
--- DML_update_loss(A model) with Client:f0000001: 1.51
--- DML_update_loss(A model) with Client:f0000008: 1.40
--------- test avarage ---------
--- All clients' test loss: 1.02
--- All clients' test acc: 61.45%
2023-02-26 11:02:07,969 [MainThread] [INFO ]  Server train time: 269.17453598976135
2023-02-26 11:02:07,970 [MainThread] [INFO ]  
-------- round 23 --------
2023-02-26 11:02:07,970 [MainThread] [INFO ]  --- start training ---
client: f0000005
--- local_update_loss : 1.02
client: f0000009
--- local_update_loss : 1.03
--- DML_update_loss(A model) with Client:f0000001: 1.50
--- DML_update_loss(A model) with Client:f0000008: 1.41
--------- test avarage ---------
--- All clients' test loss: 1.06
--- All clients' test acc: 60.90%
2023-02-26 11:06:38,395 [MainThread] [INFO ]  Server train time: 270.4241693019867
2023-02-26 11:06:38,395 [MainThread] [INFO ]  
-------- round 24 --------
2023-02-26 11:06:38,396 [MainThread] [INFO ]  --- start training ---
client: f0000005
--- local_update_loss : 1.01
client: f0000009
--- local_update_loss : 1.03
--- DML_update_loss(A model) with Client:f0000001: 1.50
--- DML_update_loss(A model) with Client:f0000008: 1.40
--------- test avarage ---------
--- All clients' test loss: 1.00
--- All clients' test acc: 62.08%
2023-02-26 11:11:09,869 [MainThread] [INFO ]  Server train time: 271.47276759147644
2023-02-26 11:11:09,871 [MainThread] [INFO ]  
-------- round 25 --------
2023-02-26 11:11:09,871 [MainThread] [INFO ]  --- start training ---
client: f0000005
--- local_update_loss : 0.99
client: f0000009
--- local_update_loss : 1.02
--- DML_update_loss(A model) with Client:f0000001: 1.50
--- DML_update_loss(A model) with Client:f0000008: 1.40
--------- test avarage ---------
--- All clients' test loss: 1.10
--- All clients' test acc: 60.58%
2023-02-26 11:15:40,984 [MainThread] [INFO ]  Server train time: 271.1123242378235
2023-02-26 11:15:40,985 [MainThread] [INFO ]  
-------- round 26 --------
2023-02-26 11:15:40,985 [MainThread] [INFO ]  --- start training ---
client: f0000005
--- local_update_loss : 0.97
client: f0000009
--- local_update_loss : 1.00
--- DML_update_loss(A model) with Client:f0000001: 1.50
--- DML_update_loss(A model) with Client:f0000008: 1.40
--------- test avarage ---------
--- All clients' test loss: 1.19
--- All clients' test acc: 58.80%
2023-02-26 11:20:10,081 [MainThread] [INFO ]  Server train time: 269.0955786705017
2023-02-26 11:20:10,082 [MainThread] [INFO ]  
-------- round 27 --------
2023-02-26 11:20:10,082 [MainThread] [INFO ]  --- start training ---
client: f0000005
--- local_update_loss : 0.96
client: f0000009
--- local_update_loss : 0.99
--- DML_update_loss(A model) with Client:f0000001: 1.50
Traceback (most recent call last):
  File "/home/dengzhiling/.local/lib/python3.10/site-packages/easyfl/main/main.py", line 26, in <module>
    easyfl.run()
  File "/home/dengzhiling/.local/lib/python3.10/site-packages/easyfl/coordinator.py", line 390, in run
    _global_coord.run()
  File "/home/dengzhiling/.local/lib/python3.10/site-packages/easyfl/coordinator.py", line 80, in run
    self.server.start(self.model, self.clients)
  File "/home/dengzhiling/.local/lib/python3.10/site-packages/easyfl/server/base.py", line 164, in start
    self.train()
  File "/home/dengzhiling/.local/lib/python3.10/site-packages/easyfl/server/base.py", line 200, in train
    self.distribution_to_train()
  File "/home/dengzhiling/.local/lib/python3.10/site-packages/easyfl/server/base.py", line 347, in distribution_to_train
    self.distribution_to_train_locally()
  File "/home/dengzhiling/.local/lib/python3.10/site-packages/easyfl/main/CustomizeServer.py", line 90, in distribution_to_train_locally
    client.run_train(model, self.conf.client, train_local_only=False)
  File "/home/dengzhiling/.local/lib/python3.10/site-packages/easyfl/main/CustomizedClient.py", line 154, in run_train
    self.train(conf, self.device, train_local_only) # 只修改了这里
  File "/home/dengzhiling/.local/lib/python3.10/site-packages/easyfl/main/CustomizedClient.py", line 142, in train
    self.train_DML(conf, device)
  File "/home/dengzhiling/.local/lib/python3.10/site-packages/easyfl/main/CustomizedClient.py", line 98, in train_DML
    loss_A.backward(retain_graph=True)
  File "/home/dengzhiling/.local/lib/python3.10/site-packages/torch/_tensor.py", line 488, in backward
    torch.autograd.backward(
  File "/home/dengzhiling/.local/lib/python3.10/site-packages/torch/autograd/__init__.py", line 197, in backward
    Variable._execution_engine.run_backward(  # Calls into the C++ engine to run the backward pass
KeyboardInterrupt
