2023-02-26 13:15:36,347 [MainThread] [INFO ]  Configurations: {'task_id': '', 'data': {'root': './data/', 'dataset': 'cifar10', 'split_type': 'class', 'min_size': 10, 'data_amount': 0.05, 'iid_fraction': 0.1, 'user': False, 'train_test_split': 0.8, 'class_per_client': 8, 'num_of_clients': 10, 'alpha': 0.2, 'weights': None}, 'model': 'simple_cnn', 'test_mode': 'test_in_client', 'test_method': 'average', 'server': {'track': False, 'rounds': 2000, 'clients_per_round': 2, 'test_every': 1, 'save_model_every': 10, 'save_model_path': '', 'batch_size': 64, 'test_all': True, 'random_selection': True, 'aggregation_stragtegy': 'EQUAL_AVERAGE', 'aggregation_content': 'all'}, 'client': {'track': False, 'batch_size': 200, 'test_batch_size': 5, 'local_epoch': 20, 'optimizer': {'type': 'SGD', 'lr': 0.01, 'momentum': 0.5, 'weight_decay': 0.0005, 'nesterov': True}, 'seed': 0, 'local_test': True}, 'gpu': 1, 'distributed': {'backend': 'nccl', 'init_method': '', 'world_size': 0, 'rank': 0, 'local_rank': 0}, 'tracking': {'database': '', 'log_file': '', 'log_level': 'INFO', 'metric_file': '', 'save_every': 1}, 'resource_heterogeneous': {'simulate': False, 'hetero_type': 'real', 'level': 3, 'sleep_group_num': 1000, 'total_time': 1000, 'fraction': 1, 'grouping_strategy': 'greedy', 'initial_default_time': 5, 'default_time_momentum': 0.2}, 'seed': 0, 'is_distributed': False, 'device': 0}
2023-02-26 13:15:36,449 [MainThread] [INFO ]  Total training data amount: 50000
2023-02-26 13:15:36,449 [MainThread] [INFO ]  Total testing data amount: 10000
local_batch_size: 64, DML_batch_size: 16, local_epoch: 5, DML_epoch: 15, alpha: 1, beta: 1, DML_lr: 0.018
local_batch_size: 64, DML_batch_size: 16, local_epoch: 5, DML_epoch: 15, alpha: 1, beta: 1, DML_lr: 0.018
local_batch_size: 64, DML_batch_size: 16, local_epoch: 5, DML_epoch: 15, alpha: 1, beta: 1, DML_lr: 0.018
local_batch_size: 64, DML_batch_size: 16, local_epoch: 5, DML_epoch: 15, alpha: 1, beta: 1, DML_lr: 0.018
local_batch_size: 64, DML_batch_size: 16, local_epoch: 5, DML_epoch: 15, alpha: 1, beta: 1, DML_lr: 0.018
local_batch_size: 64, DML_batch_size: 16, local_epoch: 5, DML_epoch: 15, alpha: 1, beta: 1, DML_lr: 0.018
local_batch_size: 64, DML_batch_size: 16, local_epoch: 5, DML_epoch: 15, alpha: 1, beta: 1, DML_lr: 0.018
local_batch_size: 64, DML_batch_size: 16, local_epoch: 5, DML_epoch: 15, alpha: 1, beta: 1, DML_lr: 0.018
local_batch_size: 64, DML_batch_size: 16, local_epoch: 5, DML_epoch: 15, alpha: 1, beta: 1, DML_lr: 0.018
local_batch_size: 64, DML_batch_size: 16, local_epoch: 5, DML_epoch: 15, alpha: 1, beta: 1, DML_lr: 0.018
2023-02-26 13:15:36,481 [MainThread] [INFO ]  Clients in total: 10
2023-02-26 13:15:36,509 [MainThread] [INFO ]  
-------- round 0 --------
2023-02-26 13:15:36,509 [MainThread] [INFO ]  --- start training ---
client: f0000002
--- local_update_loss : 1.92
client: f0000008
--- local_update_loss : 1.98
--- DML_update_loss(A model) with Client:f0000004: 1.59
--- DML_update_loss(A model) with Client:f0000000: 1.60
--------- test avarage ---------
--- All clients' test loss: 1.55
--- All clients' test acc: 42.00%
2023-02-26 13:20:18,986 [MainThread] [INFO ]  Server train time: 282.47610664367676
2023-02-26 13:20:18,987 [MainThread] [INFO ]  
-------- round 1 --------
2023-02-26 13:20:18,987 [MainThread] [INFO ]  --- start training ---
client: f0000002
--- local_update_loss : 1.68
client: f0000009
--- local_update_loss : 2.00
--- DML_update_loss(A model) with Client:f0000006: 1.56
--- DML_update_loss(A model) with Client:f0000007: 1.47
--------- test avarage ---------
--- All clients' test loss: 1.59
--- All clients' test acc: 41.48%
2023-02-26 13:25:03,169 [MainThread] [INFO ]  Server train time: 284.182270526886
2023-02-26 13:25:03,170 [MainThread] [INFO ]  
-------- round 2 --------
2023-02-26 13:25:03,170 [MainThread] [INFO ]  --- start training ---
client: f0000004
--- local_update_loss : 1.20
client: f0000001
--- local_update_loss : 1.98
--- DML_update_loss(A model) with Client:f0000005: 1.58
--- DML_update_loss(A model) with Client:f0000007: 1.40
--------- test avarage ---------
--- All clients' test loss: 1.29
--- All clients' test acc: 52.55%
2023-02-26 13:29:45,591 [MainThread] [INFO ]  Server train time: 282.42005944252014
2023-02-26 13:29:45,592 [MainThread] [INFO ]  
-------- round 3 --------
2023-02-26 13:29:45,592 [MainThread] [INFO ]  --- start training ---
client: f0000005
--- local_update_loss : 1.21
client: f0000004
--- local_update_loss : 1.16
--- DML_update_loss(A model) with Client:f0000007: 1.41
--- DML_update_loss(A model) with Client:f0000003: 1.45
--------- test avarage ---------
--- All clients' test loss: 1.07
--- All clients' test acc: 61.05%
2023-02-26 13:34:24,849 [MainThread] [INFO ]  Server train time: 279.25728940963745
2023-02-26 13:34:24,850 [MainThread] [INFO ]  
-------- round 4 --------
2023-02-26 13:34:24,850 [MainThread] [INFO ]  --- start training ---
client: f0000003
--- local_update_loss : 1.03
client: f0000008
--- local_update_loss : 1.64
--- DML_update_loss(A model) with Client:f0000009: 1.57
--- DML_update_loss(A model) with Client:f0000007: 1.41
--------- test avarage ---------
--- All clients' test loss: 1.35
--- All clients' test acc: 52.33%
2023-02-26 13:39:04,699 [MainThread] [INFO ]  Server train time: 279.84772086143494
2023-02-26 13:39:04,699 [MainThread] [INFO ]  
-------- round 5 --------
2023-02-26 13:39:04,700 [MainThread] [INFO ]  --- start training ---
client: f0000009
--- local_update_loss : 1.19
client: f0000005
--- local_update_loss : 1.16
--- DML_update_loss(A model) with Client:f0000001: 1.55
--- DML_update_loss(A model) with Client:f0000000: 1.53
--------- test avarage ---------
--- All clients' test loss: 1.11
--- All clients' test acc: 58.15%
2023-02-26 13:43:50,340 [MainThread] [INFO ]  Server train time: 285.63974595069885
2023-02-26 13:43:50,341 [MainThread] [INFO ]  
-------- round 6 --------
2023-02-26 13:43:50,341 [MainThread] [INFO ]  --- start training ---
client: f0000008
--- local_update_loss : 1.52
client: f0000001
--- local_update_loss : 1.21
--- DML_update_loss(A model) with Client:f0000006: 1.50
--- DML_update_loss(A model) with Client:f0000005: 1.52
--------- test avarage ---------
--- All clients' test loss: 1.18
--- All clients' test acc: 54.85%
2023-02-26 13:48:31,949 [MainThread] [INFO ]  Server train time: 281.6084985733032
2023-02-26 13:48:31,950 [MainThread] [INFO ]  
-------- round 7 --------
2023-02-26 13:48:31,950 [MainThread] [INFO ]  --- start training ---
client: f0000008
--- local_update_loss : 1.43
client: f0000005
--- local_update_loss : 1.12
--- DML_update_loss(A model) with Client:f0000000: 1.53
--- DML_update_loss(A model) with Client:f0000001: 1.49
--------- test avarage ---------
--- All clients' test loss: 1.15
--- All clients' test acc: 57.43%
2023-02-26 13:53:12,748 [MainThread] [INFO ]  Server train time: 280.7969799041748
2023-02-26 13:53:12,749 [MainThread] [INFO ]  
-------- round 8 --------
2023-02-26 13:53:12,749 [MainThread] [INFO ]  --- start training ---
client: f0000008
--- local_update_loss : 1.37
client: f0000006
--- local_update_loss : 1.12
--- DML_update_loss(A model) with Client:f0000003: 1.38
--- DML_update_loss(A model) with Client:f0000007: 1.40
--------- test avarage ---------
--- All clients' test loss: 1.03
--- All clients' test acc: 62.50%
2023-02-26 13:57:57,766 [MainThread] [INFO ]  Server train time: 285.01731061935425
2023-02-26 13:57:57,767 [MainThread] [INFO ]  
-------- round 9 --------
2023-02-26 13:57:57,767 [MainThread] [INFO ]  --- start training ---
client: f0000008
--- local_update_loss : 1.32
client: f0000004
--- local_update_loss : 1.13
--- DML_update_loss(A model) with Client:f0000001: 1.50
--- DML_update_loss(A model) with Client:f0000006: 1.50
--------- test avarage ---------
--- All clients' test loss: 1.10
--- All clients' test acc: 58.88%
2023-02-26 14:02:41,515 [MainThread] [INFO ]  Server train time: 283.74776458740234
2023-02-26 14:02:41,525 [MainThread] [INFO ]  Model saved at /home/dengzhiling/.local/lib/python3.10/site-packages/easyfl/main/saved_models/_global_model_r_9.pth
2023-02-26 14:02:41,526 [MainThread] [INFO ]  
-------- round 10 --------
2023-02-26 14:02:41,526 [MainThread] [INFO ]  --- start training ---
client: f0000008
--- local_update_loss : 1.28
client: f0000002
--- local_update_loss : 1.55
--- DML_update_loss(A model) with Client:f0000001: 1.50
--- DML_update_loss(A model) with Client:f0000004: 1.52
--------- test avarage ---------
--- All clients' test loss: 1.21
--- All clients' test acc: 54.45%
2023-02-26 14:07:20,088 [MainThread] [INFO ]  Server train time: 278.56176686286926
2023-02-26 14:07:20,089 [MainThread] [INFO ]  
-------- round 11 --------
2023-02-26 14:07:20,089 [MainThread] [INFO ]  --- start training ---
client: f0000007
--- local_update_loss : 0.92
client: f0000008
--- local_update_loss : 1.24
--- DML_update_loss(A model) with Client:f0000000: 1.54
--- DML_update_loss(A model) with Client:f0000004: 1.51
--------- test avarage ---------
--- All clients' test loss: 1.07
--- All clients' test acc: 61.65%
2023-02-26 14:12:08,615 [MainThread] [INFO ]  Server train time: 288.52602648735046
2023-02-26 14:12:08,617 [MainThread] [INFO ]  
-------- round 12 --------
2023-02-26 14:12:08,617 [MainThread] [INFO ]  --- start training ---
client: f0000005
--- local_update_loss : 1.07
client: f0000008
--- local_update_loss : 1.20
--- DML_update_loss(A model) with Client:f0000003: 1.38
--- DML_update_loss(A model) with Client:f0000002: 1.47
--------- test avarage ---------
--- All clients' test loss: 1.05
--- All clients' test acc: 62.75%
2023-02-26 14:16:55,631 [MainThread] [INFO ]  Server train time: 287.01432633399963
2023-02-26 14:16:55,632 [MainThread] [INFO ]  
-------- round 13 --------
2023-02-26 14:16:55,632 [MainThread] [INFO ]  --- start training ---
client: f0000003
--- local_update_loss : 0.92
client: f0000005
--- local_update_loss : 1.05
--- DML_update_loss(A model) with Client:f0000008: 1.43
--- DML_update_loss(A model) with Client:f0000002: 1.43
--------- test avarage ---------
--- All clients' test loss: 0.95
--- All clients' test acc: 65.67%
2023-02-26 14:21:40,771 [MainThread] [INFO ]  Server train time: 285.13860988616943
2023-02-26 14:21:40,772 [MainThread] [INFO ]  
-------- round 14 --------
2023-02-26 14:21:40,772 [MainThread] [INFO ]  --- start training ---
client: f0000003
--- local_update_loss : 0.87
client: f0000009
--- local_update_loss : 1.15
--- DML_update_loss(A model) with Client:f0000006: 1.50
--- DML_update_loss(A model) with Client:f0000007: 1.42
--------- test avarage ---------
--- All clients' test loss: 0.98
--- All clients' test acc: 65.12%
2023-02-26 14:26:34,288 [MainThread] [INFO ]  Server train time: 293.5147693157196
2023-02-26 14:26:34,288 [MainThread] [INFO ]  
-------- round 15 --------
2023-02-26 14:26:34,288 [MainThread] [INFO ]  --- start training ---
client: f0000002
--- local_update_loss : 0.99
client: f0000006
--- local_update_loss : 1.06
--- DML_update_loss(A model) with Client:f0000004: 1.52
--- DML_update_loss(A model) with Client:f0000009: 1.52
--------- test avarage ---------
--- All clients' test loss: 1.01
--- All clients' test acc: 63.05%
2023-02-26 14:31:24,398 [MainThread] [INFO ]  Server train time: 290.10885214805603
2023-02-26 14:31:24,399 [MainThread] [INFO ]  
-------- round 16 --------
2023-02-26 14:31:24,399 [MainThread] [INFO ]  --- start training ---
client: f0000006
--- local_update_loss : 1.03
client: f0000002
--- local_update_loss : 0.94
--- DML_update_loss(A model) with Client:f0000004: 1.52
--- DML_update_loss(A model) with Client:f0000005: 1.52
--------- test avarage ---------
--- All clients' test loss: 1.02
--- All clients' test acc: 63.38%
2023-02-26 14:36:12,313 [MainThread] [INFO ]  Server train time: 287.9134421348572
2023-02-26 14:36:12,313 [MainThread] [INFO ]  
-------- round 17 --------
2023-02-26 14:36:12,313 [MainThread] [INFO ]  --- start training ---
client: f0000007
--- local_update_loss : 0.93
client: f0000002
--- local_update_loss : 0.92
--- DML_update_loss(A model) with Client:f0000001: 1.50
--- DML_update_loss(A model) with Client:f0000004: 1.52
--------- test avarage ---------
--- All clients' test loss: 0.96
--- All clients' test acc: 65.35%
2023-02-26 14:41:02,249 [MainThread] [INFO ]  Server train time: 289.9354319572449
2023-02-26 14:41:02,250 [MainThread] [INFO ]  
-------- round 18 --------
2023-02-26 14:41:02,250 [MainThread] [INFO ]  --- start training ---
client: f0000007
--- local_update_loss : 0.89
client: f0000009
--- local_update_loss : 1.11
--- DML_update_loss(A model) with Client:f0000000: 1.53
--- DML_update_loss(A model) with Client:f0000006: 1.51
--------- test avarage ---------
--- All clients' test loss: 1.00
--- All clients' test acc: 63.30%
2023-02-26 14:45:46,229 [MainThread] [INFO ]  Server train time: 283.97860455513
2023-02-26 14:45:46,230 [MainThread] [INFO ]  
-------- round 19 --------
2023-02-26 14:45:46,230 [MainThread] [INFO ]  --- start training ---
client: f0000001
--- local_update_loss : 1.06
client: f0000007
--- local_update_loss : 0.85
--- DML_update_loss(A model) with Client:f0000004: 1.52
--- DML_update_loss(A model) with Client:f0000008: 1.39
--------- test avarage ---------
--- All clients' test loss: 0.96
--- All clients' test acc: 65.45%
2023-02-26 14:50:30,649 [MainThread] [INFO ]  Server train time: 284.41851353645325
2023-02-26 14:50:30,659 [MainThread] [INFO ]  Model saved at /home/dengzhiling/.local/lib/python3.10/site-packages/easyfl/main/saved_models/_global_model_r_19.pth
2023-02-26 14:50:30,659 [MainThread] [INFO ]  
-------- round 20 --------
2023-02-26 14:50:30,659 [MainThread] [INFO ]  --- start training ---
client: f0000007
--- local_update_loss : 0.84
client: f0000001
--- local_update_loss : 1.03
--- DML_update_loss(A model) with Client:f0000006: 1.51
--- DML_update_loss(A model) with Client:f0000004: 1.52
--------- test avarage ---------
--- All clients' test loss: 1.01
--- All clients' test acc: 63.35%
2023-02-26 14:55:13,634 [MainThread] [INFO ]  Server train time: 282.9745228290558
2023-02-26 14:55:13,635 [MainThread] [INFO ]  
-------- round 21 --------
2023-02-26 14:55:13,635 [MainThread] [INFO ]  --- start training ---
client: f0000001
--- local_update_loss : 0.99
client: f0000002
--- local_update_loss : 0.90
--- DML_update_loss(A model) with Client:f0000007: 1.42
--- DML_update_loss(A model) with Client:f0000006: 1.50
--------- test avarage ---------
--- All clients' test loss: 0.96
--- All clients' test acc: 65.52%
2023-02-26 14:59:59,204 [MainThread] [INFO ]  Server train time: 285.5688407421112
2023-02-26 14:59:59,205 [MainThread] [INFO ]  
-------- round 22 --------
2023-02-26 14:59:59,205 [MainThread] [INFO ]  --- start training ---
client: f0000002
--- local_update_loss : 0.88
client: f0000001
--- local_update_loss : 0.97
--- DML_update_loss(A model) with Client:f0000007: 1.42
--- DML_update_loss(A model) with Client:f0000006: 1.50
--------- test avarage ---------
--- All clients' test loss: 0.98
--- All clients' test acc: 65.33%
2023-02-26 15:04:43,895 [MainThread] [INFO ]  Server train time: 284.68969988822937
2023-02-26 15:04:43,896 [MainThread] [INFO ]  
-------- round 23 --------
2023-02-26 15:04:43,896 [MainThread] [INFO ]  --- start training ---
client: f0000005
--- local_update_loss : 1.09
client: f0000008
--- local_update_loss : 0.94
--- DML_update_loss(A model) with Client:f0000002: 1.44
--- DML_update_loss(A model) with Client:f0000009: 1.52
--------- test avarage ---------
--- All clients' test loss: 0.99
--- All clients' test acc: 63.95%
2023-02-26 15:09:26,064 [MainThread] [INFO ]  Server train time: 282.1675024032593
2023-02-26 15:09:26,065 [MainThread] [INFO ]  
-------- round 24 --------
2023-02-26 15:09:26,065 [MainThread] [INFO ]  --- start training ---
client: f0000009
--- local_update_loss : 1.09
client: f0000004
--- local_update_loss : 1.09
--- DML_update_loss(A model) with Client:f0000006: 1.50
--- DML_update_loss(A model) with Client:f0000008: 1.40
--------- test avarage ---------
--- All clients' test loss: 0.99
--- All clients' test acc: 64.38%
2023-02-26 15:14:07,500 [MainThread] [INFO ]  Server train time: 281.43503165245056
2023-02-26 15:14:07,501 [MainThread] [INFO ]  
-------- round 25 --------
2023-02-26 15:14:07,501 [MainThread] [INFO ]  --- start training ---
client: f0000005
--- local_update_loss : 1.05
client: f0000001
--- local_update_loss : 0.96
--- DML_update_loss(A model) with Client:f0000000: 1.54
--- DML_update_loss(A model) with Client:f0000006: 1.50
--------- test avarage ---------
--- All clients' test loss: 1.01
--- All clients' test acc: 63.05%
2023-02-26 15:18:49,745 [MainThread] [INFO ]  Server train time: 282.2431938648224
2023-02-26 15:18:49,746 [MainThread] [INFO ]  
-------- round 26 --------
2023-02-26 15:18:49,746 [MainThread] [INFO ]  --- start training ---
client: f0000008
--- local_update_loss : 0.92
client: f0000004
--- local_update_loss : 1.04
--- DML_update_loss(A model) with Client:f0000001: 1.51
--- DML_update_loss(A model) with Client:f0000003: 1.39
--------- test avarage ---------
--- All clients' test loss: 0.95
--- All clients' test acc: 63.80%
2023-02-26 15:23:33,681 [MainThread] [INFO ]  Server train time: 283.934406042099
2023-02-26 15:23:33,682 [MainThread] [INFO ]  
-------- round 27 --------
2023-02-26 15:23:33,682 [MainThread] [INFO ]  --- start training ---
client: f0000004
--- local_update_loss : 1.02
client: f0000002
--- local_update_loss : 0.95
--- DML_update_loss(A model) with Client:f0000007: 1.41
--- DML_update_loss(A model) with Client:f0000001: 1.50
--------- test avarage ---------
--- All clients' test loss: 0.97
--- All clients' test acc: 65.10%
2023-02-26 15:28:19,167 [MainThread] [INFO ]  Server train time: 285.4854576587677
2023-02-26 15:28:19,168 [MainThread] [INFO ]  
-------- round 28 --------
2023-02-26 15:28:19,168 [MainThread] [INFO ]  --- start training ---
client: f0000009
--- local_update_loss : 1.05
client: f0000002
--- local_update_loss : 0.91
--- DML_update_loss(A model) with Client:f0000005: 1.52
--- DML_update_loss(A model) with Client:f0000003: 1.39
--------- test avarage ---------
--- All clients' test loss: 0.95
--- All clients' test acc: 66.70%
2023-02-26 15:33:00,377 [MainThread] [INFO ]  Server train time: 281.2083237171173
2023-02-26 15:33:00,378 [MainThread] [INFO ]  
-------- round 29 --------
2023-02-26 15:33:00,378 [MainThread] [INFO ]  --- start training ---
client: f0000008
--- local_update_loss : 0.88
client: f0000006
--- local_update_loss : 1.06
--- DML_update_loss(A model) with Client:f0000004: 1.53
--- DML_update_loss(A model) with Client:f0000003: 1.38
--------- test avarage ---------
--- All clients' test loss: 0.93
--- All clients' test acc: 66.45%
2023-02-26 15:37:48,721 [MainThread] [INFO ]  Server train time: 288.34246611595154
2023-02-26 15:37:48,731 [MainThread] [INFO ]  Model saved at /home/dengzhiling/.local/lib/python3.10/site-packages/easyfl/main/saved_models/_global_model_r_29.pth
2023-02-26 15:37:48,731 [MainThread] [INFO ]  
-------- round 30 --------
2023-02-26 15:37:48,731 [MainThread] [INFO ]  --- start training ---
client: f0000000
--- local_update_loss : 1.11
client: f0000001
--- local_update_loss : 1.06
--- DML_update_loss(A model) with Client:f0000008: 1.41
--- DML_update_loss(A model) with Client:f0000002: 1.43
--------- test avarage ---------
--- All clients' test loss: 0.97
--- All clients' test acc: 64.05%
2023-02-26 15:42:33,285 [MainThread] [INFO ]  Server train time: 284.55313754081726
2023-02-26 15:42:33,285 [MainThread] [INFO ]  
-------- round 31 --------
2023-02-26 15:42:33,286 [MainThread] [INFO ]  --- start training ---
client: f0000004
--- local_update_loss : 1.08
client: f0000001
--- local_update_loss : 1.03
--- DML_update_loss(A model) with Client:f0000005: 1.51
--- DML_update_loss(A model) with Client:f0000008: 1.40
--------- test avarage ---------
--- All clients' test loss: 0.97
--- All clients' test acc: 63.75%
2023-02-26 15:47:20,686 [MainThread] [INFO ]  Server train time: 287.399938583374
2023-02-26 15:47:20,687 [MainThread] [INFO ]  
-------- round 32 --------
2023-02-26 15:47:20,687 [MainThread] [INFO ]  --- start training ---
client: f0000009
--- local_update_loss : 1.02
client: f0000001
--- local_update_loss : 0.99
--- DML_update_loss(A model) with Client:f0000003: 1.38
--- DML_update_loss(A model) with Client:f0000006: 1.50
--------- test avarage ---------
--- All clients' test loss: 1.06
--- All clients' test acc: 61.75%
2023-02-26 15:52:08,683 [MainThread] [INFO ]  Server train time: 287.9953489303589
2023-02-26 15:52:08,683 [MainThread] [INFO ]  
-------- round 33 --------
2023-02-26 15:52:08,684 [MainThread] [INFO ]  --- start training ---
client: f0000008
--- local_update_loss : 0.93
client: f0000003
--- local_update_loss : 0.91
--- DML_update_loss(A model) with Client:f0000005: 1.52
--- DML_update_loss(A model) with Client:f0000001: 1.51
--------- test avarage ---------
--- All clients' test loss: 0.94
--- All clients' test acc: 64.98%
2023-02-26 15:56:54,124 [MainThread] [INFO ]  Server train time: 285.4397473335266
2023-02-26 15:56:54,125 [MainThread] [INFO ]  
-------- round 34 --------
2023-02-26 15:56:54,125 [MainThread] [INFO ]  --- start training ---
client: f0000000
--- local_update_loss : 1.07
client: f0000009
--- local_update_loss : 1.00
--- DML_update_loss(A model) with Client:f0000004: 1.52
--- DML_update_loss(A model) with Client:f0000007: 1.41
--------- test avarage ---------
--- All clients' test loss: 0.97
--- All clients' test acc: 65.22%
2023-02-26 16:01:38,329 [MainThread] [INFO ]  Server train time: 284.2043800354004
2023-02-26 16:01:38,330 [MainThread] [INFO ]  
-------- round 35 --------
2023-02-26 16:01:38,330 [MainThread] [INFO ]  --- start training ---
client: f0000006
--- local_update_loss : 1.07
client: f0000002
--- local_update_loss : 0.95
--- DML_update_loss(A model) with Client:f0000003: 1.38
--- DML_update_loss(A model) with Client:f0000000: 1.54
--------- test avarage ---------
--- All clients' test loss: 0.98
--- All clients' test acc: 64.92%
2023-02-26 16:06:18,731 [MainThread] [INFO ]  Server train time: 280.40015268325806
2023-02-26 16:06:18,732 [MainThread] [INFO ]  
-------- round 36 --------
2023-02-26 16:06:18,732 [MainThread] [INFO ]  --- start training ---
client: f0000003
--- local_update_loss : 0.90
client: f0000009
--- local_update_loss : 1.00
--- DML_update_loss(A model) with Client:f0000005: 1.51
--- DML_update_loss(A model) with Client:f0000006: 1.51
--------- test avarage ---------
--- All clients' test loss: 0.99
--- All clients' test acc: 64.28%
2023-02-26 16:11:02,816 [MainThread] [INFO ]  Server train time: 284.08429312705994
2023-02-26 16:11:02,817 [MainThread] [INFO ]  
-------- round 37 --------
2023-02-26 16:11:02,817 [MainThread] [INFO ]  --- start training ---
client: f0000004
--- local_update_loss : 1.08
client: f0000009
--- local_update_loss : 0.97
--- DML_update_loss(A model) with Client:f0000005: 1.52
--- DML_update_loss(A model) with Client:f0000007: 1.41
--------- test avarage ---------
--- All clients' test loss: 0.99
--- All clients' test acc: 62.93%
2023-02-26 16:15:48,120 [MainThread] [INFO ]  Server train time: 285.3018822669983
2023-02-26 16:15:48,120 [MainThread] [INFO ]  
-------- round 38 --------
2023-02-26 16:15:48,120 [MainThread] [INFO ]  --- start training ---
client: f0000008
--- local_update_loss : 0.88
client: f0000000
--- local_update_loss : 1.12
--- DML_update_loss(A model) with Client:f0000009: 1.53
--- DML_update_loss(A model) with Client:f0000003: 1.39
--------- test avarage ---------
--- All clients' test loss: 0.97
--- All clients' test acc: 64.90%
2023-02-26 16:20:29,417 [MainThread] [INFO ]  Server train time: 281.2961528301239
2023-02-26 16:20:29,418 [MainThread] [INFO ]  
-------- round 39 --------
2023-02-26 16:20:29,418 [MainThread] [INFO ]  --- start training ---
client: f0000002
--- local_update_loss : 0.90
client: f0000001
--- local_update_loss : 1.06
--- DML_update_loss(A model) with Client:f0000005: 1.51
--- DML_update_loss(A model) with Client:f0000000: 1.54
--------- test avarage ---------
--- All clients' test loss: 0.98
--- All clients' test acc: 64.28%
2023-02-26 16:25:10,522 [MainThread] [INFO ]  Server train time: 281.1040484905243
2023-02-26 16:25:10,533 [MainThread] [INFO ]  Model saved at /home/dengzhiling/.local/lib/python3.10/site-packages/easyfl/main/saved_models/_global_model_r_39.pth
2023-02-26 16:25:10,533 [MainThread] [INFO ]  
-------- round 40 --------
2023-02-26 16:25:10,533 [MainThread] [INFO ]  --- start training ---
client: f0000004
--- local_update_loss : 1.04
client: f0000003
--- local_update_loss : 0.90
--- DML_update_loss(A model) with Client:f0000001: 1.50
--- DML_update_loss(A model) with Client:f0000008: 1.40
--------- test avarage ---------
--- All clients' test loss: 0.98
--- All clients' test acc: 64.53%
2023-02-26 16:29:56,021 [MainThread] [INFO ]  Server train time: 285.4873962402344
2023-02-26 16:29:56,021 [MainThread] [INFO ]  
-------- round 41 --------
2023-02-26 16:29:56,022 [MainThread] [INFO ]  --- start training ---
client: f0000005
--- local_update_loss : 1.09
client: f0000006
--- local_update_loss : 1.07
--- DML_update_loss(A model) with Client:f0000002: 1.44
--- DML_update_loss(A model) with Client:f0000007: 1.42
--------- test avarage ---------
--- All clients' test loss: 0.98
--- All clients' test acc: 65.28%
2023-02-26 16:34:38,152 [MainThread] [INFO ]  Server train time: 282.12999868392944
2023-02-26 16:34:38,153 [MainThread] [INFO ]  
-------- round 42 --------
2023-02-26 16:34:38,153 [MainThread] [INFO ]  --- start training ---
client: f0000008
--- local_update_loss : 0.91
client: f0000001
--- local_update_loss : 1.07
--- DML_update_loss(A model) with Client:f0000004: 1.53
--- DML_update_loss(A model) with Client:f0000002: 1.43
--------- test avarage ---------
--- All clients' test loss: 0.95
--- All clients' test acc: 64.35%
2023-02-26 16:39:22,669 [MainThread] [INFO ]  Server train time: 284.51566982269287
2023-02-26 16:39:22,670 [MainThread] [INFO ]  
-------- round 43 --------
2023-02-26 16:39:22,670 [MainThread] [INFO ]  --- start training ---
client: f0000003
--- local_update_loss : 0.86
client: f0000009
--- local_update_loss : 1.07
--- DML_update_loss(A model) with Client:f0000004: 1.52
--- DML_update_loss(A model) with Client:f0000005: 1.53
--------- test avarage ---------
--- All clients' test loss: 0.99
--- All clients' test acc: 64.77%
2023-02-26 16:44:02,845 [MainThread] [INFO ]  Server train time: 280.17467617988586
2023-02-26 16:44:02,846 [MainThread] [INFO ]  
-------- round 44 --------
2023-02-26 16:44:02,846 [MainThread] [INFO ]  --- start training ---
client: f0000002
--- local_update_loss : 0.96
client: f0000007
--- local_update_loss : 0.93
--- DML_update_loss(A model) with Client:f0000009: 1.52
--- DML_update_loss(A model) with Client:f0000001: 1.50
--------- test avarage ---------
--- All clients' test loss: 1.01
--- All clients' test acc: 63.27%
2023-02-26 16:48:43,335 [MainThread] [INFO ]  Server train time: 280.4887158870697
2023-02-26 16:48:43,336 [MainThread] [INFO ]  
-------- round 45 --------
2023-02-26 16:48:43,336 [MainThread] [INFO ]  --- start training ---
client: f0000002
--- local_update_loss : 0.91
client: f0000004
--- local_update_loss : 1.08
--- DML_update_loss(A model) with Client:f0000007: 1.41
--- DML_update_loss(A model) with Client:f0000001: 1.50
--------- test avarage ---------
--- All clients' test loss: 0.98
--- All clients' test acc: 65.25%
2023-02-26 16:53:25,829 [MainThread] [INFO ]  Server train time: 282.4922671318054
2023-02-26 16:53:25,829 [MainThread] [INFO ]  
-------- round 46 --------
2023-02-26 16:53:25,830 [MainThread] [INFO ]  --- start training ---
client: f0000007
--- local_update_loss : 0.93
client: f0000000
--- local_update_loss : 1.10
--- DML_update_loss(A model) with Client:f0000001: 1.51
--- DML_update_loss(A model) with Client:f0000005: 1.51
--------- test avarage ---------
--- All clients' test loss: 0.99
--- All clients' test acc: 63.77%
2023-02-26 16:58:05,952 [MainThread] [INFO ]  Server train time: 280.1225643157959
2023-02-26 16:58:05,953 [MainThread] [INFO ]  
-------- round 47 --------
2023-02-26 16:58:05,953 [MainThread] [INFO ]  --- start training ---
client: f0000002
--- local_update_loss : 0.88
client: f0000001
--- local_update_loss : 1.07
--- DML_update_loss(A model) with Client:f0000008: 1.40
--- DML_update_loss(A model) with Client:f0000006: 1.51
--------- test avarage ---------
--- All clients' test loss: 0.97
--- All clients' test acc: 64.65%
2023-02-26 17:02:47,244 [MainThread] [INFO ]  Server train time: 281.2897844314575
2023-02-26 17:02:47,244 [MainThread] [INFO ]  
-------- round 48 --------
2023-02-26 17:02:47,244 [MainThread] [INFO ]  --- start training ---
client: f0000007
--- local_update_loss : 0.89
client: f0000005
--- local_update_loss : 1.09
--- DML_update_loss(A model) with Client:f0000004: 1.52
--- DML_update_loss(A model) with Client:f0000009: 1.51
--------- test avarage ---------
--- All clients' test loss: 0.97
--- All clients' test acc: 65.48%
2023-02-26 17:07:33,070 [MainThread] [INFO ]  Server train time: 285.82546162605286
2023-02-26 17:07:33,071 [MainThread] [INFO ]  
-------- round 49 --------
2023-02-26 17:07:33,071 [MainThread] [INFO ]  --- start training ---
client: f0000009
--- local_update_loss : 1.08
client: f0000000
--- local_update_loss : 1.07
--- DML_update_loss(A model) with Client:f0000006: 1.50
--- DML_update_loss(A model) with Client:f0000001: 1.50
--------- test avarage ---------
--- All clients' test loss: 1.04
--- All clients' test acc: 61.80%
2023-02-26 17:12:11,689 [MainThread] [INFO ]  Server train time: 278.61711978912354
2023-02-26 17:12:11,698 [MainThread] [INFO ]  Model saved at /home/dengzhiling/.local/lib/python3.10/site-packages/easyfl/main/saved_models/_global_model_r_49.pth
2023-02-26 17:12:11,699 [MainThread] [INFO ]  
-------- round 50 --------
2023-02-26 17:12:11,699 [MainThread] [INFO ]  --- start training ---
client: f0000007
--- local_update_loss : 0.87
client: f0000008
--- local_update_loss : 0.91
--- DML_update_loss(A model) with Client:f0000005: 1.52
--- DML_update_loss(A model) with Client:f0000002: 1.45
--------- test avarage ---------
--- All clients' test loss: 0.94
--- All clients' test acc: 66.28%
2023-02-26 17:16:57,791 [MainThread] [INFO ]  Server train time: 286.09251737594604
2023-02-26 17:16:57,792 [MainThread] [INFO ]  
-------- round 51 --------
2023-02-26 17:16:57,792 [MainThread] [INFO ]  --- start training ---
client: f0000003
--- local_update_loss : 0.84
client: f0000004
--- local_update_loss : 1.08
--- DML_update_loss(A model) with Client:f0000006: 1.50
--- DML_update_loss(A model) with Client:f0000000: 1.53
--------- test avarage ---------
--- All clients' test loss: 0.96
--- All clients' test acc: 65.38%
2023-02-26 17:21:39,927 [MainThread] [INFO ]  Server train time: 282.13401913642883
2023-02-26 17:21:39,928 [MainThread] [INFO ]  
-------- round 52 --------
2023-02-26 17:21:39,928 [MainThread] [INFO ]  --- start training ---
client: f0000009
--- local_update_loss : 1.04
client: f0000001
--- local_update_loss : 1.06
--- DML_update_loss(A model) with Client:f0000002: 1.43
--- DML_update_loss(A model) with Client:f0000008: 1.41
--------- test avarage ---------
--- All clients' test loss: 0.96
--- All clients' test acc: 64.75%
2023-02-26 17:26:23,661 [MainThread] [INFO ]  Server train time: 283.73307037353516
2023-02-26 17:26:23,662 [MainThread] [INFO ]  
-------- round 53 --------
2023-02-26 17:26:23,662 [MainThread] [INFO ]  --- start training ---
client: f0000001
--- local_update_loss : 1.02
client: f0000002
--- local_update_loss : 0.96
--- DML_update_loss(A model) with Client:f0000007: 1.43
--- DML_update_loss(A model) with Client:f0000008: 1.40
--------- test avarage ---------
--- All clients' test loss: 0.98
--- All clients' test acc: 65.20%
2023-02-26 17:31:05,404 [MainThread] [INFO ]  Server train time: 281.7412757873535
2023-02-26 17:31:05,405 [MainThread] [INFO ]  
-------- round 54 --------
2023-02-26 17:31:05,405 [MainThread] [INFO ]  --- start training ---
client: f0000004
--- local_update_loss : 1.04
client: f0000008
--- local_update_loss : 0.91
--- DML_update_loss(A model) with Client:f0000000: 1.53
--- DML_update_loss(A model) with Client:f0000007: 1.41
--------- test avarage ---------
--- All clients' test loss: 0.94
--- All clients' test acc: 65.08%
2023-02-26 17:35:48,616 [MainThread] [INFO ]  Server train time: 283.21138882637024
2023-02-26 17:35:48,617 [MainThread] [INFO ]  
-------- round 55 --------
2023-02-26 17:35:48,617 [MainThread] [INFO ]  --- start training ---
client: f0000004
--- local_update_loss : 1.02
client: f0000000
--- local_update_loss : 1.11
--- DML_update_loss(A model) with Client:f0000003: 1.40
--- DML_update_loss(A model) with Client:f0000002: 1.43
--------- test avarage ---------
--- All clients' test loss: 0.94
--- All clients' test acc: 66.20%
2023-02-26 17:40:33,056 [MainThread] [INFO ]  Server train time: 284.4382994174957
2023-02-26 17:40:33,057 [MainThread] [INFO ]  
-------- round 56 --------
2023-02-26 17:40:33,057 [MainThread] [INFO ]  --- start training ---
client: f0000006
--- local_update_loss : 1.07
client: f0000001
--- local_update_loss : 1.00
--- DML_update_loss(A model) with Client:f0000003: 1.39
--- DML_update_loss(A model) with Client:f0000008: 1.41
--------- test avarage ---------
--- All clients' test loss: 0.93
--- All clients' test acc: 65.45%
2023-02-26 17:45:16,878 [MainThread] [INFO ]  Server train time: 283.82073426246643
2023-02-26 17:45:16,879 [MainThread] [INFO ]  
-------- round 57 --------
2023-02-26 17:45:16,879 [MainThread] [INFO ]  --- start training ---
client: f0000003
--- local_update_loss : 0.91
client: f0000008
--- local_update_loss : 0.92
--- DML_update_loss(A model) with Client:f0000000: 1.54
--- DML_update_loss(A model) with Client:f0000004: 1.52
--------- test avarage ---------
--- All clients' test loss: 0.94
--- All clients' test acc: 65.17%
2023-02-26 17:50:00,132 [MainThread] [INFO ]  Server train time: 283.25251936912537
2023-02-26 17:50:00,133 [MainThread] [INFO ]  
-------- round 58 --------
2023-02-26 17:50:00,133 [MainThread] [INFO ]  --- start training ---
client: f0000004
--- local_update_loss : 1.08
client: f0000002
--- local_update_loss : 0.95
--- DML_update_loss(A model) with Client:f0000005: 1.52
--- DML_update_loss(A model) with Client:f0000007: 1.41
--------- test avarage ---------
--- All clients' test loss: 0.94
--- All clients' test acc: 66.20%
2023-02-26 17:54:48,137 [MainThread] [INFO ]  Server train time: 288.00403237342834
2023-02-26 17:54:48,138 [MainThread] [INFO ]  
-------- round 59 --------
2023-02-26 17:54:48,138 [MainThread] [INFO ]  --- start training ---
client: f0000002
--- local_update_loss : 0.90
client: f0000006
--- local_update_loss : 1.03
--- DML_update_loss(A model) with Client:f0000000: 1.53
--- DML_update_loss(A model) with Client:f0000007: 1.42
--------- test avarage ---------
--- All clients' test loss: 0.98
--- All clients' test acc: 65.58%
2023-02-26 17:59:29,278 [MainThread] [INFO ]  Server train time: 281.13923478126526
2023-02-26 17:59:29,288 [MainThread] [INFO ]  Model saved at /home/dengzhiling/.local/lib/python3.10/site-packages/easyfl/main/saved_models/_global_model_r_59.pth
2023-02-26 17:59:29,288 [MainThread] [INFO ]  
-------- round 60 --------
2023-02-26 17:59:29,288 [MainThread] [INFO ]  --- start training ---
client: f0000005
--- local_update_loss : 1.08
client: f0000008
--- local_update_loss : 0.88
--- DML_update_loss(A model) with Client:f0000006: 1.51
--- DML_update_loss(A model) with Client:f0000004: 1.52
--------- test avarage ---------
--- All clients' test loss: 0.98
--- All clients' test acc: 63.70%
2023-02-26 18:04:13,019 [MainThread] [INFO ]  Server train time: 283.73028016090393
2023-02-26 18:04:13,019 [MainThread] [INFO ]  
-------- round 61 --------
2023-02-26 18:04:13,020 [MainThread] [INFO ]  --- start training ---
client: f0000006
--- local_update_loss : 1.07
client: f0000004
--- local_update_loss : 1.08
--- DML_update_loss(A model) with Client:f0000002: 1.45
--- DML_update_loss(A model) with Client:f0000005: 1.52
--------- test avarage ---------
--- All clients' test loss: 0.97
--- All clients' test acc: 64.83%
2023-02-26 18:09:02,176 [MainThread] [INFO ]  Server train time: 289.15563225746155
2023-02-26 18:09:02,176 [MainThread] [INFO ]  
-------- round 62 --------
2023-02-26 18:09:02,177 [MainThread] [INFO ]  --- start training ---
client: f0000000
--- local_update_loss : 1.11
client: f0000004
--- local_update_loss : 1.04
--- DML_update_loss(A model) with Client:f0000002: 1.43
--- DML_update_loss(A model) with Client:f0000008: 1.41
--------- test avarage ---------
--- All clients' test loss: 0.99
--- All clients' test acc: 63.90%
2023-02-26 18:13:48,418 [MainThread] [INFO ]  Server train time: 286.24121618270874
2023-02-26 18:13:48,419 [MainThread] [INFO ]  
-------- round 63 --------
2023-02-26 18:13:48,419 [MainThread] [INFO ]  --- start training ---
client: f0000005
--- local_update_loss : 1.09
client: f0000009
--- local_update_loss : 1.02
--- DML_update_loss(A model) with Client:f0000003: 1.39
--- DML_update_loss(A model) with Client:f0000008: 1.40
--------- test avarage ---------
--- All clients' test loss: 0.93
--- All clients' test acc: 66.15%
2023-02-26 18:18:30,685 [MainThread] [INFO ]  Server train time: 282.2656364440918
2023-02-26 18:18:30,686 [MainThread] [INFO ]  
-------- round 64 --------
2023-02-26 18:18:30,686 [MainThread] [INFO ]  --- start training ---
client: f0000002
--- local_update_loss : 0.95
client: f0000000
--- local_update_loss : 1.06
--- DML_update_loss(A model) with Client:f0000004: 1.52
--- DML_update_loss(A model) with Client:f0000005: 1.52
--------- test avarage ---------
--- All clients' test loss: 0.98
--- All clients' test acc: 64.40%
2023-02-26 18:23:16,710 [MainThread] [INFO ]  Server train time: 286.02315378189087
2023-02-26 18:23:16,710 [MainThread] [INFO ]  
-------- round 65 --------
2023-02-26 18:23:16,711 [MainThread] [INFO ]  --- start training ---
client: f0000003
--- local_update_loss : 0.90
client: f0000002
--- local_update_loss : 0.91
--- DML_update_loss(A model) with Client:f0000004: 1.52
--- DML_update_loss(A model) with Client:f0000007: 1.41
--------- test avarage ---------
--- All clients' test loss: 0.93
--- All clients' test acc: 66.62%
2023-02-26 18:27:57,692 [MainThread] [INFO ]  Server train time: 280.9810788631439
2023-02-26 18:27:57,693 [MainThread] [INFO ]  
-------- round 66 --------
2023-02-26 18:27:57,693 [MainThread] [INFO ]  --- start training ---
client: f0000000
--- local_update_loss : 1.05
client: f0000008
--- local_update_loss : 0.92
--- DML_update_loss(A model) with Client:f0000003: 1.39
--- DML_update_loss(A model) with Client:f0000002: 1.44
--------- test avarage ---------
--- All clients' test loss: 0.94
--- All clients' test acc: 66.02%
2023-02-26 18:32:36,815 [MainThread] [INFO ]  Server train time: 279.12177777290344
2023-02-26 18:32:36,816 [MainThread] [INFO ]  
-------- round 67 --------
2023-02-26 18:32:36,816 [MainThread] [INFO ]  --- start training ---
client: f0000000
--- local_update_loss : 1.03
client: f0000004
--- local_update_loss : 1.09
--- DML_update_loss(A model) with Client:f0000005: 1.51
--- DML_update_loss(A model) with Client:f0000003: 1.39
--------- test avarage ---------
--- All clients' test loss: 0.99
--- All clients' test acc: 63.43%
2023-02-26 18:37:26,892 [MainThread] [INFO ]  Server train time: 290.0759313106537
2023-02-26 18:37:26,893 [MainThread] [INFO ]  
-------- round 68 --------
2023-02-26 18:37:26,893 [MainThread] [INFO ]  --- start training ---
client: f0000006
--- local_update_loss : 1.01
client: f0000001
--- local_update_loss : 0.97
--- DML_update_loss(A model) with Client:f0000002: 1.43
--- DML_update_loss(A model) with Client:f0000005: 1.52
--------- test avarage ---------
--- All clients' test loss: 0.98
--- All clients' test acc: 63.80%
2023-02-26 18:42:16,525 [MainThread] [INFO ]  Server train time: 289.6310157775879
2023-02-26 18:42:16,526 [MainThread] [INFO ]  
-------- round 69 --------
2023-02-26 18:42:16,526 [MainThread] [INFO ]  --- start training ---
client: f0000003
--- local_update_loss : 0.91
client: f0000008
--- local_update_loss : 0.87
--- DML_update_loss(A model) with Client:f0000007: 1.42
--- DML_update_loss(A model) with Client:f0000009: 1.53
--------- test avarage ---------
--- All clients' test loss: 0.98
--- All clients' test acc: 65.75%
2023-02-26 18:46:58,176 [MainThread] [INFO ]  Server train time: 281.65011739730835
2023-02-26 18:46:58,186 [MainThread] [INFO ]  Model saved at /home/dengzhiling/.local/lib/python3.10/site-packages/easyfl/main/saved_models/_global_model_r_69.pth
2023-02-26 18:46:58,187 [MainThread] [INFO ]  
-------- round 70 --------
2023-02-26 18:46:58,187 [MainThread] [INFO ]  --- start training ---
client: f0000005
--- local_update_loss : 1.09
client: f0000008
--- local_update_loss : 0.85
--- DML_update_loss(A model) with Client:f0000007: 1.41
--- DML_update_loss(A model) with Client:f0000000: 1.55
--------- test avarage ---------
--- All clients' test loss: 0.93
--- All clients' test acc: 66.62%
2023-02-26 18:51:38,719 [MainThread] [INFO ]  Server train time: 280.5323441028595
2023-02-26 18:51:38,720 [MainThread] [INFO ]  
-------- round 71 --------
2023-02-26 18:51:38,720 [MainThread] [INFO ]  --- start training ---
client: f0000004
--- local_update_loss : 1.04
client: f0000005
--- local_update_loss : 1.04
--- DML_update_loss(A model) with Client:f0000000: 1.54
--- DML_update_loss(A model) with Client:f0000001: 1.51
--------- test avarage ---------
--- All clients' test loss: 1.00
--- All clients' test acc: 62.90%
2023-02-26 18:56:24,349 [MainThread] [INFO ]  Server train time: 285.6282980442047
2023-02-26 18:56:24,350 [MainThread] [INFO ]  
-------- round 72 --------
2023-02-26 18:56:24,350 [MainThread] [INFO ]  --- start training ---
client: f0000000
--- local_update_loss : 1.11
client: f0000004
--- local_update_loss : 1.03
--- DML_update_loss(A model) with Client:f0000002: 1.43
--- DML_update_loss(A model) with Client:f0000005: 1.53
--------- test avarage ---------
--- All clients' test loss: 1.01
--- All clients' test acc: 63.50%
2023-02-26 19:01:04,977 [MainThread] [INFO ]  Server train time: 280.6262879371643
2023-02-26 19:01:04,977 [MainThread] [INFO ]  
-------- round 73 --------
2023-02-26 19:01:04,978 [MainThread] [INFO ]  --- start training ---
client: f0000007
--- local_update_loss : 0.93
client: f0000004
--- local_update_loss : 1.01
--- DML_update_loss(A model) with Client:f0000008: 1.42
--- DML_update_loss(A model) with Client:f0000003: 1.38
--------- test avarage ---------
--- All clients' test loss: 0.91
--- All clients' test acc: 67.55%
2023-02-26 19:05:50,502 [MainThread] [INFO ]  Server train time: 285.52403235435486
2023-02-26 19:05:50,503 [MainThread] [INFO ]  
-------- round 74 --------
2023-02-26 19:05:50,503 [MainThread] [INFO ]  --- start training ---
client: f0000000
--- local_update_loss : 1.07
client: f0000005
--- local_update_loss : 1.10
--- DML_update_loss(A model) with Client:f0000006: 1.51
--- DML_update_loss(A model) with Client:f0000002: 1.43
--------- test avarage ---------
--- All clients' test loss: 1.04
--- All clients' test acc: 61.70%
2023-02-26 19:10:30,137 [MainThread] [INFO ]  Server train time: 279.6335201263428
2023-02-26 19:10:30,138 [MainThread] [INFO ]  
-------- round 75 --------
2023-02-26 19:10:30,138 [MainThread] [INFO ]  --- start training ---
client: f0000006
--- local_update_loss : 1.07
client: f0000004
--- local_update_loss : 0.99
--- DML_update_loss(A model) with Client:f0000002: 1.43
--- DML_update_loss(A model) with Client:f0000009: 1.52
--------- test avarage ---------
--- All clients' test loss: 1.03
--- All clients' test acc: 62.30%
2023-02-26 19:15:11,752 [MainThread] [INFO ]  Server train time: 281.6143229007721
2023-02-26 19:15:11,753 [MainThread] [INFO ]  
-------- round 76 --------
2023-02-26 19:15:11,753 [MainThread] [INFO ]  --- start training ---
client: f0000006
--- local_update_loss : 1.03
client: f0000003
--- local_update_loss : 0.90
--- DML_update_loss(A model) with Client:f0000005: 1.52
--- DML_update_loss(A model) with Client:f0000004: 1.53
--------- test avarage ---------
--- All clients' test loss: 0.96
--- All clients' test acc: 64.33%
2023-02-26 19:19:58,374 [MainThread] [INFO ]  Server train time: 286.620085477829
2023-02-26 19:19:58,375 [MainThread] [INFO ]  
-------- round 77 --------
2023-02-26 19:19:58,375 [MainThread] [INFO ]  --- start training ---
client: f0000002
--- local_update_loss : 0.95
client: f0000001
--- local_update_loss : 1.07
--- DML_update_loss(A model) with Client:f0000005: 1.52
--- DML_update_loss(A model) with Client:f0000006: 1.51
--------- test avarage ---------
--- All clients' test loss: 1.00
--- All clients' test acc: 63.53%
2023-02-26 19:24:41,294 [MainThread] [INFO ]  Server train time: 282.91843032836914
2023-02-26 19:24:41,294 [MainThread] [INFO ]  
-------- round 78 --------
2023-02-26 19:24:41,295 [MainThread] [INFO ]  --- start training ---
client: f0000003
--- local_update_loss : 0.86
client: f0000002
--- local_update_loss : 0.91
--- DML_update_loss(A model) with Client:f0000005: 1.51
--- DML_update_loss(A model) with Client:f0000000: 1.55
--------- test avarage ---------
--- All clients' test loss: 0.97
--- All clients' test acc: 66.62%
2023-02-26 19:29:22,447 [MainThread] [INFO ]  Server train time: 281.1518905162811
2023-02-26 19:29:22,448 [MainThread] [INFO ]  
-------- round 79 --------
2023-02-26 19:29:22,448 [MainThread] [INFO ]  --- start training ---
client: f0000009
--- local_update_loss : 1.08
client: f0000005
--- local_update_loss : 1.09
--- DML_update_loss(A model) with Client:f0000004: 1.52
--- DML_update_loss(A model) with Client:f0000002: 1.43
--------- test avarage ---------
--- All clients' test loss: 1.01
--- All clients' test acc: 63.22%
2023-02-26 19:34:09,851 [MainThread] [INFO ]  Server train time: 287.4029462337494
2023-02-26 19:34:09,861 [MainThread] [INFO ]  Model saved at /home/dengzhiling/.local/lib/python3.10/site-packages/easyfl/main/saved_models/_global_model_r_79.pth
2023-02-26 19:34:09,861 [MainThread] [INFO ]  
-------- round 80 --------
2023-02-26 19:34:09,861 [MainThread] [INFO ]  --- start training ---
client: f0000000
--- local_update_loss : 1.11
client: f0000009
--- local_update_loss : 1.04
--- DML_update_loss(A model) with Client:f0000007: 1.41
--- DML_update_loss(A model) with Client:f0000003: 1.39
--------- test avarage ---------
--- All clients' test loss: 0.99
--- All clients' test acc: 64.40%
2023-02-26 19:38:57,271 [MainThread] [INFO ]  Server train time: 287.40941858291626
2023-02-26 19:38:57,272 [MainThread] [INFO ]  
-------- round 81 --------
2023-02-26 19:38:57,272 [MainThread] [INFO ]  --- start training ---
client: f0000007
--- local_update_loss : 0.92
client: f0000002
--- local_update_loss : 0.95
--- DML_update_loss(A model) with Client:f0000006: 1.50
--- DML_update_loss(A model) with Client:f0000001: 1.51
--------- test avarage ---------
--- All clients' test loss: 1.01
--- All clients' test acc: 63.62%
2023-02-26 19:43:48,721 [MainThread] [INFO ]  Server train time: 291.44793128967285
2023-02-26 19:43:48,721 [MainThread] [INFO ]  
-------- round 82 --------
2023-02-26 19:43:48,722 [MainThread] [INFO ]  --- start training ---
client: f0000001
--- local_update_loss : 1.07
client: f0000006
--- local_update_loss : 1.06
--- DML_update_loss(A model) with Client:f0000008: 1.41
--- DML_update_loss(A model) with Client:f0000003: 1.38
--------- test avarage ---------
--- All clients' test loss: 0.96
--- All clients' test acc: 65.08%
2023-02-26 19:48:37,810 [MainThread] [INFO ]  Server train time: 289.0883541107178
2023-02-26 19:48:37,811 [MainThread] [INFO ]  
-------- round 83 --------
2023-02-26 19:48:37,811 [MainThread] [INFO ]  --- start training ---
client: f0000009
--- local_update_loss : 1.01
client: f0000001
--- local_update_loss : 1.02
--- DML_update_loss(A model) with Client:f0000003: 1.39
--- DML_update_loss(A model) with Client:f0000000: 1.54
--------- test avarage ---------
--- All clients' test loss: 1.00
--- All clients' test acc: 63.78%
2023-02-26 19:53:20,554 [MainThread] [INFO ]  Server train time: 282.74194836616516
2023-02-26 19:53:20,554 [MainThread] [INFO ]  
-------- round 84 --------
2023-02-26 19:53:20,555 [MainThread] [INFO ]  --- start training ---
client: f0000003
--- local_update_loss : 0.90
client: f0000006
--- local_update_loss : 1.02
--- DML_update_loss(A model) with Client:f0000008: 1.40
--- DML_update_loss(A model) with Client:f0000000: 1.54
--------- test avarage ---------
--- All clients' test loss: 0.95
--- All clients' test acc: 65.75%
2023-02-26 19:58:05,056 [MainThread] [INFO ]  Server train time: 284.50061082839966
2023-02-26 19:58:05,056 [MainThread] [INFO ]  
-------- round 85 --------
2023-02-26 19:58:05,057 [MainThread] [INFO ]  --- start training ---
client: f0000009
--- local_update_loss : 1.00
client: f0000006
--- local_update_loss : 1.00
--- DML_update_loss(A model) with Client:f0000003: 1.39
--- DML_update_loss(A model) with Client:f0000005: 1.53
--------- test avarage ---------
--- All clients' test loss: 0.96
--- All clients' test acc: 65.15%
2023-02-26 20:02:53,378 [MainThread] [INFO ]  Server train time: 288.3211851119995
2023-02-26 20:02:53,379 [MainThread] [INFO ]  
-------- round 86 --------
2023-02-26 20:02:53,379 [MainThread] [INFO ]  --- start training ---
client: f0000002
--- local_update_loss : 0.91
client: f0000006
--- local_update_loss : 0.97
--- DML_update_loss(A model) with Client:f0000008: 1.40
--- DML_update_loss(A model) with Client:f0000007: 1.42
--------- test avarage ---------
--- All clients' test loss: 0.91
--- All clients' test acc: 67.95%
2023-02-26 20:07:37,791 [MainThread] [INFO ]  Server train time: 284.4120328426361
2023-02-26 20:07:37,792 [MainThread] [INFO ]  
-------- round 87 --------
2023-02-26 20:07:37,792 [MainThread] [INFO ]  --- start training ---
client: f0000002
--- local_update_loss : 0.88
client: f0000004
--- local_update_loss : 1.08
--- DML_update_loss(A model) with Client:f0000003: 1.39
--- DML_update_loss(A model) with Client:f0000005: 1.51
--------- test avarage ---------
--- All clients' test loss: 0.95
--- All clients' test acc: 65.65%
2023-02-26 20:12:21,383 [MainThread] [INFO ]  Server train time: 283.59034967422485
2023-02-26 20:12:21,384 [MainThread] [INFO ]  
-------- round 88 --------
2023-02-26 20:12:21,384 [MainThread] [INFO ]  --- start training ---
client: f0000009
--- local_update_loss : 0.98
client: f0000003
--- local_update_loss : 0.91
--- DML_update_loss(A model) with Client:f0000000: 1.53
--- DML_update_loss(A model) with Client:f0000005: 1.52
--------- test avarage ---------
--- All clients' test loss: 0.99
--- All clients' test acc: 64.35%
2023-02-26 20:17:02,782 [MainThread] [INFO ]  Server train time: 281.3973140716553
2023-02-26 20:17:02,783 [MainThread] [INFO ]  
-------- round 89 --------
2023-02-26 20:17:02,783 [MainThread] [INFO ]  --- start training ---
client: f0000001
--- local_update_loss : 1.00
client: f0000007
--- local_update_loss : 0.93
--- DML_update_loss(A model) with Client:f0000006: 1.52
--- DML_update_loss(A model) with Client:f0000009: 1.53
--------- test avarage ---------
--- All clients' test loss: 1.03
--- All clients' test acc: 63.27%
2023-02-26 20:21:44,442 [MainThread] [INFO ]  Server train time: 281.6590585708618
2023-02-26 20:21:44,451 [MainThread] [INFO ]  Model saved at /home/dengzhiling/.local/lib/python3.10/site-packages/easyfl/main/saved_models/_global_model_r_89.pth
2023-02-26 20:21:44,452 [MainThread] [INFO ]  
-------- round 90 --------
2023-02-26 20:21:44,452 [MainThread] [INFO ]  --- start training ---
client: f0000008
--- local_update_loss : 0.92
client: f0000001
--- local_update_loss : 0.97
--- DML_update_loss(A model) with Client:f0000009: 1.52
--- DML_update_loss(A model) with Client:f0000003: 1.39
--------- test avarage ---------
--- All clients' test loss: 0.96
--- All clients' test acc: 65.20%
2023-02-26 20:26:32,509 [MainThread] [INFO ]  Server train time: 288.0570092201233
2023-02-26 20:26:32,510 [MainThread] [INFO ]  
-------- round 91 --------
2023-02-26 20:26:32,510 [MainThread] [INFO ]  --- start training ---
client: f0000003
--- local_update_loss : 0.89
client: f0000000
--- local_update_loss : 1.11
--- DML_update_loss(A model) with Client:f0000007: 1.41
--- DML_update_loss(A model) with Client:f0000006: 1.51
--------- test avarage ---------
--- All clients' test loss: 1.00
--- All clients' test acc: 64.20%
2023-02-26 20:31:27,153 [MainThread] [INFO ]  Server train time: 294.64206767082214
2023-02-26 20:31:27,153 [MainThread] [INFO ]  
-------- round 92 --------
2023-02-26 20:31:27,154 [MainThread] [INFO ]  --- start training ---
client: f0000007
--- local_update_loss : 0.92
client: f0000000
--- local_update_loss : 1.07
--- DML_update_loss(A model) with Client:f0000009: 1.52
--- DML_update_loss(A model) with Client:f0000003: 1.39
--------- test avarage ---------
--- All clients' test loss: 0.95
--- All clients' test acc: 65.88%
2023-02-26 20:36:13,703 [MainThread] [INFO ]  Server train time: 286.5494782924652
2023-02-26 20:36:13,704 [MainThread] [INFO ]  
-------- round 93 --------
2023-02-26 20:36:13,704 [MainThread] [INFO ]  --- start training ---
client: f0000002
--- local_update_loss : 0.86
client: f0000008
--- local_update_loss : 0.88
--- DML_update_loss(A model) with Client:f0000009: 1.51
--- DML_update_loss(A model) with Client:f0000005: 1.52
--------- test avarage ---------
--- All clients' test loss: 0.94
--- All clients' test acc: 66.55%
2023-02-26 20:40:58,781 [MainThread] [INFO ]  Server train time: 285.07655143737793
2023-02-26 20:40:58,782 [MainThread] [INFO ]  
-------- round 94 --------
2023-02-26 20:40:58,782 [MainThread] [INFO ]  --- start training ---
client: f0000004
--- local_update_loss : 1.04
client: f0000006
--- local_update_loss : 1.07
--- DML_update_loss(A model) with Client:f0000007: 1.42
--- DML_update_loss(A model) with Client:f0000000: 1.55
--------- test avarage ---------
--- All clients' test loss: 0.99
--- All clients' test acc: 63.88%
2023-02-26 20:45:43,537 [MainThread] [INFO ]  Server train time: 284.7546772956848
2023-02-26 20:45:43,538 [MainThread] [INFO ]  
-------- round 95 --------
2023-02-26 20:45:43,538 [MainThread] [INFO ]  --- start training ---
client: f0000008
--- local_update_loss : 0.85
client: f0000001
--- local_update_loss : 0.96
--- DML_update_loss(A model) with Client:f0000009: 1.52
--- DML_update_loss(A model) with Client:f0000007: 1.42
--------- test avarage ---------
--- All clients' test loss: 0.95
--- All clients' test acc: 65.70%
2023-02-26 20:50:30,763 [MainThread] [INFO ]  Server train time: 287.22442746162415
2023-02-26 20:50:30,764 [MainThread] [INFO ]  
-------- round 96 --------
2023-02-26 20:50:30,764 [MainThread] [INFO ]  --- start training ---
client: f0000000
--- local_update_loss : 1.10
client: f0000008
--- local_update_loss : 0.83
--- DML_update_loss(A model) with Client:f0000003: 1.38
--- DML_update_loss(A model) with Client:f0000001: 1.51
--------- test avarage ---------
--- All clients' test loss: 0.93
--- All clients' test acc: 65.90%
2023-02-26 20:55:20,431 [MainThread] [INFO ]  Server train time: 289.66662669181824
2023-02-26 20:55:20,432 [MainThread] [INFO ]  
-------- round 97 --------
2023-02-26 20:55:20,432 [MainThread] [INFO ]  --- start training ---
client: f0000007
--- local_update_loss : 0.93
client: f0000001
--- local_update_loss : 1.06
--- DML_update_loss(A model) with Client:f0000005: 1.51
--- DML_update_loss(A model) with Client:f0000002: 1.44
--------- test avarage ---------
--- All clients' test loss: 0.96
--- All clients' test acc: 65.17%
2023-02-26 21:00:02,944 [MainThread] [INFO ]  Server train time: 282.5112466812134
2023-02-26 21:00:02,944 [MainThread] [INFO ]  
-------- round 98 --------
2023-02-26 21:00:02,945 [MainThread] [INFO ]  --- start training ---
client: f0000000
--- local_update_loss : 1.07
client: f0000005
--- local_update_loss : 1.10
--- DML_update_loss(A model) with Client:f0000004: 1.53
--- DML_update_loss(A model) with Client:f0000001: 1.51
--------- test avarage ---------
--- All clients' test loss: 1.01
--- All clients' test acc: 62.20%
2023-02-26 21:04:46,636 [MainThread] [INFO ]  Server train time: 283.6912486553192
2023-02-26 21:04:46,637 [MainThread] [INFO ]  
-------- round 99 --------
2023-02-26 21:04:46,637 [MainThread] [INFO ]  --- start training ---
client: f0000008
--- local_update_loss : 0.82
client: f0000005
--- local_update_loss : 1.05
--- DML_update_loss(A model) with Client:f0000007: 1.42
--- DML_update_loss(A model) with Client:f0000009: 1.52
--------- test avarage ---------
--- All clients' test loss: 0.96
--- All clients' test acc: 65.70%
2023-02-26 21:09:37,803 [MainThread] [INFO ]  Server train time: 291.1650745868683
2023-02-26 21:09:37,812 [MainThread] [INFO ]  Model saved at /home/dengzhiling/.local/lib/python3.10/site-packages/easyfl/main/saved_models/_global_model_r_99.pth
2023-02-26 21:09:37,813 [MainThread] [INFO ]  
-------- round 100 --------
2023-02-26 21:09:37,813 [MainThread] [INFO ]  --- start training ---
client: f0000007
--- local_update_loss : 0.92
client: f0000006
--- local_update_loss : 1.03
--- DML_update_loss(A model) with Client:f0000001: 1.50
--- DML_update_loss(A model) with Client:f0000004: 1.52
--------- test avarage ---------
--- All clients' test loss: 0.99
--- All clients' test acc: 64.05%
2023-02-26 21:14:19,870 [MainThread] [INFO ]  Server train time: 282.05672240257263
2023-02-26 21:14:19,871 [MainThread] [INFO ]  
-------- round 101 --------
2023-02-26 21:14:19,871 [MainThread] [INFO ]  --- start training ---
client: f0000008
--- local_update_loss : 0.80
client: f0000002
--- local_update_loss : 0.95
--- DML_update_loss(A model) with Client:f0000000: 1.54
--- DML_update_loss(A model) with Client:f0000007: 1.42
--------- test avarage ---------
--- All clients' test loss: 0.92
--- All clients' test acc: 67.00%
2023-02-26 21:19:02,737 [MainThread] [INFO ]  Server train time: 282.8655068874359
2023-02-26 21:19:02,738 [MainThread] [INFO ]  
-------- round 102 --------
2023-02-26 21:19:02,738 [MainThread] [INFO ]  --- start training ---
client: f0000004
--- local_update_loss : 1.07
client: f0000009
--- local_update_loss : 1.09
--- DML_update_loss(A model) with Client:f0000003: 1.38
--- DML_update_loss(A model) with Client:f0000002: 1.43
--------- test avarage ---------
--- All clients' test loss: 1.01
--- All clients' test acc: 63.80%
2023-02-26 21:23:52,088 [MainThread] [INFO ]  Server train time: 289.3494827747345
2023-02-26 21:23:52,089 [MainThread] [INFO ]  
-------- round 103 --------
2023-02-26 21:23:52,089 [MainThread] [INFO ]  --- start training ---
client: f0000002
--- local_update_loss : 0.95
client: f0000009
--- local_update_loss : 1.05
--- DML_update_loss(A model) with Client:f0000006: 1.51
--- DML_update_loss(A model) with Client:f0000008: 1.42
--------- test avarage ---------
--- All clients' test loss: 0.99
--- All clients' test acc: 63.55%
2023-02-26 21:28:39,391 [MainThread] [INFO ]  Server train time: 287.3022291660309
2023-02-26 21:28:39,392 [MainThread] [INFO ]  
-------- round 104 --------
2023-02-26 21:28:39,392 [MainThread] [INFO ]  --- start training ---
client: f0000002
--- local_update_loss : 0.91
client: f0000007
--- local_update_loss : 0.93
--- DML_update_loss(A model) with Client:f0000006: 1.50
--- DML_update_loss(A model) with Client:f0000000: 1.53
--------- test avarage ---------
--- All clients' test loss: 0.97
--- All clients' test acc: 63.98%
2023-02-26 21:33:23,031 [MainThread] [INFO ]  Server train time: 283.6388940811157
2023-02-26 21:33:23,032 [MainThread] [INFO ]  
-------- round 105 --------
2023-02-26 21:33:23,032 [MainThread] [INFO ]  --- start training ---
client: f0000007
--- local_update_loss : 0.88
client: f0000002
--- local_update_loss : 0.88
--- DML_update_loss(A model) with Client:f0000008: 1.40
--- DML_update_loss(A model) with Client:f0000004: 1.52
--------- test avarage ---------
--- All clients' test loss: 0.91
--- All clients' test acc: 67.95%
2023-02-26 21:38:06,810 [MainThread] [INFO ]  Server train time: 283.77709555625916
2023-02-26 21:38:06,811 [MainThread] [INFO ]  
-------- round 106 --------
2023-02-26 21:38:06,811 [MainThread] [INFO ]  --- start training ---
client: f0000009
--- local_update_loss : 1.02
client: f0000000
--- local_update_loss : 1.11
--- DML_update_loss(A model) with Client:f0000006: 1.50
--- DML_update_loss(A model) with Client:f0000002: 1.44
--------- test avarage ---------
--- All clients' test loss: 1.02
--- All clients' test acc: 63.27%
2023-02-26 21:42:46,891 [MainThread] [INFO ]  Server train time: 280.0796546936035
2023-02-26 21:42:46,892 [MainThread] [INFO ]  
-------- round 107 --------
2023-02-26 21:42:46,892 [MainThread] [INFO ]  --- start training ---
client: f0000009
--- local_update_loss : 1.01
client: f0000004
--- local_update_loss : 1.08
--- DML_update_loss(A model) with Client:f0000001: 1.49
--- DML_update_loss(A model) with Client:f0000003: 1.38
--------- test avarage ---------
--- All clients' test loss: 0.99
--- All clients' test acc: 63.73%
2023-02-26 21:47:31,761 [MainThread] [INFO ]  Server train time: 284.868723154068
2023-02-26 21:47:31,762 [MainThread] [INFO ]  
-------- round 108 --------
2023-02-26 21:47:31,762 [MainThread] [INFO ]  --- start training ---
client: f0000000
--- local_update_loss : 1.07
client: f0000006
--- local_update_loss : 1.06
--- DML_update_loss(A model) with Client:f0000002: 1.43
--- DML_update_loss(A model) with Client:f0000007: 1.41
--------- test avarage ---------
--- All clients' test loss: 0.97
--- All clients' test acc: 65.62%
2023-02-26 21:52:16,936 [MainThread] [INFO ]  Server train time: 285.1734833717346
2023-02-26 21:52:16,937 [MainThread] [INFO ]  
-------- round 109 --------
2023-02-26 21:52:16,937 [MainThread] [INFO ]  --- start training ---
client: f0000002
--- local_update_loss : 0.94
client: f0000004
--- local_update_loss : 1.04
--- DML_update_loss(A model) with Client:f0000001: 1.50
--- DML_update_loss(A model) with Client:f0000009: 1.53
--------- test avarage ---------
--- All clients' test loss: 1.03
--- All clients' test acc: 62.10%
2023-02-26 21:56:59,455 [MainThread] [INFO ]  Server train time: 282.51805996894836
2023-02-26 21:56:59,465 [MainThread] [INFO ]  Model saved at /home/dengzhiling/.local/lib/python3.10/site-packages/easyfl/main/saved_models/_global_model_r_109.pth
2023-02-26 21:56:59,465 [MainThread] [INFO ]  
-------- round 110 --------
2023-02-26 21:56:59,465 [MainThread] [INFO ]  --- start training ---
client: f0000006
--- local_update_loss : 1.03
client: f0000002
--- local_update_loss : 0.89
--- DML_update_loss(A model) with Client:f0000003: 1.38
--- DML_update_loss(A model) with Client:f0000009: 1.52
--------- test avarage ---------
--- All clients' test loss: 0.95
--- All clients' test acc: 65.00%
2023-02-26 22:01:44,895 [MainThread] [INFO ]  Server train time: 285.4295496940613
2023-02-26 22:01:44,896 [MainThread] [INFO ]  
-------- round 111 --------
2023-02-26 22:01:44,896 [MainThread] [INFO ]  --- start training ---
client: f0000007
--- local_update_loss : 0.92
client: f0000000
--- local_update_loss : 1.05
--- DML_update_loss(A model) with Client:f0000004: 1.53
--- DML_update_loss(A model) with Client:f0000009: 1.52
--------- test avarage ---------
--- All clients' test loss: 1.07
--- All clients' test acc: 62.15%
2023-02-26 22:06:33,763 [MainThread] [INFO ]  Server train time: 288.8658769130707
2023-02-26 22:06:33,764 [MainThread] [INFO ]  
-------- round 112 --------
2023-02-26 22:06:33,764 [MainThread] [INFO ]  --- start training ---
client: f0000006
--- local_update_loss : 1.00
client: f0000007
--- local_update_loss : 0.87
--- DML_update_loss(A model) with Client:f0000003: 1.38
--- DML_update_loss(A model) with Client:f0000001: 1.50
--------- test avarage ---------
--- All clients' test loss: 1.00
--- All clients' test acc: 63.03%
2023-02-26 22:11:14,337 [MainThread] [INFO ]  Server train time: 280.57314229011536
2023-02-26 22:11:14,338 [MainThread] [INFO ]  
-------- round 113 --------
2023-02-26 22:11:14,338 [MainThread] [INFO ]  --- start training ---
client: f0000009
--- local_update_loss : 1.09
client: f0000003
--- local_update_loss : 0.90
--- DML_update_loss(A model) with Client:f0000004: 1.52
--- DML_update_loss(A model) with Client:f0000005: 1.52
--------- test avarage ---------
--- All clients' test loss: 0.99
--- All clients' test acc: 64.30%
2023-02-26 22:16:02,197 [MainThread] [INFO ]  Server train time: 287.8588662147522
2023-02-26 22:16:02,198 [MainThread] [INFO ]  
-------- round 114 --------
2023-02-26 22:16:02,199 [MainThread] [INFO ]  --- start training ---
client: f0000005
--- local_update_loss : 1.09
client: f0000008
--- local_update_loss : 0.92
--- DML_update_loss(A model) with Client:f0000000: 1.55
--- DML_update_loss(A model) with Client:f0000006: 1.51
--------- test avarage ---------
--- All clients' test loss: 1.01
--- All clients' test acc: 62.32%
2023-02-26 22:20:44,478 [MainThread] [INFO ]  Server train time: 282.27951645851135
2023-02-26 22:20:44,479 [MainThread] [INFO ]  
-------- round 115 --------
2023-02-26 22:20:44,479 [MainThread] [INFO ]  --- start training ---
client: f0000005
--- local_update_loss : 1.05
client: f0000004
--- local_update_loss : 1.09
--- DML_update_loss(A model) with Client:f0000008: 1.41
--- DML_update_loss(A model) with Client:f0000009: 1.52
--------- test avarage ---------
--- All clients' test loss: 0.98
--- All clients' test acc: 64.22%
2023-02-26 22:25:31,527 [MainThread] [INFO ]  Server train time: 287.04763865470886
2023-02-26 22:25:31,528 [MainThread] [INFO ]  
-------- round 116 --------
2023-02-26 22:25:31,528 [MainThread] [INFO ]  --- start training ---
client: f0000000
--- local_update_loss : 1.12
client: f0000004
--- local_update_loss : 1.05
--- DML_update_loss(A model) with Client:f0000006: 1.50
--- DML_update_loss(A model) with Client:f0000009: 1.50
--------- test avarage ---------
--- All clients' test loss: 1.04
--- All clients' test acc: 61.85%
2023-02-26 22:30:20,797 [MainThread] [INFO ]  Server train time: 289.2680895328522
2023-02-26 22:30:20,798 [MainThread] [INFO ]  
-------- round 117 --------
2023-02-26 22:30:20,798 [MainThread] [INFO ]  --- start training ---
client: f0000004
--- local_update_loss : 1.02
client: f0000002
--- local_update_loss : 0.88
--- DML_update_loss(A model) with Client:f0000003: 1.39
--- DML_update_loss(A model) with Client:f0000008: 1.40
--------- test avarage ---------
--- All clients' test loss: 0.90
--- All clients' test acc: 67.65%
2023-02-26 22:35:10,577 [MainThread] [INFO ]  Server train time: 289.77929162979126
2023-02-26 22:35:10,578 [MainThread] [INFO ]  
-------- round 118 --------
2023-02-26 22:35:10,578 [MainThread] [INFO ]  --- start training ---
client: f0000008
--- local_update_loss : 0.92
client: f0000007
--- local_update_loss : 0.85
--- DML_update_loss(A model) with Client:f0000005: 1.52
--- DML_update_loss(A model) with Client:f0000003: 1.38
--------- test avarage ---------
--- All clients' test loss: 0.90
--- All clients' test acc: 68.62%
2023-02-26 22:39:52,588 [MainThread] [INFO ]  Server train time: 282.00913286209106
2023-02-26 22:39:52,589 [MainThread] [INFO ]  
-------- round 119 --------
2023-02-26 22:39:52,589 [MainThread] [INFO ]  --- start training ---
client: f0000005
--- local_update_loss : 1.09
client: f0000003
--- local_update_loss : 0.89
--- DML_update_loss(A model) with Client:f0000004: 1.52
--- DML_update_loss(A model) with Client:f0000001: 1.50
--------- test avarage ---------
--- All clients' test loss: 0.99
--- All clients' test acc: 63.07%
2023-02-26 22:44:35,616 [MainThread] [INFO ]  Server train time: 283.02711153030396
2023-02-26 22:44:35,626 [MainThread] [INFO ]  Model saved at /home/dengzhiling/.local/lib/python3.10/site-packages/easyfl/main/saved_models/_global_model_r_119.pth
2023-02-26 22:44:35,627 [MainThread] [INFO ]  
-------- round 120 --------
2023-02-26 22:44:35,627 [MainThread] [INFO ]  --- start training ---
client: f0000005
--- local_update_loss : 1.05
client: f0000003
--- local_update_loss : 0.85
--- DML_update_loss(A model) with Client:f0000000: 1.54
--- DML_update_loss(A model) with Client:f0000001: 1.50
--------- test avarage ---------
--- All clients' test loss: 0.99
--- All clients' test acc: 62.82%
2023-02-26 22:49:23,943 [MainThread] [INFO ]  Server train time: 288.31561517715454
2023-02-26 22:49:23,944 [MainThread] [INFO ]  
-------- round 121 --------
2023-02-26 22:49:23,944 [MainThread] [INFO ]  --- start training ---
client: f0000008
--- local_update_loss : 0.88
client: f0000009
--- local_update_loss : 1.07
--- DML_update_loss(A model) with Client:f0000005: 1.52
--- DML_update_loss(A model) with Client:f0000002: 1.44
--------- test avarage ---------
--- All clients' test loss: 0.95
--- All clients' test acc: 65.47%
2023-02-26 22:54:05,774 [MainThread] [INFO ]  Server train time: 281.8303508758545
2023-02-26 22:54:05,775 [MainThread] [INFO ]  
-------- round 122 --------
2023-02-26 22:54:05,775 [MainThread] [INFO ]  --- start training ---
client: f0000007
--- local_update_loss : 0.84
client: f0000008
--- local_update_loss : 0.85
--- DML_update_loss(A model) with Client:f0000000: 1.53
--- DML_update_loss(A model) with Client:f0000005: 1.51
--------- test avarage ---------
--- All clients' test loss: 1.00
--- All clients' test acc: 64.68%
2023-02-26 22:58:56,646 [MainThread] [INFO ]  Server train time: 290.87060809135437
2023-02-26 22:58:56,647 [MainThread] [INFO ]  
-------- round 123 --------
2023-02-26 22:58:56,647 [MainThread] [INFO ]  --- start training ---
client: f0000004
--- local_update_loss : 1.08
client: f0000000
--- local_update_loss : 1.12
--- DML_update_loss(A model) with Client:f0000001: 1.51
--- DML_update_loss(A model) with Client:f0000007: 1.43
--------- test avarage ---------
--- All clients' test loss: 1.00
--- All clients' test acc: 64.03%
2023-02-26 23:03:37,169 [MainThread] [INFO ]  Server train time: 280.52091908454895
2023-02-26 23:03:37,170 [MainThread] [INFO ]  
-------- round 124 --------
2023-02-26 23:03:37,170 [MainThread] [INFO ]  --- start training ---
client: f0000006
--- local_update_loss : 1.06
client: f0000008
--- local_update_loss : 0.83
--- DML_update_loss(A model) with Client:f0000009: 1.52
--- DML_update_loss(A model) with Client:f0000005: 1.51
--------- test avarage ---------
--- All clients' test loss: 0.97
--- All clients' test acc: 64.75%
2023-02-26 23:08:20,333 [MainThread] [INFO ]  Server train time: 283.1628632545471
2023-02-26 23:08:20,334 [MainThread] [INFO ]  
-------- round 125 --------
2023-02-26 23:08:20,334 [MainThread] [INFO ]  --- start training ---
client: f0000009
--- local_update_loss : 1.07
client: f0000001
--- local_update_loss : 1.07
--- DML_update_loss(A model) with Client:f0000004: 1.52
--- DML_update_loss(A model) with Client:f0000007: 1.41
--------- test avarage ---------
--- All clients' test loss: 1.01
--- All clients' test acc: 63.32%
2023-02-26 23:13:02,417 [MainThread] [INFO ]  Server train time: 282.0825321674347
2023-02-26 23:13:02,418 [MainThread] [INFO ]  
-------- round 126 --------
2023-02-26 23:13:02,418 [MainThread] [INFO ]  --- start training ---
client: f0000007
--- local_update_loss : 0.93
client: f0000009
--- local_update_loss : 1.04
--- DML_update_loss(A model) with Client:f0000001: 1.50
--- DML_update_loss(A model) with Client:f0000008: 1.42
--------- test avarage ---------
--- All clients' test loss: 0.95
--- All clients' test acc: 64.72%
2023-02-26 23:17:47,717 [MainThread] [INFO ]  Server train time: 285.2986297607422
2023-02-26 23:17:47,718 [MainThread] [INFO ]  
-------- round 127 --------
2023-02-26 23:17:47,718 [MainThread] [INFO ]  --- start training ---
client: f0000008
--- local_update_loss : 0.93
client: f0000006
--- local_update_loss : 1.02
--- DML_update_loss(A model) with Client:f0000004: 1.52
--- DML_update_loss(A model) with Client:f0000001: 1.50
--------- test avarage ---------
--- All clients' test loss: 0.98
--- All clients' test acc: 63.20%
2023-02-26 23:22:28,396 [MainThread] [INFO ]  Server train time: 280.6776924133301
2023-02-26 23:22:28,397 [MainThread] [INFO ]  
-------- round 128 --------
2023-02-26 23:22:28,397 [MainThread] [INFO ]  --- start training ---
client: f0000008
--- local_update_loss : 0.88
client: f0000004
--- local_update_loss : 1.08
--- DML_update_loss(A model) with Client:f0000000: 1.54
--- DML_update_loss(A model) with Client:f0000001: 1.51
--------- test avarage ---------
--- All clients' test loss: 0.99
--- All clients' test acc: 63.42%
2023-02-26 23:27:13,278 [MainThread] [INFO ]  Server train time: 284.88059544563293
2023-02-26 23:27:13,278 [MainThread] [INFO ]  
-------- round 129 --------
2023-02-26 23:27:13,278 [MainThread] [INFO ]  --- start training ---
client: f0000004
--- local_update_loss : 1.05
client: f0000005
--- local_update_loss : 1.09
--- DML_update_loss(A model) with Client:f0000000: 1.53
--- DML_update_loss(A model) with Client:f0000008: 1.42
--------- test avarage ---------
--- All clients' test loss: 1.08
--- All clients' test acc: 60.52%
2023-02-26 23:31:57,528 [MainThread] [INFO ]  Server train time: 284.24898982048035
2023-02-26 23:31:57,538 [MainThread] [INFO ]  Model saved at /home/dengzhiling/.local/lib/python3.10/site-packages/easyfl/main/saved_models/_global_model_r_129.pth
2023-02-26 23:31:57,538 [MainThread] [INFO ]  
-------- round 130 --------
2023-02-26 23:31:57,538 [MainThread] [INFO ]  --- start training ---
client: f0000004
--- local_update_loss : 1.02
client: f0000006
--- local_update_loss : 1.00
--- DML_update_loss(A model) with Client:f0000009: 1.53
--- DML_update_loss(A model) with Client:f0000005: 1.52
--------- test avarage ---------
--- All clients' test loss: 1.00
--- All clients' test acc: 64.17%
2023-02-26 23:36:38,991 [MainThread] [INFO ]  Server train time: 281.45247292518616
2023-02-26 23:36:38,992 [MainThread] [INFO ]  
-------- round 131 --------
2023-02-26 23:36:38,992 [MainThread] [INFO ]  --- start training ---
client: f0000005
--- local_update_loss : 1.09
client: f0000000
--- local_update_loss : 1.11
--- DML_update_loss(A model) with Client:f0000001: 1.50
--- DML_update_loss(A model) with Client:f0000006: 1.52
--------- test avarage ---------
--- All clients' test loss: 1.02
--- All clients' test acc: 61.88%
2023-02-26 23:41:21,985 [MainThread] [INFO ]  Server train time: 282.9924216270447
2023-02-26 23:41:21,985 [MainThread] [INFO ]  
-------- round 132 --------
2023-02-26 23:41:21,986 [MainThread] [INFO ]  --- start training ---
client: f0000008
--- local_update_loss : 0.93
client: f0000000
--- local_update_loss : 1.07
--- DML_update_loss(A model) with Client:f0000007: 1.41
--- DML_update_loss(A model) with Client:f0000002: 1.43
--------- test avarage ---------
--- All clients' test loss: 0.96
--- All clients' test acc: 66.50%
2023-02-26 23:46:04,697 [MainThread] [INFO ]  Server train time: 282.71060132980347
2023-02-26 23:46:04,697 [MainThread] [INFO ]  
-------- round 133 --------
2023-02-26 23:46:04,697 [MainThread] [INFO ]  --- start training ---
client: f0000002
--- local_update_loss : 0.94
client: f0000007
--- local_update_loss : 0.92
--- DML_update_loss(A model) with Client:f0000001: 1.50
--- DML_update_loss(A model) with Client:f0000008: 1.41
--------- test avarage ---------
--- All clients' test loss: 0.93
--- All clients' test acc: 66.30%
2023-02-26 23:50:47,827 [MainThread] [INFO ]  Server train time: 283.12917923927307
2023-02-26 23:50:47,828 [MainThread] [INFO ]  
-------- round 134 --------
2023-02-26 23:50:47,828 [MainThread] [INFO ]  --- start training ---
client: f0000009
--- local_update_loss : 1.08
client: f0000005
--- local_update_loss : 1.04
--- DML_update_loss(A model) with Client:f0000003: 1.39
--- DML_update_loss(A model) with Client:f0000002: 1.43
--------- test avarage ---------
--- All clients' test loss: 0.96
--- All clients' test acc: 64.58%
2023-02-26 23:55:31,190 [MainThread] [INFO ]  Server train time: 283.36153841018677
2023-02-26 23:55:31,191 [MainThread] [INFO ]  
-------- round 135 --------
2023-02-26 23:55:31,191 [MainThread] [INFO ]  --- start training ---
client: f0000007
--- local_update_loss : 0.87
client: f0000009
--- local_update_loss : 1.04
--- DML_update_loss(A model) with Client:f0000005: 1.52
--- DML_update_loss(A model) with Client:f0000002: 1.43
--------- test avarage ---------
--- All clients' test loss: 1.00
--- All clients' test acc: 63.12%
2023-02-27 00:00:16,881 [MainThread] [INFO ]  Server train time: 285.68934869766235
2023-02-27 00:00:16,881 [MainThread] [INFO ]  
-------- round 136 --------
2023-02-27 00:00:16,882 [MainThread] [INFO ]  --- start training ---
client: f0000000
--- local_update_loss : 1.05
client: f0000007
--- local_update_loss : 0.85
--- DML_update_loss(A model) with Client:f0000004: 1.52
--- DML_update_loss(A model) with Client:f0000009: 1.52
--------- test avarage ---------
--- All clients' test loss: 1.00
--- All clients' test acc: 64.20%
2023-02-27 00:05:01,563 [MainThread] [INFO ]  Server train time: 284.68109941482544
2023-02-27 00:05:01,564 [MainThread] [INFO ]  
-------- round 137 --------
2023-02-27 00:05:01,564 [MainThread] [INFO ]  --- start training ---
client: f0000007
--- local_update_loss : 0.84
client: f0000004
--- local_update_loss : 1.08
--- DML_update_loss(A model) with Client:f0000001: 1.50
--- DML_update_loss(A model) with Client:f0000002: 1.43
--------- test avarage ---------
--- All clients' test loss: 0.93
--- All clients' test acc: 66.33%
2023-02-27 00:09:47,309 [MainThread] [INFO ]  Server train time: 285.74418449401855
2023-02-27 00:09:47,309 [MainThread] [INFO ]  
-------- round 138 --------
2023-02-27 00:09:47,309 [MainThread] [INFO ]  --- start training ---
client: f0000004
--- local_update_loss : 1.04
client: f0000003
--- local_update_loss : 0.90
--- DML_update_loss(A model) with Client:f0000002: 1.43
--- DML_update_loss(A model) with Client:f0000007: 1.42
--------- test avarage ---------
--- All clients' test loss: 0.95
--- All clients' test acc: 66.12%
2023-02-27 00:14:30,517 [MainThread] [INFO ]  Server train time: 283.20735216140747
2023-02-27 00:14:30,518 [MainThread] [INFO ]  
-------- round 139 --------
2023-02-27 00:14:30,518 [MainThread] [INFO ]  --- start training ---
client: f0000006
--- local_update_loss : 1.08
client: f0000002
--- local_update_loss : 0.96
--- DML_update_loss(A model) with Client:f0000000: 1.55
--- DML_update_loss(A model) with Client:f0000005: 1.53
--------- test avarage ---------
--- All clients' test loss: 1.02
--- All clients' test acc: 62.85%
2023-02-27 00:19:15,115 [MainThread] [INFO ]  Server train time: 284.5960257053375
2023-02-27 00:19:15,125 [MainThread] [INFO ]  Model saved at /home/dengzhiling/.local/lib/python3.10/site-packages/easyfl/main/saved_models/_global_model_r_139.pth
2023-02-27 00:19:15,125 [MainThread] [INFO ]  
-------- round 140 --------
2023-02-27 00:19:15,125 [MainThread] [INFO ]  --- start training ---
client: f0000003
--- local_update_loss : 0.86
client: f0000002
--- local_update_loss : 0.91
--- DML_update_loss(A model) with Client:f0000004: 1.53
--- DML_update_loss(A model) with Client:f0000005: 1.52
--------- test avarage ---------
--- All clients' test loss: 0.96
--- All clients' test acc: 65.50%
2023-02-27 00:24:06,214 [MainThread] [INFO ]  Server train time: 291.08902406692505
2023-02-27 00:24:06,215 [MainThread] [INFO ]  
-------- round 141 --------
2023-02-27 00:24:06,215 [MainThread] [INFO ]  --- start training ---
client: f0000005
--- local_update_loss : 1.12
client: f0000009
--- local_update_loss : 1.07
--- DML_update_loss(A model) with Client:f0000001: 1.50
--- DML_update_loss(A model) with Client:f0000004: 1.51
--------- test avarage ---------
--- All clients' test loss: 1.02
--- All clients' test acc: 62.88%
2023-02-27 00:28:50,212 [MainThread] [INFO ]  Server train time: 283.99643182754517
2023-02-27 00:28:50,213 [MainThread] [INFO ]  
-------- round 142 --------
2023-02-27 00:28:50,213 [MainThread] [INFO ]  --- start training ---
client: f0000008
--- local_update_loss : 0.92
client: f0000006
--- local_update_loss : 1.02
--- DML_update_loss(A model) with Client:f0000002: 1.43
--- DML_update_loss(A model) with Client:f0000005: 1.52
--------- test avarage ---------
--- All clients' test loss: 0.94
--- All clients' test acc: 66.25%
2023-02-27 00:33:36,979 [MainThread] [INFO ]  Server train time: 286.7653920650482
2023-02-27 00:33:36,980 [MainThread] [INFO ]  
-------- round 143 --------
2023-02-27 00:33:36,980 [MainThread] [INFO ]  --- start training ---
client: f0000000
--- local_update_loss : 1.11
client: f0000007
--- local_update_loss : 0.91
--- DML_update_loss(A model) with Client:f0000006: 1.51
--- DML_update_loss(A model) with Client:f0000008: 1.41
--------- test avarage ---------
--- All clients' test loss: 0.96
--- All clients' test acc: 65.60%
2023-02-27 00:38:16,718 [MainThread] [INFO ]  Server train time: 279.7376322746277
2023-02-27 00:38:16,719 [MainThread] [INFO ]  
-------- round 144 --------
2023-02-27 00:38:16,719 [MainThread] [INFO ]  --- start training ---
client: f0000005
--- local_update_loss : 1.09
client: f0000001
--- local_update_loss : 1.06
--- DML_update_loss(A model) with Client:f0000004: 1.52
--- DML_update_loss(A model) with Client:f0000007: 1.42
--------- test avarage ---------
--- All clients' test loss: 1.00
--- All clients' test acc: 63.20%
2023-02-27 00:42:59,150 [MainThread] [INFO ]  Server train time: 282.4308888912201
2023-02-27 00:42:59,151 [MainThread] [INFO ]  
-------- round 145 --------
2023-02-27 00:42:59,151 [MainThread] [INFO ]  --- start training ---
client: f0000004
--- local_update_loss : 1.08
client: f0000006
--- local_update_loss : 1.06
--- DML_update_loss(A model) with Client:f0000000: 1.54
--- DML_update_loss(A model) with Client:f0000003: 1.39
--------- test avarage ---------
--- All clients' test loss: 0.99
--- All clients' test acc: 64.15%
2023-02-27 00:47:48,247 [MainThread] [INFO ]  Server train time: 289.09510231018066
2023-02-27 00:47:48,247 [MainThread] [INFO ]  
-------- round 146 --------
2023-02-27 00:47:48,248 [MainThread] [INFO ]  --- start training ---
client: f0000009
--- local_update_loss : 1.04
client: f0000005
--- local_update_loss : 1.04
--- DML_update_loss(A model) with Client:f0000006: 1.51
--- DML_update_loss(A model) with Client:f0000008: 1.40
--------- test avarage ---------
--- All clients' test loss: 0.95
--- All clients' test acc: 64.62%
2023-02-27 00:52:29,707 [MainThread] [INFO ]  Server train time: 281.4588510990143
2023-02-27 00:52:29,708 [MainThread] [INFO ]  
-------- round 147 --------
2023-02-27 00:52:29,708 [MainThread] [INFO ]  --- start training ---
client: f0000000
--- local_update_loss : 1.10
client: f0000002
--- local_update_loss : 0.96
--- DML_update_loss(A model) with Client:f0000005: 1.52
--- DML_update_loss(A model) with Client:f0000004: 1.52
--------- test avarage ---------
--- All clients' test loss: 1.03
--- All clients' test acc: 62.62%
2023-02-27 00:57:17,728 [MainThread] [INFO ]  Server train time: 288.01954650878906
2023-02-27 00:57:17,728 [MainThread] [INFO ]  
-------- round 148 --------
2023-02-27 00:57:17,729 [MainThread] [INFO ]  --- start training ---
client: f0000004
--- local_update_loss : 1.08
client: f0000005
--- local_update_loss : 1.09
--- DML_update_loss(A model) with Client:f0000009: 1.52
--- DML_update_loss(A model) with Client:f0000000: 1.54
--------- test avarage ---------
--- All clients' test loss: 1.04
--- All clients' test acc: 62.00%
2023-02-27 01:02:00,134 [MainThread] [INFO ]  Server train time: 282.4049332141876
2023-02-27 01:02:00,135 [MainThread] [INFO ]  
-------- round 149 --------
2023-02-27 01:02:00,135 [MainThread] [INFO ]  --- start training ---
client: f0000007
--- local_update_loss : 0.92
client: f0000008
--- local_update_loss : 0.93
--- DML_update_loss(A model) with Client:f0000005: 1.52
--- DML_update_loss(A model) with Client:f0000000: 1.53
--------- test avarage ---------
--- All clients' test loss: 0.95
--- All clients' test acc: 65.52%
2023-02-27 01:06:41,044 [MainThread] [INFO ]  Server train time: 280.9088170528412
2023-02-27 01:06:41,054 [MainThread] [INFO ]  Model saved at /home/dengzhiling/.local/lib/python3.10/site-packages/easyfl/main/saved_models/_global_model_r_149.pth
2023-02-27 01:06:41,054 [MainThread] [INFO ]  
-------- round 150 --------
2023-02-27 01:06:41,054 [MainThread] [INFO ]  --- start training ---
client: f0000003
--- local_update_loss : 0.90
client: f0000008
--- local_update_loss : 0.88
--- DML_update_loss(A model) with Client:f0000009: 1.52
--- DML_update_loss(A model) with Client:f0000000: 1.53
--------- test avarage ---------
--- All clients' test loss: 0.96
--- All clients' test acc: 65.25%
2023-02-27 01:11:24,925 [MainThread] [INFO ]  Server train time: 283.8703775405884
2023-02-27 01:11:24,925 [MainThread] [INFO ]  
-------- round 151 --------
2023-02-27 01:11:24,926 [MainThread] [INFO ]  --- start training ---
client: f0000001
--- local_update_loss : 1.02
client: f0000007
--- local_update_loss : 0.88
--- DML_update_loss(A model) with Client:f0000005: 1.52
--- DML_update_loss(A model) with Client:f0000009: 1.51
--------- test avarage ---------
--- All clients' test loss: 0.99
--- All clients' test acc: 63.38%
2023-02-27 01:16:05,653 [MainThread] [INFO ]  Server train time: 280.7274785041809
2023-02-27 01:16:05,654 [MainThread] [INFO ]  
-------- round 152 --------
2023-02-27 01:16:05,654 [MainThread] [INFO ]  --- start training ---
client: f0000008
--- local_update_loss : 0.85
client: f0000002
--- local_update_loss : 0.91
--- DML_update_loss(A model) with Client:f0000007: 1.42
--- DML_update_loss(A model) with Client:f0000006: 1.50
--------- test avarage ---------
--- All clients' test loss: 0.93
--- All clients' test acc: 65.47%
2023-02-27 01:20:50,299 [MainThread] [INFO ]  Server train time: 284.6438419818878
2023-02-27 01:20:50,299 [MainThread] [INFO ]  
-------- round 153 --------
2023-02-27 01:20:50,300 [MainThread] [INFO ]  --- start training ---
client: f0000009
--- local_update_loss : 1.07
client: f0000003
--- local_update_loss : 0.86
--- DML_update_loss(A model) with Client:f0000005: 1.52
--- DML_update_loss(A model) with Client:f0000000: 1.53
--------- test avarage ---------
--- All clients' test loss: 0.99
--- All clients' test acc: 64.28%
2023-02-27 01:25:31,713 [MainThread] [INFO ]  Server train time: 281.4129490852356
2023-02-27 01:25:31,714 [MainThread] [INFO ]  
-------- round 154 --------
2023-02-27 01:25:31,714 [MainThread] [INFO ]  --- start training ---
client: f0000006
--- local_update_loss : 1.07
client: f0000000
--- local_update_loss : 1.11
--- DML_update_loss(A model) with Client:f0000004: 1.52
--- DML_update_loss(A model) with Client:f0000008: 1.41
--------- test avarage ---------
--- All clients' test loss: 1.00
--- All clients' test acc: 64.25%
2023-02-27 01:30:19,466 [MainThread] [INFO ]  Server train time: 287.75147223472595
2023-02-27 01:30:19,467 [MainThread] [INFO ]  
-------- round 155 --------
2023-02-27 01:30:19,467 [MainThread] [INFO ]  --- start training ---
client: f0000006
--- local_update_loss : 1.02
client: f0000008
--- local_update_loss : 0.92
--- DML_update_loss(A model) with Client:f0000003: 1.39
--- DML_update_loss(A model) with Client:f0000005: 1.52
--------- test avarage ---------
--- All clients' test loss: 0.98
--- All clients' test acc: 64.50%
2023-02-27 01:35:10,447 [MainThread] [INFO ]  Server train time: 290.980206489563
2023-02-27 01:35:10,448 [MainThread] [INFO ]  
-------- round 156 --------
2023-02-27 01:35:10,448 [MainThread] [INFO ]  --- start training ---
client: f0000006
--- local_update_loss : 1.00
client: f0000004
--- local_update_loss : 1.08
--- DML_update_loss(A model) with Client:f0000007: 1.41
--- DML_update_loss(A model) with Client:f0000003: 1.38
--------- test avarage ---------
--- All clients' test loss: 0.96
--- All clients' test acc: 65.10%
2023-02-27 01:39:51,202 [MainThread] [INFO ]  Server train time: 280.7531883716583
2023-02-27 01:39:51,203 [MainThread] [INFO ]  
-------- round 157 --------
2023-02-27 01:39:51,203 [MainThread] [INFO ]  --- start training ---
client: f0000006
--- local_update_loss : 0.98
client: f0000009
--- local_update_loss : 1.03
--- DML_update_loss(A model) with Client:f0000008: 1.40
--- DML_update_loss(A model) with Client:f0000003: 1.39
--------- test avarage ---------
--- All clients' test loss: 0.97
--- All clients' test acc: 65.42%
2023-02-27 01:44:37,197 [MainThread] [INFO ]  Server train time: 285.9934949874878
2023-02-27 01:44:37,197 [MainThread] [INFO ]  
-------- round 158 --------
2023-02-27 01:44:37,197 [MainThread] [INFO ]  --- start training ---
client: f0000009
--- local_update_loss : 1.02
client: f0000007
--- local_update_loss : 0.93
--- DML_update_loss(A model) with Client:f0000005: 1.52
--- DML_update_loss(A model) with Client:f0000008: 1.40
--------- test avarage ---------
--- All clients' test loss: 0.93
--- All clients' test acc: 66.72%
2023-02-27 01:49:18,109 [MainThread] [INFO ]  Server train time: 280.91147112846375
2023-02-27 01:49:18,110 [MainThread] [INFO ]  
-------- round 159 --------
2023-02-27 01:49:18,110 [MainThread] [INFO ]  --- start training ---
client: f0000009
--- local_update_loss : 1.00
client: f0000001
--- local_update_loss : 1.00
--- DML_update_loss(A model) with Client:f0000007: 1.42
--- DML_update_loss(A model) with Client:f0000003: 1.39
--------- test avarage ---------
--- All clients' test loss: 0.97
--- All clients' test acc: 64.55%
2023-02-27 01:54:02,641 [MainThread] [INFO ]  Server train time: 284.5301716327667
2023-02-27 01:54:02,650 [MainThread] [INFO ]  Model saved at /home/dengzhiling/.local/lib/python3.10/site-packages/easyfl/main/saved_models/_global_model_r_159.pth
2023-02-27 01:54:02,650 [MainThread] [INFO ]  
-------- round 160 --------
2023-02-27 01:54:02,650 [MainThread] [INFO ]  --- start training ---
client: f0000007
--- local_update_loss : 0.91
client: f0000002
--- local_update_loss : 0.88
--- DML_update_loss(A model) with Client:f0000008: 1.40
--- DML_update_loss(A model) with Client:f0000009: 1.53
--------- test avarage ---------
--- All clients' test loss: 0.93
--- All clients' test acc: 66.50%
2023-02-27 01:58:48,355 [MainThread] [INFO ]  Server train time: 285.70384073257446
2023-02-27 01:58:48,355 [MainThread] [INFO ]  
-------- round 161 --------
2023-02-27 01:58:48,356 [MainThread] [INFO ]  --- start training ---
client: f0000006
--- local_update_loss : 0.97
client: f0000008
--- local_update_loss : 0.92
--- DML_update_loss(A model) with Client:f0000003: 1.38
--- DML_update_loss(A model) with Client:f0000007: 1.41
--------- test avarage ---------
--- All clients' test loss: 0.89
--- All clients' test acc: 68.62%
2023-02-27 02:03:47,482 [MainThread] [INFO ]  Server train time: 299.1263701915741
2023-02-27 02:03:47,483 [MainThread] [INFO ]  
-------- round 162 --------
2023-02-27 02:03:47,483 [MainThread] [INFO ]  --- start training ---
client: f0000000
--- local_update_loss : 1.08
client: f0000004
--- local_update_loss : 1.04
--- DML_update_loss(A model) with Client:f0000005: 1.51
--- DML_update_loss(A model) with Client:f0000006: 1.52
--------- test avarage ---------
--- All clients' test loss: 1.04
--- All clients' test acc: 61.40%
2023-02-27 02:08:32,786 [MainThread] [INFO ]  Server train time: 285.30277848243713
2023-02-27 02:08:32,787 [MainThread] [INFO ]  
-------- round 163 --------
2023-02-27 02:08:32,787 [MainThread] [INFO ]  --- start training ---
client: f0000009
--- local_update_loss : 1.09
client: f0000005
--- local_update_loss : 1.08
Traceback (most recent call last):
  File "/home/dengzhiling/.local/lib/python3.10/site-packages/easyfl/main/main.py", line 26, in <module>
    easyfl.run()
  File "/home/dengzhiling/.local/lib/python3.10/site-packages/easyfl/coordinator.py", line 390, in run
    _global_coord.run()
  File "/home/dengzhiling/.local/lib/python3.10/site-packages/easyfl/coordinator.py", line 80, in run
    self.server.start(self.model, self.clients)
  File "/home/dengzhiling/.local/lib/python3.10/site-packages/easyfl/server/base.py", line 164, in start
    self.train()
  File "/home/dengzhiling/.local/lib/python3.10/site-packages/easyfl/server/base.py", line 200, in train
    self.distribution_to_train()
  File "/home/dengzhiling/.local/lib/python3.10/site-packages/easyfl/server/base.py", line 347, in distribution_to_train
    self.distribution_to_train_locally()
  File "/home/dengzhiling/.local/lib/python3.10/site-packages/easyfl/main/CustomizeServer.py", line 91, in distribution_to_train_locally
    client.run_train(model, self.conf.client, train_local_only=False)
  File "/home/dengzhiling/.local/lib/python3.10/site-packages/easyfl/main/CustomizedClient.py", line 154, in run_train
    self.train(conf, self.device, train_local_only) # 
  File "/home/dengzhiling/.local/lib/python3.10/site-packages/easyfl/main/CustomizedClient.py", line 142, in train
    self.train_DML(conf, device)
  File "/home/dengzhiling/.local/lib/python3.10/site-packages/easyfl/main/CustomizedClient.py", line 85, in train_DML
    for data, label in train_loader:
  File "/home/dengzhiling/.local/lib/python3.10/site-packages/torch/utils/data/dataloader.py", line 628, in __next__
    data = self._next_data()
  File "/home/dengzhiling/.local/lib/python3.10/site-packages/torch/utils/data/dataloader.py", line 671, in _next_data
    data = self._dataset_fetcher.fetch(index)  # may raise StopIteration
  File "/home/dengzhiling/.local/lib/python3.10/site-packages/torch/utils/data/_utils/fetch.py", line 58, in fetch
    data = [self.dataset[idx] for idx in possibly_batched_index]
  File "/home/dengzhiling/.local/lib/python3.10/site-packages/torch/utils/data/_utils/fetch.py", line 58, in <listcomp>
    data = [self.dataset[idx] for idx in possibly_batched_index]
  File "/home/dengzhiling/.local/lib/python3.10/site-packages/easyfl/datasets/dataset_util.py", line 41, in __getitem__
    sample = self.transform_x(sample)
  File "/home/dengzhiling/.local/lib/python3.10/site-packages/torchvision/transforms/transforms.py", line 95, in __call__
    img = t(img)
  File "/home/dengzhiling/.local/lib/python3.10/site-packages/easyfl/datasets/data_process/cifar10.py", line 29, in __call__
    y1 = np.clip(y - self.length // 2, 0, h)
  File "<__array_function__ internals>", line 200, in clip
  File "/home/dengzhiling/.local/lib/python3.10/site-packages/numpy/core/fromnumeric.py", line 2180, in clip
    return _wrapfunc(a, 'clip', a_min, a_max, out=out, **kwargs)
  File "/home/dengzhiling/.local/lib/python3.10/site-packages/numpy/core/fromnumeric.py", line 54, in _wrapfunc
    return _wrapit(obj, method, *args, **kwds)
  File "/home/dengzhiling/.local/lib/python3.10/site-packages/numpy/core/fromnumeric.py", line 43, in _wrapit
    result = getattr(asarray(obj), method)(*args, **kwds)
  File "/home/dengzhiling/.local/lib/python3.10/site-packages/numpy/core/_methods.py", line 136, in _clip
    if _clip_dep_is_scalar_nan(min):
  File "/home/dengzhiling/.local/lib/python3.10/site-packages/numpy/core/_methods.py", line 96, in _clip_dep_is_scalar_nan
    if ndim(a) != 0:
  File "<__array_function__ internals>", line 180, in ndim
  File "/home/dengzhiling/.local/lib/python3.10/site-packages/numpy/core/fromnumeric.py", line 3148, in _ndim_dispatcher
    def _ndim_dispatcher(a):
KeyboardInterrupt
