2023-02-26 00:52:59,330 [MainThread] [INFO ]  Configurations: {'task_id': '', 'data': {'root': './data/', 'dataset': 'cifar10', 'split_type': 'class', 'min_size': 10, 'data_amount': 0.05, 'iid_fraction': 0.1, 'user': False, 'train_test_split': 0.8, 'class_per_client': 8, 'num_of_clients': 10, 'alpha': 0.2, 'weights': None}, 'model': 'simple_cnn', 'test_mode': 'test_in_client', 'test_method': 'average', 'server': {'track': False, 'rounds': 2000, 'clients_per_round': 2, 'test_every': 1, 'save_model_every': 10, 'save_model_path': '', 'batch_size': 64, 'test_all': True, 'random_selection': True, 'aggregation_stragtegy': 'EQUAL_AVERAGE', 'aggregation_content': 'all'}, 'client': {'track': False, 'batch_size': 200, 'test_batch_size': 5, 'local_epoch': 10, 'optimizer': {'type': 'SGD', 'lr': 0.01, 'momentum': 0.5, 'weight_decay': 0.0005, 'nesterov': True}, 'seed': 0, 'local_test': True}, 'gpu': 1, 'distributed': {'backend': 'nccl', 'init_method': '', 'world_size': 0, 'rank': 0, 'local_rank': 0}, 'tracking': {'database': '', 'log_file': '', 'log_level': 'INFO', 'metric_file': '', 'save_every': 1}, 'resource_heterogeneous': {'simulate': False, 'hetero_type': 'real', 'level': 3, 'sleep_group_num': 1000, 'total_time': 1000, 'fraction': 1, 'grouping_strategy': 'greedy', 'initial_default_time': 5, 'default_time_momentum': 0.2}, 'seed': 0, 'is_distributed': False, 'device': 0}
2023-02-26 00:52:59,431 [MainThread] [INFO ]  Total training data amount: 50000
2023-02-26 00:52:59,431 [MainThread] [INFO ]  Total testing data amount: 10000
local_batch_size: 128, DML_batch_size: 64, local_epoch: 3, DML_epoch: 20, alpha: 1, beta: 1, DML_lr: 0.02
local_batch_size: 128, DML_batch_size: 64, local_epoch: 3, DML_epoch: 20, alpha: 1, beta: 1, DML_lr: 0.02
local_batch_size: 128, DML_batch_size: 64, local_epoch: 3, DML_epoch: 20, alpha: 1, beta: 1, DML_lr: 0.02
local_batch_size: 128, DML_batch_size: 64, local_epoch: 3, DML_epoch: 20, alpha: 1, beta: 1, DML_lr: 0.02
local_batch_size: 128, DML_batch_size: 64, local_epoch: 3, DML_epoch: 20, alpha: 1, beta: 1, DML_lr: 0.02
local_batch_size: 128, DML_batch_size: 64, local_epoch: 3, DML_epoch: 20, alpha: 1, beta: 1, DML_lr: 0.02
local_batch_size: 128, DML_batch_size: 64, local_epoch: 3, DML_epoch: 20, alpha: 1, beta: 1, DML_lr: 0.02
local_batch_size: 128, DML_batch_size: 64, local_epoch: 3, DML_epoch: 20, alpha: 1, beta: 1, DML_lr: 0.02
local_batch_size: 128, DML_batch_size: 64, local_epoch: 3, DML_epoch: 20, alpha: 1, beta: 1, DML_lr: 0.02
local_batch_size: 128, DML_batch_size: 64, local_epoch: 3, DML_epoch: 20, alpha: 1, beta: 1, DML_lr: 0.02
2023-02-26 00:52:59,467 [MainThread] [INFO ]  Clients in total: 10
2023-02-26 00:52:59,492 [MainThread] [INFO ]  
-------- round 0 --------
2023-02-26 00:52:59,493 [MainThread] [INFO ]  --- start training ---
client: f0000002
--- local_update_loss : 2.11
client: f0000008
--- local_update_loss : 2.20
--- DML_update_loss(A model) with Client:f0000001: 1.85
--- DML_update_loss(A model) with Client:f0000007: 1.81
--------- test avarage ---------
--- All clients' test loss: 1.79
--- All clients' test acc: 28.45%
2023-02-26 00:54:54,802 [MainThread] [INFO ]  Server train time: 115.30825090408325
2023-02-26 00:54:54,803 [MainThread] [INFO ]  
-------- round 1 --------
2023-02-26 00:54:54,803 [MainThread] [INFO ]  --- start training ---
client: f0000002
--- local_update_loss : 1.88
client: f0000009
--- local_update_loss : 2.18
--- DML_update_loss(A model) with Client:f0000008: 1.77
--- DML_update_loss(A model) with Client:f0000001: 1.75
--------- test avarage ---------
--- All clients' test loss: 1.83
--- All clients' test acc: 30.55%
2023-02-26 00:56:47,604 [MainThread] [INFO ]  Server train time: 112.8008828163147
2023-02-26 00:56:47,605 [MainThread] [INFO ]  
-------- round 2 --------
2023-02-26 00:56:47,605 [MainThread] [INFO ]  --- start training ---
client: f0000004
--- local_update_loss : 2.16
client: f0000001
--- local_update_loss : 1.49
--- DML_update_loss(A model) with Client:f0000000: 1.89
--- DML_update_loss(A model) with Client:f0000006: 1.84
--------- test avarage ---------
--- All clients' test loss: 1.66
--- All clients' test acc: 33.77%
2023-02-26 00:58:40,599 [MainThread] [INFO ]  Server train time: 112.99339866638184
2023-02-26 00:58:40,599 [MainThread] [INFO ]  
-------- round 3 --------
2023-02-26 00:58:40,600 [MainThread] [INFO ]  --- start training ---
client: f0000005
--- local_update_loss : 2.15
client: f0000004
--- local_update_loss : 1.98
--- DML_update_loss(A model) with Client:f0000001: 1.76
--- DML_update_loss(A model) with Client:f0000008: 1.70
--------- test avarage ---------
--- All clients' test loss: 1.68
--- All clients' test acc: 33.30%
2023-02-26 01:00:33,819 [MainThread] [INFO ]  Server train time: 113.21858024597168
2023-02-26 01:00:33,819 [MainThread] [INFO ]  
-------- round 4 --------
2023-02-26 01:00:33,819 [MainThread] [INFO ]  --- start training ---
client: f0000003
--- local_update_loss : 2.16
client: f0000008
--- local_update_loss : 1.44
--- DML_update_loss(A model) with Client:f0000006: 1.75
--- DML_update_loss(A model) with Client:f0000004: 1.86
--------- test avarage ---------
--- All clients' test loss: 1.62
--- All clients' test acc: 37.88%
2023-02-26 01:02:26,947 [MainThread] [INFO ]  Server train time: 113.12690281867981
2023-02-26 01:02:26,948 [MainThread] [INFO ]  
-------- round 5 --------
2023-02-26 01:02:26,948 [MainThread] [INFO ]  --- start training ---
client: f0000009
--- local_update_loss : 1.97
client: f0000005
--- local_update_loss : 2.03
--- DML_update_loss(A model) with Client:f0000006: 1.75
--- DML_update_loss(A model) with Client:f0000007: 1.72
--------- test avarage ---------
--- All clients' test loss: 1.72
--- All clients' test acc: 33.20%
2023-02-26 01:04:19,988 [MainThread] [INFO ]  Server train time: 113.0394515991211
2023-02-26 01:04:19,988 [MainThread] [INFO ]  
-------- round 6 --------
2023-02-26 01:04:19,988 [MainThread] [INFO ]  --- start training ---
client: f0000008
--- local_update_loss : 1.42
client: f0000001
--- local_update_loss : 1.48
--- DML_update_loss(A model) with Client:f0000003: 1.76
--- DML_update_loss(A model) with Client:f0000002: 1.77
--------- test avarage ---------
--- All clients' test loss: 1.53
--- All clients' test acc: 42.62%
2023-02-26 01:06:13,215 [MainThread] [INFO ]  Server train time: 113.22587561607361
2023-02-26 01:06:13,216 [MainThread] [INFO ]  
-------- round 7 --------
2023-02-26 01:06:13,216 [MainThread] [INFO ]  --- start training ---
client: f0000008
--- local_update_loss : 1.40
client: f0000005
--- local_update_loss : 1.93
--- DML_update_loss(A model) with Client:f0000000: 1.82
--- DML_update_loss(A model) with Client:f0000001: 1.76
--------- test avarage ---------
--- All clients' test loss: 1.52
--- All clients' test acc: 41.75%
2023-02-26 01:08:06,512 [MainThread] [INFO ]  Server train time: 113.29559397697449
2023-02-26 01:08:06,512 [MainThread] [INFO ]  
-------- round 8 --------
2023-02-26 01:08:06,513 [MainThread] [INFO ]  --- start training ---
client: f0000008
--- local_update_loss : 1.37
client: f0000006
--- local_update_loss : 1.49
--- DML_update_loss(A model) with Client:f0000005: 1.84
--- DML_update_loss(A model) with Client:f0000004: 1.81
--------- test avarage ---------
--- All clients' test loss: 1.44
--- All clients' test acc: 45.73%
2023-02-26 01:10:00,384 [MainThread] [INFO ]  Server train time: 113.87073802947998
2023-02-26 01:10:00,385 [MainThread] [INFO ]  
-------- round 9 --------
2023-02-26 01:10:00,385 [MainThread] [INFO ]  --- start training ---
client: f0000008
--- local_update_loss : 1.35
client: f0000004
--- local_update_loss : 1.57
--- DML_update_loss(A model) with Client:f0000009: 1.85
--- DML_update_loss(A model) with Client:f0000003: 1.70
--------- test avarage ---------
--- All clients' test loss: 1.46
--- All clients' test acc: 44.82%
2023-02-26 01:11:53,678 [MainThread] [INFO ]  Server train time: 113.29252052307129
2023-02-26 01:11:53,686 [MainThread] [INFO ]  Model saved at /home/dengzhiling/.local/lib/python3.10/site-packages/easyfl/main/saved_models/_global_model_r_9.pth
2023-02-26 01:11:53,686 [MainThread] [INFO ]  
-------- round 10 --------
2023-02-26 01:11:53,687 [MainThread] [INFO ]  --- start training ---
client: f0000008
--- local_update_loss : 1.33
client: f0000002
--- local_update_loss : 1.53
--- DML_update_loss(A model) with Client:f0000009: 1.81
--- DML_update_loss(A model) with Client:f0000001: 1.75
--------- test avarage ---------
--- All clients' test loss: 1.38
--- All clients' test acc: 46.83%
2023-02-26 01:13:46,882 [MainThread] [INFO ]  Server train time: 113.19505572319031
2023-02-26 01:13:46,883 [MainThread] [INFO ]  
-------- round 11 --------
2023-02-26 01:13:46,883 [MainThread] [INFO ]  --- start training ---
client: f0000007
--- local_update_loss : 1.44
client: f0000008
--- local_update_loss : 1.32
--- DML_update_loss(A model) with Client:f0000004: 1.82
--- DML_update_loss(A model) with Client:f0000001: 1.75
--------- test avarage ---------
--- All clients' test loss: 1.36
--- All clients' test acc: 48.38%
2023-02-26 01:15:40,229 [MainThread] [INFO ]  Server train time: 113.34614896774292
2023-02-26 01:15:40,230 [MainThread] [INFO ]  
-------- round 12 --------
2023-02-26 01:15:40,230 [MainThread] [INFO ]  --- start training ---
client: f0000005
--- local_update_loss : 1.61
client: f0000008
--- local_update_loss : 1.31
--- DML_update_loss(A model) with Client:f0000003: 1.69
--- DML_update_loss(A model) with Client:f0000002: 1.73
--------- test avarage ---------
--- All clients' test loss: 1.35
--- All clients' test acc: 49.38%
2023-02-26 01:17:33,574 [MainThread] [INFO ]  Server train time: 113.34332990646362
2023-02-26 01:17:33,575 [MainThread] [INFO ]  
-------- round 13 --------
2023-02-26 01:17:33,575 [MainThread] [INFO ]  --- start training ---
client: f0000003
--- local_update_loss : 1.41
client: f0000005
--- local_update_loss : 1.58
--- DML_update_loss(A model) with Client:f0000002: 1.73
--- DML_update_loss(A model) with Client:f0000000: 1.82
--------- test avarage ---------
--- All clients' test loss: 1.79
--- All clients' test acc: 39.38%
2023-02-26 01:19:27,014 [MainThread] [INFO ]  Server train time: 113.43819785118103
2023-02-26 01:19:27,014 [MainThread] [INFO ]  
-------- round 14 --------
2023-02-26 01:19:27,015 [MainThread] [INFO ]  --- start training ---
client: f0000003
--- local_update_loss : 1.38
client: f0000009
--- local_update_loss : 1.56
--- DML_update_loss(A model) with Client:f0000005: 1.81
--- DML_update_loss(A model) with Client:f0000001: 1.76
--------- test avarage ---------
--- All clients' test loss: 1.53
--- All clients' test acc: 43.92%
2023-02-26 01:21:20,039 [MainThread] [INFO ]  Server train time: 113.02442121505737
2023-02-26 01:21:20,040 [MainThread] [INFO ]  
-------- round 15 --------
2023-02-26 01:21:20,040 [MainThread] [INFO ]  --- start training ---
client: f0000002
--- local_update_loss : 1.43
client: f0000006
--- local_update_loss : 1.48
--- DML_update_loss(A model) with Client:f0000009: 1.82
--- DML_update_loss(A model) with Client:f0000008: 1.73
--------- test avarage ---------
--- All clients' test loss: 1.49
--- All clients' test acc: 43.17%
2023-02-26 01:23:13,181 [MainThread] [INFO ]  Server train time: 113.14081740379333
2023-02-26 01:23:13,182 [MainThread] [INFO ]  
-------- round 16 --------
2023-02-26 01:23:13,182 [MainThread] [INFO ]  --- start training ---
client: f0000006
--- local_update_loss : 1.47
client: f0000002
--- local_update_loss : 1.42
--- DML_update_loss(A model) with Client:f0000009: 1.81
--- DML_update_loss(A model) with Client:f0000007: 1.72
--------- test avarage ---------
--- All clients' test loss: 1.41
--- All clients' test acc: 46.97%
2023-02-26 01:25:06,671 [MainThread] [INFO ]  Server train time: 113.48784899711609
2023-02-26 01:25:06,672 [MainThread] [INFO ]  
-------- round 17 --------
2023-02-26 01:25:06,672 [MainThread] [INFO ]  --- start training ---
client: f0000007
--- local_update_loss : 1.42
client: f0000002
--- local_update_loss : 1.38
--- DML_update_loss(A model) with Client:f0000006: 1.76
--- DML_update_loss(A model) with Client:f0000009: 1.81
--------- test avarage ---------
--- All clients' test loss: 1.42
--- All clients' test acc: 47.05%
2023-02-26 01:27:00,098 [MainThread] [INFO ]  Server train time: 113.42615938186646
2023-02-26 01:27:00,099 [MainThread] [INFO ]  
-------- round 18 --------
2023-02-26 01:27:00,099 [MainThread] [INFO ]  --- start training ---
client: f0000007
--- local_update_loss : 1.39
client: f0000009
--- local_update_loss : 1.53
--- DML_update_loss(A model) with Client:f0000001: 1.75
--- DML_update_loss(A model) with Client:f0000008: 1.71
--------- test avarage ---------
--- All clients' test loss: 1.40
--- All clients' test acc: 48.08%
2023-02-26 01:28:53,423 [MainThread] [INFO ]  Server train time: 113.3231692314148
2023-02-26 01:28:53,423 [MainThread] [INFO ]  
-------- round 19 --------
2023-02-26 01:28:53,424 [MainThread] [INFO ]  --- start training ---
client: f0000001
--- local_update_loss : 1.48
client: f0000007
--- local_update_loss : 1.38
--- DML_update_loss(A model) with Client:f0000006: 1.75
--- DML_update_loss(A model) with Client:f0000002: 1.74
--------- test avarage ---------
--- All clients' test loss: 1.37
--- All clients' test acc: 48.67%
2023-02-26 01:30:46,533 [MainThread] [INFO ]  Server train time: 113.1092414855957
2023-02-26 01:30:46,542 [MainThread] [INFO ]  Model saved at /home/dengzhiling/.local/lib/python3.10/site-packages/easyfl/main/saved_models/_global_model_r_19.pth
2023-02-26 01:30:46,542 [MainThread] [INFO ]  
-------- round 20 --------
2023-02-26 01:30:46,542 [MainThread] [INFO ]  --- start training ---
client: f0000007
--- local_update_loss : 1.35
client: f0000001
--- local_update_loss : 1.47
--- DML_update_loss(A model) with Client:f0000008: 1.70
--- DML_update_loss(A model) with Client:f0000006: 1.75
--------- test avarage ---------
--- All clients' test loss: 1.44
--- All clients' test acc: 45.57%
2023-02-26 01:32:39,767 [MainThread] [INFO ]  Server train time: 113.22390818595886
2023-02-26 01:32:39,767 [MainThread] [INFO ]  
-------- round 21 --------
2023-02-26 01:32:39,768 [MainThread] [INFO ]  --- start training ---
client: f0000001
--- local_update_loss : 1.46
client: f0000002
--- local_update_loss : 1.42
--- DML_update_loss(A model) with Client:f0000009: 1.82
--- DML_update_loss(A model) with Client:f0000008: 1.71
--------- test avarage ---------
--- All clients' test loss: 1.51
--- All clients' test acc: 44.23%
2023-02-26 01:34:33,377 [MainThread] [INFO ]  Server train time: 113.60900044441223
2023-02-26 01:34:33,378 [MainThread] [INFO ]  
-------- round 22 --------
2023-02-26 01:34:33,378 [MainThread] [INFO ]  --- start training ---
client: f0000002
--- local_update_loss : 1.41
client: f0000001
--- local_update_loss : 1.44
--- DML_update_loss(A model) with Client:f0000009: 1.82
--- DML_update_loss(A model) with Client:f0000008: 1.71
--------- test avarage ---------
--- All clients' test loss: 1.56
--- All clients' test acc: 42.30%
2023-02-26 01:36:27,019 [MainThread] [INFO ]  Server train time: 113.64008569717407
2023-02-26 01:36:27,020 [MainThread] [INFO ]  
-------- round 23 --------
2023-02-26 01:36:27,020 [MainThread] [INFO ]  --- start training ---
client: f0000005
--- local_update_loss : 1.53
client: f0000008
--- local_update_loss : 1.41
--- DML_update_loss(A model) with Client:f0000002: 1.74
--- DML_update_loss(A model) with Client:f0000009: 1.81
--------- test avarage ---------
--- All clients' test loss: 1.42
--- All clients' test acc: 47.55%
2023-02-26 01:38:20,662 [MainThread] [INFO ]  Server train time: 113.64184355735779
2023-02-26 01:38:20,663 [MainThread] [INFO ]  
-------- round 24 --------
2023-02-26 01:38:20,663 [MainThread] [INFO ]  --- start training ---
client: f0000009
--- local_update_loss : 1.53
client: f0000004
--- local_update_loss : 1.54
--- DML_update_loss(A model) with Client:f0000008: 1.71
--- DML_update_loss(A model) with Client:f0000002: 1.74
--------- test avarage ---------
--- All clients' test loss: 1.44
--- All clients' test acc: 46.88%
2023-02-26 01:40:13,854 [MainThread] [INFO ]  Server train time: 113.19076418876648
2023-02-26 01:40:13,855 [MainThread] [INFO ]  
-------- round 25 --------
2023-02-26 01:40:13,855 [MainThread] [INFO ]  --- start training ---
client: f0000005
--- local_update_loss : 1.51
client: f0000001
--- local_update_loss : 1.43
--- DML_update_loss(A model) with Client:f0000007: 1.74
Traceback (most recent call last):
  File "/home/dengzhiling/.local/lib/python3.10/site-packages/easyfl/main/main.py", line 26, in <module>
    easyfl.run()
  File "/home/dengzhiling/.local/lib/python3.10/site-packages/easyfl/coordinator.py", line 390, in run
    _global_coord.run()
  File "/home/dengzhiling/.local/lib/python3.10/site-packages/easyfl/coordinator.py", line 80, in run
    self.server.start(self.model, self.clients)
  File "/home/dengzhiling/.local/lib/python3.10/site-packages/easyfl/server/base.py", line 164, in start
    self.train()
  File "/home/dengzhiling/.local/lib/python3.10/site-packages/easyfl/server/base.py", line 200, in train
    self.distribution_to_train()
  File "/home/dengzhiling/.local/lib/python3.10/site-packages/easyfl/server/base.py", line 347, in distribution_to_train
    self.distribution_to_train_locally()
  File "/home/dengzhiling/.local/lib/python3.10/site-packages/easyfl/main/CustomizeServer.py", line 89, in distribution_to_train_locally
    client.run_train(model, self.conf.client, train_local_only=False)
  File "/home/dengzhiling/.local/lib/python3.10/site-packages/easyfl/main/CustomizedClient.py", line 154, in run_train
    self.train(conf, self.device, train_local_only) # 只修改了这里
  File "/home/dengzhiling/.local/lib/python3.10/site-packages/easyfl/main/CustomizedClient.py", line 142, in train
    self.train_DML(conf, device)
  File "/home/dengzhiling/.local/lib/python3.10/site-packages/easyfl/main/CustomizedClient.py", line 85, in train_DML
    for data, label in train_loader:
  File "/home/dengzhiling/.local/lib/python3.10/site-packages/torch/utils/data/dataloader.py", line 628, in __next__
    data = self._next_data()
  File "/home/dengzhiling/.local/lib/python3.10/site-packages/torch/utils/data/dataloader.py", line 671, in _next_data
    data = self._dataset_fetcher.fetch(index)  # may raise StopIteration
  File "/home/dengzhiling/.local/lib/python3.10/site-packages/torch/utils/data/_utils/fetch.py", line 58, in fetch
    data = [self.dataset[idx] for idx in possibly_batched_index]
  File "/home/dengzhiling/.local/lib/python3.10/site-packages/torch/utils/data/_utils/fetch.py", line 58, in <listcomp>
    data = [self.dataset[idx] for idx in possibly_batched_index]
  File "/home/dengzhiling/.local/lib/python3.10/site-packages/easyfl/datasets/dataset_util.py", line 41, in __getitem__
    sample = self.transform_x(sample)
  File "/home/dengzhiling/.local/lib/python3.10/site-packages/torchvision/transforms/transforms.py", line 95, in __call__
    img = t(img)
  File "/home/dengzhiling/.local/lib/python3.10/site-packages/torch/nn/modules/module.py", line 1194, in _call_impl
    return forward_call(*input, **kwargs)
  File "/home/dengzhiling/.local/lib/python3.10/site-packages/torchvision/transforms/transforms.py", line 705, in forward
    return F.hflip(img)
  File "/home/dengzhiling/.local/lib/python3.10/site-packages/torchvision/transforms/functional.py", line 637, in hflip
    def hflip(img: Tensor) -> Tensor:
KeyboardInterrupt
