2023-02-27 02:59:11,338 [MainThread] [INFO ]  Configurations: {'task_id': '', 'data': {'root': './data/', 'dataset': 'cifar10', 'split_type': 'class', 'min_size': 10, 'data_amount': 0.05, 'iid_fraction': 0.1, 'user': False, 'train_test_split': 0.8, 'class_per_client': 8, 'num_of_clients': 10, 'alpha': 0.2, 'weights': None}, 'model': 'simple_cnn', 'test_mode': 'test_in_client', 'test_method': 'average', 'server': {'track': False, 'rounds': 2000, 'clients_per_round': 2, 'test_every': 1, 'save_model_every': 10, 'save_model_path': '', 'batch_size': 64, 'test_all': True, 'random_selection': True, 'aggregation_stragtegy': 'EQUAL_AVERAGE', 'aggregation_content': 'all'}, 'client': {'track': False, 'batch_size': 200, 'test_batch_size': 5, 'local_epoch': 20, 'optimizer': {'type': 'SGD', 'lr': 0.01, 'momentum': 0.5, 'weight_decay': 0.0005, 'nesterov': True}, 'seed': 0, 'local_test': True}, 'gpu': 1, 'distributed': {'backend': 'nccl', 'init_method': '', 'world_size': 0, 'rank': 0, 'local_rank': 0}, 'tracking': {'database': '', 'log_file': '', 'log_level': 'INFO', 'metric_file': '', 'save_every': 1}, 'resource_heterogeneous': {'simulate': False, 'hetero_type': 'real', 'level': 3, 'sleep_group_num': 1000, 'total_time': 1000, 'fraction': 1, 'grouping_strategy': 'greedy', 'initial_default_time': 5, 'default_time_momentum': 0.2}, 'seed': 0, 'is_distributed': False, 'device': 0}
2023-02-27 02:59:11,441 [MainThread] [INFO ]  Total training data amount: 50000
2023-02-27 02:59:11,441 [MainThread] [INFO ]  Total testing data amount: 10000
local_batch_size: 64, DML_batch_size: 16, local_epoch: 10, DML_epoch: 10, alpha: 1, beta: 1, DML_lr: 0.015
local_batch_size: 64, DML_batch_size: 16, local_epoch: 10, DML_epoch: 10, alpha: 1, beta: 1, DML_lr: 0.015
local_batch_size: 64, DML_batch_size: 16, local_epoch: 10, DML_epoch: 10, alpha: 1, beta: 1, DML_lr: 0.015
local_batch_size: 64, DML_batch_size: 16, local_epoch: 10, DML_epoch: 10, alpha: 1, beta: 1, DML_lr: 0.015
local_batch_size: 64, DML_batch_size: 16, local_epoch: 10, DML_epoch: 10, alpha: 1, beta: 1, DML_lr: 0.015
local_batch_size: 64, DML_batch_size: 16, local_epoch: 10, DML_epoch: 10, alpha: 1, beta: 1, DML_lr: 0.015
local_batch_size: 64, DML_batch_size: 16, local_epoch: 10, DML_epoch: 10, alpha: 1, beta: 1, DML_lr: 0.015
local_batch_size: 64, DML_batch_size: 16, local_epoch: 10, DML_epoch: 10, alpha: 1, beta: 1, DML_lr: 0.015
local_batch_size: 64, DML_batch_size: 16, local_epoch: 10, DML_epoch: 10, alpha: 1, beta: 1, DML_lr: 0.015
local_batch_size: 64, DML_batch_size: 16, local_epoch: 10, DML_epoch: 10, alpha: 1, beta: 1, DML_lr: 0.015
2023-02-27 02:59:11,473 [MainThread] [INFO ]  Clients in total: 10
2023-02-27 02:59:11,496 [MainThread] [INFO ]  
-------- round 0 --------
2023-02-27 02:59:11,496 [MainThread] [INFO ]  --- start training ---
client: f0000002
--- local_update_loss : 1.80
client: f0000008
--- local_update_loss : 1.81
--- DML_update_loss(A model) with Client:f0000004: 1.66
--- DML_update_loss(A model) with Client:f0000000: 1.68
--------- test avarage ---------
--- All clients' test loss: 1.41
--- All clients' test acc: 47.15%
2023-02-27 03:02:34,975 [MainThread] [INFO ]  Server train time: 203.4777317047119
2023-02-27 03:02:34,976 [MainThread] [INFO ]  
-------- round 1 --------
2023-02-27 03:02:34,976 [MainThread] [INFO ]  --- start training ---
client: f0000002
--- local_update_loss : 1.49
client: f0000009
--- local_update_loss : 1.89
--- DML_update_loss(A model) with Client:f0000006: 1.63
--- DML_update_loss(A model) with Client:f0000007: 1.56
--------- test avarage ---------
--- All clients' test loss: 1.38
--- All clients' test acc: 48.30%
2023-02-27 03:05:58,289 [MainThread] [INFO ]  Server train time: 203.31318998336792
2023-02-27 03:05:58,290 [MainThread] [INFO ]  
-------- round 2 --------
2023-02-27 03:05:58,290 [MainThread] [INFO ]  --- start training ---
client: f0000004
--- local_update_loss : 1.30
client: f0000001
--- local_update_loss : 1.84
--- DML_update_loss(A model) with Client:f0000005: 1.66
--- DML_update_loss(A model) with Client:f0000007: 1.48
--------- test avarage ---------
--- All clients' test loss: 1.33
--- All clients' test acc: 50.58%
2023-02-27 03:09:19,733 [MainThread] [INFO ]  Server train time: 201.44178676605225
2023-02-27 03:09:19,733 [MainThread] [INFO ]  
-------- round 3 --------
2023-02-27 03:09:19,734 [MainThread] [INFO ]  --- start training ---
client: f0000005
--- local_update_loss : 1.30
client: f0000004
--- local_update_loss : 1.23
--- DML_update_loss(A model) with Client:f0000007: 1.49
--- DML_update_loss(A model) with Client:f0000003: 1.54
--------- test avarage ---------
--- All clients' test loss: 1.16
--- All clients' test acc: 57.57%
2023-02-27 03:12:42,457 [MainThread] [INFO ]  Server train time: 202.7229859828949
2023-02-27 03:12:42,458 [MainThread] [INFO ]  
-------- round 4 --------
2023-02-27 03:12:42,458 [MainThread] [INFO ]  --- start training ---
client: f0000003
--- local_update_loss : 1.14
client: f0000008
--- local_update_loss : 1.48
--- DML_update_loss(A model) with Client:f0000009: 1.63
--- DML_update_loss(A model) with Client:f0000007: 1.49
--------- test avarage ---------
--- All clients' test loss: 1.18
--- All clients' test acc: 57.15%
2023-02-27 03:16:09,292 [MainThread] [INFO ]  Server train time: 206.83402156829834
2023-02-27 03:16:09,293 [MainThread] [INFO ]  
-------- round 5 --------
2023-02-27 03:16:09,293 [MainThread] [INFO ]  --- start training ---
client: f0000009
--- local_update_loss : 1.28
client: f0000005
--- local_update_loss : 1.23
--- DML_update_loss(A model) with Client:f0000001: 1.60
--- DML_update_loss(A model) with Client:f0000000: 1.60
--------- test avarage ---------
--- All clients' test loss: 1.24
--- All clients' test acc: 53.38%
2023-02-27 03:19:33,208 [MainThread] [INFO ]  Server train time: 203.91438150405884
2023-02-27 03:19:33,209 [MainThread] [INFO ]  
-------- round 6 --------
2023-02-27 03:19:33,209 [MainThread] [INFO ]  --- start training ---
client: f0000008
--- local_update_loss : 1.35
client: f0000001
--- local_update_loss : 1.28
--- DML_update_loss(A model) with Client:f0000006: 1.57
--- DML_update_loss(A model) with Client:f0000005: 1.59
--------- test avarage ---------
--- All clients' test loss: 1.19
--- All clients' test acc: 54.18%
2023-02-27 03:22:58,606 [MainThread] [INFO ]  Server train time: 205.39649105072021
2023-02-27 03:22:58,607 [MainThread] [INFO ]  
-------- round 7 --------
2023-02-27 03:22:58,607 [MainThread] [INFO ]  --- start training ---
client: f0000008
--- local_update_loss : 1.26
client: f0000005
--- local_update_loss : 1.19
--- DML_update_loss(A model) with Client:f0000000: 1.61
--- DML_update_loss(A model) with Client:f0000001: 1.57
--------- test avarage ---------
--- All clients' test loss: 1.15
--- All clients' test acc: 56.92%
2023-02-27 03:26:21,958 [MainThread] [INFO ]  Server train time: 203.35096859931946
2023-02-27 03:26:21,959 [MainThread] [INFO ]  
-------- round 8 --------
2023-02-27 03:26:21,959 [MainThread] [INFO ]  --- start training ---
client: f0000008
--- local_update_loss : 1.19
client: f0000006
--- local_update_loss : 1.22
--- DML_update_loss(A model) with Client:f0000003: 1.46
--- DML_update_loss(A model) with Client:f0000007: 1.49
--------- test avarage ---------
--- All clients' test loss: 1.10
--- All clients' test acc: 58.73%
2023-02-27 03:29:47,086 [MainThread] [INFO ]  Server train time: 205.12660551071167
2023-02-27 03:29:47,087 [MainThread] [INFO ]  
-------- round 9 --------
2023-02-27 03:29:47,087 [MainThread] [INFO ]  --- start training ---
client: f0000008
--- local_update_loss : 1.12
client: f0000004
--- local_update_loss : 1.18
--- DML_update_loss(A model) with Client:f0000001: 1.56
--- DML_update_loss(A model) with Client:f0000006: 1.58
--------- test avarage ---------
--- All clients' test loss: 1.10
--- All clients' test acc: 58.45%
2023-02-27 03:33:15,711 [MainThread] [INFO ]  Server train time: 208.62346410751343
2023-02-27 03:33:15,721 [MainThread] [INFO ]  Model saved at /home/dengzhiling/.local/lib/python3.10/site-packages/easyfl/main/saved_models/_global_model_r_9.pth
2023-02-27 03:33:15,721 [MainThread] [INFO ]  
-------- round 10 --------
2023-02-27 03:33:15,721 [MainThread] [INFO ]  --- start training ---
client: f0000008
--- local_update_loss : 1.06
client: f0000002
--- local_update_loss : 1.35
--- DML_update_loss(A model) with Client:f0000001: 1.57
--- DML_update_loss(A model) with Client:f0000004: 1.61
--------- test avarage ---------
--- All clients' test loss: 1.19
--- All clients' test acc: 56.10%
2023-02-27 03:36:40,840 [MainThread] [INFO ]  Server train time: 205.11878275871277
2023-02-27 03:36:40,841 [MainThread] [INFO ]  
-------- round 11 --------
2023-02-27 03:36:40,841 [MainThread] [INFO ]  --- start training ---
client: f0000007
--- local_update_loss : 1.02
client: f0000008
--- local_update_loss : 1.01
--- DML_update_loss(A model) with Client:f0000000: 1.62
--- DML_update_loss(A model) with Client:f0000004: 1.60
--------- test avarage ---------
--- All clients' test loss: 1.17
--- All clients' test acc: 58.23%
2023-02-27 03:40:05,660 [MainThread] [INFO ]  Server train time: 204.81838464736938
2023-02-27 03:40:05,661 [MainThread] [INFO ]  
-------- round 12 --------
2023-02-27 03:40:05,661 [MainThread] [INFO ]  --- start training ---
client: f0000005
--- local_update_loss : 1.13
client: f0000008
--- local_update_loss : 0.96
--- DML_update_loss(A model) with Client:f0000003: 1.46
--- DML_update_loss(A model) with Client:f0000002: 1.53
--------- test avarage ---------
--- All clients' test loss: 1.03
--- All clients' test acc: 63.20%
2023-02-27 03:43:27,813 [MainThread] [INFO ]  Server train time: 202.1522617340088
2023-02-27 03:43:27,814 [MainThread] [INFO ]  
-------- round 13 --------
2023-02-27 03:43:27,814 [MainThread] [INFO ]  --- start training ---
client: f0000003
--- local_update_loss : 1.01
client: f0000005
--- local_update_loss : 1.10
--- DML_update_loss(A model) with Client:f0000008: 1.53
--- DML_update_loss(A model) with Client:f0000002: 1.50
--------- test avarage ---------
--- All clients' test loss: 1.05
--- All clients' test acc: 62.62%
2023-02-27 03:46:49,903 [MainThread] [INFO ]  Server train time: 202.08831000328064
2023-02-27 03:46:49,904 [MainThread] [INFO ]  
-------- round 14 --------
2023-02-27 03:46:49,904 [MainThread] [INFO ]  --- start training ---
client: f0000003
--- local_update_loss : 0.94
client: f0000009
--- local_update_loss : 1.21
--- DML_update_loss(A model) with Client:f0000006: 1.58
--- DML_update_loss(A model) with Client:f0000007: 1.50
--------- test avarage ---------
--- All clients' test loss: 1.06
--- All clients' test acc: 60.98%
2023-02-27 03:50:12,623 [MainThread] [INFO ]  Server train time: 202.7182343006134
2023-02-27 03:50:12,623 [MainThread] [INFO ]  
-------- round 15 --------
2023-02-27 03:50:12,624 [MainThread] [INFO ]  --- start training ---
client: f0000002
--- local_update_loss : 1.06
client: f0000006
--- local_update_loss : 1.19
--- DML_update_loss(A model) with Client:f0000004: 1.60
--- DML_update_loss(A model) with Client:f0000009: 1.60
--------- test avarage ---------
--- All clients' test loss: 1.10
--- All clients' test acc: 59.93%
2023-02-27 03:53:33,767 [MainThread] [INFO ]  Server train time: 201.1427297592163
2023-02-27 03:53:33,768 [MainThread] [INFO ]  
-------- round 16 --------
2023-02-27 03:53:33,768 [MainThread] [INFO ]  --- start training ---
client: f0000006
--- local_update_loss : 1.13
client: f0000002
--- local_update_loss : 1.00
--- DML_update_loss(A model) with Client:f0000004: 1.60
--- DML_update_loss(A model) with Client:f0000005: 1.62
--------- test avarage ---------
--- All clients' test loss: 1.19
--- All clients' test acc: 57.32%
2023-02-27 03:56:55,289 [MainThread] [INFO ]  Server train time: 201.52052760124207
2023-02-27 03:56:55,289 [MainThread] [INFO ]  
-------- round 17 --------
2023-02-27 03:56:55,289 [MainThread] [INFO ]  --- start training ---
client: f0000007
--- local_update_loss : 1.02
client: f0000002
--- local_update_loss : 0.95
--- DML_update_loss(A model) with Client:f0000001: 1.57
--- DML_update_loss(A model) with Client:f0000004: 1.60
--------- test avarage ---------
--- All clients' test loss: 1.06
--- All clients' test acc: 60.92%
2023-02-27 04:00:20,757 [MainThread] [INFO ]  Server train time: 205.4670238494873
2023-02-27 04:00:20,758 [MainThread] [INFO ]  
-------- round 18 --------
2023-02-27 04:00:20,758 [MainThread] [INFO ]  --- start training ---
client: f0000007
--- local_update_loss : 0.96
client: f0000009
--- local_update_loss : 1.18
--- DML_update_loss(A model) with Client:f0000000: 1.63
--- DML_update_loss(A model) with Client:f0000006: 1.60
--------- test avarage ---------
--- All clients' test loss: 1.10
--- All clients' test acc: 59.40%
2023-02-27 04:03:42,242 [MainThread] [INFO ]  Server train time: 201.48360991477966
2023-02-27 04:03:42,243 [MainThread] [INFO ]  
-------- round 19 --------
2023-02-27 04:03:42,243 [MainThread] [INFO ]  --- start training ---
client: f0000001
--- local_update_loss : 1.19
client: f0000007
--- local_update_loss : 0.91
--- DML_update_loss(A model) with Client:f0000004: 1.60
--- DML_update_loss(A model) with Client:f0000008: 1.48
--------- test avarage ---------
--- All clients' test loss: 1.02
--- All clients' test acc: 62.02%
2023-02-27 04:07:06,182 [MainThread] [INFO ]  Server train time: 203.93917441368103
2023-02-27 04:07:06,192 [MainThread] [INFO ]  Model saved at /home/dengzhiling/.local/lib/python3.10/site-packages/easyfl/main/saved_models/_global_model_r_19.pth
2023-02-27 04:07:06,192 [MainThread] [INFO ]  
-------- round 20 --------
2023-02-27 04:07:06,192 [MainThread] [INFO ]  --- start training ---
client: f0000007
--- local_update_loss : 0.88
client: f0000001
--- local_update_loss : 1.13
--- DML_update_loss(A model) with Client:f0000006: 1.58
--- DML_update_loss(A model) with Client:f0000004: 1.60
--------- test avarage ---------
--- All clients' test loss: 1.05
--- All clients' test acc: 60.75%
2023-02-27 04:10:30,993 [MainThread] [INFO ]  Server train time: 204.80007767677307
2023-02-27 04:10:30,993 [MainThread] [INFO ]  
-------- round 21 --------
2023-02-27 04:10:30,994 [MainThread] [INFO ]  --- start training ---
client: f0000001
--- local_update_loss : 1.08
client: f0000002
--- local_update_loss : 0.91
--- DML_update_loss(A model) with Client:f0000007: 1.53
--- DML_update_loss(A model) with Client:f0000006: 1.58
--------- test avarage ---------
--- All clients' test loss: 1.08
--- All clients' test acc: 61.10%
2023-02-27 04:13:57,163 [MainThread] [INFO ]  Server train time: 206.16912937164307
2023-02-27 04:13:57,164 [MainThread] [INFO ]  
-------- round 22 --------
2023-02-27 04:13:57,164 [MainThread] [INFO ]  --- start training ---
client: f0000002
--- local_update_loss : 0.88
client: f0000001
--- local_update_loss : 1.04
--- DML_update_loss(A model) with Client:f0000007: 1.49
--- DML_update_loss(A model) with Client:f0000006: 1.57
--------- test avarage ---------
--- All clients' test loss: 1.03
--- All clients' test acc: 61.72%
2023-02-27 04:17:20,528 [MainThread] [INFO ]  Server train time: 203.363343000412
2023-02-27 04:17:20,529 [MainThread] [INFO ]  
-------- round 23 --------
2023-02-27 04:17:20,529 [MainThread] [INFO ]  --- start training ---
client: f0000005
--- local_update_loss : 1.18
client: f0000008
--- local_update_loss : 1.02
--- DML_update_loss(A model) with Client:f0000002: 1.55
--- DML_update_loss(A model) with Client:f0000009: 1.60
--------- test avarage ---------
--- All clients' test loss: 1.08
--- All clients' test acc: 60.08%
2023-02-27 04:20:42,710 [MainThread] [INFO ]  Server train time: 202.18129205703735
2023-02-27 04:20:42,711 [MainThread] [INFO ]  
-------- round 24 --------
2023-02-27 04:20:42,711 [MainThread] [INFO ]  --- start training ---
client: f0000009
--- local_update_loss : 1.18
client: f0000004
--- local_update_loss : 1.18
--- DML_update_loss(A model) with Client:f0000006: 1.57
--- DML_update_loss(A model) with Client:f0000008: 1.50
--------- test avarage ---------
--- All clients' test loss: 1.11
--- All clients' test acc: 60.05%
2023-02-27 04:24:08,713 [MainThread] [INFO ]  Server train time: 206.00172328948975
2023-02-27 04:24:08,714 [MainThread] [INFO ]  
-------- round 25 --------
2023-02-27 04:24:08,714 [MainThread] [INFO ]  --- start training ---
client: f0000005
--- local_update_loss : 1.13
client: f0000001
--- local_update_loss : 1.01
--- DML_update_loss(A model) with Client:f0000000: 1.62
--- DML_update_loss(A model) with Client:f0000006: 1.58
--------- test avarage ---------
--- All clients' test loss: 1.07
--- All clients' test acc: 59.82%
2023-02-27 04:27:32,879 [MainThread] [INFO ]  Server train time: 204.16410207748413
2023-02-27 04:27:32,880 [MainThread] [INFO ]  
-------- round 26 --------
2023-02-27 04:27:32,880 [MainThread] [INFO ]  --- start training ---
client: f0000008
--- local_update_loss : 1.01
client: f0000004
--- local_update_loss : 1.12
--- DML_update_loss(A model) with Client:f0000001: 1.60
--- DML_update_loss(A model) with Client:f0000003: 1.49
--------- test avarage ---------
--- All clients' test loss: 1.04
--- All clients' test acc: 60.83%
2023-02-27 04:30:57,121 [MainThread] [INFO ]  Server train time: 204.24123811721802
2023-02-27 04:30:57,122 [MainThread] [INFO ]  
-------- round 27 --------
2023-02-27 04:30:57,122 [MainThread] [INFO ]  --- start training ---
client: f0000004
--- local_update_loss : 1.08
client: f0000002
--- local_update_loss : 1.04
--- DML_update_loss(A model) with Client:f0000007: 1.49
--- DML_update_loss(A model) with Client:f0000001: 1.57
--------- test avarage ---------
--- All clients' test loss: 1.06
--- All clients' test acc: 61.58%
2023-02-27 04:34:18,795 [MainThread] [INFO ]  Server train time: 201.67205953598022
2023-02-27 04:34:18,796 [MainThread] [INFO ]  
-------- round 28 --------
2023-02-27 04:34:18,796 [MainThread] [INFO ]  --- start training ---
client: f0000009
--- local_update_loss : 1.12
client: f0000002
--- local_update_loss : 0.97
--- DML_update_loss(A model) with Client:f0000005: 1.61
--- DML_update_loss(A model) with Client:f0000003: 1.47
--------- test avarage ---------
--- All clients' test loss: 1.12
--- All clients' test acc: 60.58%
2023-02-27 04:37:42,630 [MainThread] [INFO ]  Server train time: 203.8341429233551
2023-02-27 04:37:42,631 [MainThread] [INFO ]  
-------- round 29 --------
2023-02-27 04:37:42,631 [MainThread] [INFO ]  --- start training ---
client: f0000008
--- local_update_loss : 0.95
client: f0000006
--- local_update_loss : 1.19
--- DML_update_loss(A model) with Client:f0000004: 1.63
--- DML_update_loss(A model) with Client:f0000003: 1.46
--------- test avarage ---------
--- All clients' test loss: 1.06
--- All clients' test acc: 62.03%
2023-02-27 04:41:05,073 [MainThread] [INFO ]  Server train time: 202.44115471839905
2023-02-27 04:41:05,082 [MainThread] [INFO ]  Model saved at /home/dengzhiling/.local/lib/python3.10/site-packages/easyfl/main/saved_models/_global_model_r_29.pth
2023-02-27 04:41:05,083 [MainThread] [INFO ]  
-------- round 30 --------
2023-02-27 04:41:05,083 [MainThread] [INFO ]  --- start training ---
client: f0000000
--- local_update_loss : 1.22
client: f0000001
--- local_update_loss : 1.18
--- DML_update_loss(A model) with Client:f0000008: 1.51
--- DML_update_loss(A model) with Client:f0000002: 1.53
--------- test avarage ---------
--- All clients' test loss: 1.06
--- All clients' test acc: 60.22%
2023-02-27 04:44:26,181 [MainThread] [INFO ]  Server train time: 201.09741306304932
2023-02-27 04:44:26,181 [MainThread] [INFO ]  
-------- round 31 --------
2023-02-27 04:44:26,182 [MainThread] [INFO ]  --- start training ---
client: f0000004
--- local_update_loss : 1.18
client: f0000001
--- local_update_loss : 1.12
--- DML_update_loss(A model) with Client:f0000005: 1.60
--- DML_update_loss(A model) with Client:f0000008: 1.48
--------- test avarage ---------
--- All clients' test loss: 1.10
--- All clients' test acc: 59.17%
2023-02-27 04:47:48,084 [MainThread] [INFO ]  Server train time: 201.9020779132843
2023-02-27 04:47:48,085 [MainThread] [INFO ]  
-------- round 32 --------
2023-02-27 04:47:48,085 [MainThread] [INFO ]  --- start training ---
client: f0000009
--- local_update_loss : 1.08
client: f0000001
--- local_update_loss : 1.07
--- DML_update_loss(A model) with Client:f0000003: 1.47
--- DML_update_loss(A model) with Client:f0000006: 1.58
--------- test avarage ---------
--- All clients' test loss: 1.07
--- All clients' test acc: 60.55%
2023-02-27 04:51:11,634 [MainThread] [INFO ]  Server train time: 203.5485134124756
2023-02-27 04:51:11,635 [MainThread] [INFO ]  
-------- round 33 --------
2023-02-27 04:51:11,635 [MainThread] [INFO ]  --- start training ---
client: f0000008
--- local_update_loss : 1.03
client: f0000003
--- local_update_loss : 0.99
--- DML_update_loss(A model) with Client:f0000005: 1.59
--- DML_update_loss(A model) with Client:f0000001: 1.59
--------- test avarage ---------
--- All clients' test loss: 1.08
--- All clients' test acc: 59.75%
2023-02-27 04:54:34,204 [MainThread] [INFO ]  Server train time: 202.56919527053833
2023-02-27 04:54:34,205 [MainThread] [INFO ]  
-------- round 34 --------
2023-02-27 04:54:34,205 [MainThread] [INFO ]  --- start training ---
client: f0000000
--- local_update_loss : 1.16
client: f0000009
--- local_update_loss : 1.05
--- DML_update_loss(A model) with Client:f0000004: 1.61
--- DML_update_loss(A model) with Client:f0000007: 1.49
--------- test avarage ---------
--- All clients' test loss: 1.13
--- All clients' test acc: 59.52%
2023-02-27 04:57:55,445 [MainThread] [INFO ]  Server train time: 201.23969221115112
2023-02-27 04:57:55,446 [MainThread] [INFO ]  
-------- round 35 --------
2023-02-27 04:57:55,446 [MainThread] [INFO ]  --- start training ---
client: f0000006
--- local_update_loss : 1.19
client: f0000002
--- local_update_loss : 1.03
--- DML_update_loss(A model) with Client:f0000003: 1.48
--- DML_update_loss(A model) with Client:f0000000: 1.64
--------- test avarage ---------
--- All clients' test loss: 1.12
--- All clients' test acc: 60.25%
2023-02-27 05:01:16,915 [MainThread] [INFO ]  Server train time: 201.46803784370422
2023-02-27 05:01:16,916 [MainThread] [INFO ]  
-------- round 36 --------
2023-02-27 05:01:16,916 [MainThread] [INFO ]  --- start training ---
client: f0000003
--- local_update_loss : 0.99
client: f0000009
--- local_update_loss : 1.01
--- DML_update_loss(A model) with Client:f0000005: 1.60
--- DML_update_loss(A model) with Client:f0000006: 1.58
--------- test avarage ---------
--- All clients' test loss: 1.06
--- All clients' test acc: 60.55%
2023-02-27 05:04:38,265 [MainThread] [INFO ]  Server train time: 201.34905791282654
2023-02-27 05:04:38,266 [MainThread] [INFO ]  
-------- round 37 --------
2023-02-27 05:04:38,266 [MainThread] [INFO ]  --- start training ---
client: f0000004
--- local_update_loss : 1.17
client: f0000009
--- local_update_loss : 0.99
--- DML_update_loss(A model) with Client:f0000005: 1.59
--- DML_update_loss(A model) with Client:f0000007: 1.49
--------- test avarage ---------
--- All clients' test loss: 1.08
--- All clients' test acc: 60.38%
2023-02-27 05:08:03,187 [MainThread] [INFO ]  Server train time: 204.9201807975769
2023-02-27 05:08:03,188 [MainThread] [INFO ]  
-------- round 38 --------
2023-02-27 05:08:03,188 [MainThread] [INFO ]  --- start training ---
client: f0000008
--- local_update_loss : 0.96
client: f0000000
--- local_update_loss : 1.20
--- DML_update_loss(A model) with Client:f0000009: 1.64
--- DML_update_loss(A model) with Client:f0000003: 1.48
--------- test avarage ---------
--- All clients' test loss: 1.07
--- All clients' test acc: 60.58%
2023-02-27 05:11:25,493 [MainThread] [INFO ]  Server train time: 202.30460667610168
2023-02-27 05:11:25,493 [MainThread] [INFO ]  
-------- round 39 --------
2023-02-27 05:11:25,494 [MainThread] [INFO ]  --- start training ---
client: f0000002
--- local_update_loss : 0.96
client: f0000001
--- local_update_loss : 1.17
--- DML_update_loss(A model) with Client:f0000005: 1.60
--- DML_update_loss(A model) with Client:f0000000: 1.62
--------- test avarage ---------
--- All clients' test loss: 1.10
--- All clients' test acc: 59.65%
2023-02-27 05:14:45,631 [MainThread] [INFO ]  Server train time: 200.13666439056396
2023-02-27 05:14:45,639 [MainThread] [INFO ]  Model saved at /home/dengzhiling/.local/lib/python3.10/site-packages/easyfl/main/saved_models/_global_model_r_39.pth
2023-02-27 05:14:45,640 [MainThread] [INFO ]  
-------- round 40 --------
2023-02-27 05:14:45,640 [MainThread] [INFO ]  --- start training ---
client: f0000004
--- local_update_loss : 1.11
client: f0000003
--- local_update_loss : 0.99
--- DML_update_loss(A model) with Client:f0000001: 1.58
--- DML_update_loss(A model) with Client:f0000008: 1.51
--------- test avarage ---------
--- All clients' test loss: 1.02
--- All clients' test acc: 61.42%
2023-02-27 05:18:07,872 [MainThread] [INFO ]  Server train time: 202.23206973075867
2023-02-27 05:18:07,873 [MainThread] [INFO ]  
-------- round 41 --------
2023-02-27 05:18:07,873 [MainThread] [INFO ]  --- start training ---
client: f0000005
--- local_update_loss : 1.19
client: f0000006
--- local_update_loss : 1.18
--- DML_update_loss(A model) with Client:f0000002: 1.53
--- DML_update_loss(A model) with Client:f0000007: 1.49
--------- test avarage ---------
--- All clients' test loss: 1.11
--- All clients' test acc: 60.00%
2023-02-27 05:21:31,013 [MainThread] [INFO ]  Server train time: 203.13946056365967
2023-02-27 05:21:31,014 [MainThread] [INFO ]  
-------- round 42 --------
2023-02-27 05:21:31,014 [MainThread] [INFO ]  --- start training ---
client: f0000008
--- local_update_loss : 1.01
client: f0000001
--- local_update_loss : 1.17
--- DML_update_loss(A model) with Client:f0000004: 1.62
--- DML_update_loss(A model) with Client:f0000002: 1.51
--------- test avarage ---------
--- All clients' test loss: 1.09
--- All clients' test acc: 59.97%
2023-02-27 05:24:52,574 [MainThread] [INFO ]  Server train time: 201.5602741241455
2023-02-27 05:24:52,575 [MainThread] [INFO ]  
-------- round 43 --------
2023-02-27 05:24:52,575 [MainThread] [INFO ]  --- start training ---
client: f0000003
--- local_update_loss : 0.93
client: f0000009
--- local_update_loss : 1.17
--- DML_update_loss(A model) with Client:f0000004: 1.60
--- DML_update_loss(A model) with Client:f0000005: 1.61
--------- test avarage ---------
--- All clients' test loss: 1.04
--- All clients' test acc: 61.83%
2023-02-27 05:28:15,307 [MainThread] [INFO ]  Server train time: 202.73093223571777
2023-02-27 05:28:15,308 [MainThread] [INFO ]  
-------- round 44 --------
2023-02-27 05:28:15,308 [MainThread] [INFO ]  --- start training ---
client: f0000002
--- local_update_loss : 1.05
client: f0000007
--- local_update_loss : 1.02
--- DML_update_loss(A model) with Client:f0000009: 1.61
--- DML_update_loss(A model) with Client:f0000001: 1.58
--------- test avarage ---------
--- All clients' test loss: 1.07
--- All clients' test acc: 60.32%
2023-02-27 05:31:37,146 [MainThread] [INFO ]  Server train time: 201.8379545211792
2023-02-27 05:31:37,147 [MainThread] [INFO ]  
-------- round 45 --------
2023-02-27 05:31:37,147 [MainThread] [INFO ]  --- start training ---
client: f0000002
--- local_update_loss : 0.99
client: f0000004
--- local_update_loss : 1.18
--- DML_update_loss(A model) with Client:f0000007: 1.50
--- DML_update_loss(A model) with Client:f0000001: 1.57
--------- test avarage ---------
--- All clients' test loss: 1.09
--- All clients' test acc: 60.15%
2023-02-27 05:34:58,244 [MainThread] [INFO ]  Server train time: 201.09677624702454
2023-02-27 05:34:58,245 [MainThread] [INFO ]  
-------- round 46 --------
2023-02-27 05:34:58,245 [MainThread] [INFO ]  --- start training ---
client: f0000007
--- local_update_loss : 1.03
client: f0000000
--- local_update_loss : 1.20
--- DML_update_loss(A model) with Client:f0000001: 1.57
--- DML_update_loss(A model) with Client:f0000005: 1.60
--------- test avarage ---------
--- All clients' test loss: 1.14
--- All clients' test acc: 57.77%
2023-02-27 05:38:20,103 [MainThread] [INFO ]  Server train time: 201.85737323760986
2023-02-27 05:38:20,104 [MainThread] [INFO ]  
-------- round 47 --------
2023-02-27 05:38:20,104 [MainThread] [INFO ]  --- start training ---
client: f0000002
--- local_update_loss : 0.94
client: f0000001
--- local_update_loss : 1.17
--- DML_update_loss(A model) with Client:f0000008: 1.50
--- DML_update_loss(A model) with Client:f0000006: 1.59
--------- test avarage ---------
--- All clients' test loss: 1.17
--- All clients' test acc: 56.75%
2023-02-27 05:41:42,409 [MainThread] [INFO ]  Server train time: 202.3049762248993
2023-02-27 05:41:42,410 [MainThread] [INFO ]  
-------- round 48 --------
2023-02-27 05:41:42,410 [MainThread] [INFO ]  --- start training ---
client: f0000007
--- local_update_loss : 0.97
client: f0000005
--- local_update_loss : 1.19
--- DML_update_loss(A model) with Client:f0000004: 1.62
--- DML_update_loss(A model) with Client:f0000009: 1.59
--------- test avarage ---------
--- All clients' test loss: 1.10
--- All clients' test acc: 60.05%
2023-02-27 05:45:05,179 [MainThread] [INFO ]  Server train time: 202.76879453659058
2023-02-27 05:45:05,180 [MainThread] [INFO ]  
-------- round 49 --------
2023-02-27 05:45:05,180 [MainThread] [INFO ]  --- start training ---
client: f0000009
--- local_update_loss : 1.18
client: f0000000
--- local_update_loss : 1.15
--- DML_update_loss(A model) with Client:f0000006: 1.57
--- DML_update_loss(A model) with Client:f0000001: 1.58
--------- test avarage ---------
--- All clients' test loss: 1.15
--- All clients' test acc: 56.55%
2023-02-27 05:48:29,426 [MainThread] [INFO ]  Server train time: 204.2455348968506
2023-02-27 05:48:29,435 [MainThread] [INFO ]  Model saved at /home/dengzhiling/.local/lib/python3.10/site-packages/easyfl/main/saved_models/_global_model_r_49.pth
2023-02-27 05:48:29,436 [MainThread] [INFO ]  
-------- round 50 --------
2023-02-27 05:48:29,436 [MainThread] [INFO ]  --- start training ---
client: f0000007
--- local_update_loss : 0.92
client: f0000008
--- local_update_loss : 1.03
--- DML_update_loss(A model) with Client:f0000005: 1.61
--- DML_update_loss(A model) with Client:f0000002: 1.54
--------- test avarage ---------
--- All clients' test loss: 1.03
--- All clients' test acc: 62.23%
2023-02-27 05:51:53,769 [MainThread] [INFO ]  Server train time: 204.33263683319092
2023-02-27 05:51:53,770 [MainThread] [INFO ]  
-------- round 51 --------
2023-02-27 05:51:53,770 [MainThread] [INFO ]  --- start training ---
client: f0000003
--- local_update_loss : 0.89
client: f0000004
--- local_update_loss : 1.18
--- DML_update_loss(A model) with Client:f0000006: 1.58
--- DML_update_loss(A model) with Client:f0000000: 1.64
--------- test avarage ---------
--- All clients' test loss: 1.06
--- All clients' test acc: 61.08%
2023-02-27 05:55:17,643 [MainThread] [INFO ]  Server train time: 203.87249112129211
2023-02-27 05:55:17,643 [MainThread] [INFO ]  
-------- round 52 --------
2023-02-27 05:55:17,643 [MainThread] [INFO ]  --- start training ---
client: f0000009
--- local_update_loss : 1.12
client: f0000001
--- local_update_loss : 1.17
--- DML_update_loss(A model) with Client:f0000002: 1.51
--- DML_update_loss(A model) with Client:f0000008: 1.50
--------- test avarage ---------
--- All clients' test loss: 1.05
--- All clients' test acc: 60.08%
2023-02-27 05:58:39,935 [MainThread] [INFO ]  Server train time: 202.29091835021973
2023-02-27 05:58:39,936 [MainThread] [INFO ]  
-------- round 53 --------
2023-02-27 05:58:39,936 [MainThread] [INFO ]  --- start training ---
client: f0000001
--- local_update_loss : 1.10
client: f0000002
--- local_update_loss : 1.04
--- DML_update_loss(A model) with Client:f0000007: 1.52
--- DML_update_loss(A model) with Client:f0000008: 1.49
--------- test avarage ---------
--- All clients' test loss: 1.04
--- All clients' test acc: 61.17%
2023-02-27 06:02:01,379 [MainThread] [INFO ]  Server train time: 201.44263219833374
2023-02-27 06:02:01,380 [MainThread] [INFO ]  
-------- round 54 --------
2023-02-27 06:02:01,380 [MainThread] [INFO ]  --- start training ---
client: f0000004
--- local_update_loss : 1.12
client: f0000008
--- local_update_loss : 1.03
--- DML_update_loss(A model) with Client:f0000000: 1.61
--- DML_update_loss(A model) with Client:f0000007: 1.50
--------- test avarage ---------
--- All clients' test loss: 1.08
--- All clients' test acc: 59.50%
2023-02-27 06:05:23,676 [MainThread] [INFO ]  Server train time: 202.29533290863037
2023-02-27 06:05:23,676 [MainThread] [INFO ]  
-------- round 55 --------
2023-02-27 06:05:23,676 [MainThread] [INFO ]  --- start training ---
client: f0000004
--- local_update_loss : 1.08
client: f0000000
--- local_update_loss : 1.21
--- DML_update_loss(A model) with Client:f0000003: 1.50
--- DML_update_loss(A model) with Client:f0000002: 1.52
--------- test avarage ---------
--- All clients' test loss: 1.11
--- All clients' test acc: 59.32%
2023-02-27 06:08:45,503 [MainThread] [INFO ]  Server train time: 201.82649064064026
2023-02-27 06:08:45,504 [MainThread] [INFO ]  
-------- round 56 --------
2023-02-27 06:08:45,504 [MainThread] [INFO ]  --- start training ---
client: f0000006
--- local_update_loss : 1.20
client: f0000001
--- local_update_loss : 1.06
--- DML_update_loss(A model) with Client:f0000003: 1.47
--- DML_update_loss(A model) with Client:f0000008: 1.50
--------- test avarage ---------
--- All clients' test loss: 1.11
--- All clients' test acc: 60.38%
2023-02-27 06:12:06,420 [MainThread] [INFO ]  Server train time: 200.9157795906067
2023-02-27 06:12:06,421 [MainThread] [INFO ]  
-------- round 57 --------
2023-02-27 06:12:06,421 [MainThread] [INFO ]  --- start training ---
client: f0000003
--- local_update_loss : 1.00
client: f0000008
--- local_update_loss : 1.02
--- DML_update_loss(A model) with Client:f0000000: 1.63
--- DML_update_loss(A model) with Client:f0000004: 1.62
--------- test avarage ---------
--- All clients' test loss: 1.07
--- All clients' test acc: 60.05%
2023-02-27 06:15:29,572 [MainThread] [INFO ]  Server train time: 203.14975023269653
2023-02-27 06:15:29,572 [MainThread] [INFO ]  
-------- round 58 --------
2023-02-27 06:15:29,572 [MainThread] [INFO ]  --- start training ---
client: f0000004
--- local_update_loss : 1.17
client: f0000002
--- local_update_loss : 1.04
--- DML_update_loss(A model) with Client:f0000005: 1.60
--- DML_update_loss(A model) with Client:f0000007: 1.48
--------- test avarage ---------
--- All clients' test loss: 1.08
--- All clients' test acc: 60.65%
2023-02-27 06:18:52,858 [MainThread] [INFO ]  Server train time: 203.28536105155945
2023-02-27 06:18:52,859 [MainThread] [INFO ]  
-------- round 59 --------
2023-02-27 06:18:52,859 [MainThread] [INFO ]  --- start training ---
client: f0000002
--- local_update_loss : 0.98
client: f0000006
--- local_update_loss : 1.13
--- DML_update_loss(A model) with Client:f0000000: 1.62
--- DML_update_loss(A model) with Client:f0000007: 1.49
--------- test avarage ---------
--- All clients' test loss: 1.07
--- All clients' test acc: 61.40%
2023-02-27 06:22:14,589 [MainThread] [INFO ]  Server train time: 201.72968888282776
2023-02-27 06:22:14,599 [MainThread] [INFO ]  Model saved at /home/dengzhiling/.local/lib/python3.10/site-packages/easyfl/main/saved_models/_global_model_r_59.pth
2023-02-27 06:22:14,599 [MainThread] [INFO ]  
-------- round 60 --------
2023-02-27 06:22:14,599 [MainThread] [INFO ]  --- start training ---
client: f0000005
--- local_update_loss : 1.19
client: f0000008
--- local_update_loss : 0.95
--- DML_update_loss(A model) with Client:f0000006: 1.59
--- DML_update_loss(A model) with Client:f0000004: 1.60
--------- test avarage ---------
--- All clients' test loss: 1.04
--- All clients' test acc: 61.50%
2023-02-27 06:25:41,230 [MainThread] [INFO ]  Server train time: 206.6307189464569
2023-02-27 06:25:41,231 [MainThread] [INFO ]  
-------- round 61 --------
2023-02-27 06:25:41,231 [MainThread] [INFO ]  --- start training ---
client: f0000006
--- local_update_loss : 1.18
client: f0000004
--- local_update_loss : 1.17
--- DML_update_loss(A model) with Client:f0000002: 1.53
--- DML_update_loss(A model) with Client:f0000005: 1.61
--------- test avarage ---------
--- All clients' test loss: 1.07
--- All clients' test acc: 60.45%
2023-02-27 06:29:03,243 [MainThread] [INFO ]  Server train time: 202.01181983947754
2023-02-27 06:29:03,244 [MainThread] [INFO ]  
-------- round 62 --------
2023-02-27 06:29:03,244 [MainThread] [INFO ]  --- start training ---
client: f0000000
--- local_update_loss : 1.21
client: f0000004
--- local_update_loss : 1.11
--- DML_update_loss(A model) with Client:f0000002: 1.51
--- DML_update_loss(A model) with Client:f0000008: 1.51
--------- test avarage ---------
--- All clients' test loss: 1.10
--- All clients' test acc: 60.58%
2023-02-27 06:32:24,218 [MainThread] [INFO ]  Server train time: 200.97374057769775
2023-02-27 06:32:24,219 [MainThread] [INFO ]  
-------- round 63 --------
2023-02-27 06:32:24,219 [MainThread] [INFO ]  --- start training ---
client: f0000005
--- local_update_loss : 1.18
client: f0000009
--- local_update_loss : 1.09
--- DML_update_loss(A model) with Client:f0000003: 1.48
--- DML_update_loss(A model) with Client:f0000008: 1.49
--------- test avarage ---------
--- All clients' test loss: 1.05
--- All clients' test acc: 61.30%
2023-02-27 06:35:46,356 [MainThread] [INFO ]  Server train time: 202.13659238815308
2023-02-27 06:35:46,357 [MainThread] [INFO ]  
-------- round 64 --------
2023-02-27 06:35:46,357 [MainThread] [INFO ]  --- start training ---
client: f0000002
--- local_update_loss : 1.04
client: f0000000
--- local_update_loss : 1.15
--- DML_update_loss(A model) with Client:f0000004: 1.62
--- DML_update_loss(A model) with Client:f0000005: 1.61
--------- test avarage ---------
--- All clients' test loss: 1.11
--- All clients' test acc: 59.98%
2023-02-27 06:39:11,741 [MainThread] [INFO ]  Server train time: 205.38342547416687
2023-02-27 06:39:11,742 [MainThread] [INFO ]  
-------- round 65 --------
2023-02-27 06:39:11,742 [MainThread] [INFO ]  --- start training ---
client: f0000003
--- local_update_loss : 1.00
client: f0000002
--- local_update_loss : 0.98
--- DML_update_loss(A model) with Client:f0000004: 1.60
--- DML_update_loss(A model) with Client:f0000007: 1.50
--------- test avarage ---------
--- All clients' test loss: 1.02
--- All clients' test acc: 63.70%
2023-02-27 06:42:33,317 [MainThread] [INFO ]  Server train time: 201.57516932487488
2023-02-27 06:42:33,318 [MainThread] [INFO ]  
-------- round 66 --------
2023-02-27 06:42:33,318 [MainThread] [INFO ]  --- start training ---
client: f0000000
--- local_update_loss : 1.11
client: f0000008
--- local_update_loss : 1.02
--- DML_update_loss(A model) with Client:f0000003: 1.48
--- DML_update_loss(A model) with Client:f0000002: 1.53
--------- test avarage ---------
--- All clients' test loss: 1.00
--- All clients' test acc: 63.35%
2023-02-27 06:45:54,744 [MainThread] [INFO ]  Server train time: 201.42487859725952
2023-02-27 06:45:54,745 [MainThread] [INFO ]  
-------- round 67 --------
2023-02-27 06:45:54,745 [MainThread] [INFO ]  --- start training ---
client: f0000000
--- local_update_loss : 1.08
client: f0000004
--- local_update_loss : 1.18
--- DML_update_loss(A model) with Client:f0000005: 1.59
--- DML_update_loss(A model) with Client:f0000003: 1.47
--------- test avarage ---------
--- All clients' test loss: 1.10
--- All clients' test acc: 60.02%
2023-02-27 06:49:19,929 [MainThread] [INFO ]  Server train time: 205.18382954597473
2023-02-27 06:49:19,930 [MainThread] [INFO ]  
-------- round 68 --------
2023-02-27 06:49:19,930 [MainThread] [INFO ]  --- start training ---
client: f0000006
--- local_update_loss : 1.12
client: f0000001
--- local_update_loss : 1.01
--- DML_update_loss(A model) with Client:f0000002: 1.51
--- DML_update_loss(A model) with Client:f0000005: 1.59
--------- test avarage ---------
--- All clients' test loss: 1.06
--- All clients' test acc: 61.12%
2023-02-27 06:52:43,241 [MainThread] [INFO ]  Server train time: 203.3109757900238
2023-02-27 06:52:43,242 [MainThread] [INFO ]  
-------- round 69 --------
2023-02-27 06:52:43,242 [MainThread] [INFO ]  --- start training ---
client: f0000003
--- local_update_loss : 1.00
client: f0000008
--- local_update_loss : 0.95
--- DML_update_loss(A model) with Client:f0000007: 1.49
--- DML_update_loss(A model) with Client:f0000009: 1.62
--------- test avarage ---------
--- All clients' test loss: 1.03
--- All clients' test acc: 62.93%
2023-02-27 06:56:04,342 [MainThread] [INFO ]  Server train time: 201.09951543807983
2023-02-27 06:56:04,352 [MainThread] [INFO ]  Model saved at /home/dengzhiling/.local/lib/python3.10/site-packages/easyfl/main/saved_models/_global_model_r_69.pth
2023-02-27 06:56:04,352 [MainThread] [INFO ]  
-------- round 70 --------
2023-02-27 06:56:04,352 [MainThread] [INFO ]  --- start training ---
client: f0000005
--- local_update_loss : 1.19
client: f0000008
--- local_update_loss : 0.91
--- DML_update_loss(A model) with Client:f0000007: 1.49
--- DML_update_loss(A model) with Client:f0000000: 1.64
--------- test avarage ---------
--- All clients' test loss: 1.11
--- All clients' test acc: 60.18%
2023-02-27 06:59:25,480 [MainThread] [INFO ]  Server train time: 201.12778306007385
2023-02-27 06:59:25,481 [MainThread] [INFO ]  
-------- round 71 --------
2023-02-27 06:59:25,481 [MainThread] [INFO ]  --- start training ---
client: f0000004
--- local_update_loss : 1.12
client: f0000005
--- local_update_loss : 1.13
--- DML_update_loss(A model) with Client:f0000000: 1.62
--- DML_update_loss(A model) with Client:f0000001: 1.60
--------- test avarage ---------
--- All clients' test loss: 1.11
--- All clients' test acc: 57.22%
2023-02-27 07:02:48,457 [MainThread] [INFO ]  Server train time: 202.9753007888794
2023-02-27 07:02:48,458 [MainThread] [INFO ]  
-------- round 72 --------
2023-02-27 07:02:48,458 [MainThread] [INFO ]  --- start training ---
client: f0000000
--- local_update_loss : 1.21
client: f0000004
--- local_update_loss : 1.07
--- DML_update_loss(A model) with Client:f0000002: 1.51
--- DML_update_loss(A model) with Client:f0000005: 1.61
--------- test avarage ---------
--- All clients' test loss: 1.14
--- All clients' test acc: 58.07%
2023-02-27 07:06:10,389 [MainThread] [INFO ]  Server train time: 201.93115186691284
2023-02-27 07:06:10,390 [MainThread] [INFO ]  
-------- round 73 --------
2023-02-27 07:06:10,390 [MainThread] [INFO ]  --- start training ---
client: f0000007
--- local_update_loss : 1.02
client: f0000004
--- local_update_loss : 1.04
--- DML_update_loss(A model) with Client:f0000008: 1.50
--- DML_update_loss(A model) with Client:f0000003: 1.47
--------- test avarage ---------
--- All clients' test loss: 0.98
--- All clients' test acc: 64.17%
2023-02-27 07:09:32,311 [MainThread] [INFO ]  Server train time: 201.9201157093048
2023-02-27 07:09:32,312 [MainThread] [INFO ]  
-------- round 74 --------
2023-02-27 07:09:32,312 [MainThread] [INFO ]  --- start training ---
client: f0000000
--- local_update_loss : 1.15
client: f0000005
--- local_update_loss : 1.18
--- DML_update_loss(A model) with Client:f0000006: 1.59
--- DML_update_loss(A model) with Client:f0000002: 1.50
--------- test avarage ---------
--- All clients' test loss: 1.13
--- All clients' test acc: 57.60%
2023-02-27 07:12:54,156 [MainThread] [INFO ]  Server train time: 201.84373807907104
2023-02-27 07:12:54,157 [MainThread] [INFO ]  
-------- round 75 --------
2023-02-27 07:12:54,157 [MainThread] [INFO ]  --- start training ---
client: f0000006
--- local_update_loss : 1.17
client: f0000004
--- local_update_loss : 1.01
--- DML_update_loss(A model) with Client:f0000002: 1.51
--- DML_update_loss(A model) with Client:f0000009: 1.60
--------- test avarage ---------
--- All clients' test loss: 1.20
--- All clients' test acc: 57.20%
2023-02-27 07:16:16,091 [MainThread] [INFO ]  Server train time: 201.93419766426086
2023-02-27 07:16:16,093 [MainThread] [INFO ]  
-------- round 76 --------
2023-02-27 07:16:16,093 [MainThread] [INFO ]  --- start training ---
client: f0000006
--- local_update_loss : 1.11
client: f0000003
--- local_update_loss : 0.99
--- DML_update_loss(A model) with Client:f0000005: 1.60
--- DML_update_loss(A model) with Client:f0000004: 1.64
--------- test avarage ---------
--- All clients' test loss: 1.06
--- All clients' test acc: 61.20%
2023-02-27 07:19:39,261 [MainThread] [INFO ]  Server train time: 203.16828775405884
2023-02-27 07:19:39,262 [MainThread] [INFO ]  
-------- round 77 --------
2023-02-27 07:19:39,262 [MainThread] [INFO ]  --- start training ---
client: f0000002
--- local_update_loss : 1.05
client: f0000001
--- local_update_loss : 1.16
--- DML_update_loss(A model) with Client:f0000005: 1.59
--- DML_update_loss(A model) with Client:f0000006: 1.59
--------- test avarage ---------
--- All clients' test loss: 1.12
--- All clients' test acc: 57.73%
2023-02-27 07:23:04,283 [MainThread] [INFO ]  Server train time: 205.02036428451538
2023-02-27 07:23:04,284 [MainThread] [INFO ]  
-------- round 78 --------
2023-02-27 07:23:04,284 [MainThread] [INFO ]  --- start training ---
client: f0000003
--- local_update_loss : 0.93
client: f0000002
--- local_update_loss : 0.99
--- DML_update_loss(A model) with Client:f0000005: 1.59
--- DML_update_loss(A model) with Client:f0000000: 1.63
--------- test avarage ---------
--- All clients' test loss: 1.04
--- All clients' test acc: 62.55%
2023-02-27 07:26:27,175 [MainThread] [INFO ]  Server train time: 202.8906373977661
2023-02-27 07:26:27,176 [MainThread] [INFO ]  
-------- round 79 --------
2023-02-27 07:26:27,176 [MainThread] [INFO ]  --- start training ---
client: f0000009
--- local_update_loss : 1.18
client: f0000005
--- local_update_loss : 1.18
--- DML_update_loss(A model) with Client:f0000004: 1.60
--- DML_update_loss(A model) with Client:f0000002: 1.53
--------- test avarage ---------
--- All clients' test loss: 1.12
--- All clients' test acc: 59.67%
2023-02-27 07:29:49,253 [MainThread] [INFO ]  Server train time: 202.07638883590698
2023-02-27 07:29:49,262 [MainThread] [INFO ]  Model saved at /home/dengzhiling/.local/lib/python3.10/site-packages/easyfl/main/saved_models/_global_model_r_79.pth
2023-02-27 07:29:49,263 [MainThread] [INFO ]  
-------- round 80 --------
2023-02-27 07:29:49,263 [MainThread] [INFO ]  --- start training ---
client: f0000000
--- local_update_loss : 1.20
client: f0000009
--- local_update_loss : 1.12
--- DML_update_loss(A model) with Client:f0000007: 1.51
--- DML_update_loss(A model) with Client:f0000003: 1.48
--------- test avarage ---------
--- All clients' test loss: 1.05
--- All clients' test acc: 61.70%
2023-02-27 07:33:16,435 [MainThread] [INFO ]  Server train time: 207.1717050075531
2023-02-27 07:33:16,436 [MainThread] [INFO ]  
-------- round 81 --------
2023-02-27 07:33:16,436 [MainThread] [INFO ]  --- start training ---
client: f0000007
--- local_update_loss : 1.02
client: f0000002
--- local_update_loss : 1.05
--- DML_update_loss(A model) with Client:f0000006: 1.57
--- DML_update_loss(A model) with Client:f0000001: 1.59
--------- test avarage ---------
--- All clients' test loss: 1.15
--- All clients' test acc: 57.97%
2023-02-27 07:36:42,136 [MainThread] [INFO ]  Server train time: 205.69979405403137
2023-02-27 07:36:42,137 [MainThread] [INFO ]  
-------- round 82 --------
2023-02-27 07:36:42,137 [MainThread] [INFO ]  --- start training ---
client: f0000001
--- local_update_loss : 1.17
client: f0000006
--- local_update_loss : 1.18
--- DML_update_loss(A model) with Client:f0000008: 1.49
--- DML_update_loss(A model) with Client:f0000003: 1.47
--------- test avarage ---------
--- All clients' test loss: 1.04
--- All clients' test acc: 60.80%
2023-02-27 07:40:04,246 [MainThread] [INFO ]  Server train time: 202.10875916481018
2023-02-27 07:40:04,247 [MainThread] [INFO ]  
-------- round 83 --------
2023-02-27 07:40:04,247 [MainThread] [INFO ]  --- start training ---
client: f0000009
--- local_update_loss : 1.08
client: f0000001
--- local_update_loss : 1.11
--- DML_update_loss(A model) with Client:f0000003: 1.47
--- DML_update_loss(A model) with Client:f0000000: 1.63
--------- test avarage ---------
--- All clients' test loss: 1.11
--- All clients' test acc: 59.15%
2023-02-27 07:43:27,327 [MainThread] [INFO ]  Server train time: 203.07936477661133
2023-02-27 07:43:27,327 [MainThread] [INFO ]  
-------- round 84 --------
2023-02-27 07:43:27,328 [MainThread] [INFO ]  --- start training ---
client: f0000003
--- local_update_loss : 1.00
client: f0000006
--- local_update_loss : 1.11
--- DML_update_loss(A model) with Client:f0000008: 1.49
--- DML_update_loss(A model) with Client:f0000000: 1.62
--------- test avarage ---------
--- All clients' test loss: 1.12
--- All clients' test acc: 59.65%
2023-02-27 07:46:48,175 [MainThread] [INFO ]  Server train time: 200.84734082221985
2023-02-27 07:46:48,176 [MainThread] [INFO ]  
-------- round 85 --------
2023-02-27 07:46:48,176 [MainThread] [INFO ]  --- start training ---
client: f0000009
--- local_update_loss : 1.05
client: f0000006
--- local_update_loss : 1.08
--- DML_update_loss(A model) with Client:f0000003: 1.48
--- DML_update_loss(A model) with Client:f0000005: 1.61
--------- test avarage ---------
--- All clients' test loss: 1.10
--- All clients' test acc: 59.62%
2023-02-27 07:50:10,059 [MainThread] [INFO ]  Server train time: 201.88289260864258
2023-02-27 07:50:10,060 [MainThread] [INFO ]  
-------- round 86 --------
2023-02-27 07:50:10,060 [MainThread] [INFO ]  --- start training ---
client: f0000002
--- local_update_loss : 0.99
client: f0000006
--- local_update_loss : 1.04
--- DML_update_loss(A model) with Client:f0000008: 1.48
--- DML_update_loss(A model) with Client:f0000007: 1.50
--------- test avarage ---------
--- All clients' test loss: 1.09
--- All clients' test acc: 60.62%
2023-02-27 07:53:34,395 [MainThread] [INFO ]  Server train time: 204.33393025398254
2023-02-27 07:53:34,396 [MainThread] [INFO ]  
-------- round 87 --------
2023-02-27 07:53:34,396 [MainThread] [INFO ]  --- start training ---
client: f0000002
--- local_update_loss : 0.94
client: f0000004
--- local_update_loss : 1.17
--- DML_update_loss(A model) with Client:f0000003: 1.47
--- DML_update_loss(A model) with Client:f0000005: 1.59
--------- test avarage ---------
--- All clients' test loss: 1.02
--- All clients' test acc: 62.70%
2023-02-27 07:57:02,767 [MainThread] [INFO ]  Server train time: 208.37111282348633
2023-02-27 07:57:02,768 [MainThread] [INFO ]  
-------- round 88 --------
2023-02-27 07:57:02,768 [MainThread] [INFO ]  --- start training ---
client: f0000009
--- local_update_loss : 1.02
client: f0000003
--- local_update_loss : 1.00
--- DML_update_loss(A model) with Client:f0000000: 1.61
--- DML_update_loss(A model) with Client:f0000005: 1.59
--------- test avarage ---------
--- All clients' test loss: 1.15
--- All clients' test acc: 57.95%
2023-02-27 08:00:26,307 [MainThread] [INFO ]  Server train time: 203.53824162483215
2023-02-27 08:00:26,307 [MainThread] [INFO ]  
-------- round 89 --------
2023-02-27 08:00:26,308 [MainThread] [INFO ]  --- start training ---
client: f0000001
--- local_update_loss : 1.06
client: f0000007
--- local_update_loss : 1.01
--- DML_update_loss(A model) with Client:f0000006: 1.60
--- DML_update_loss(A model) with Client:f0000009: 1.63
--------- test avarage ---------
--- All clients' test loss: 1.19
--- All clients' test acc: 56.25%
2023-02-27 08:03:51,445 [MainThread] [INFO ]  Server train time: 205.13755750656128
2023-02-27 08:03:51,455 [MainThread] [INFO ]  Model saved at /home/dengzhiling/.local/lib/python3.10/site-packages/easyfl/main/saved_models/_global_model_r_89.pth
2023-02-27 08:03:51,455 [MainThread] [INFO ]  
-------- round 90 --------
2023-02-27 08:03:51,455 [MainThread] [INFO ]  --- start training ---
client: f0000008
--- local_update_loss : 1.02
client: f0000001
--- local_update_loss : 1.02
--- DML_update_loss(A model) with Client:f0000009: 1.60
--- DML_update_loss(A model) with Client:f0000003: 1.47
--------- test avarage ---------
--- All clients' test loss: 1.02
--- All clients' test acc: 62.25%
2023-02-27 08:07:18,256 [MainThread] [INFO ]  Server train time: 206.80049467086792
2023-02-27 08:07:18,259 [MainThread] [INFO ]  
-------- round 91 --------
2023-02-27 08:07:18,259 [MainThread] [INFO ]  --- start training ---
client: f0000003
--- local_update_loss : 0.98
client: f0000000
--- local_update_loss : 1.21
--- DML_update_loss(A model) with Client:f0000007: 1.50
--- DML_update_loss(A model) with Client:f0000006: 1.58
--------- test avarage ---------
--- All clients' test loss: 1.09
--- All clients' test acc: 59.00%
2023-02-27 08:10:39,617 [MainThread] [INFO ]  Server train time: 201.35689783096313
2023-02-27 08:10:39,618 [MainThread] [INFO ]  
-------- round 92 --------
2023-02-27 08:10:39,618 [MainThread] [INFO ]  --- start training ---
client: f0000007
--- local_update_loss : 1.01
client: f0000000
--- local_update_loss : 1.15
--- DML_update_loss(A model) with Client:f0000009: 1.60
--- DML_update_loss(A model) with Client:f0000003: 1.48
--------- test avarage ---------
--- All clients' test loss: 1.08
--- All clients' test acc: 61.05%
2023-02-27 08:14:09,119 [MainThread] [INFO ]  Server train time: 209.5003046989441
2023-02-27 08:14:09,120 [MainThread] [INFO ]  
-------- round 93 --------
2023-02-27 08:14:09,120 [MainThread] [INFO ]  --- start training ---
client: f0000002
--- local_update_loss : 0.91
client: f0000008
--- local_update_loss : 0.95
--- DML_update_loss(A model) with Client:f0000009: 1.60
--- DML_update_loss(A model) with Client:f0000005: 1.60
--------- test avarage ---------
--- All clients' test loss: 1.09
--- All clients' test acc: 60.05%
2023-02-27 08:17:39,863 [MainThread] [INFO ]  Server train time: 210.743159532547
2023-02-27 08:17:39,864 [MainThread] [INFO ]  
-------- round 94 --------
2023-02-27 08:17:39,864 [MainThread] [INFO ]  --- start training ---
client: f0000004
--- local_update_loss : 1.12
client: f0000006
--- local_update_loss : 1.19
--- DML_update_loss(A model) with Client:f0000007: 1.51
--- DML_update_loss(A model) with Client:f0000000: 1.64
--------- test avarage ---------
--- All clients' test loss: 1.10
--- All clients' test acc: 59.52%
2023-02-27 08:21:06,368 [MainThread] [INFO ]  Server train time: 206.50340509414673
2023-02-27 08:21:06,369 [MainThread] [INFO ]  
-------- round 95 --------
2023-02-27 08:21:06,369 [MainThread] [INFO ]  --- start training ---
client: f0000008
--- local_update_loss : 0.91
client: f0000001
--- local_update_loss : 0.99
--- DML_update_loss(A model) with Client:f0000009: 1.60
--- DML_update_loss(A model) with Client:f0000007: 1.50
--------- test avarage ---------
--- All clients' test loss: 1.00
--- All clients' test acc: 63.85%
2023-02-27 08:24:33,980 [MainThread] [INFO ]  Server train time: 207.61086130142212
2023-02-27 08:24:33,981 [MainThread] [INFO ]  
-------- round 96 --------
2023-02-27 08:24:33,981 [MainThread] [INFO ]  --- start training ---
client: f0000000
--- local_update_loss : 1.22
client: f0000008
--- local_update_loss : 0.88
--- DML_update_loss(A model) with Client:f0000003: 1.46
--- DML_update_loss(A model) with Client:f0000001: 1.61
--------- test avarage ---------
--- All clients' test loss: 1.05
--- All clients' test acc: 60.45%
2023-02-27 08:27:55,553 [MainThread] [INFO ]  Server train time: 201.57172012329102
2023-02-27 08:27:55,554 [MainThread] [INFO ]  
-------- round 97 --------
2023-02-27 08:27:55,554 [MainThread] [INFO ]  --- start training ---
client: f0000007
--- local_update_loss : 1.03
client: f0000001
--- local_update_loss : 1.17
--- DML_update_loss(A model) with Client:f0000005: 1.59
--- DML_update_loss(A model) with Client:f0000002: 1.55
--------- test avarage ---------
--- All clients' test loss: 1.03
--- All clients' test acc: 61.55%
2023-02-27 08:31:18,278 [MainThread] [INFO ]  Server train time: 202.72344493865967
2023-02-27 08:31:18,279 [MainThread] [INFO ]  
-------- round 98 --------
2023-02-27 08:31:18,279 [MainThread] [INFO ]  --- start training ---
client: f0000000
--- local_update_loss : 1.16
client: f0000005
--- local_update_loss : 1.18
--- DML_update_loss(A model) with Client:f0000004: 1.62
--- DML_update_loss(A model) with Client:f0000001: 1.58
--------- test avarage ---------
--- All clients' test loss: 1.10
--- All clients' test acc: 59.03%
2023-02-27 08:34:40,110 [MainThread] [INFO ]  Server train time: 201.83095407485962
2023-02-27 08:34:40,111 [MainThread] [INFO ]  
-------- round 99 --------
2023-02-27 08:34:40,111 [MainThread] [INFO ]  --- start training ---
client: f0000008
--- local_update_loss : 0.85
client: f0000005
--- local_update_loss : 1.13
--- DML_update_loss(A model) with Client:f0000007: 1.50
--- DML_update_loss(A model) with Client:f0000009: 1.61
--------- test avarage ---------
--- All clients' test loss: 1.02
--- All clients' test acc: 61.90%
2023-02-27 08:38:03,924 [MainThread] [INFO ]  Server train time: 203.81291365623474
2023-02-27 08:38:03,934 [MainThread] [INFO ]  Model saved at /home/dengzhiling/.local/lib/python3.10/site-packages/easyfl/main/saved_models/_global_model_r_99.pth
2023-02-27 08:38:03,934 [MainThread] [INFO ]  
-------- round 100 --------
2023-02-27 08:38:03,934 [MainThread] [INFO ]  --- start training ---
client: f0000007
--- local_update_loss : 1.02
client: f0000006
--- local_update_loss : 1.13
--- DML_update_loss(A model) with Client:f0000001: 1.57
--- DML_update_loss(A model) with Client:f0000004: 1.59
--------- test avarage ---------
--- All clients' test loss: 1.08
--- All clients' test acc: 58.85%
2023-02-27 08:41:27,689 [MainThread] [INFO ]  Server train time: 203.7545506954193
2023-02-27 08:41:27,690 [MainThread] [INFO ]  
-------- round 101 --------
2023-02-27 08:41:27,690 [MainThread] [INFO ]  --- start training ---
client: f0000008
--- local_update_loss : 0.81
client: f0000002
--- local_update_loss : 1.05
--- DML_update_loss(A model) with Client:f0000000: 1.63
--- DML_update_loss(A model) with Client:f0000007: 1.51
--------- test avarage ---------
--- All clients' test loss: 1.07
--- All clients' test acc: 61.12%
2023-02-27 08:44:51,348 [MainThread] [INFO ]  Server train time: 203.6576747894287
2023-02-27 08:44:51,349 [MainThread] [INFO ]  
-------- round 102 --------
2023-02-27 08:44:51,349 [MainThread] [INFO ]  --- start training ---
client: f0000004
--- local_update_loss : 1.17
client: f0000009
--- local_update_loss : 1.18
--- DML_update_loss(A model) with Client:f0000003: 1.47
--- DML_update_loss(A model) with Client:f0000002: 1.52
--------- test avarage ---------
--- All clients' test loss: 1.11
--- All clients' test acc: 60.20%
2023-02-27 08:48:13,900 [MainThread] [INFO ]  Server train time: 202.55038499832153
2023-02-27 08:48:13,901 [MainThread] [INFO ]  
-------- round 103 --------
2023-02-27 08:48:13,901 [MainThread] [INFO ]  --- start training ---
client: f0000002
--- local_update_loss : 1.04
client: f0000009
--- local_update_loss : 1.12
--- DML_update_loss(A model) with Client:f0000006: 1.59
--- DML_update_loss(A model) with Client:f0000008: 1.53
--------- test avarage ---------
--- All clients' test loss: 1.09
--- All clients' test acc: 60.67%
2023-02-27 08:51:36,368 [MainThread] [INFO ]  Server train time: 202.46664357185364
2023-02-27 08:51:36,369 [MainThread] [INFO ]  
-------- round 104 --------
2023-02-27 08:51:36,369 [MainThread] [INFO ]  --- start training ---
client: f0000002
--- local_update_loss : 0.99
client: f0000007
--- local_update_loss : 1.02
--- DML_update_loss(A model) with Client:f0000006: 1.58
--- DML_update_loss(A model) with Client:f0000000: 1.62
--------- test avarage ---------
--- All clients' test loss: 1.08
--- All clients' test acc: 60.52%
2023-02-27 08:54:58,170 [MainThread] [INFO ]  Server train time: 201.80030035972595
2023-02-27 08:54:58,171 [MainThread] [INFO ]  
-------- round 105 --------
2023-02-27 08:54:58,171 [MainThread] [INFO ]  --- start training ---
client: f0000007
--- local_update_loss : 0.95
client: f0000002
--- local_update_loss : 0.94
Traceback (most recent call last):
  File "/home/dengzhiling/.local/lib/python3.10/site-packages/easyfl/main/main.py", line 26, in <module>
    easyfl.run()
  File "/home/dengzhiling/.local/lib/python3.10/site-packages/easyfl/coordinator.py", line 390, in run
    _global_coord.run()
  File "/home/dengzhiling/.local/lib/python3.10/site-packages/easyfl/coordinator.py", line 80, in run
    self.server.start(self.model, self.clients)
  File "/home/dengzhiling/.local/lib/python3.10/site-packages/easyfl/server/base.py", line 164, in start
    self.train()
  File "/home/dengzhiling/.local/lib/python3.10/site-packages/easyfl/server/base.py", line 200, in train
    self.distribution_to_train()
  File "/home/dengzhiling/.local/lib/python3.10/site-packages/easyfl/server/base.py", line 347, in distribution_to_train
    self.distribution_to_train_locally()
  File "/home/dengzhiling/.local/lib/python3.10/site-packages/easyfl/main/CustomizeServer.py", line 91, in distribution_to_train_locally
    client.run_train(model, self.conf.client, train_local_only=False)
  File "/home/dengzhiling/.local/lib/python3.10/site-packages/easyfl/main/CustomizedClient.py", line 154, in run_train
    self.train(conf, self.device, train_local_only) # 
  File "/home/dengzhiling/.local/lib/python3.10/site-packages/easyfl/main/CustomizedClient.py", line 142, in train
    self.train_DML(conf, device)
  File "/home/dengzhiling/.local/lib/python3.10/site-packages/easyfl/main/CustomizedClient.py", line 99, in train_DML
    loss_B.backward(retain_graph=True)
  File "/home/dengzhiling/.local/lib/python3.10/site-packages/torch/_tensor.py", line 488, in backward
    torch.autograd.backward(
  File "/home/dengzhiling/.local/lib/python3.10/site-packages/torch/autograd/__init__.py", line 197, in backward
    Variable._execution_engine.run_backward(  # Calls into the C++ engine to run the backward pass
KeyboardInterrupt
