2023-02-28 02:48:20,800 [MainThread] [INFO ]  Configurations: {'task_id': '', 'data': {'root': './data/', 'dataset': 'cifar10', 'split_type': 'class', 'min_size': 10, 'data_amount': 0.05, 'iid_fraction': 0.1, 'user': False, 'train_test_split': 0.8, 'class_per_client': 8, 'num_of_clients': 10, 'alpha': 0.2, 'weights': None}, 'model': 'simple_cnn', 'test_mode': 'test_in_client', 'test_method': 'average', 'server': {'track': False, 'rounds': 2000, 'clients_per_round': 2, 'test_every': 1, 'save_model_every': 10, 'save_model_path': '', 'batch_size': 64, 'test_all': True, 'random_selection': True, 'aggregation_stragtegy': 'EQUAL_AVERAGE', 'aggregation_content': 'all'}, 'client': {'track': False, 'batch_size': 200, 'test_batch_size': 5, 'local_epoch': 20, 'optimizer': {'type': 'SGD', 'lr': 0.01, 'momentum': 0.5, 'weight_decay': 0.0005, 'nesterov': True}, 'seed': 0, 'local_test': True}, 'gpu': 1, 'distributed': {'backend': 'nccl', 'init_method': '', 'world_size': 0, 'rank': 0, 'local_rank': 0}, 'tracking': {'database': '', 'log_file': '', 'log_level': 'INFO', 'metric_file': '', 'save_every': 1}, 'resource_heterogeneous': {'simulate': False, 'hetero_type': 'real', 'level': 3, 'sleep_group_num': 1000, 'total_time': 1000, 'fraction': 1, 'grouping_strategy': 'greedy', 'initial_default_time': 5, 'default_time_momentum': 0.2}, 'seed': 0, 'is_distributed': False, 'device': 0}
2023-02-28 02:48:20,899 [MainThread] [INFO ]  Total training data amount: 50000
2023-02-28 02:48:20,899 [MainThread] [INFO ]  Total testing data amount: 10000
local_batch_size: 64, DML_batch_size: 16, local_epoch: 15, DML_epoch: 5, alpha: 1, beta: 1, DML_lr: 0.015
local_batch_size: 64, DML_batch_size: 16, local_epoch: 15, DML_epoch: 5, alpha: 1, beta: 1, DML_lr: 0.015
local_batch_size: 64, DML_batch_size: 16, local_epoch: 15, DML_epoch: 5, alpha: 1, beta: 1, DML_lr: 0.015
local_batch_size: 64, DML_batch_size: 16, local_epoch: 15, DML_epoch: 5, alpha: 1, beta: 1, DML_lr: 0.015
local_batch_size: 64, DML_batch_size: 16, local_epoch: 15, DML_epoch: 5, alpha: 1, beta: 1, DML_lr: 0.015
local_batch_size: 64, DML_batch_size: 16, local_epoch: 15, DML_epoch: 5, alpha: 1, beta: 1, DML_lr: 0.015
local_batch_size: 64, DML_batch_size: 16, local_epoch: 15, DML_epoch: 5, alpha: 1, beta: 1, DML_lr: 0.015
local_batch_size: 64, DML_batch_size: 16, local_epoch: 15, DML_epoch: 5, alpha: 1, beta: 1, DML_lr: 0.015
local_batch_size: 64, DML_batch_size: 16, local_epoch: 15, DML_epoch: 5, alpha: 1, beta: 1, DML_lr: 0.015
local_batch_size: 64, DML_batch_size: 16, local_epoch: 15, DML_epoch: 5, alpha: 1, beta: 1, DML_lr: 0.015
2023-02-28 02:48:20,934 [MainThread] [INFO ]  Clients in total: 10
2023-02-28 02:48:20,962 [MainThread] [INFO ]  
-------- round 0 --------
2023-02-28 02:48:20,962 [MainThread] [INFO ]  --- start training ---
client: f0000002
--- local_update_loss : 1.72
client: f0000008
--- local_update_loss : 1.71
--- DML_update_loss(A model) with Client:f0000004: 1.79
--- DML_update_loss(A model) with Client:f0000000: 1.81
--------- test avarage ---------
--- All clients' test loss: 1.46
--- All clients' test acc: 46.20%
2023-02-28 02:50:38,292 [MainThread] [INFO ]  Server train time: 137.3288791179657
2023-02-28 02:50:38,293 [MainThread] [INFO ]  
-------- round 1 --------
2023-02-28 02:50:38,293 [MainThread] [INFO ]  --- start training ---
client: f0000002
--- local_update_loss : 1.38
client: f0000009
--- local_update_loss : 1.81
--- DML_update_loss(A model) with Client:f0000006: 1.76
--- DML_update_loss(A model) with Client:f0000007: 1.70
--------- test avarage ---------
--- All clients' test loss: 1.47
--- All clients' test acc: 46.05%
2023-02-28 02:52:53,514 [MainThread] [INFO ]  Server train time: 135.2211995124817
2023-02-28 02:52:53,515 [MainThread] [INFO ]  
-------- round 2 --------
2023-02-28 02:52:53,515 [MainThread] [INFO ]  --- start training ---
client: f0000004
--- local_update_loss : 1.42
client: f0000001
--- local_update_loss : 1.75
--- DML_update_loss(A model) with Client:f0000005: 1.80
--- DML_update_loss(A model) with Client:f0000007: 1.63
--------- test avarage ---------
--- All clients' test loss: 1.30
--- All clients' test acc: 49.97%
2023-02-28 02:55:08,010 [MainThread] [INFO ]  Server train time: 134.49482464790344
2023-02-28 02:55:08,011 [MainThread] [INFO ]  
-------- round 3 --------
2023-02-28 02:55:08,011 [MainThread] [INFO ]  --- start training ---
client: f0000005
--- local_update_loss : 1.41
client: f0000004
--- local_update_loss : 1.30
--- DML_update_loss(A model) with Client:f0000007: 1.63
--- DML_update_loss(A model) with Client:f0000003: 1.69
--------- test avarage ---------
--- All clients' test loss: 1.39
--- All clients' test acc: 50.38%
2023-02-28 02:57:23,122 [MainThread] [INFO ]  Server train time: 135.1101484298706
2023-02-28 02:57:23,123 [MainThread] [INFO ]  
-------- round 4 --------
2023-02-28 02:57:23,123 [MainThread] [INFO ]  --- start training ---
client: f0000003
--- local_update_loss : 1.26
client: f0000008
--- local_update_loss : 1.37
--- DML_update_loss(A model) with Client:f0000009: 1.75
--- DML_update_loss(A model) with Client:f0000007: 1.63
--------- test avarage ---------
--- All clients' test loss: 1.28
--- All clients' test acc: 53.08%
2023-02-28 02:59:38,441 [MainThread] [INFO ]  Server train time: 135.31731390953064
2023-02-28 02:59:38,441 [MainThread] [INFO ]  
-------- round 5 --------
2023-02-28 02:59:38,442 [MainThread] [INFO ]  --- start training ---
client: f0000009
--- local_update_loss : 1.38
client: f0000005
--- local_update_loss : 1.31
--- DML_update_loss(A model) with Client:f0000001: 1.71
--- DML_update_loss(A model) with Client:f0000000: 1.74
--------- test avarage ---------
--- All clients' test loss: 1.37
--- All clients' test acc: 48.55%
2023-02-28 03:01:53,181 [MainThread] [INFO ]  Server train time: 134.7386815547943
2023-02-28 03:01:53,181 [MainThread] [INFO ]  
-------- round 6 --------
2023-02-28 03:01:53,181 [MainThread] [INFO ]  --- start training ---
client: f0000008
--- local_update_loss : 1.24
client: f0000001
--- local_update_loss : 1.36
--- DML_update_loss(A model) with Client:f0000006: 1.68
--- DML_update_loss(A model) with Client:f0000005: 1.75
--------- test avarage ---------
--- All clients' test loss: 1.24
--- All clients' test acc: 52.62%
2023-02-28 03:04:08,713 [MainThread] [INFO ]  Server train time: 135.53155183792114
2023-02-28 03:04:08,714 [MainThread] [INFO ]  
-------- round 7 --------
2023-02-28 03:04:08,714 [MainThread] [INFO ]  --- start training ---
client: f0000008
--- local_update_loss : 1.13
client: f0000005
--- local_update_loss : 1.32
--- DML_update_loss(A model) with Client:f0000000: 1.74
--- DML_update_loss(A model) with Client:f0000001: 1.70
--------- test avarage ---------
--- All clients' test loss: 1.22
--- All clients' test acc: 53.48%
2023-02-28 03:06:22,749 [MainThread] [INFO ]  Server train time: 134.0338966846466
2023-02-28 03:06:22,749 [MainThread] [INFO ]  
-------- round 8 --------
2023-02-28 03:06:22,750 [MainThread] [INFO ]  --- start training ---
client: f0000008
--- local_update_loss : 1.04
client: f0000006
--- local_update_loss : 1.36
--- DML_update_loss(A model) with Client:f0000003: 1.63
--- DML_update_loss(A model) with Client:f0000007: 1.63
--------- test avarage ---------
--- All clients' test loss: 1.23
--- All clients' test acc: 53.70%
2023-02-28 03:08:37,475 [MainThread] [INFO ]  Server train time: 134.7254717350006
2023-02-28 03:08:37,476 [MainThread] [INFO ]  
-------- round 9 --------
2023-02-28 03:08:37,476 [MainThread] [INFO ]  --- start training ---
client: f0000008
--- local_update_loss : 0.97
client: f0000004
--- local_update_loss : 1.21
--- DML_update_loss(A model) with Client:f0000001: 1.68
--- DML_update_loss(A model) with Client:f0000006: 1.70
--------- test avarage ---------
--- All clients' test loss: 1.27
--- All clients' test acc: 53.88%
2023-02-28 03:10:55,605 [MainThread] [INFO ]  Server train time: 138.1280882358551
2023-02-28 03:10:55,614 [MainThread] [INFO ]  Model saved at /home/dengzhiling/.local/lib/python3.10/site-packages/easyfl/main/saved_models/_global_model_r_9.pth
2023-02-28 03:10:55,614 [MainThread] [INFO ]  
-------- round 10 --------
2023-02-28 03:10:55,614 [MainThread] [INFO ]  --- start training ---
client: f0000008
--- local_update_loss : 0.90
client: f0000002
--- local_update_loss : 1.24
--- DML_update_loss(A model) with Client:f0000001: 1.69
--- DML_update_loss(A model) with Client:f0000004: 1.78
--------- test avarage ---------
--- All clients' test loss: 1.19
--- All clients' test acc: 56.78%
2023-02-28 03:13:15,021 [MainThread] [INFO ]  Server train time: 139.40623664855957
2023-02-28 03:13:15,022 [MainThread] [INFO ]  
-------- round 11 --------
2023-02-28 03:13:15,022 [MainThread] [INFO ]  --- start training ---
client: f0000007
--- local_update_loss : 1.20
client: f0000008
--- local_update_loss : 0.86
--- DML_update_loss(A model) with Client:f0000000: 1.74
--- DML_update_loss(A model) with Client:f0000004: 1.73
--------- test avarage ---------
--- All clients' test loss: 1.21
--- All clients' test acc: 56.73%
2023-02-28 03:15:29,209 [MainThread] [INFO ]  Server train time: 134.18657755851746
2023-02-28 03:15:29,210 [MainThread] [INFO ]  
-------- round 12 --------
2023-02-28 03:15:29,210 [MainThread] [INFO ]  --- start training ---
client: f0000005
--- local_update_loss : 1.23
client: f0000008
--- local_update_loss : 0.82
--- DML_update_loss(A model) with Client:f0000003: 1.61
--- DML_update_loss(A model) with Client:f0000002: 1.69
--------- test avarage ---------
--- All clients' test loss: 1.14
--- All clients' test acc: 57.98%
2023-02-28 03:17:43,954 [MainThread] [INFO ]  Server train time: 134.7441635131836
2023-02-28 03:17:43,955 [MainThread] [INFO ]  
-------- round 13 --------
2023-02-28 03:17:43,955 [MainThread] [INFO ]  --- start training ---
client: f0000003
--- local_update_loss : 1.16
client: f0000005
--- local_update_loss : 1.16
--- DML_update_loss(A model) with Client:f0000008: 1.71
--- DML_update_loss(A model) with Client:f0000002: 1.65
--------- test avarage ---------
--- All clients' test loss: 1.27
--- All clients' test acc: 54.72%
2023-02-28 03:19:59,892 [MainThread] [INFO ]  Server train time: 135.9363715648651
2023-02-28 03:19:59,893 [MainThread] [INFO ]  
-------- round 14 --------
2023-02-28 03:19:59,893 [MainThread] [INFO ]  --- start training ---
client: f0000003
--- local_update_loss : 1.06
client: f0000009
--- local_update_loss : 1.28
--- DML_update_loss(A model) with Client:f0000006: 1.69
--- DML_update_loss(A model) with Client:f0000007: 1.66
--------- test avarage ---------
--- All clients' test loss: 1.33
--- All clients' test acc: 52.70%
2023-02-28 03:22:14,206 [MainThread] [INFO ]  Server train time: 134.31260681152344
2023-02-28 03:22:14,207 [MainThread] [INFO ]  
-------- round 15 --------
2023-02-28 03:22:14,207 [MainThread] [INFO ]  --- start training ---
client: f0000002
--- local_update_loss : 1.21
client: f0000006
--- local_update_loss : 1.33
--- DML_update_loss(A model) with Client:f0000004: 1.74
--- DML_update_loss(A model) with Client:f0000009: 1.76
--------- test avarage ---------
--- All clients' test loss: 1.30
--- All clients' test acc: 53.92%
2023-02-28 03:24:29,252 [MainThread] [INFO ]  Server train time: 135.04493236541748
2023-02-28 03:24:29,253 [MainThread] [INFO ]  
-------- round 16 --------
2023-02-28 03:24:29,253 [MainThread] [INFO ]  --- start training ---
client: f0000006
--- local_update_loss : 1.25
client: f0000002
--- local_update_loss : 1.11
--- DML_update_loss(A model) with Client:f0000004: 1.74
--- DML_update_loss(A model) with Client:f0000005: 1.77
--------- test avarage ---------
--- All clients' test loss: 1.24
--- All clients' test acc: 54.05%
2023-02-28 03:26:43,634 [MainThread] [INFO ]  Server train time: 134.3801097869873
2023-02-28 03:26:43,634 [MainThread] [INFO ]  
-------- round 17 --------
2023-02-28 03:26:43,634 [MainThread] [INFO ]  --- start training ---
client: f0000007
--- local_update_loss : 1.19
client: f0000002
--- local_update_loss : 1.03
--- DML_update_loss(A model) with Client:f0000001: 1.69
--- DML_update_loss(A model) with Client:f0000004: 1.73
--------- test avarage ---------
--- All clients' test loss: 1.18
--- All clients' test acc: 56.73%
2023-02-28 03:28:58,143 [MainThread] [INFO ]  Server train time: 134.50861644744873
2023-02-28 03:28:58,144 [MainThread] [INFO ]  
-------- round 18 --------
2023-02-28 03:28:58,144 [MainThread] [INFO ]  --- start training ---
client: f0000007
--- local_update_loss : 1.08
client: f0000009
--- local_update_loss : 1.32
--- DML_update_loss(A model) with Client:f0000000: 1.73
--- DML_update_loss(A model) with Client:f0000006: 1.72
--------- test avarage ---------
--- All clients' test loss: 1.21
--- All clients' test acc: 54.95%
2023-02-28 03:31:14,273 [MainThread] [INFO ]  Server train time: 136.12787437438965
2023-02-28 03:31:14,273 [MainThread] [INFO ]  
-------- round 19 --------
2023-02-28 03:31:14,274 [MainThread] [INFO ]  --- start training ---
client: f0000001
--- local_update_loss : 1.33
client: f0000007
--- local_update_loss : 1.00
--- DML_update_loss(A model) with Client:f0000004: 1.74
--- DML_update_loss(A model) with Client:f0000008: 1.63
--------- test avarage ---------
--- All clients' test loss: 1.19
--- All clients' test acc: 55.42%
2023-02-28 03:33:30,116 [MainThread] [INFO ]  Server train time: 135.84192204475403
2023-02-28 03:33:30,125 [MainThread] [INFO ]  Model saved at /home/dengzhiling/.local/lib/python3.10/site-packages/easyfl/main/saved_models/_global_model_r_19.pth
2023-02-28 03:33:30,125 [MainThread] [INFO ]  
-------- round 20 --------
2023-02-28 03:33:30,125 [MainThread] [INFO ]  --- start training ---
client: f0000007
--- local_update_loss : 0.93
client: f0000001
--- local_update_loss : 1.25
--- DML_update_loss(A model) with Client:f0000006: 1.70
--- DML_update_loss(A model) with Client:f0000004: 1.74
--------- test avarage ---------
--- All clients' test loss: 1.20
--- All clients' test acc: 55.40%
2023-02-28 03:35:44,168 [MainThread] [INFO ]  Server train time: 134.0423707962036
2023-02-28 03:35:44,169 [MainThread] [INFO ]  
-------- round 21 --------
2023-02-28 03:35:44,169 [MainThread] [INFO ]  --- start training ---
client: f0000001
--- local_update_loss : 1.17
client: f0000002
--- local_update_loss : 0.97
--- DML_update_loss(A model) with Client:f0000007: 1.70
--- DML_update_loss(A model) with Client:f0000006: 1.69
--------- test avarage ---------
--- All clients' test loss: 1.16
--- All clients' test acc: 56.85%
2023-02-28 03:37:58,199 [MainThread] [INFO ]  Server train time: 134.02985906600952
2023-02-28 03:37:58,200 [MainThread] [INFO ]  
-------- round 22 --------
2023-02-28 03:37:58,200 [MainThread] [INFO ]  --- start training ---
client: f0000002
--- local_update_loss : 0.91
client: f0000001
--- local_update_loss : 1.10
--- DML_update_loss(A model) with Client:f0000007: 1.63
--- DML_update_loss(A model) with Client:f0000006: 1.69
--------- test avarage ---------
--- All clients' test loss: 1.17
--- All clients' test acc: 56.98%
2023-02-28 03:40:12,990 [MainThread] [INFO ]  Server train time: 134.78907442092896
2023-02-28 03:40:12,991 [MainThread] [INFO ]  
-------- round 23 --------
2023-02-28 03:40:12,991 [MainThread] [INFO ]  --- start training ---
client: f0000005
--- local_update_loss : 1.32
client: f0000008
--- local_update_loss : 1.19
--- DML_update_loss(A model) with Client:f0000002: 1.73
--- DML_update_loss(A model) with Client:f0000009: 1.76
--------- test avarage ---------
--- All clients' test loss: 1.22
--- All clients' test acc: 55.05%
2023-02-28 03:42:30,615 [MainThread] [INFO ]  Server train time: 137.6241614818573
2023-02-28 03:42:30,617 [MainThread] [INFO ]  
-------- round 24 --------
2023-02-28 03:42:30,617 [MainThread] [INFO ]  --- start training ---
client: f0000009
--- local_update_loss : 1.32
client: f0000004
--- local_update_loss : 1.33
--- DML_update_loss(A model) with Client:f0000006: 1.69
--- DML_update_loss(A model) with Client:f0000008: 1.65
--------- test avarage ---------
--- All clients' test loss: 1.26
--- All clients' test acc: 52.85%
2023-02-28 03:44:45,370 [MainThread] [INFO ]  Server train time: 134.75223422050476
2023-02-28 03:44:45,371 [MainThread] [INFO ]  
-------- round 25 --------
2023-02-28 03:44:45,371 [MainThread] [INFO ]  --- start training ---
client: f0000005
--- local_update_loss : 1.23
client: f0000001
--- local_update_loss : 1.03
--- DML_update_loss(A model) with Client:f0000000: 1.75
--- DML_update_loss(A model) with Client:f0000006: 1.69
--------- test avarage ---------
--- All clients' test loss: 1.28
--- All clients' test acc: 52.92%
2023-02-28 03:47:02,709 [MainThread] [INFO ]  Server train time: 137.33845448493958
2023-02-28 03:47:02,710 [MainThread] [INFO ]  
-------- round 26 --------
2023-02-28 03:47:02,710 [MainThread] [INFO ]  --- start training ---
client: f0000008
--- local_update_loss : 1.17
client: f0000004
--- local_update_loss : 1.24
--- DML_update_loss(A model) with Client:f0000001: 1.76
--- DML_update_loss(A model) with Client:f0000003: 1.66
--------- test avarage ---------
--- All clients' test loss: 1.15
--- All clients' test acc: 56.27%
2023-02-28 03:49:18,097 [MainThread] [INFO ]  Server train time: 135.38604640960693
2023-02-28 03:49:18,098 [MainThread] [INFO ]  
-------- round 27 --------
2023-02-28 03:49:18,098 [MainThread] [INFO ]  --- start training ---
client: f0000004
--- local_update_loss : 1.16
client: f0000002
--- local_update_loss : 1.19
--- DML_update_loss(A model) with Client:f0000007: 1.63
--- DML_update_loss(A model) with Client:f0000001: 1.68
--------- test avarage ---------
--- All clients' test loss: 1.32
--- All clients' test acc: 53.20%
2023-02-28 03:51:34,146 [MainThread] [INFO ]  Server train time: 136.04844665527344
2023-02-28 03:51:34,147 [MainThread] [INFO ]  
-------- round 28 --------
2023-02-28 03:51:34,147 [MainThread] [INFO ]  --- start training ---
client: f0000009
--- local_update_loss : 1.22
client: f0000002
--- local_update_loss : 1.08
--- DML_update_loss(A model) with Client:f0000005: 1.76
--- DML_update_loss(A model) with Client:f0000003: 1.61
--------- test avarage ---------
--- All clients' test loss: 1.19
--- All clients' test acc: 56.32%
2023-02-28 03:53:51,494 [MainThread] [INFO ]  Server train time: 137.34645056724548
2023-02-28 03:53:51,495 [MainThread] [INFO ]  
-------- round 29 --------
2023-02-28 03:53:51,495 [MainThread] [INFO ]  --- start training ---
client: f0000008
--- local_update_loss : 1.07
client: f0000006
--- local_update_loss : 1.34
--- DML_update_loss(A model) with Client:f0000004: 1.78
--- DML_update_loss(A model) with Client:f0000003: 1.62
--------- test avarage ---------
--- All clients' test loss: 1.22
--- All clients' test acc: 54.45%
2023-02-28 03:56:06,242 [MainThread] [INFO ]  Server train time: 134.74694514274597
2023-02-28 03:56:06,251 [MainThread] [INFO ]  Model saved at /home/dengzhiling/.local/lib/python3.10/site-packages/easyfl/main/saved_models/_global_model_r_29.pth
2023-02-28 03:56:06,251 [MainThread] [INFO ]  
-------- round 30 --------
2023-02-28 03:56:06,251 [MainThread] [INFO ]  --- start training ---
client: f0000000
--- local_update_loss : 1.36
client: f0000001
--- local_update_loss : 1.32
--- DML_update_loss(A model) with Client:f0000008: 1.68
--- DML_update_loss(A model) with Client:f0000002: 1.69
--------- test avarage ---------
--- All clients' test loss: 1.26
--- All clients' test acc: 52.40%
2023-02-28 03:58:22,810 [MainThread] [INFO ]  Server train time: 136.55892539024353
2023-02-28 03:58:22,811 [MainThread] [INFO ]  
-------- round 31 --------
2023-02-28 03:58:22,811 [MainThread] [INFO ]  --- start training ---
client: f0000004
--- local_update_loss : 1.32
client: f0000001
--- local_update_loss : 1.24
--- DML_update_loss(A model) with Client:f0000005: 1.74
--- DML_update_loss(A model) with Client:f0000008: 1.64
--------- test avarage ---------
--- All clients' test loss: 1.20
--- All clients' test acc: 55.10%
2023-02-28 04:00:38,214 [MainThread] [INFO ]  Server train time: 135.40237832069397
2023-02-28 04:00:38,215 [MainThread] [INFO ]  
-------- round 32 --------
2023-02-28 04:00:38,215 [MainThread] [INFO ]  --- start training ---
client: f0000009
--- local_update_loss : 1.16
client: f0000001
--- local_update_loss : 1.16
--- DML_update_loss(A model) with Client:f0000003: 1.61
--- DML_update_loss(A model) with Client:f0000006: 1.69
--------- test avarage ---------
--- All clients' test loss: 1.26
--- All clients' test acc: 52.85%
2023-02-28 04:02:56,214 [MainThread] [INFO ]  Server train time: 137.99861931800842
2023-02-28 04:02:56,215 [MainThread] [INFO ]  
-------- round 33 --------
2023-02-28 04:02:56,215 [MainThread] [INFO ]  --- start training ---
client: f0000008
--- local_update_loss : 1.19
client: f0000003
--- local_update_loss : 1.16
--- DML_update_loss(A model) with Client:f0000005: 1.72
--- DML_update_loss(A model) with Client:f0000001: 1.73
--------- test avarage ---------
--- All clients' test loss: 1.27
--- All clients' test acc: 52.93%
2023-02-28 04:05:10,936 [MainThread] [INFO ]  Server train time: 134.7208080291748
2023-02-28 04:05:10,937 [MainThread] [INFO ]  
-------- round 34 --------
2023-02-28 04:05:10,937 [MainThread] [INFO ]  --- start training ---
client: f0000000
--- local_update_loss : 1.27
client: f0000009
--- local_update_loss : 1.10
--- DML_update_loss(A model) with Client:f0000004: 1.76
--- DML_update_loss(A model) with Client:f0000007: 1.63
--------- test avarage ---------
--- All clients' test loss: 1.22
--- All clients' test acc: 55.02%
2023-02-28 04:07:24,780 [MainThread] [INFO ]  Server train time: 133.84266352653503
2023-02-28 04:07:24,781 [MainThread] [INFO ]  
-------- round 35 --------
2023-02-28 04:07:24,781 [MainThread] [INFO ]  --- start training ---
client: f0000006
--- local_update_loss : 1.33
client: f0000002
--- local_update_loss : 1.19
--- DML_update_loss(A model) with Client:f0000003: 1.64
--- DML_update_loss(A model) with Client:f0000000: 1.77
--------- test avarage ---------
--- All clients' test loss: 1.30
--- All clients' test acc: 52.70%
2023-02-28 04:09:40,972 [MainThread] [INFO ]  Server train time: 136.1909520626068
2023-02-28 04:09:40,973 [MainThread] [INFO ]  
-------- round 36 --------
2023-02-28 04:09:40,973 [MainThread] [INFO ]  --- start training ---
client: f0000003
--- local_update_loss : 1.14
client: f0000009
--- local_update_loss : 1.04
--- DML_update_loss(A model) with Client:f0000005: 1.73
--- DML_update_loss(A model) with Client:f0000006: 1.71
--------- test avarage ---------
--- All clients' test loss: 1.33
--- All clients' test acc: 53.27%
2023-02-28 04:11:54,658 [MainThread] [INFO ]  Server train time: 133.6845166683197
2023-02-28 04:11:54,659 [MainThread] [INFO ]  
-------- round 37 --------
2023-02-28 04:11:54,659 [MainThread] [INFO ]  --- start training ---
client: f0000004
--- local_update_loss : 1.32
client: f0000009
--- local_update_loss : 1.00
--- DML_update_loss(A model) with Client:f0000005: 1.73
--- DML_update_loss(A model) with Client:f0000007: 1.63
--------- test avarage ---------
--- All clients' test loss: 1.23
--- All clients' test acc: 55.40%
2023-02-28 04:14:09,924 [MainThread] [INFO ]  Server train time: 135.26427841186523
2023-02-28 04:14:09,925 [MainThread] [INFO ]  
-------- round 38 --------
2023-02-28 04:14:09,925 [MainThread] [INFO ]  --- start training ---
client: f0000008
--- local_update_loss : 1.09
client: f0000000
--- local_update_loss : 1.34
--- DML_update_loss(A model) with Client:f0000009: 1.81
--- DML_update_loss(A model) with Client:f0000003: 1.64
--------- test avarage ---------
--- All clients' test loss: 1.20
--- All clients' test acc: 55.38%
2023-02-28 04:16:27,089 [MainThread] [INFO ]  Server train time: 137.16434955596924
2023-02-28 04:16:27,090 [MainThread] [INFO ]  
-------- round 39 --------
2023-02-28 04:16:27,090 [MainThread] [INFO ]  --- start training ---
client: f0000002
--- local_update_loss : 1.08
client: f0000001
--- local_update_loss : 1.31
--- DML_update_loss(A model) with Client:f0000005: 1.74
--- DML_update_loss(A model) with Client:f0000000: 1.77
--------- test avarage ---------
--- All clients' test loss: 1.29
--- All clients' test acc: 52.57%
2023-02-28 04:18:41,102 [MainThread] [INFO ]  Server train time: 134.01134991645813
2023-02-28 04:18:41,112 [MainThread] [INFO ]  Model saved at /home/dengzhiling/.local/lib/python3.10/site-packages/easyfl/main/saved_models/_global_model_r_39.pth
2023-02-28 04:18:41,112 [MainThread] [INFO ]  
-------- round 40 --------
2023-02-28 04:18:41,112 [MainThread] [INFO ]  --- start training ---
client: f0000004
--- local_update_loss : 1.22
client: f0000003
--- local_update_loss : 1.16
--- DML_update_loss(A model) with Client:f0000001: 1.71
--- DML_update_loss(A model) with Client:f0000008: 1.67
--------- test avarage ---------
--- All clients' test loss: 1.30
--- All clients' test acc: 51.10%
2023-02-28 04:20:56,867 [MainThread] [INFO ]  Server train time: 135.75465750694275
2023-02-28 04:20:56,868 [MainThread] [INFO ]  
-------- round 41 --------
2023-02-28 04:20:56,868 [MainThread] [INFO ]  --- start training ---
client: f0000005
--- local_update_loss : 1.34
client: f0000006
--- local_update_loss : 1.33
--- DML_update_loss(A model) with Client:f0000002: 1.70
--- DML_update_loss(A model) with Client:f0000007: 1.63
--------- test avarage ---------
--- All clients' test loss: 1.22
--- All clients' test acc: 55.12%
2023-02-28 04:23:11,712 [MainThread] [INFO ]  Server train time: 134.84429502487183
2023-02-28 04:23:11,713 [MainThread] [INFO ]  
-------- round 42 --------
2023-02-28 04:23:11,713 [MainThread] [INFO ]  --- start training ---
client: f0000008
--- local_update_loss : 1.17
client: f0000001
--- local_update_loss : 1.31
--- DML_update_loss(A model) with Client:f0000004: 1.78
--- DML_update_loss(A model) with Client:f0000002: 1.66
--------- test avarage ---------
--- All clients' test loss: 1.23
--- All clients' test acc: 53.60%
2023-02-28 04:25:27,819 [MainThread] [INFO ]  Server train time: 136.1054744720459
2023-02-28 04:25:27,820 [MainThread] [INFO ]  
-------- round 43 --------
2023-02-28 04:25:27,820 [MainThread] [INFO ]  --- start training ---
client: f0000003
--- local_update_loss : 1.05
client: f0000009
--- local_update_loss : 1.32
--- DML_update_loss(A model) with Client:f0000004: 1.73
--- DML_update_loss(A model) with Client:f0000005: 1.75
--------- test avarage ---------
--- All clients' test loss: 1.23
--- All clients' test acc: 54.45%
2023-02-28 04:27:42,193 [MainThread] [INFO ]  Server train time: 134.37278819084167
2023-02-28 04:27:42,194 [MainThread] [INFO ]  
-------- round 44 --------
2023-02-28 04:27:42,194 [MainThread] [INFO ]  --- start training ---
client: f0000002
--- local_update_loss : 1.21
client: f0000007
--- local_update_loss : 1.19
--- DML_update_loss(A model) with Client:f0000009: 1.75
--- DML_update_loss(A model) with Client:f0000001: 1.70
--------- test avarage ---------
--- All clients' test loss: 1.25
--- All clients' test acc: 53.55%
2023-02-28 04:29:57,072 [MainThread] [INFO ]  Server train time: 134.8770318031311
2023-02-28 04:29:57,073 [MainThread] [INFO ]  
-------- round 45 --------
2023-02-28 04:29:57,073 [MainThread] [INFO ]  --- start training ---
client: f0000002
--- local_update_loss : 1.11
client: f0000004
--- local_update_loss : 1.33
--- DML_update_loss(A model) with Client:f0000007: 1.66
--- DML_update_loss(A model) with Client:f0000001: 1.69
--------- test avarage ---------
--- All clients' test loss: 1.20
--- All clients' test acc: 55.03%
2023-02-28 04:32:11,287 [MainThread] [INFO ]  Server train time: 134.2144010066986
2023-02-28 04:32:11,288 [MainThread] [INFO ]  
-------- round 46 --------
2023-02-28 04:32:11,288 [MainThread] [INFO ]  --- start training ---
client: f0000007
--- local_update_loss : 1.18
client: f0000000
--- local_update_loss : 1.35
--- DML_update_loss(A model) with Client:f0000001: 1.69
--- DML_update_loss(A model) with Client:f0000005: 1.73
--------- test avarage ---------
--- All clients' test loss: 1.26
--- All clients' test acc: 51.95%
2023-02-28 04:34:25,586 [MainThread] [INFO ]  Server train time: 134.29690408706665
2023-02-28 04:34:25,586 [MainThread] [INFO ]  
-------- round 47 --------
2023-02-28 04:34:25,586 [MainThread] [INFO ]  --- start training ---
client: f0000002
--- local_update_loss : 1.03
client: f0000001
--- local_update_loss : 1.32
--- DML_update_loss(A model) with Client:f0000008: 1.67
--- DML_update_loss(A model) with Client:f0000006: 1.71
--------- test avarage ---------
--- All clients' test loss: 1.15
--- All clients' test acc: 56.62%
2023-02-28 04:36:40,385 [MainThread] [INFO ]  Server train time: 134.79840064048767
2023-02-28 04:36:40,386 [MainThread] [INFO ]  
-------- round 48 --------
2023-02-28 04:36:40,386 [MainThread] [INFO ]  --- start training ---
client: f0000007
--- local_update_loss : 1.08
client: f0000005
--- local_update_loss : 1.33
--- DML_update_loss(A model) with Client:f0000004: 1.75
--- DML_update_loss(A model) with Client:f0000009: 1.73
--------- test avarage ---------
--- All clients' test loss: 1.24
--- All clients' test acc: 54.12%
2023-02-28 04:38:54,806 [MainThread] [INFO ]  Server train time: 134.4194622039795
2023-02-28 04:38:54,807 [MainThread] [INFO ]  
-------- round 49 --------
2023-02-28 04:38:54,807 [MainThread] [INFO ]  --- start training ---
client: f0000009
--- local_update_loss : 1.33
client: f0000000
--- local_update_loss : 1.26
--- DML_update_loss(A model) with Client:f0000006: 1.70
--- DML_update_loss(A model) with Client:f0000001: 1.71
--------- test avarage ---------
--- All clients' test loss: 1.30
--- All clients' test acc: 50.90%
2023-02-28 04:41:09,756 [MainThread] [INFO ]  Server train time: 134.94879961013794
2023-02-28 04:41:09,765 [MainThread] [INFO ]  Model saved at /home/dengzhiling/.local/lib/python3.10/site-packages/easyfl/main/saved_models/_global_model_r_49.pth
2023-02-28 04:41:09,766 [MainThread] [INFO ]  
-------- round 50 --------
2023-02-28 04:41:09,766 [MainThread] [INFO ]  --- start training ---
client: f0000007
--- local_update_loss : 1.00
client: f0000008
--- local_update_loss : 1.18
--- DML_update_loss(A model) with Client:f0000005: 1.75
--- DML_update_loss(A model) with Client:f0000002: 1.71
--------- test avarage ---------
--- All clients' test loss: 1.14
--- All clients' test acc: 57.77%
2023-02-28 04:43:27,118 [MainThread] [INFO ]  Server train time: 137.35206985473633
2023-02-28 04:43:27,119 [MainThread] [INFO ]  
-------- round 51 --------
2023-02-28 04:43:27,119 [MainThread] [INFO ]  --- start training ---
client: f0000003
--- local_update_loss : 0.97
client: f0000004
--- local_update_loss : 1.32
--- DML_update_loss(A model) with Client:f0000006: 1.69
--- DML_update_loss(A model) with Client:f0000000: 1.77
--------- test avarage ---------
--- All clients' test loss: 1.24
--- All clients' test acc: 53.72%
2023-02-28 04:45:42,188 [MainThread] [INFO ]  Server train time: 135.0683491230011
2023-02-28 04:45:42,189 [MainThread] [INFO ]  
-------- round 52 --------
2023-02-28 04:45:42,189 [MainThread] [INFO ]  --- start training ---
client: f0000009
--- local_update_loss : 1.24
client: f0000001
--- local_update_loss : 1.32
--- DML_update_loss(A model) with Client:f0000002: 1.66
--- DML_update_loss(A model) with Client:f0000008: 1.67
--------- test avarage ---------
--- All clients' test loss: 1.25
--- All clients' test acc: 53.70%
2023-02-28 04:47:57,029 [MainThread] [INFO ]  Server train time: 134.8398416042328
2023-02-28 04:47:57,030 [MainThread] [INFO ]  
-------- round 53 --------
2023-02-28 04:47:57,030 [MainThread] [INFO ]  --- start training ---
client: f0000001
--- local_update_loss : 1.23
client: f0000002
--- local_update_loss : 1.22
--- DML_update_loss(A model) with Client:f0000007: 1.69
--- DML_update_loss(A model) with Client:f0000008: 1.63
--------- test avarage ---------
--- All clients' test loss: 1.15
--- All clients' test acc: 57.25%
2023-02-28 04:50:13,442 [MainThread] [INFO ]  Server train time: 136.41202116012573
2023-02-28 04:50:13,443 [MainThread] [INFO ]  
-------- round 54 --------
2023-02-28 04:50:13,443 [MainThread] [INFO ]  --- start training ---
client: f0000004
--- local_update_loss : 1.22
client: f0000008
--- local_update_loss : 1.19
--- DML_update_loss(A model) with Client:f0000000: 1.75
--- DML_update_loss(A model) with Client:f0000007: 1.64
--------- test avarage ---------
--- All clients' test loss: 1.19
--- All clients' test acc: 55.35%
2023-02-28 04:52:27,929 [MainThread] [INFO ]  Server train time: 134.48552322387695
2023-02-28 04:52:27,930 [MainThread] [INFO ]  
-------- round 55 --------
2023-02-28 04:52:27,930 [MainThread] [INFO ]  --- start training ---
client: f0000004
--- local_update_loss : 1.14
client: f0000000
--- local_update_loss : 1.36
--- DML_update_loss(A model) with Client:f0000003: 1.67
--- DML_update_loss(A model) with Client:f0000002: 1.67
--------- test avarage ---------
--- All clients' test loss: 1.19
--- All clients' test acc: 55.82%
2023-02-28 04:54:44,119 [MainThread] [INFO ]  Server train time: 136.18803524971008
2023-02-28 04:54:44,119 [MainThread] [INFO ]  
-------- round 56 --------
2023-02-28 04:54:44,119 [MainThread] [INFO ]  --- start training ---
client: f0000006
--- local_update_loss : 1.34
client: f0000001
--- local_update_loss : 1.15
--- DML_update_loss(A model) with Client:f0000003: 1.62
--- DML_update_loss(A model) with Client:f0000008: 1.66
--------- test avarage ---------
--- All clients' test loss: 1.19
--- All clients' test acc: 56.15%
2023-02-28 04:56:58,117 [MainThread] [INFO ]  Server train time: 133.9974925518036
2023-02-28 04:56:58,118 [MainThread] [INFO ]  
-------- round 57 --------
2023-02-28 04:56:58,118 [MainThread] [INFO ]  --- start training ---
client: f0000003
--- local_update_loss : 1.16
client: f0000008
--- local_update_loss : 1.18
--- DML_update_loss(A model) with Client:f0000000: 1.76
--- DML_update_loss(A model) with Client:f0000004: 1.78
--------- test avarage ---------
--- All clients' test loss: 1.23
--- All clients' test acc: 54.40%
2023-02-28 04:59:12,748 [MainThread] [INFO ]  Server train time: 134.62984251976013
2023-02-28 04:59:12,749 [MainThread] [INFO ]  
-------- round 58 --------
2023-02-28 04:59:12,749 [MainThread] [INFO ]  --- start training ---
client: f0000004
--- local_update_loss : 1.32
client: f0000002
--- local_update_loss : 1.20
--- DML_update_loss(A model) with Client:f0000005: 1.73
--- DML_update_loss(A model) with Client:f0000007: 1.63
--------- test avarage ---------
--- All clients' test loss: 1.26
--- All clients' test acc: 53.65%
2023-02-28 05:01:28,631 [MainThread] [INFO ]  Server train time: 135.8814570903778
2023-02-28 05:01:28,632 [MainThread] [INFO ]  
-------- round 59 --------
2023-02-28 05:01:28,632 [MainThread] [INFO ]  --- start training ---
client: f0000002
--- local_update_loss : 1.10
client: f0000006
--- local_update_loss : 1.25
--- DML_update_loss(A model) with Client:f0000000: 1.74
--- DML_update_loss(A model) with Client:f0000007: 1.63
--------- test avarage ---------
--- All clients' test loss: 1.27
--- All clients' test acc: 53.60%
2023-02-28 05:03:42,715 [MainThread] [INFO ]  Server train time: 134.0827784538269
2023-02-28 05:03:42,725 [MainThread] [INFO ]  Model saved at /home/dengzhiling/.local/lib/python3.10/site-packages/easyfl/main/saved_models/_global_model_r_59.pth
2023-02-28 05:03:42,725 [MainThread] [INFO ]  
-------- round 60 --------
2023-02-28 05:03:42,725 [MainThread] [INFO ]  --- start training ---
client: f0000005
--- local_update_loss : 1.33
client: f0000008
--- local_update_loss : 1.08
--- DML_update_loss(A model) with Client:f0000006: 1.72
--- DML_update_loss(A model) with Client:f0000004: 1.75
--------- test avarage ---------
--- All clients' test loss: 1.23
--- All clients' test acc: 54.28%
2023-02-28 05:05:58,251 [MainThread] [INFO ]  Server train time: 135.52615785598755
2023-02-28 05:05:58,252 [MainThread] [INFO ]  
-------- round 61 --------
2023-02-28 05:05:58,252 [MainThread] [INFO ]  --- start training ---
client: f0000006
--- local_update_loss : 1.32
client: f0000004
--- local_update_loss : 1.31
--- DML_update_loss(A model) with Client:f0000002: 1.69
--- DML_update_loss(A model) with Client:f0000005: 1.74
--------- test avarage ---------
--- All clients' test loss: 1.23
--- All clients' test acc: 54.22%
2023-02-28 05:08:13,184 [MainThread] [INFO ]  Server train time: 134.93174695968628
2023-02-28 05:08:13,185 [MainThread] [INFO ]  
-------- round 62 --------
2023-02-28 05:08:13,185 [MainThread] [INFO ]  --- start training ---
client: f0000000
--- local_update_loss : 1.37
client: f0000004
--- local_update_loss : 1.22
--- DML_update_loss(A model) with Client:f0000002: 1.66
--- DML_update_loss(A model) with Client:f0000008: 1.67
--------- test avarage ---------
--- All clients' test loss: 1.24
--- All clients' test acc: 54.58%
2023-02-28 05:10:27,678 [MainThread] [INFO ]  Server train time: 134.4927909374237
2023-02-28 05:10:27,679 [MainThread] [INFO ]  
-------- round 63 --------
2023-02-28 05:10:27,679 [MainThread] [INFO ]  --- start training ---
client: f0000005
--- local_update_loss : 1.32
client: f0000009
--- local_update_loss : 1.16
--- DML_update_loss(A model) with Client:f0000003: 1.64
--- DML_update_loss(A model) with Client:f0000008: 1.63
--------- test avarage ---------
--- All clients' test loss: 1.21
--- All clients' test acc: 55.88%
2023-02-28 05:12:42,772 [MainThread] [INFO ]  Server train time: 135.09245705604553
2023-02-28 05:12:42,773 [MainThread] [INFO ]  
-------- round 64 --------
2023-02-28 05:12:42,773 [MainThread] [INFO ]  --- start training ---
client: f0000002
--- local_update_loss : 1.21
client: f0000000
--- local_update_loss : 1.27
--- DML_update_loss(A model) with Client:f0000004: 1.77
--- DML_update_loss(A model) with Client:f0000005: 1.75
--------- test avarage ---------
--- All clients' test loss: 1.24
--- All clients' test acc: 54.70%
2023-02-28 05:14:56,572 [MainThread] [INFO ]  Server train time: 133.7988748550415
2023-02-28 05:14:56,573 [MainThread] [INFO ]  
-------- round 65 --------
2023-02-28 05:14:56,573 [MainThread] [INFO ]  --- start training ---
client: f0000003
--- local_update_loss : 1.15
client: f0000002
--- local_update_loss : 1.11
--- DML_update_loss(A model) with Client:f0000004: 1.74
--- DML_update_loss(A model) with Client:f0000007: 1.63
--------- test avarage ---------
--- All clients' test loss: 1.18
--- All clients' test acc: 57.05%
2023-02-28 05:17:13,104 [MainThread] [INFO ]  Server train time: 136.53015875816345
2023-02-28 05:17:13,105 [MainThread] [INFO ]  
-------- round 66 --------
2023-02-28 05:17:13,105 [MainThread] [INFO ]  --- start training ---
client: f0000000
--- local_update_loss : 1.20
client: f0000008
--- local_update_loss : 1.18
--- DML_update_loss(A model) with Client:f0000003: 1.64
--- DML_update_loss(A model) with Client:f0000002: 1.68
--------- test avarage ---------
--- All clients' test loss: 1.19
--- All clients' test acc: 55.90%
2023-02-28 05:19:27,854 [MainThread] [INFO ]  Server train time: 134.7490656375885
2023-02-28 05:19:27,855 [MainThread] [INFO ]  
-------- round 67 --------
2023-02-28 05:19:27,855 [MainThread] [INFO ]  --- start training ---
client: f0000000
--- local_update_loss : 1.14
client: f0000004
--- local_update_loss : 1.34
--- DML_update_loss(A model) with Client:f0000005: 1.73
--- DML_update_loss(A model) with Client:f0000003: 1.61
--------- test avarage ---------
--- All clients' test loss: 1.22
--- All clients' test acc: 55.77%
2023-02-28 05:21:42,018 [MainThread] [INFO ]  Server train time: 134.16290020942688
2023-02-28 05:21:42,019 [MainThread] [INFO ]  
-------- round 68 --------
2023-02-28 05:21:42,019 [MainThread] [INFO ]  --- start training ---
client: f0000006
--- local_update_loss : 1.23
client: f0000001
--- local_update_loss : 1.09
--- DML_update_loss(A model) with Client:f0000002: 1.65
--- DML_update_loss(A model) with Client:f0000005: 1.73
--------- test avarage ---------
--- All clients' test loss: 1.22
--- All clients' test acc: 54.80%
2023-02-28 05:23:57,416 [MainThread] [INFO ]  Server train time: 135.39663314819336
2023-02-28 05:23:57,417 [MainThread] [INFO ]  
-------- round 69 --------
2023-02-28 05:23:57,417 [MainThread] [INFO ]  --- start training ---
client: f0000003
--- local_update_loss : 1.17
client: f0000008
--- local_update_loss : 1.09
--- DML_update_loss(A model) with Client:f0000007: 1.64
--- DML_update_loss(A model) with Client:f0000009: 1.78
--------- test avarage ---------
--- All clients' test loss: 1.25
--- All clients' test acc: 54.88%
2023-02-28 05:26:11,785 [MainThread] [INFO ]  Server train time: 134.3676414489746
2023-02-28 05:26:11,795 [MainThread] [INFO ]  Model saved at /home/dengzhiling/.local/lib/python3.10/site-packages/easyfl/main/saved_models/_global_model_r_69.pth
2023-02-28 05:26:11,795 [MainThread] [INFO ]  
-------- round 70 --------
2023-02-28 05:26:11,795 [MainThread] [INFO ]  --- start training ---
client: f0000005
--- local_update_loss : 1.33
client: f0000008
--- local_update_loss : 1.00
--- DML_update_loss(A model) with Client:f0000007: 1.63
--- DML_update_loss(A model) with Client:f0000000: 1.80
--------- test avarage ---------
--- All clients' test loss: 1.16
--- All clients' test acc: 56.90%
2023-02-28 05:28:27,587 [MainThread] [INFO ]  Server train time: 135.79180240631104
2023-02-28 05:28:27,588 [MainThread] [INFO ]  
-------- round 71 --------
2023-02-28 05:28:27,588 [MainThread] [INFO ]  --- start training ---
client: f0000004
--- local_update_loss : 1.24
client: f0000005
--- local_update_loss : 1.24
--- DML_update_loss(A model) with Client:f0000000: 1.74
--- DML_update_loss(A model) with Client:f0000001: 1.75
--------- test avarage ---------
--- All clients' test loss: 1.21
--- All clients' test acc: 53.95%
2023-02-28 05:30:42,427 [MainThread] [INFO ]  Server train time: 134.83844208717346
2023-02-28 05:30:42,428 [MainThread] [INFO ]  
-------- round 72 --------
2023-02-28 05:30:42,428 [MainThread] [INFO ]  --- start training ---
client: f0000000
--- local_update_loss : 1.36
client: f0000004
--- local_update_loss : 1.16
--- DML_update_loss(A model) with Client:f0000002: 1.65
--- DML_update_loss(A model) with Client:f0000005: 1.76
--------- test avarage ---------
--- All clients' test loss: 1.24
--- All clients' test acc: 54.20%
2023-02-28 05:32:57,367 [MainThread] [INFO ]  Server train time: 134.93868708610535
2023-02-28 05:32:57,368 [MainThread] [INFO ]  
-------- round 73 --------
2023-02-28 05:32:57,368 [MainThread] [INFO ]  --- start training ---
client: f0000007
--- local_update_loss : 1.19
client: f0000004
--- local_update_loss : 1.10
--- DML_update_loss(A model) with Client:f0000008: 1.69
--- DML_update_loss(A model) with Client:f0000003: 1.63
--------- test avarage ---------
--- All clients' test loss: 1.16
--- All clients' test acc: 57.15%
2023-02-28 05:35:12,348 [MainThread] [INFO ]  Server train time: 134.97964811325073
2023-02-28 05:35:12,349 [MainThread] [INFO ]  
-------- round 74 --------
2023-02-28 05:35:12,349 [MainThread] [INFO ]  --- start training ---
client: f0000000
--- local_update_loss : 1.27
client: f0000005
--- local_update_loss : 1.31
--- DML_update_loss(A model) with Client:f0000006: 1.72
--- DML_update_loss(A model) with Client:f0000002: 1.64
--------- test avarage ---------
--- All clients' test loss: 1.25
--- All clients' test acc: 53.62%
2023-02-28 05:37:27,540 [MainThread] [INFO ]  Server train time: 135.1901936531067
2023-02-28 05:37:27,540 [MainThread] [INFO ]  
-------- round 75 --------
2023-02-28 05:37:27,541 [MainThread] [INFO ]  --- start training ---
client: f0000006
--- local_update_loss : 1.32
client: f0000004
--- local_update_loss : 1.05
--- DML_update_loss(A model) with Client:f0000002: 1.65
--- DML_update_loss(A model) with Client:f0000009: 1.73
--------- test avarage ---------
--- All clients' test loss: 1.23
--- All clients' test acc: 54.77%
2023-02-28 05:39:43,636 [MainThread] [INFO ]  Server train time: 136.09503936767578
2023-02-28 05:39:43,637 [MainThread] [INFO ]  
-------- round 76 --------
2023-02-28 05:39:43,637 [MainThread] [INFO ]  --- start training ---
client: f0000006
--- local_update_loss : 1.23
client: f0000003
--- local_update_loss : 1.15
--- DML_update_loss(A model) with Client:f0000005: 1.75
--- DML_update_loss(A model) with Client:f0000004: 1.80
--------- test avarage ---------
--- All clients' test loss: 1.21
--- All clients' test acc: 55.10%
2023-02-28 05:42:00,754 [MainThread] [INFO ]  Server train time: 137.1166286468506
2023-02-28 05:42:00,755 [MainThread] [INFO ]  
-------- round 77 --------
2023-02-28 05:42:00,755 [MainThread] [INFO ]  --- start training ---
client: f0000002
--- local_update_loss : 1.22
client: f0000001
--- local_update_loss : 1.31
--- DML_update_loss(A model) with Client:f0000005: 1.74
--- DML_update_loss(A model) with Client:f0000006: 1.72
--------- test avarage ---------
--- All clients' test loss: 1.28
--- All clients' test acc: 51.80%
2023-02-28 05:44:14,559 [MainThread] [INFO ]  Server train time: 133.8039631843567
2023-02-28 05:44:14,560 [MainThread] [INFO ]  
-------- round 78 --------
2023-02-28 05:44:14,560 [MainThread] [INFO ]  --- start training ---
client: f0000003
--- local_update_loss : 1.05
client: f0000002
--- local_update_loss : 1.11
--- DML_update_loss(A model) with Client:f0000005: 1.73
--- DML_update_loss(A model) with Client:f0000000: 1.77
--------- test avarage ---------
--- All clients' test loss: 1.22
--- All clients' test acc: 55.65%
2023-02-28 05:46:30,098 [MainThread] [INFO ]  Server train time: 135.53751683235168
2023-02-28 05:46:30,099 [MainThread] [INFO ]  
-------- round 79 --------
2023-02-28 05:46:30,099 [MainThread] [INFO ]  --- start training ---
client: f0000009
--- local_update_loss : 1.33
client: f0000005
--- local_update_loss : 1.33
--- DML_update_loss(A model) with Client:f0000004: 1.74
--- DML_update_loss(A model) with Client:f0000002: 1.69
--------- test avarage ---------
--- All clients' test loss: 1.27
--- All clients' test acc: 53.10%
2023-02-28 05:48:44,865 [MainThread] [INFO ]  Server train time: 134.76576900482178
2023-02-28 05:48:44,875 [MainThread] [INFO ]  Model saved at /home/dengzhiling/.local/lib/python3.10/site-packages/easyfl/main/saved_models/_global_model_r_79.pth
2023-02-28 05:48:44,875 [MainThread] [INFO ]  
-------- round 80 --------
2023-02-28 05:48:44,875 [MainThread] [INFO ]  --- start training ---
client: f0000000
--- local_update_loss : 1.35
client: f0000009
--- local_update_loss : 1.24
--- DML_update_loss(A model) with Client:f0000007: 1.66
--- DML_update_loss(A model) with Client:f0000003: 1.66
--------- test avarage ---------
--- All clients' test loss: 1.25
--- All clients' test acc: 53.50%
2023-02-28 05:51:01,029 [MainThread] [INFO ]  Server train time: 136.1530463695526
2023-02-28 05:51:01,030 [MainThread] [INFO ]  
-------- round 81 --------
2023-02-28 05:51:01,030 [MainThread] [INFO ]  --- start training ---
client: f0000007
--- local_update_loss : 1.18
client: f0000002
--- local_update_loss : 1.19
--- DML_update_loss(A model) with Client:f0000006: 1.68
--- DML_update_loss(A model) with Client:f0000001: 1.70
--------- test avarage ---------
--- All clients' test loss: 1.24
--- All clients' test acc: 54.17%
2023-02-28 05:53:16,222 [MainThread] [INFO ]  Server train time: 135.1919710636139
2023-02-28 05:53:16,223 [MainThread] [INFO ]  
-------- round 82 --------
2023-02-28 05:53:16,223 [MainThread] [INFO ]  --- start training ---
client: f0000001
--- local_update_loss : 1.31
client: f0000006
--- local_update_loss : 1.33
--- DML_update_loss(A model) with Client:f0000008: 1.64
--- DML_update_loss(A model) with Client:f0000003: 1.62
--------- test avarage ---------
--- All clients' test loss: 1.20
--- All clients' test acc: 53.88%
2023-02-28 05:55:30,610 [MainThread] [INFO ]  Server train time: 134.38717007637024
2023-02-28 05:55:30,611 [MainThread] [INFO ]  
-------- round 83 --------
2023-02-28 05:55:30,611 [MainThread] [INFO ]  --- start training ---
client: f0000009
--- local_update_loss : 1.16
client: f0000001
--- local_update_loss : 1.23
--- DML_update_loss(A model) with Client:f0000003: 1.61
--- DML_update_loss(A model) with Client:f0000000: 1.76
--------- test avarage ---------
--- All clients' test loss: 1.24
--- All clients' test acc: 54.17%
2023-02-28 05:57:47,518 [MainThread] [INFO ]  Server train time: 136.90672278404236
2023-02-28 05:57:47,519 [MainThread] [INFO ]  
-------- round 84 --------
2023-02-28 05:57:47,519 [MainThread] [INFO ]  --- start training ---
client: f0000003
--- local_update_loss : 1.16
client: f0000006
--- local_update_loss : 1.25
--- DML_update_loss(A model) with Client:f0000008: 1.63
--- DML_update_loss(A model) with Client:f0000000: 1.73
--------- test avarage ---------
--- All clients' test loss: 1.23
--- All clients' test acc: 54.45%
2023-02-28 06:00:01,864 [MainThread] [INFO ]  Server train time: 134.34453797340393
2023-02-28 06:00:01,867 [MainThread] [INFO ]  
-------- round 85 --------
2023-02-28 06:00:01,867 [MainThread] [INFO ]  --- start training ---
client: f0000009
--- local_update_loss : 1.10
client: f0000006
--- local_update_loss : 1.17
--- DML_update_loss(A model) with Client:f0000003: 1.64
--- DML_update_loss(A model) with Client:f0000005: 1.75
--------- test avarage ---------
--- All clients' test loss: 1.25
--- All clients' test acc: 54.28%
2023-02-28 06:02:17,209 [MainThread] [INFO ]  Server train time: 135.341894865036
2023-02-28 06:02:17,210 [MainThread] [INFO ]  
-------- round 86 --------
2023-02-28 06:02:17,210 [MainThread] [INFO ]  --- start training ---
client: f0000002
--- local_update_loss : 1.10
client: f0000006
--- local_update_loss : 1.10
--- DML_update_loss(A model) with Client:f0000008: 1.63
--- DML_update_loss(A model) with Client:f0000007: 1.65
--------- test avarage ---------
--- All clients' test loss: 1.19
--- All clients' test acc: 55.85%
2023-02-28 06:04:34,044 [MainThread] [INFO ]  Server train time: 136.83364152908325
2023-02-28 06:04:34,045 [MainThread] [INFO ]  
-------- round 87 --------
2023-02-28 06:04:34,045 [MainThread] [INFO ]  --- start training ---
client: f0000002
--- local_update_loss : 1.02
client: f0000004
--- local_update_loss : 1.33
--- DML_update_loss(A model) with Client:f0000003: 1.62
--- DML_update_loss(A model) with Client:f0000005: 1.73
--------- test avarage ---------
--- All clients' test loss: 1.28
--- All clients' test acc: 55.20%
2023-02-28 06:06:47,886 [MainThread] [INFO ]  Server train time: 133.84056687355042
2023-02-28 06:06:47,887 [MainThread] [INFO ]  
-------- round 88 --------
2023-02-28 06:06:47,887 [MainThread] [INFO ]  --- start training ---
client: f0000009
--- local_update_loss : 1.05
client: f0000003
--- local_update_loss : 1.16
--- DML_update_loss(A model) with Client:f0000000: 1.74
--- DML_update_loss(A model) with Client:f0000005: 1.72
--------- test avarage ---------
--- All clients' test loss: 1.18
--- All clients' test acc: 55.73%
2023-02-28 06:09:01,940 [MainThread] [INFO ]  Server train time: 134.0527663230896
2023-02-28 06:09:01,941 [MainThread] [INFO ]  
-------- round 89 --------
2023-02-28 06:09:01,941 [MainThread] [INFO ]  --- start training ---
client: f0000001
--- local_update_loss : 1.15
client: f0000007
--- local_update_loss : 1.18
--- DML_update_loss(A model) with Client:f0000006: 1.75
--- DML_update_loss(A model) with Client:f0000009: 1.79
--------- test avarage ---------
--- All clients' test loss: 1.22
--- All clients' test acc: 53.53%
2023-02-28 06:11:16,547 [MainThread] [INFO ]  Server train time: 134.60561871528625
2023-02-28 06:11:16,556 [MainThread] [INFO ]  Model saved at /home/dengzhiling/.local/lib/python3.10/site-packages/easyfl/main/saved_models/_global_model_r_89.pth
2023-02-28 06:11:16,556 [MainThread] [INFO ]  
-------- round 90 --------
2023-02-28 06:11:16,556 [MainThread] [INFO ]  --- start training ---
client: f0000008
--- local_update_loss : 1.19
client: f0000001
--- local_update_loss : 1.08
--- DML_update_loss(A model) with Client:f0000009: 1.73
--- DML_update_loss(A model) with Client:f0000003: 1.64
--------- test avarage ---------
--- All clients' test loss: 1.12
--- All clients' test acc: 58.97%
2023-02-28 06:13:31,628 [MainThread] [INFO ]  Server train time: 135.07146167755127
2023-02-28 06:13:31,629 [MainThread] [INFO ]  
-------- round 91 --------
2023-02-28 06:13:31,629 [MainThread] [INFO ]  --- start training ---
client: f0000003
--- local_update_loss : 1.15
client: f0000000
--- local_update_loss : 1.37
--- DML_update_loss(A model) with Client:f0000007: 1.66
--- DML_update_loss(A model) with Client:f0000006: 1.69
--------- test avarage ---------
--- All clients' test loss: 1.24
--- All clients' test acc: 52.82%
2023-02-28 06:15:46,563 [MainThread] [INFO ]  Server train time: 134.93375325202942
2023-02-28 06:15:46,564 [MainThread] [INFO ]  
-------- round 92 --------
2023-02-28 06:15:46,564 [MainThread] [INFO ]  --- start training ---
client: f0000007
--- local_update_loss : 1.18
client: f0000000
--- local_update_loss : 1.28
--- DML_update_loss(A model) with Client:f0000009: 1.73
--- DML_update_loss(A model) with Client:f0000003: 1.65
--------- test avarage ---------
--- All clients' test loss: 1.20
--- All clients' test acc: 56.18%
2023-02-28 06:18:01,536 [MainThread] [INFO ]  Server train time: 134.9710454940796
2023-02-28 06:18:01,537 [MainThread] [INFO ]  
-------- round 93 --------
2023-02-28 06:18:01,537 [MainThread] [INFO ]  --- start training ---
client: f0000002
Traceback (most recent call last):
  File "/home/dengzhiling/.local/lib/python3.10/site-packages/easyfl/main/main.py", line 26, in <module>
    easyfl.run()
  File "/home/dengzhiling/.local/lib/python3.10/site-packages/easyfl/coordinator.py", line 390, in run
    _global_coord.run()
  File "/home/dengzhiling/.local/lib/python3.10/site-packages/easyfl/coordinator.py", line 80, in run
    self.server.start(self.model, self.clients)
  File "/home/dengzhiling/.local/lib/python3.10/site-packages/easyfl/server/base.py", line 164, in start
    self.train()
  File "/home/dengzhiling/.local/lib/python3.10/site-packages/easyfl/server/base.py", line 200, in train
    self.distribution_to_train()
  File "/home/dengzhiling/.local/lib/python3.10/site-packages/easyfl/server/base.py", line 347, in distribution_to_train
    self.distribution_to_train_locally()
  File "/home/dengzhiling/.local/lib/python3.10/site-packages/easyfl/main/CustomizeServer.py", line 82, in distribution_to_train_locally
    uploaded_request = client.run_train(self._compressed_model, self.conf.client, train_local_only=True)
  File "/home/dengzhiling/.local/lib/python3.10/site-packages/easyfl/main/CustomizedClient.py", line 154, in run_train
    self.train(conf, self.device, train_local_only) # 
  File "/home/dengzhiling/.local/lib/python3.10/site-packages/easyfl/main/CustomizedClient.py", line 140, in train
    self.train_local(conf, device)
  File "/home/dengzhiling/.local/lib/python3.10/site-packages/easyfl/main/CustomizedClient.py", line 48, in train_local
    for data, label in train_loader:
  File "/home/dengzhiling/.local/lib/python3.10/site-packages/torch/utils/data/dataloader.py", line 628, in __next__
    data = self._next_data()
  File "/home/dengzhiling/.local/lib/python3.10/site-packages/torch/utils/data/dataloader.py", line 671, in _next_data
    data = self._dataset_fetcher.fetch(index)  # may raise StopIteration
  File "/home/dengzhiling/.local/lib/python3.10/site-packages/torch/utils/data/_utils/fetch.py", line 58, in fetch
    data = [self.dataset[idx] for idx in possibly_batched_index]
  File "/home/dengzhiling/.local/lib/python3.10/site-packages/torch/utils/data/_utils/fetch.py", line 58, in <listcomp>
    data = [self.dataset[idx] for idx in possibly_batched_index]
  File "/home/dengzhiling/.local/lib/python3.10/site-packages/easyfl/datasets/dataset_util.py", line 41, in __getitem__
    sample = self.transform_x(sample)
  File "/home/dengzhiling/.local/lib/python3.10/site-packages/torchvision/transforms/transforms.py", line 95, in __call__
    img = t(img)
  File "/home/dengzhiling/.local/lib/python3.10/site-packages/torch/nn/modules/module.py", line 1194, in _call_impl
    return forward_call(*input, **kwargs)
  File "/home/dengzhiling/.local/lib/python3.10/site-packages/torchvision/transforms/transforms.py", line 270, in forward
    return F.normalize(tensor, self.mean, self.std, self.inplace)
  File "/home/dengzhiling/.local/lib/python3.10/site-packages/torchvision/transforms/functional.py", line 360, in normalize
    return F_t.normalize(tensor, mean=mean, std=std, inplace=inplace)
  File "/home/dengzhiling/.local/lib/python3.10/site-packages/torchvision/transforms/functional_tensor.py", line 932, in normalize
    mean = torch.as_tensor(mean, dtype=dtype, device=tensor.device)
KeyboardInterrupt
