2023-02-26 00:54:00,694 [MainThread] [INFO ]  Configurations: {'task_id': '', 'data': {'root': './data/', 'dataset': 'cifar10', 'split_type': 'class', 'min_size': 10, 'data_amount': 0.05, 'iid_fraction': 0.1, 'user': False, 'train_test_split': 0.8, 'class_per_client': 8, 'num_of_clients': 10, 'alpha': 0.2, 'weights': None}, 'model': 'simple_cnn', 'test_mode': 'test_in_client', 'test_method': 'average', 'server': {'track': False, 'rounds': 2000, 'clients_per_round': 2, 'test_every': 1, 'save_model_every': 10, 'save_model_path': '', 'batch_size': 64, 'test_all': True, 'random_selection': True, 'aggregation_stragtegy': 'EQUAL_AVERAGE', 'aggregation_content': 'all'}, 'client': {'track': False, 'batch_size': 200, 'test_batch_size': 5, 'local_epoch': 10, 'optimizer': {'type': 'SGD', 'lr': 0.01, 'momentum': 0.5, 'weight_decay': 0.0005, 'nesterov': True}, 'seed': 0, 'local_test': True}, 'gpu': 1, 'distributed': {'backend': 'nccl', 'init_method': '', 'world_size': 0, 'rank': 0, 'local_rank': 0}, 'tracking': {'database': '', 'log_file': '', 'log_level': 'INFO', 'metric_file': '', 'save_every': 1}, 'resource_heterogeneous': {'simulate': False, 'hetero_type': 'real', 'level': 3, 'sleep_group_num': 1000, 'total_time': 1000, 'fraction': 1, 'grouping_strategy': 'greedy', 'initial_default_time': 5, 'default_time_momentum': 0.2}, 'seed': 0, 'is_distributed': False, 'device': 0}
2023-02-26 00:54:00,795 [MainThread] [INFO ]  Total training data amount: 50000
2023-02-26 00:54:00,795 [MainThread] [INFO ]  Total testing data amount: 10000
local_batch_size: 128, DML_batch_size: 64, local_epoch: 5, DML_epoch: 20, alpha: 1, beta: 1, DML_lr: 0.02
local_batch_size: 128, DML_batch_size: 64, local_epoch: 5, DML_epoch: 20, alpha: 1, beta: 1, DML_lr: 0.02
local_batch_size: 128, DML_batch_size: 64, local_epoch: 5, DML_epoch: 20, alpha: 1, beta: 1, DML_lr: 0.02
local_batch_size: 128, DML_batch_size: 64, local_epoch: 5, DML_epoch: 20, alpha: 1, beta: 1, DML_lr: 0.02
local_batch_size: 128, DML_batch_size: 64, local_epoch: 5, DML_epoch: 20, alpha: 1, beta: 1, DML_lr: 0.02
local_batch_size: 128, DML_batch_size: 64, local_epoch: 5, DML_epoch: 20, alpha: 1, beta: 1, DML_lr: 0.02
local_batch_size: 128, DML_batch_size: 64, local_epoch: 5, DML_epoch: 20, alpha: 1, beta: 1, DML_lr: 0.02
local_batch_size: 128, DML_batch_size: 64, local_epoch: 5, DML_epoch: 20, alpha: 1, beta: 1, DML_lr: 0.02
local_batch_size: 128, DML_batch_size: 64, local_epoch: 5, DML_epoch: 20, alpha: 1, beta: 1, DML_lr: 0.02
local_batch_size: 128, DML_batch_size: 64, local_epoch: 5, DML_epoch: 20, alpha: 1, beta: 1, DML_lr: 0.02
2023-02-26 00:54:00,831 [MainThread] [INFO ]  Clients in total: 10
2023-02-26 00:54:00,861 [MainThread] [INFO ]  
-------- round 0 --------
2023-02-26 00:54:00,861 [MainThread] [INFO ]  --- start training ---
client: f0000002
--- local_update_loss : 2.03
client: f0000008
--- local_update_loss : 2.12
--- DML_update_loss(A model) with Client:f0000001: 1.85
--- DML_update_loss(A model) with Client:f0000007: 1.81
--------- test avarage ---------
--- All clients' test loss: 1.77
--- All clients' test acc: 31.15%
2023-02-26 00:56:01,617 [MainThread] [INFO ]  Server train time: 120.75547623634338
2023-02-26 00:56:01,618 [MainThread] [INFO ]  
-------- round 1 --------
2023-02-26 00:56:01,618 [MainThread] [INFO ]  --- start training ---
client: f0000002
--- local_update_loss : 1.80
client: f0000009
--- local_update_loss : 2.10
--- DML_update_loss(A model) with Client:f0000008: 1.75
--- DML_update_loss(A model) with Client:f0000001: 1.75
--------- test avarage ---------
--- All clients' test loss: 1.70
--- All clients' test acc: 34.08%
2023-02-26 00:57:59,324 [MainThread] [INFO ]  Server train time: 117.70624566078186
2023-02-26 00:57:59,325 [MainThread] [INFO ]  
-------- round 2 --------
2023-02-26 00:57:59,325 [MainThread] [INFO ]  --- start training ---
client: f0000004
--- local_update_loss : 2.09
client: f0000001
--- local_update_loss : 1.50
--- DML_update_loss(A model) with Client:f0000007: 1.72
--- DML_update_loss(A model) with Client:f0000003: 1.79
--------- test avarage ---------
--- All clients' test loss: 1.57
--- All clients' test acc: 38.65%
2023-02-26 00:59:57,435 [MainThread] [INFO ]  Server train time: 118.10941481590271
2023-02-26 00:59:57,436 [MainThread] [INFO ]  
-------- round 3 --------
2023-02-26 00:59:57,436 [MainThread] [INFO ]  --- start training ---
client: f0000005
--- local_update_loss : 2.11
client: f0000004
--- local_update_loss : 1.89
--- DML_update_loss(A model) with Client:f0000009: 1.86
--- DML_update_loss(A model) with Client:f0000002: 1.76
--------- test avarage ---------
--- All clients' test loss: 1.82
--- All clients' test acc: 30.55%
2023-02-26 01:01:55,001 [MainThread] [INFO ]  Server train time: 117.56499361991882
2023-02-26 01:01:55,002 [MainThread] [INFO ]  
-------- round 4 --------
2023-02-26 01:01:55,002 [MainThread] [INFO ]  --- start training ---
client: f0000003
--- local_update_loss : 1.51
client: f0000008
--- local_update_loss : 1.51
--- DML_update_loss(A model) with Client:f0000005: 1.86
--- DML_update_loss(A model) with Client:f0000001: 1.75
--------- test avarage ---------
--- All clients' test loss: 1.42
--- All clients' test acc: 45.40%
2023-02-26 01:03:52,960 [MainThread] [INFO ]  Server train time: 117.95768666267395
2023-02-26 01:03:52,961 [MainThread] [INFO ]  
-------- round 5 --------
2023-02-26 01:03:52,961 [MainThread] [INFO ]  --- start training ---
client: f0000009
--- local_update_loss : 1.64
client: f0000005
--- local_update_loss : 1.62
--- DML_update_loss(A model) with Client:f0000003: 1.70
--- DML_update_loss(A model) with Client:f0000004: 1.85
--------- test avarage ---------
--- All clients' test loss: 1.73
--- All clients' test acc: 37.58%
2023-02-26 01:05:50,243 [MainThread] [INFO ]  Server train time: 117.2809545993805
2023-02-26 01:05:50,243 [MainThread] [INFO ]  
-------- round 6 --------
2023-02-26 01:05:50,244 [MainThread] [INFO ]  --- start training ---
client: f0000008
--- local_update_loss : 1.46
client: f0000001
--- local_update_loss : 1.48
--- DML_update_loss(A model) with Client:f0000005: 1.81
--- DML_update_loss(A model) with Client:f0000000: 1.90
--------- test avarage ---------
--- All clients' test loss: 1.42
--- All clients' test acc: 45.00%
2023-02-26 01:07:48,171 [MainThread] [INFO ]  Server train time: 117.92697095870972
2023-02-26 01:07:48,172 [MainThread] [INFO ]  
-------- round 7 --------
2023-02-26 01:07:48,172 [MainThread] [INFO ]  --- start training ---
client: f0000008
--- local_update_loss : 1.41
client: f0000005
--- local_update_loss : 1.53
--- DML_update_loss(A model) with Client:f0000007: 1.72
--- DML_update_loss(A model) with Client:f0000009: 1.81
--------- test avarage ---------
--- All clients' test loss: 1.44
--- All clients' test acc: 46.02%
2023-02-26 01:09:46,139 [MainThread] [INFO ]  Server train time: 117.96726489067078
2023-02-26 01:09:46,140 [MainThread] [INFO ]  
-------- round 8 --------
2023-02-26 01:09:46,140 [MainThread] [INFO ]  --- start training ---
client: f0000008
--- local_update_loss : 1.37
client: f0000006
--- local_update_loss : 2.07
--- DML_update_loss(A model) with Client:f0000002: 1.73
--- DML_update_loss(A model) with Client:f0000001: 1.76
--------- test avarage ---------
--- All clients' test loss: 1.55
--- All clients' test acc: 39.67%
2023-02-26 01:11:43,938 [MainThread] [INFO ]  Server train time: 117.79742693901062
2023-02-26 01:11:43,939 [MainThread] [INFO ]  
-------- round 9 --------
2023-02-26 01:11:43,939 [MainThread] [INFO ]  --- start training ---
client: f0000008
--- local_update_loss : 1.35
client: f0000004
--- local_update_loss : 1.61
--- DML_update_loss(A model) with Client:f0000006: 1.80
--- DML_update_loss(A model) with Client:f0000005: 1.81
--------- test avarage ---------
--- All clients' test loss: 1.47
--- All clients' test acc: 46.22%
2023-02-26 01:13:41,598 [MainThread] [INFO ]  Server train time: 117.65823602676392
2023-02-26 01:13:41,607 [MainThread] [INFO ]  Model saved at /home/dengzhiling/.local/lib/python3.10/site-packages/easyfl/main/saved_models/_global_model_r_9.pth
2023-02-26 01:13:41,607 [MainThread] [INFO ]  
-------- round 10 --------
2023-02-26 01:13:41,607 [MainThread] [INFO ]  --- start training ---
client: f0000008
--- local_update_loss : 1.33
client: f0000002
--- local_update_loss : 1.44
--- DML_update_loss(A model) with Client:f0000009: 1.81
--- DML_update_loss(A model) with Client:f0000001: 1.75
--------- test avarage ---------
--- All clients' test loss: 1.49
--- All clients' test acc: 45.60%
2023-02-26 01:15:39,818 [MainThread] [INFO ]  Server train time: 118.21109175682068
2023-02-26 01:15:39,819 [MainThread] [INFO ]  
-------- round 11 --------
2023-02-26 01:15:39,819 [MainThread] [INFO ]  --- start training ---
client: f0000007
--- local_update_loss : 1.41
client: f0000008
--- local_update_loss : 1.28
--- DML_update_loss(A model) with Client:f0000001: 1.75
--- DML_update_loss(A model) with Client:f0000009: 1.81
--------- test avarage ---------
--- All clients' test loss: 1.39
--- All clients' test acc: 47.17%
2023-02-26 01:17:37,423 [MainThread] [INFO ]  Server train time: 117.60365509986877
2023-02-26 01:17:37,424 [MainThread] [INFO ]  
-------- round 12 --------
2023-02-26 01:17:37,424 [MainThread] [INFO ]  --- start training ---
client: f0000005
--- local_update_loss : 1.51
client: f0000008
--- local_update_loss : 1.24
--- DML_update_loss(A model) with Client:f0000002: 1.74
--- DML_update_loss(A model) with Client:f0000000: 1.82
--------- test avarage ---------
--- All clients' test loss: 1.43
--- All clients' test acc: 46.62%
2023-02-26 01:19:35,195 [MainThread] [INFO ]  Server train time: 117.76991510391235
2023-02-26 01:19:35,196 [MainThread] [INFO ]  
-------- round 13 --------
2023-02-26 01:19:35,196 [MainThread] [INFO ]  --- start training ---
client: f0000003
--- local_update_loss : 1.41
client: f0000005
--- local_update_loss : 1.49
--- DML_update_loss(A model) with Client:f0000000: 1.82
--- DML_update_loss(A model) with Client:f0000007: 1.73
--------- test avarage ---------
--- All clients' test loss: 1.37
--- All clients' test acc: 50.03%
2023-02-26 01:21:33,310 [MainThread] [INFO ]  Server train time: 118.11417031288147
2023-02-26 01:21:33,311 [MainThread] [INFO ]  
-------- round 14 --------
2023-02-26 01:21:33,311 [MainThread] [INFO ]  --- start training ---
client: f0000003
--- local_update_loss : 1.37
client: f0000009
--- local_update_loss : 1.54
--- DML_update_loss(A model) with Client:f0000002: 1.73
--- DML_update_loss(A model) with Client:f0000006: 1.75
--------- test avarage ---------
--- All clients' test loss: 1.49
--- All clients' test acc: 45.40%
2023-02-26 01:23:31,332 [MainThread] [INFO ]  Server train time: 118.02043795585632
2023-02-26 01:23:31,333 [MainThread] [INFO ]  
-------- round 15 --------
2023-02-26 01:23:31,333 [MainThread] [INFO ]  --- start training ---
client: f0000002
--- local_update_loss : 1.42
client: f0000006
--- local_update_loss : 1.51
--- DML_update_loss(A model) with Client:f0000009: 1.81
--- DML_update_loss(A model) with Client:f0000008: 1.74
--------- test avarage ---------
--- All clients' test loss: 1.49
--- All clients' test acc: 45.25%
2023-02-26 01:25:29,013 [MainThread] [INFO ]  Server train time: 117.68030643463135
2023-02-26 01:25:29,014 [MainThread] [INFO ]  
-------- round 16 --------
2023-02-26 01:25:29,014 [MainThread] [INFO ]  --- start training ---
client: f0000006
--- local_update_loss : 1.48
client: f0000002
--- local_update_loss : 1.39
--- DML_update_loss(A model) with Client:f0000009: 1.82
--- DML_update_loss(A model) with Client:f0000007: 1.72
--------- test avarage ---------
--- All clients' test loss: 1.48
--- All clients' test acc: 44.38%
2023-02-26 01:27:26,937 [MainThread] [INFO ]  Server train time: 117.92230415344238
2023-02-26 01:27:26,938 [MainThread] [INFO ]  
-------- round 17 --------
2023-02-26 01:27:26,938 [MainThread] [INFO ]  --- start training ---
client: f0000007
--- local_update_loss : 1.40
client: f0000002
--- local_update_loss : 1.35
--- DML_update_loss(A model) with Client:f0000006: 1.76
--- DML_update_loss(A model) with Client:f0000009: 1.81
--------- test avarage ---------
--- All clients' test loss: 1.43
--- All clients' test acc: 46.58%
2023-02-26 01:29:24,397 [MainThread] [INFO ]  Server train time: 117.4585485458374
2023-02-26 01:29:24,398 [MainThread] [INFO ]  
-------- round 18 --------
2023-02-26 01:29:24,398 [MainThread] [INFO ]  --- start training ---
client: f0000007
--- local_update_loss : 1.36
client: f0000009
--- local_update_loss : 1.53
--- DML_update_loss(A model) with Client:f0000006: 1.75
--- DML_update_loss(A model) with Client:f0000005: 1.81
--------- test avarage ---------
--- All clients' test loss: 1.42
--- All clients' test acc: 45.72%
2023-02-26 01:31:21,956 [MainThread] [INFO ]  Server train time: 117.55762934684753
2023-02-26 01:31:21,957 [MainThread] [INFO ]  
-------- round 19 --------
2023-02-26 01:31:21,957 [MainThread] [INFO ]  --- start training ---
client: f0000001
--- local_update_loss : 1.48
client: f0000007
--- local_update_loss : 1.33
--- DML_update_loss(A model) with Client:f0000003: 1.70
--- DML_update_loss(A model) with Client:f0000000: 1.82
--------- test avarage ---------
--- All clients' test loss: 1.37
--- All clients' test acc: 48.57%
2023-02-26 01:33:19,711 [MainThread] [INFO ]  Server train time: 117.75361490249634
2023-02-26 01:33:19,721 [MainThread] [INFO ]  Model saved at /home/dengzhiling/.local/lib/python3.10/site-packages/easyfl/main/saved_models/_global_model_r_19.pth
2023-02-26 01:33:19,721 [MainThread] [INFO ]  
-------- round 20 --------
2023-02-26 01:33:19,721 [MainThread] [INFO ]  --- start training ---
client: f0000007
--- local_update_loss : 1.30
client: f0000001
--- local_update_loss : 1.46
--- DML_update_loss(A model) with Client:f0000005: 1.81
--- DML_update_loss(A model) with Client:f0000003: 1.70
--------- test avarage ---------
--- All clients' test loss: 1.72
--- All clients' test acc: 41.98%
2023-02-26 01:35:17,773 [MainThread] [INFO ]  Server train time: 118.0518970489502
2023-02-26 01:35:17,774 [MainThread] [INFO ]  
-------- round 21 --------
2023-02-26 01:35:17,774 [MainThread] [INFO ]  --- start training ---
client: f0000001
--- local_update_loss : 1.45
client: f0000002
--- local_update_loss : 1.31
--- DML_update_loss(A model) with Client:f0000009: 1.82
--- DML_update_loss(A model) with Client:f0000008: 1.71
--------- test avarage ---------
--- All clients' test loss: 1.42
--- All clients' test acc: 46.50%
2023-02-26 01:37:16,042 [MainThread] [INFO ]  Server train time: 118.26777839660645
2023-02-26 01:37:16,043 [MainThread] [INFO ]  
-------- round 22 --------
2023-02-26 01:37:16,043 [MainThread] [INFO ]  --- start training ---
client: f0000002
--- local_update_loss : 1.30
client: f0000001
--- local_update_loss : 1.41
--- DML_update_loss(A model) with Client:f0000009: 1.81
--- DML_update_loss(A model) with Client:f0000008: 1.71
--------- test avarage ---------
--- All clients' test loss: 1.42
--- All clients' test acc: 46.95%
2023-02-26 01:39:13,893 [MainThread] [INFO ]  Server train time: 117.84966707229614
2023-02-26 01:39:13,894 [MainThread] [INFO ]  
-------- round 23 --------
2023-02-26 01:39:13,894 [MainThread] [INFO ]  --- start training ---
client: f0000005
--- local_update_loss : 1.51
client: f0000008
--- local_update_loss : 1.40
--- DML_update_loss(A model) with Client:f0000000: 1.82
--- DML_update_loss(A model) with Client:f0000006: 1.75
--------- test avarage ---------
--- All clients' test loss: 1.43
--- All clients' test acc: 45.03%
2023-02-26 01:41:11,734 [MainThread] [INFO ]  Server train time: 117.83915066719055
2023-02-26 01:41:11,735 [MainThread] [INFO ]  
-------- round 24 --------
2023-02-26 01:41:11,735 [MainThread] [INFO ]  --- start training ---
client: f0000009
--- local_update_loss : 1.53
client: f0000004
--- local_update_loss : 1.55
--- DML_update_loss(A model) with Client:f0000005: 1.81
--- DML_update_loss(A model) with Client:f0000000: 1.82
--------- test avarage ---------
--- All clients' test loss: 1.49
--- All clients' test acc: 45.87%
2023-02-26 01:43:09,830 [MainThread] [INFO ]  Server train time: 118.09494662284851
2023-02-26 01:43:09,831 [MainThread] [INFO ]  
-------- round 25 --------
2023-02-26 01:43:09,831 [MainThread] [INFO ]  --- start training ---
client: f0000005
--- local_update_loss : 1.52
client: f0000001
--- local_update_loss : 1.38
--- DML_update_loss(A model) with Client:f0000004: 1.82
--- DML_update_loss(A model) with Client:f0000008: 1.71
--------- test avarage ---------
--- All clients' test loss: 1.38
--- All clients' test acc: 47.82%
2023-02-26 01:45:07,464 [MainThread] [INFO ]  Server train time: 117.63255715370178
2023-02-26 01:45:07,465 [MainThread] [INFO ]  
-------- round 26 --------
2023-02-26 01:45:07,465 [MainThread] [INFO ]  --- start training ---
client: f0000008
--- local_update_loss : 1.39
client: f0000004
--- local_update_loss : 1.54
--- DML_update_loss(A model) with Client:f0000006: 1.75
--- DML_update_loss(A model) with Client:f0000002: 1.76
--------- test avarage ---------
--- All clients' test loss: 1.54
--- All clients' test acc: 43.58%
2023-02-26 01:47:05,000 [MainThread] [INFO ]  Server train time: 117.53452682495117
2023-02-26 01:47:05,000 [MainThread] [INFO ]  
-------- round 27 --------
2023-02-26 01:47:05,000 [MainThread] [INFO ]  --- start training ---
client: f0000004
--- local_update_loss : 1.51
client: f0000002
--- local_update_loss : 1.40
--- DML_update_loss(A model) with Client:f0000009: 1.82
--- DML_update_loss(A model) with Client:f0000006: 1.75
--------- test avarage ---------
--- All clients' test loss: 1.57
--- All clients' test acc: 42.12%
2023-02-26 01:49:02,297 [MainThread] [INFO ]  Server train time: 117.29602122306824
2023-02-26 01:49:02,298 [MainThread] [INFO ]  
-------- round 28 --------
2023-02-26 01:49:02,298 [MainThread] [INFO ]  --- start training ---
client: f0000009
--- local_update_loss : 1.53
client: f0000002
--- local_update_loss : 1.36
--- DML_update_loss(A model) with Client:f0000007: 1.74
--- DML_update_loss(A model) with Client:f0000005: 1.82
--------- test avarage ---------
--- All clients' test loss: 1.52
--- All clients' test acc: 45.50%
2023-02-26 01:51:00,469 [MainThread] [INFO ]  Server train time: 118.17042398452759
2023-02-26 01:51:00,469 [MainThread] [INFO ]  
-------- round 29 --------
2023-02-26 01:51:00,470 [MainThread] [INFO ]  --- start training ---
client: f0000008
--- local_update_loss : 1.36
client: f0000006
--- local_update_loss : 1.50
--- DML_update_loss(A model) with Client:f0000009: 1.81
--- DML_update_loss(A model) with Client:f0000002: 1.75
--------- test avarage ---------
--- All clients' test loss: 1.41
--- All clients' test acc: 47.98%
2023-02-26 01:52:57,113 [MainThread] [INFO ]  Server train time: 116.64276075363159
2023-02-26 01:52:57,122 [MainThread] [INFO ]  Model saved at /home/dengzhiling/.local/lib/python3.10/site-packages/easyfl/main/saved_models/_global_model_r_29.pth
2023-02-26 01:52:57,122 [MainThread] [INFO ]  
-------- round 30 --------
2023-02-26 01:52:57,122 [MainThread] [INFO ]  --- start training ---
client: f0000000
--- local_update_loss : 1.55
client: f0000001
--- local_update_loss : 1.37
--- DML_update_loss(A model) with Client:f0000007: 1.72
--- DML_update_loss(A model) with Client:f0000009: 1.81
--------- test avarage ---------
--- All clients' test loss: 1.42
--- All clients' test acc: 46.98%
2023-02-26 01:54:55,244 [MainThread] [INFO ]  Server train time: 118.12114095687866
2023-02-26 01:54:55,244 [MainThread] [INFO ]  
-------- round 31 --------
2023-02-26 01:54:55,244 [MainThread] [INFO ]  --- start training ---
client: f0000004
--- local_update_loss : 1.47
client: f0000001
--- local_update_loss : 1.35
--- DML_update_loss(A model) with Client:f0000007: 1.72
--- DML_update_loss(A model) with Client:f0000000: 1.83
--------- test avarage ---------
--- All clients' test loss: 1.54
--- All clients' test acc: 45.15%
2023-02-26 01:56:52,295 [MainThread] [INFO ]  Server train time: 117.04972505569458
2023-02-26 01:56:52,295 [MainThread] [INFO ]  
-------- round 32 --------
2023-02-26 01:56:52,295 [MainThread] [INFO ]  --- start training ---
client: f0000009
--- local_update_loss : 1.52
client: f0000001
--- local_update_loss : 1.34
--- DML_update_loss(A model) with Client:f0000002: 1.73
--- DML_update_loss(A model) with Client:f0000005: 1.81
--------- test avarage ---------
--- All clients' test loss: 1.55
--- All clients' test acc: 44.93%
2023-02-26 01:58:49,948 [MainThread] [INFO ]  Server train time: 117.65194439888
2023-02-26 01:58:49,949 [MainThread] [INFO ]  
-------- round 33 --------
2023-02-26 01:58:49,949 [MainThread] [INFO ]  --- start training ---
client: f0000008
--- local_update_loss : 1.33
client: f0000003
--- local_update_loss : 1.39
--- DML_update_loss(A model) with Client:f0000000: 1.82
--- DML_update_loss(A model) with Client:f0000006: 1.76
--------- test avarage ---------
--- All clients' test loss: 1.45
--- All clients' test acc: 46.00%
2023-02-26 02:00:48,147 [MainThread] [INFO ]  Server train time: 118.1978669166565
2023-02-26 02:00:48,148 [MainThread] [INFO ]  
-------- round 34 --------
2023-02-26 02:00:48,148 [MainThread] [INFO ]  --- start training ---
client: f0000000
--- local_update_loss : 1.54
client: f0000009
--- local_update_loss : 1.50
--- DML_update_loss(A model) with Client:f0000003: 1.70
--- DML_update_loss(A model) with Client:f0000006: 1.75
--------- test avarage ---------
--- All clients' test loss: 1.45
--- All clients' test acc: 44.50%
2023-02-26 02:02:46,166 [MainThread] [INFO ]  Server train time: 118.01777005195618
2023-02-26 02:02:46,167 [MainThread] [INFO ]  
-------- round 35 --------
2023-02-26 02:02:46,167 [MainThread] [INFO ]  --- start training ---
client: f0000006
--- local_update_loss : 1.49
client: f0000002
--- local_update_loss : 1.41
--- DML_update_loss(A model) with Client:f0000005: 1.81
--- DML_update_loss(A model) with Client:f0000004: 1.83
--------- test avarage ---------
--- All clients' test loss: 1.46
--- All clients' test acc: 44.88%
2023-02-26 02:04:44,262 [MainThread] [INFO ]  Server train time: 118.09426021575928
2023-02-26 02:04:44,262 [MainThread] [INFO ]  
-------- round 36 --------
2023-02-26 02:04:44,263 [MainThread] [INFO ]  --- start training ---
client: f0000003
--- local_update_loss : 1.38
client: f0000009
--- local_update_loss : 1.47
--- DML_update_loss(A model) with Client:f0000007: 1.72
--- DML_update_loss(A model) with Client:f0000002: 1.74
--------- test avarage ---------
--- All clients' test loss: 1.37
--- All clients' test acc: 49.05%
2023-02-26 02:06:42,623 [MainThread] [INFO ]  Server train time: 118.36012768745422
2023-02-26 02:06:42,624 [MainThread] [INFO ]  
-------- round 37 --------
2023-02-26 02:06:42,624 [MainThread] [INFO ]  --- start training ---
client: f0000004
--- local_update_loss : 1.50
client: f0000009
--- local_update_loss : 1.44
--- DML_update_loss(A model) with Client:f0000007: 1.72
--- DML_update_loss(A model) with Client:f0000003: 1.70
--------- test avarage ---------
--- All clients' test loss: 1.48
--- All clients' test acc: 45.80%
2023-02-26 02:08:40,464 [MainThread] [INFO ]  Server train time: 117.83940029144287
2023-02-26 02:08:40,465 [MainThread] [INFO ]  
-------- round 38 --------
2023-02-26 02:08:40,465 [MainThread] [INFO ]  --- start training ---
client: f0000008
--- local_update_loss : 1.31
client: f0000000
--- local_update_loss : 1.52
--- DML_update_loss(A model) with Client:f0000003: 1.70
--- DML_update_loss(A model) with Client:f0000002: 1.73
--------- test avarage ---------
--- All clients' test loss: 1.49
--- All clients' test acc: 45.65%
2023-02-26 02:10:38,478 [MainThread] [INFO ]  Server train time: 118.01296663284302
2023-02-26 02:10:38,479 [MainThread] [INFO ]  
-------- round 39 --------
2023-02-26 02:10:38,479 [MainThread] [INFO ]  --- start training ---
client: f0000002
--- local_update_loss : 1.43
client: f0000001
--- local_update_loss : 1.32
--- DML_update_loss(A model) with Client:f0000007: 1.72
--- DML_update_loss(A model) with Client:f0000004: 1.82
--------- test avarage ---------
--- All clients' test loss: 1.43
--- All clients' test acc: 47.48%
2023-02-26 02:12:36,112 [MainThread] [INFO ]  Server train time: 117.63262033462524
2023-02-26 02:12:36,123 [MainThread] [INFO ]  Model saved at /home/dengzhiling/.local/lib/python3.10/site-packages/easyfl/main/saved_models/_global_model_r_39.pth
2023-02-26 02:12:36,123 [MainThread] [INFO ]  
-------- round 40 --------
2023-02-26 02:12:36,123 [MainThread] [INFO ]  --- start training ---
client: f0000004
--- local_update_loss : 1.53
client: f0000003
--- local_update_loss : 1.39
--- DML_update_loss(A model) with Client:f0000008: 1.73
--- DML_update_loss(A model) with Client:f0000000: 1.83
--------- test avarage ---------
--- All clients' test loss: 1.57
--- All clients' test acc: 43.20%
2023-02-26 02:14:34,040 [MainThread] [INFO ]  Server train time: 117.91640901565552
2023-02-26 02:14:34,041 [MainThread] [INFO ]  
-------- round 41 --------
2023-02-26 02:14:34,041 [MainThread] [INFO ]  --- start training ---
client: f0000005
--- local_update_loss : 1.52
client: f0000006
--- local_update_loss : 1.47
--- DML_update_loss(A model) with Client:f0000007: 1.72
--- DML_update_loss(A model) with Client:f0000001: 1.78
--------- test avarage ---------
--- All clients' test loss: 1.39
--- All clients' test acc: 47.10%
2023-02-26 02:16:31,669 [MainThread] [INFO ]  Server train time: 117.62784481048584
2023-02-26 02:16:31,670 [MainThread] [INFO ]  
-------- round 42 --------
2023-02-26 02:16:31,670 [MainThread] [INFO ]  --- start training ---
client: f0000008
--- local_update_loss : 1.39
client: f0000001
--- local_update_loss : 1.45
--- DML_update_loss(A model) with Client:f0000006: 1.76
--- DML_update_loss(A model) with Client:f0000007: 1.72
--------- test avarage ---------
--- All clients' test loss: 1.45
--- All clients' test acc: 44.70%
2023-02-26 02:18:29,748 [MainThread] [INFO ]  Server train time: 118.07721734046936
2023-02-26 02:18:29,749 [MainThread] [INFO ]  
-------- round 43 --------
2023-02-26 02:18:29,749 [MainThread] [INFO ]  --- start training ---
client: f0000003
--- local_update_loss : 1.35
client: f0000009
--- local_update_loss : 1.42
--- DML_update_loss(A model) with Client:f0000008: 1.71
--- DML_update_loss(A model) with Client:f0000007: 1.72
--------- test avarage ---------
--- All clients' test loss: 1.34
--- All clients' test acc: 50.45%
2023-02-26 02:20:28,277 [MainThread] [INFO ]  Server train time: 118.52802515029907
2023-02-26 02:20:28,278 [MainThread] [INFO ]  
-------- round 44 --------
2023-02-26 02:20:28,278 [MainThread] [INFO ]  --- start training ---
client: f0000002
--- local_update_loss : 1.40
client: f0000007
--- local_update_loss : 1.40
--- DML_update_loss(A model) with Client:f0000003: 1.71
--- DML_update_loss(A model) with Client:f0000006: 1.75
--------- test avarage ---------
--- All clients' test loss: 1.40
--- All clients' test acc: 47.18%
2023-02-26 02:22:26,175 [MainThread] [INFO ]  Server train time: 117.89583969116211
2023-02-26 02:22:26,175 [MainThread] [INFO ]  
-------- round 45 --------
2023-02-26 02:22:26,175 [MainThread] [INFO ]  --- start training ---
client: f0000002
--- local_update_loss : 1.35
client: f0000004
--- local_update_loss : 1.50
--- DML_update_loss(A model) with Client:f0000009: 1.83
--- DML_update_loss(A model) with Client:f0000006: 1.75
--------- test avarage ---------
--- All clients' test loss: 1.52
--- All clients' test acc: 43.27%
2023-02-26 02:24:24,015 [MainThread] [INFO ]  Server train time: 117.83943057060242
2023-02-26 02:24:24,016 [MainThread] [INFO ]  
-------- round 46 --------
2023-02-26 02:24:24,016 [MainThread] [INFO ]  --- start training ---
client: f0000007
--- local_update_loss : 1.36
client: f0000000
--- local_update_loss : 1.54
--- DML_update_loss(A model) with Client:f0000003: 1.70
--- DML_update_loss(A model) with Client:f0000001: 1.76
--------- test avarage ---------
--- All clients' test loss: 1.43
--- All clients' test acc: 46.38%
2023-02-26 02:26:21,788 [MainThread] [INFO ]  Server train time: 117.77130937576294
2023-02-26 02:26:21,789 [MainThread] [INFO ]  
-------- round 47 --------
2023-02-26 02:26:21,789 [MainThread] [INFO ]  --- start training ---
client: f0000002
--- local_update_loss : 1.33
client: f0000001
--- local_update_loss : 1.47
--- DML_update_loss(A model) with Client:f0000000: 1.83
Traceback (most recent call last):
  File "/home/dengzhiling/.local/lib/python3.10/site-packages/easyfl/main/main.py", line 26, in <module>
    easyfl.run()
  File "/home/dengzhiling/.local/lib/python3.10/site-packages/easyfl/coordinator.py", line 390, in run
    _global_coord.run()
  File "/home/dengzhiling/.local/lib/python3.10/site-packages/easyfl/coordinator.py", line 80, in run
    self.server.start(self.model, self.clients)
  File "/home/dengzhiling/.local/lib/python3.10/site-packages/easyfl/server/base.py", line 164, in start
    self.train()
  File "/home/dengzhiling/.local/lib/python3.10/site-packages/easyfl/server/base.py", line 200, in train
    self.distribution_to_train()
  File "/home/dengzhiling/.local/lib/python3.10/site-packages/easyfl/server/base.py", line 347, in distribution_to_train
    self.distribution_to_train_locally()
  File "/home/dengzhiling/.local/lib/python3.10/site-packages/easyfl/main/CustomizeServer.py", line 89, in distribution_to_train_locally
    client.run_train(model, self.conf.client, train_local_only=False)
  File "/home/dengzhiling/.local/lib/python3.10/site-packages/easyfl/main/CustomizedClient.py", line 154, in run_train
    self.train(conf, self.device, train_local_only) # 只修改了这里
  File "/home/dengzhiling/.local/lib/python3.10/site-packages/easyfl/main/CustomizedClient.py", line 142, in train
    self.train_DML(conf, device)
  File "/home/dengzhiling/.local/lib/python3.10/site-packages/easyfl/main/CustomizedClient.py", line 85, in train_DML
    for data, label in train_loader:
  File "/home/dengzhiling/.local/lib/python3.10/site-packages/torch/utils/data/dataloader.py", line 628, in __next__
    data = self._next_data()
  File "/home/dengzhiling/.local/lib/python3.10/site-packages/torch/utils/data/dataloader.py", line 671, in _next_data
    data = self._dataset_fetcher.fetch(index)  # may raise StopIteration
  File "/home/dengzhiling/.local/lib/python3.10/site-packages/torch/utils/data/_utils/fetch.py", line 58, in fetch
    data = [self.dataset[idx] for idx in possibly_batched_index]
  File "/home/dengzhiling/.local/lib/python3.10/site-packages/torch/utils/data/_utils/fetch.py", line 58, in <listcomp>
    data = [self.dataset[idx] for idx in possibly_batched_index]
  File "/home/dengzhiling/.local/lib/python3.10/site-packages/easyfl/datasets/dataset_util.py", line 41, in __getitem__
    sample = self.transform_x(sample)
  File "/home/dengzhiling/.local/lib/python3.10/site-packages/torchvision/transforms/transforms.py", line 95, in __call__
    img = t(img)
  File "/home/dengzhiling/.local/lib/python3.10/site-packages/torchvision/transforms/transforms.py", line 135, in __call__
    return F.to_tensor(pic)
  File "/home/dengzhiling/.local/lib/python3.10/site-packages/torchvision/transforms/functional.py", line 163, in to_tensor
    img = torch.from_numpy(np.array(pic, mode_to_nptype.get(pic.mode, np.uint8), copy=True))
KeyboardInterrupt
