2023-02-26 00:55:25,552 [MainThread] [INFO ]  Configurations: {'task_id': '', 'data': {'root': './data/', 'dataset': 'cifar10', 'split_type': 'class', 'min_size': 10, 'data_amount': 0.05, 'iid_fraction': 0.1, 'user': False, 'train_test_split': 0.8, 'class_per_client': 8, 'num_of_clients': 10, 'alpha': 0.2, 'weights': None}, 'model': 'simple_cnn', 'test_mode': 'test_in_client', 'test_method': 'average', 'server': {'track': False, 'rounds': 2000, 'clients_per_round': 2, 'test_every': 1, 'save_model_every': 10, 'save_model_path': '', 'batch_size': 64, 'test_all': True, 'random_selection': True, 'aggregation_stragtegy': 'EQUAL_AVERAGE', 'aggregation_content': 'all'}, 'client': {'track': False, 'batch_size': 200, 'test_batch_size': 5, 'local_epoch': 10, 'optimizer': {'type': 'SGD', 'lr': 0.01, 'momentum': 0.5, 'weight_decay': 0.0005, 'nesterov': True}, 'seed': 0, 'local_test': True}, 'gpu': 1, 'distributed': {'backend': 'nccl', 'init_method': '', 'world_size': 0, 'rank': 0, 'local_rank': 0}, 'tracking': {'database': '', 'log_file': '', 'log_level': 'INFO', 'metric_file': '', 'save_every': 1}, 'resource_heterogeneous': {'simulate': False, 'hetero_type': 'real', 'level': 3, 'sleep_group_num': 1000, 'total_time': 1000, 'fraction': 1, 'grouping_strategy': 'greedy', 'initial_default_time': 5, 'default_time_momentum': 0.2}, 'seed': 0, 'is_distributed': False, 'device': 0}
2023-02-26 00:55:25,650 [MainThread] [INFO ]  Total training data amount: 50000
2023-02-26 00:55:25,650 [MainThread] [INFO ]  Total testing data amount: 10000
local_batch_size: 128, DML_batch_size: 32, local_epoch: 5, DML_epoch: 15, alpha: 1, beta: 1, DML_lr: 0.005
local_batch_size: 128, DML_batch_size: 32, local_epoch: 5, DML_epoch: 15, alpha: 1, beta: 1, DML_lr: 0.005
local_batch_size: 128, DML_batch_size: 32, local_epoch: 5, DML_epoch: 15, alpha: 1, beta: 1, DML_lr: 0.005
local_batch_size: 128, DML_batch_size: 32, local_epoch: 5, DML_epoch: 15, alpha: 1, beta: 1, DML_lr: 0.005
local_batch_size: 128, DML_batch_size: 32, local_epoch: 5, DML_epoch: 15, alpha: 1, beta: 1, DML_lr: 0.005
local_batch_size: 128, DML_batch_size: 32, local_epoch: 5, DML_epoch: 15, alpha: 1, beta: 1, DML_lr: 0.005
local_batch_size: 128, DML_batch_size: 32, local_epoch: 5, DML_epoch: 15, alpha: 1, beta: 1, DML_lr: 0.005
local_batch_size: 128, DML_batch_size: 32, local_epoch: 5, DML_epoch: 15, alpha: 1, beta: 1, DML_lr: 0.005
local_batch_size: 128, DML_batch_size: 32, local_epoch: 5, DML_epoch: 15, alpha: 1, beta: 1, DML_lr: 0.005
local_batch_size: 128, DML_batch_size: 32, local_epoch: 5, DML_epoch: 15, alpha: 1, beta: 1, DML_lr: 0.005
2023-02-26 00:55:25,686 [MainThread] [INFO ]  Clients in total: 10
2023-02-26 00:55:25,729 [MainThread] [INFO ]  
-------- round 0 --------
2023-02-26 00:55:25,729 [MainThread] [INFO ]  --- start training ---
client: f0000002
--- local_update_loss : 2.03
client: f0000008
--- local_update_loss : 2.12
--- DML_update_loss(A model) with Client:f0000005: 1.83
--- DML_update_loss(A model) with Client:f0000006: 1.77
--------- test avarage ---------
--- All clients' test loss: 1.71
--- All clients' test acc: 33.58%
2023-02-26 00:58:02,124 [MainThread] [INFO ]  Server train time: 156.39425945281982
2023-02-26 00:58:02,125 [MainThread] [INFO ]  
-------- round 1 --------
2023-02-26 00:58:02,125 [MainThread] [INFO ]  --- start training ---
client: f0000002
--- local_update_loss : 1.80
client: f0000009
--- local_update_loss : 2.10
--- DML_update_loss(A model) with Client:f0000004: 1.82
--- DML_update_loss(A model) with Client:f0000005: 1.73
--------- test avarage ---------
--- All clients' test loss: 1.66
--- All clients' test acc: 35.83%
2023-02-26 01:00:36,878 [MainThread] [INFO ]  Server train time: 154.75215601921082
2023-02-26 01:00:36,879 [MainThread] [INFO ]  
-------- round 2 --------
2023-02-26 01:00:36,879 [MainThread] [INFO ]  --- start training ---
client: f0000004
--- local_update_loss : 1.56
client: f0000001
--- local_update_loss : 2.10
--- DML_update_loss(A model) with Client:f0000006: 1.67
--- DML_update_loss(A model) with Client:f0000005: 1.72
--------- test avarage ---------
--- All clients' test loss: 1.51
--- All clients' test acc: 41.92%
2023-02-26 01:03:13,005 [MainThread] [INFO ]  Server train time: 156.12614512443542
2023-02-26 01:03:13,006 [MainThread] [INFO ]  
-------- round 3 --------
2023-02-26 01:03:13,006 [MainThread] [INFO ]  --- start training ---
client: f0000005
--- local_update_loss : 1.45
client: f0000004
--- local_update_loss : 1.51
--- DML_update_loss(A model) with Client:f0000008: 1.68
--- DML_update_loss(A model) with Client:f0000001: 1.73
--------- test avarage ---------
--- All clients' test loss: 1.44
--- All clients' test acc: 45.58%
2023-02-26 01:05:48,973 [MainThread] [INFO ]  Server train time: 155.96688318252563
2023-02-26 01:05:48,974 [MainThread] [INFO ]  
-------- round 4 --------
2023-02-26 01:05:48,974 [MainThread] [INFO ]  --- start training ---
client: f0000003
--- local_update_loss : 2.08
client: f0000008
--- local_update_loss : 1.43
--- DML_update_loss(A model) with Client:f0000004: 1.74
--- DML_update_loss(A model) with Client:f0000002: 1.69
--------- test avarage ---------
--- All clients' test loss: 1.54
--- All clients' test acc: 42.62%
2023-02-26 01:08:23,483 [MainThread] [INFO ]  Server train time: 154.50819182395935
2023-02-26 01:08:23,484 [MainThread] [INFO ]  
-------- round 5 --------
2023-02-26 01:08:23,484 [MainThread] [INFO ]  --- start training ---
client: f0000009
--- local_update_loss : 1.88
client: f0000005
--- local_update_loss : 1.43
--- DML_update_loss(A model) with Client:f0000007: 1.73
--- DML_update_loss(A model) with Client:f0000008: 1.62
--------- test avarage ---------
--- All clients' test loss: 1.56
--- All clients' test acc: 42.55%
2023-02-26 01:10:58,081 [MainThread] [INFO ]  Server train time: 154.5963408946991
2023-02-26 01:10:58,081 [MainThread] [INFO ]  
-------- round 6 --------
2023-02-26 01:10:58,081 [MainThread] [INFO ]  --- start training ---
client: f0000008
--- local_update_loss : 1.32
client: f0000001
--- local_update_loss : 1.48
--- DML_update_loss(A model) with Client:f0000007: 1.63
--- DML_update_loss(A model) with Client:f0000009: 1.77
--------- test avarage ---------
--- All clients' test loss: 1.31
--- All clients' test acc: 49.80%
2023-02-26 01:13:34,095 [MainThread] [INFO ]  Server train time: 156.01311206817627
2023-02-26 01:13:34,096 [MainThread] [INFO ]  
-------- round 7 --------
2023-02-26 01:13:34,096 [MainThread] [INFO ]  --- start training ---
client: f0000008
--- local_update_loss : 1.29
client: f0000005
--- local_update_loss : 1.41
--- DML_update_loss(A model) with Client:f0000006: 1.68
--- DML_update_loss(A model) with Client:f0000000: 1.83
--------- test avarage ---------
--- All clients' test loss: 1.36
--- All clients' test acc: 48.67%
2023-02-26 01:16:08,193 [MainThread] [INFO ]  Server train time: 154.09627985954285
2023-02-26 01:16:08,194 [MainThread] [INFO ]  
-------- round 8 --------
2023-02-26 01:16:08,194 [MainThread] [INFO ]  --- start training ---
client: f0000008
--- local_update_loss : 1.28
client: f0000006
--- local_update_loss : 1.44
--- DML_update_loss(A model) with Client:f0000001: 1.67
--- DML_update_loss(A model) with Client:f0000002: 1.64
--------- test avarage ---------
--- All clients' test loss: 1.36
--- All clients' test acc: 48.12%
2023-02-26 01:18:43,300 [MainThread] [INFO ]  Server train time: 155.10617589950562
2023-02-26 01:18:43,301 [MainThread] [INFO ]  
-------- round 9 --------
2023-02-26 01:18:43,301 [MainThread] [INFO ]  --- start training ---
client: f0000008
--- local_update_loss : 1.25
client: f0000004
--- local_update_loss : 1.46
--- DML_update_loss(A model) with Client:f0000002: 1.64
--- DML_update_loss(A model) with Client:f0000007: 1.63
--------- test avarage ---------
--- All clients' test loss: 1.24
--- All clients' test acc: 55.00%
2023-02-26 01:21:18,131 [MainThread] [INFO ]  Server train time: 154.82953548431396
2023-02-26 01:21:18,141 [MainThread] [INFO ]  Model saved at /home/dengzhiling/.local/lib/python3.10/site-packages/easyfl/main/saved_models/_global_model_r_9.pth
2023-02-26 01:21:18,141 [MainThread] [INFO ]  
-------- round 10 --------
2023-02-26 01:21:18,141 [MainThread] [INFO ]  --- start training ---
client: f0000008
--- local_update_loss : 1.22
client: f0000002
--- local_update_loss : 1.32
--- DML_update_loss(A model) with Client:f0000000: 1.74
--- DML_update_loss(A model) with Client:f0000005: 1.74
--------- test avarage ---------
--- All clients' test loss: 1.31
--- All clients' test acc: 52.33%
2023-02-26 01:23:52,490 [MainThread] [INFO ]  Server train time: 154.34880924224854
2023-02-26 01:23:52,491 [MainThread] [INFO ]  
-------- round 11 --------
2023-02-26 01:23:52,491 [MainThread] [INFO ]  --- start training ---
client: f0000007
--- local_update_loss : 1.31
client: f0000008
--- local_update_loss : 1.20
--- DML_update_loss(A model) with Client:f0000003: 1.67
--- DML_update_loss(A model) with Client:f0000005: 1.73
--------- test avarage ---------
--- All clients' test loss: 1.43
--- All clients' test acc: 47.12%
2023-02-26 01:26:26,957 [MainThread] [INFO ]  Server train time: 154.46557664871216
2023-02-26 01:26:26,958 [MainThread] [INFO ]  
-------- round 12 --------
2023-02-26 01:26:26,958 [MainThread] [INFO ]  --- start training ---
client: f0000005
--- local_update_loss : 1.43
client: f0000008
--- local_update_loss : 1.18
--- DML_update_loss(A model) with Client:f0000001: 1.68
--- DML_update_loss(A model) with Client:f0000009: 1.73
--------- test avarage ---------
--- All clients' test loss: 1.39
--- All clients' test acc: 47.33%
2023-02-26 01:29:02,497 [MainThread] [INFO ]  Server train time: 155.53807640075684
2023-02-26 01:29:02,498 [MainThread] [INFO ]  
-------- round 13 --------
2023-02-26 01:29:02,498 [MainThread] [INFO ]  --- start training ---
client: f0000003
--- local_update_loss : 1.41
client: f0000005
--- local_update_loss : 1.42
--- DML_update_loss(A model) with Client:f0000009: 1.74
--- DML_update_loss(A model) with Client:f0000006: 1.68
--------- test avarage ---------
--- All clients' test loss: 1.46
--- All clients' test acc: 46.35%
2023-02-26 01:31:37,120 [MainThread] [INFO ]  Server train time: 154.62180590629578
2023-02-26 01:31:37,121 [MainThread] [INFO ]  
-------- round 14 --------
2023-02-26 01:31:37,121 [MainThread] [INFO ]  --- start training ---
client: f0000003
--- local_update_loss : 1.37
client: f0000009
--- local_update_loss : 1.45
--- DML_update_loss(A model) with Client:f0000001: 1.67
--- DML_update_loss(A model) with Client:f0000000: 1.74
--------- test avarage ---------
--- All clients' test loss: 1.47
--- All clients' test acc: 45.05%
2023-02-26 01:34:12,123 [MainThread] [INFO ]  Server train time: 155.00150990486145
2023-02-26 01:34:12,124 [MainThread] [INFO ]  
-------- round 15 --------
2023-02-26 01:34:12,124 [MainThread] [INFO ]  --- start training ---
client: f0000002
--- local_update_loss : 1.29
client: f0000006
--- local_update_loss : 1.41
--- DML_update_loss(A model) with Client:f0000000: 1.74
--- DML_update_loss(A model) with Client:f0000004: 1.74
--------- test avarage ---------
--- All clients' test loss: 1.41
--- All clients' test acc: 48.73%
2023-02-26 01:36:46,648 [MainThread] [INFO ]  Server train time: 154.52418208122253
2023-02-26 01:36:46,649 [MainThread] [INFO ]  
-------- round 16 --------
2023-02-26 01:36:46,649 [MainThread] [INFO ]  --- start training ---
client: f0000006
--- local_update_loss : 1.41
client: f0000002
--- local_update_loss : 1.27
--- DML_update_loss(A model) with Client:f0000000: 1.74
--- DML_update_loss(A model) with Client:f0000003: 1.61
--------- test avarage ---------
--- All clients' test loss: 1.33
--- All clients' test acc: 50.05%
2023-02-26 01:39:22,256 [MainThread] [INFO ]  Server train time: 155.6062593460083
2023-02-26 01:39:22,257 [MainThread] [INFO ]  
-------- round 17 --------
2023-02-26 01:39:22,257 [MainThread] [INFO ]  --- start training ---
client: f0000007
--- local_update_loss : 1.28
client: f0000002
--- local_update_loss : 1.26
--- DML_update_loss(A model) with Client:f0000005: 1.74
--- DML_update_loss(A model) with Client:f0000008: 1.65
--------- test avarage ---------
--- All clients' test loss: 1.24
--- All clients' test acc: 54.65%
2023-02-26 01:41:56,377 [MainThread] [INFO ]  Server train time: 154.1202290058136
2023-02-26 01:41:56,378 [MainThread] [INFO ]  
-------- round 18 --------
2023-02-26 01:41:56,378 [MainThread] [INFO ]  --- start training ---
client: f0000007
--- local_update_loss : 1.26
client: f0000009
--- local_update_loss : 1.43
--- DML_update_loss(A model) with Client:f0000005: 1.73
--- DML_update_loss(A model) with Client:f0000004: 1.73
--------- test avarage ---------
--- All clients' test loss: 1.42
--- All clients' test acc: 48.00%
2023-02-26 01:44:30,444 [MainThread] [INFO ]  Server train time: 154.06539607048035
2023-02-26 01:44:30,445 [MainThread] [INFO ]  
-------- round 19 --------
2023-02-26 01:44:30,445 [MainThread] [INFO ]  --- start training ---
client: f0000001
--- local_update_loss : 1.40
client: f0000007
--- local_update_loss : 1.21
--- DML_update_loss(A model) with Client:f0000005: 1.73
--- DML_update_loss(A model) with Client:f0000009: 1.74
--------- test avarage ---------
--- All clients' test loss: 1.34
--- All clients' test acc: 50.22%
2023-02-26 01:47:05,114 [MainThread] [INFO ]  Server train time: 154.66842079162598
2023-02-26 01:47:05,123 [MainThread] [INFO ]  Model saved at /home/dengzhiling/.local/lib/python3.10/site-packages/easyfl/main/saved_models/_global_model_r_19.pth
2023-02-26 01:47:05,124 [MainThread] [INFO ]  
-------- round 20 --------
2023-02-26 01:47:05,124 [MainThread] [INFO ]  --- start training ---
client: f0000007
--- local_update_loss : 1.20
client: f0000001
--- local_update_loss : 1.39
--- DML_update_loss(A model) with Client:f0000000: 1.75
--- DML_update_loss(A model) with Client:f0000005: 1.73
--------- test avarage ---------
--- All clients' test loss: 1.37
--- All clients' test acc: 48.30%
2023-02-26 01:49:40,032 [MainThread] [INFO ]  Server train time: 154.90803623199463
2023-02-26 01:49:40,033 [MainThread] [INFO ]  
-------- round 21 --------
2023-02-26 01:49:40,033 [MainThread] [INFO ]  --- start training ---
client: f0000001
--- local_update_loss : 1.37
client: f0000002
--- local_update_loss : 1.24
--- DML_update_loss(A model) with Client:f0000008: 1.63
--- DML_update_loss(A model) with Client:f0000007: 1.65
--------- test avarage ---------
--- All clients' test loss: 1.21
--- All clients' test acc: 54.75%
2023-02-26 01:52:15,148 [MainThread] [INFO ]  Server train time: 155.1143138408661
2023-02-26 01:52:15,149 [MainThread] [INFO ]  
-------- round 22 --------
2023-02-26 01:52:15,149 [MainThread] [INFO ]  --- start training ---
client: f0000002
--- local_update_loss : 1.21
client: f0000001
--- local_update_loss : 1.34
--- DML_update_loss(A model) with Client:f0000008: 1.62
--- DML_update_loss(A model) with Client:f0000007: 1.63
--------- test avarage ---------
--- All clients' test loss: 1.41
--- All clients' test acc: 50.38%
2023-02-26 01:54:52,304 [MainThread] [INFO ]  Server train time: 157.1548535823822
2023-02-26 01:54:52,305 [MainThread] [INFO ]  
-------- round 23 --------
2023-02-26 01:54:52,305 [MainThread] [INFO ]  --- start training ---
client: f0000005
--- local_update_loss : 1.44
client: f0000008
--- local_update_loss : 1.31
--- DML_update_loss(A model) with Client:f0000009: 1.73
--- DML_update_loss(A model) with Client:f0000007: 1.63
--------- test avarage ---------
--- All clients' test loss: 1.28
--- All clients' test acc: 50.75%
2023-02-26 01:57:27,948 [MainThread] [INFO ]  Server train time: 155.64310812950134
2023-02-26 01:57:27,949 [MainThread] [INFO ]  
-------- round 24 --------
2023-02-26 01:57:27,949 [MainThread] [INFO ]  --- start training ---
client: f0000009
--- local_update_loss : 1.44
client: f0000004
--- local_update_loss : 1.44
--- DML_update_loss(A model) with Client:f0000007: 1.63
--- DML_update_loss(A model) with Client:f0000006: 1.69
--------- test avarage ---------
--- All clients' test loss: 1.38
--- All clients' test acc: 49.12%
2023-02-26 02:00:03,128 [MainThread] [INFO ]  Server train time: 155.17875051498413
2023-02-26 02:00:03,129 [MainThread] [INFO ]  
-------- round 25 --------
2023-02-26 02:00:03,129 [MainThread] [INFO ]  --- start training ---
client: f0000005
--- local_update_loss : 1.42
client: f0000001
--- local_update_loss : 1.34
--- DML_update_loss(A model) with Client:f0000003: 1.61
--- DML_update_loss(A model) with Client:f0000007: 1.63
--------- test avarage ---------
--- All clients' test loss: 1.38
--- All clients' test acc: 49.55%
2023-02-26 02:02:37,946 [MainThread] [INFO ]  Server train time: 154.815984249115
2023-02-26 02:02:37,946 [MainThread] [INFO ]  
-------- round 26 --------
2023-02-26 02:02:37,946 [MainThread] [INFO ]  --- start training ---
client: f0000008
--- local_update_loss : 1.28
client: f0000004
--- local_update_loss : 1.41
--- DML_update_loss(A model) with Client:f0000002: 1.67
--- DML_update_loss(A model) with Client:f0000001: 1.69
--------- test avarage ---------
--- All clients' test loss: 1.41
--- All clients' test acc: 47.62%
2023-02-26 02:05:12,970 [MainThread] [INFO ]  Server train time: 155.02270460128784
2023-02-26 02:05:12,970 [MainThread] [INFO ]  
-------- round 27 --------
2023-02-26 02:05:12,970 [MainThread] [INFO ]  --- start training ---
client: f0000004
--- local_update_loss : 1.39
client: f0000002
--- local_update_loss : 1.30
--- DML_update_loss(A model) with Client:f0000008: 1.64
--- DML_update_loss(A model) with Client:f0000005: 1.74
--------- test avarage ---------
--- All clients' test loss: 1.30
--- All clients' test acc: 51.50%
2023-02-26 02:07:48,080 [MainThread] [INFO ]  Server train time: 155.10939002037048
2023-02-26 02:07:48,081 [MainThread] [INFO ]  
-------- round 28 --------
2023-02-26 02:07:48,081 [MainThread] [INFO ]  --- start training ---
client: f0000009
--- local_update_loss : 1.40
client: f0000002
--- local_update_loss : 1.27
--- DML_update_loss(A model) with Client:f0000003: 1.61
--- DML_update_loss(A model) with Client:f0000001: 1.68
--------- test avarage ---------
--- All clients' test loss: 1.39
--- All clients' test acc: 49.05%
2023-02-26 02:10:23,521 [MainThread] [INFO ]  Server train time: 155.43987679481506
2023-02-26 02:10:23,522 [MainThread] [INFO ]  
-------- round 29 --------
2023-02-26 02:10:23,522 [MainThread] [INFO ]  --- start training ---
client: f0000008
--- local_update_loss : 1.30
client: f0000006
--- local_update_loss : 1.41
--- DML_update_loss(A model) with Client:f0000000: 1.75
--- DML_update_loss(A model) with Client:f0000001: 1.68
--------- test avarage ---------
--- All clients' test loss: 1.31
--- All clients' test acc: 50.50%
2023-02-26 02:12:58,985 [MainThread] [INFO ]  Server train time: 155.46217393875122
2023-02-26 02:12:58,994 [MainThread] [INFO ]  Model saved at /home/dengzhiling/.local/lib/python3.10/site-packages/easyfl/main/saved_models/_global_model_r_29.pth
2023-02-26 02:12:58,994 [MainThread] [INFO ]  
-------- round 30 --------
2023-02-26 02:12:58,994 [MainThread] [INFO ]  --- start training ---
client: f0000000
--- local_update_loss : 1.47
client: f0000001
--- local_update_loss : 1.40
--- DML_update_loss(A model) with Client:f0000009: 1.74
--- DML_update_loss(A model) with Client:f0000003: 1.61
--------- test avarage ---------
--- All clients' test loss: 1.45
--- All clients' test acc: 46.57%
2023-02-26 02:15:34,789 [MainThread] [INFO ]  Server train time: 155.79413151741028
2023-02-26 02:15:34,789 [MainThread] [INFO ]  
-------- round 31 --------
2023-02-26 02:15:34,790 [MainThread] [INFO ]  --- start training ---
client: f0000004
--- local_update_loss : 1.37
client: f0000001
--- local_update_loss : 1.39
--- DML_update_loss(A model) with Client:f0000006: 1.69
--- DML_update_loss(A model) with Client:f0000009: 1.74
--------- test avarage ---------
--- All clients' test loss: 1.39
--- All clients' test acc: 47.38%
2023-02-26 02:18:09,978 [MainThread] [INFO ]  Server train time: 155.18787455558777
2023-02-26 02:18:09,979 [MainThread] [INFO ]  
-------- round 32 --------
2023-02-26 02:18:09,979 [MainThread] [INFO ]  --- start training ---
client: f0000009
--- local_update_loss : 1.43
client: f0000001
--- local_update_loss : 1.37
--- DML_update_loss(A model) with Client:f0000004: 1.75
--- DML_update_loss(A model) with Client:f0000007: 1.63
--------- test avarage ---------
--- All clients' test loss: 1.33
--- All clients' test acc: 50.95%
2023-02-26 02:20:44,730 [MainThread] [INFO ]  Server train time: 154.7507255077362
2023-02-26 02:20:44,731 [MainThread] [INFO ]  
-------- round 33 --------
2023-02-26 02:20:44,731 [MainThread] [INFO ]  --- start training ---
client: f0000008
--- local_update_loss : 1.27
client: f0000003
--- local_update_loss : 1.28
--- DML_update_loss(A model) with Client:f0000009: 1.73
--- DML_update_loss(A model) with Client:f0000007: 1.64
--------- test avarage ---------
--- All clients' test loss: 1.38
--- All clients' test acc: 50.90%
2023-02-26 02:23:19,847 [MainThread] [INFO ]  Server train time: 155.1153585910797
2023-02-26 02:23:19,847 [MainThread] [INFO ]  
-------- round 34 --------
2023-02-26 02:23:19,848 [MainThread] [INFO ]  --- start training ---
client: f0000000
--- local_update_loss : 1.44
client: f0000009
--- local_update_loss : 1.42
--- DML_update_loss(A model) with Client:f0000002: 1.66
--- DML_update_loss(A model) with Client:f0000005: 1.73
--------- test avarage ---------
--- All clients' test loss: 1.40
--- All clients' test acc: 48.88%
2023-02-26 02:25:55,275 [MainThread] [INFO ]  Server train time: 155.4274821281433
2023-02-26 02:25:55,276 [MainThread] [INFO ]  
-------- round 35 --------
2023-02-26 02:25:55,276 [MainThread] [INFO ]  --- start training ---
client: f0000006
--- local_update_loss : 1.42
client: f0000002
--- local_update_loss : 1.31
--- DML_update_loss(A model) with Client:f0000001: 1.68
--- DML_update_loss(A model) with Client:f0000008: 1.63
--------- test avarage ---------
--- All clients' test loss: 1.26
--- All clients' test acc: 52.07%
2023-02-26 02:28:29,922 [MainThread] [INFO ]  Server train time: 154.6448302268982
2023-02-26 02:28:29,922 [MainThread] [INFO ]  
-------- round 36 --------
2023-02-26 02:28:29,922 [MainThread] [INFO ]  --- start training ---
client: f0000003
--- local_update_loss : 1.25
client: f0000009
--- local_update_loss : 1.41
--- DML_update_loss(A model) with Client:f0000008: 1.63
--- DML_update_loss(A model) with Client:f0000001: 1.68
--------- test avarage ---------
--- All clients' test loss: 1.41
--- All clients' test acc: 49.12%
2023-02-26 02:31:12,068 [MainThread] [INFO ]  Server train time: 162.14513659477234
2023-02-26 02:31:12,069 [MainThread] [INFO ]  
-------- round 37 --------
2023-02-26 02:31:12,069 [MainThread] [INFO ]  --- start training ---
client: f0000004
--- local_update_loss : 1.43
client: f0000009
--- local_update_loss : 1.38
--- DML_update_loss(A model) with Client:f0000003: 1.62
--- DML_update_loss(A model) with Client:f0000002: 1.65
--------- test avarage ---------
--- All clients' test loss: 1.37
--- All clients' test acc: 51.22%
2023-02-26 02:33:47,214 [MainThread] [INFO ]  Server train time: 155.14480423927307
2023-02-26 02:33:47,215 [MainThread] [INFO ]  
-------- round 38 --------
2023-02-26 02:33:47,215 [MainThread] [INFO ]  --- start training ---
client: f0000008
--- local_update_loss : 1.30
client: f0000000
--- local_update_loss : 1.43
--- DML_update_loss(A model) with Client:f0000007: 1.63
--- DML_update_loss(A model) with Client:f0000001: 1.67
--------- test avarage ---------
--- All clients' test loss: 1.31
--- All clients' test acc: 50.12%
2023-02-26 02:36:26,133 [MainThread] [INFO ]  Server train time: 158.91768145561218
2023-02-26 02:36:26,134 [MainThread] [INFO ]  
-------- round 39 --------
2023-02-26 02:36:26,134 [MainThread] [INFO ]  --- start training ---
client: f0000002
--- local_update_loss : 1.30
client: f0000001
--- local_update_loss : 1.42
--- DML_update_loss(A model) with Client:f0000006: 1.68
--- DML_update_loss(A model) with Client:f0000003: 1.61
--------- test avarage ---------
--- All clients' test loss: 1.37
--- All clients' test acc: 47.42%
2023-02-26 02:39:06,154 [MainThread] [INFO ]  Server train time: 160.01942420005798
2023-02-26 02:39:06,163 [MainThread] [INFO ]  Model saved at /home/dengzhiling/.local/lib/python3.10/site-packages/easyfl/main/saved_models/_global_model_r_39.pth
2023-02-26 02:39:06,164 [MainThread] [INFO ]  
-------- round 40 --------
2023-02-26 02:39:06,164 [MainThread] [INFO ]  --- start training ---
client: f0000004
--- local_update_loss : 1.39
client: f0000003
--- local_update_loss : 1.28
--- DML_update_loss(A model) with Client:f0000000: 1.75
--- DML_update_loss(A model) with Client:f0000009: 1.75
--------- test avarage ---------
--- All clients' test loss: 1.39
--- All clients' test acc: 48.60%
2023-02-26 02:41:41,866 [MainThread] [INFO ]  Server train time: 155.70186686515808
2023-02-26 02:41:41,867 [MainThread] [INFO ]  
-------- round 41 --------
2023-02-26 02:41:41,867 [MainThread] [INFO ]  --- start training ---
client: f0000005
--- local_update_loss : 1.44
client: f0000006
--- local_update_loss : 1.41
--- DML_update_loss(A model) with Client:f0000003: 1.62
--- DML_update_loss(A model) with Client:f0000002: 1.65
--------- test avarage ---------
--- All clients' test loss: 1.40
--- All clients' test acc: 49.60%
2023-02-26 02:44:18,498 [MainThread] [INFO ]  Server train time: 156.63032293319702
2023-02-26 02:44:18,498 [MainThread] [INFO ]  
-------- round 42 --------
2023-02-26 02:44:18,499 [MainThread] [INFO ]  --- start training ---
client: f0000008
--- local_update_loss : 1.26
client: f0000001
--- local_update_loss : 1.39
--- DML_update_loss(A model) with Client:f0000002: 1.65
--- DML_update_loss(A model) with Client:f0000006: 1.68
--------- test avarage ---------
--- All clients' test loss: 1.26
--- All clients' test acc: 52.20%
2023-02-26 02:46:53,633 [MainThread] [INFO ]  Server train time: 155.13371872901917
2023-02-26 02:46:53,634 [MainThread] [INFO ]  
-------- round 43 --------
2023-02-26 02:46:53,634 [MainThread] [INFO ]  --- start training ---
client: f0000003
--- local_update_loss : 1.28
client: f0000009
--- local_update_loss : 1.42
--- DML_update_loss(A model) with Client:f0000007: 1.63
--- DML_update_loss(A model) with Client:f0000008: 1.64
--------- test avarage ---------
--- All clients' test loss: 1.31
--- All clients' test acc: 50.88%
2023-02-26 02:49:28,985 [MainThread] [INFO ]  Server train time: 155.35132884979248
2023-02-26 02:49:28,986 [MainThread] [INFO ]  
-------- round 44 --------
2023-02-26 02:49:28,986 [MainThread] [INFO ]  --- start training ---
client: f0000002
--- local_update_loss : 1.32
client: f0000007
--- local_update_loss : 1.30
--- DML_update_loss(A model) with Client:f0000000: 1.75
--- DML_update_loss(A model) with Client:f0000005: 1.74
--------- test avarage ---------
--- All clients' test loss: 1.31
--- All clients' test acc: 50.82%
2023-02-26 02:52:07,091 [MainThread] [INFO ]  Server train time: 158.1048562526703
2023-02-26 02:52:07,092 [MainThread] [INFO ]  
-------- round 45 --------
2023-02-26 02:52:07,092 [MainThread] [INFO ]  --- start training ---
client: f0000002
--- local_update_loss : 1.29
client: f0000004
--- local_update_loss : 1.38
--- DML_update_loss(A model) with Client:f0000008: 1.62
--- DML_update_loss(A model) with Client:f0000005: 1.73
--------- test avarage ---------
--- All clients' test loss: 1.54
--- All clients' test acc: 45.88%
2023-02-26 02:54:42,572 [MainThread] [INFO ]  Server train time: 155.47938871383667
2023-02-26 02:54:42,573 [MainThread] [INFO ]  
-------- round 46 --------
2023-02-26 02:54:42,573 [MainThread] [INFO ]  --- start training ---
client: f0000007
--- local_update_loss : 1.27
client: f0000000
--- local_update_loss : 1.46
Traceback (most recent call last):
  File "/home/dengzhiling/.local/lib/python3.10/site-packages/easyfl/main/main.py", line 26, in <module>
    easyfl.run()
  File "/home/dengzhiling/.local/lib/python3.10/site-packages/easyfl/coordinator.py", line 390, in run
    _global_coord.run()
  File "/home/dengzhiling/.local/lib/python3.10/site-packages/easyfl/coordinator.py", line 80, in run
    self.server.start(self.model, self.clients)
  File "/home/dengzhiling/.local/lib/python3.10/site-packages/easyfl/server/base.py", line 164, in start
    self.train()
  File "/home/dengzhiling/.local/lib/python3.10/site-packages/easyfl/server/base.py", line 200, in train
    self.distribution_to_train()
  File "/home/dengzhiling/.local/lib/python3.10/site-packages/easyfl/server/base.py", line 347, in distribution_to_train
    self.distribution_to_train_locally()
  File "/home/dengzhiling/.local/lib/python3.10/site-packages/easyfl/main/CustomizeServer.py", line 89, in distribution_to_train_locally
    client.run_train(model, self.conf.client, train_local_only=False)
  File "/home/dengzhiling/.local/lib/python3.10/site-packages/easyfl/main/CustomizedClient.py", line 154, in run_train
    self.train(conf, self.device, train_local_only) # 只修改了这里
  File "/home/dengzhiling/.local/lib/python3.10/site-packages/easyfl/main/CustomizedClient.py", line 142, in train
    self.train_DML(conf, device)
  File "/home/dengzhiling/.local/lib/python3.10/site-packages/easyfl/main/CustomizedClient.py", line 99, in train_DML
    loss_B.backward(retain_graph=True)
  File "/home/dengzhiling/.local/lib/python3.10/site-packages/torch/_tensor.py", line 488, in backward
    torch.autograd.backward(
  File "/home/dengzhiling/.local/lib/python3.10/site-packages/torch/autograd/__init__.py", line 197, in backward
    Variable._execution_engine.run_backward(  # Calls into the C++ engine to run the backward pass
KeyboardInterrupt
