2023-02-26 01:44:15,304 [MainThread] [INFO ]  Configurations: {'task_id': '', 'data': {'root': './data/', 'dataset': 'cifar10', 'split_type': 'class', 'min_size': 10, 'data_amount': 0.05, 'iid_fraction': 0.1, 'user': False, 'train_test_split': 0.8, 'class_per_client': 8, 'num_of_clients': 10, 'alpha': 0.2, 'weights': None}, 'model': 'simple_cnn', 'test_mode': 'test_in_client', 'test_method': 'average', 'server': {'track': False, 'rounds': 2000, 'clients_per_round': 2, 'test_every': 1, 'save_model_every': 10, 'save_model_path': '', 'batch_size': 64, 'test_all': True, 'random_selection': True, 'aggregation_stragtegy': 'EQUAL_AVERAGE', 'aggregation_content': 'all'}, 'client': {'track': False, 'batch_size': 200, 'test_batch_size': 5, 'local_epoch': 10, 'optimizer': {'type': 'SGD', 'lr': 0.01, 'momentum': 0.5, 'weight_decay': 0.0005, 'nesterov': True}, 'seed': 0, 'local_test': True}, 'gpu': 1, 'distributed': {'backend': 'nccl', 'init_method': '', 'world_size': 0, 'rank': 0, 'local_rank': 0}, 'tracking': {'database': '', 'log_file': '', 'log_level': 'INFO', 'metric_file': '', 'save_every': 1}, 'resource_heterogeneous': {'simulate': False, 'hetero_type': 'real', 'level': 3, 'sleep_group_num': 1000, 'total_time': 1000, 'fraction': 1, 'grouping_strategy': 'greedy', 'initial_default_time': 5, 'default_time_momentum': 0.2}, 'seed': 0, 'is_distributed': False, 'device': 0}
2023-02-26 01:44:15,413 [MainThread] [INFO ]  Total training data amount: 50000
2023-02-26 01:44:15,413 [MainThread] [INFO ]  Total testing data amount: 10000
local_batch_size: 128, DML_batch_size: 16, local_epoch: 5, DML_epoch: 15, alpha: 1, beta: 1, DML_lr: 0.02
local_batch_size: 128, DML_batch_size: 16, local_epoch: 5, DML_epoch: 15, alpha: 1, beta: 1, DML_lr: 0.02
local_batch_size: 128, DML_batch_size: 16, local_epoch: 5, DML_epoch: 15, alpha: 1, beta: 1, DML_lr: 0.02
local_batch_size: 128, DML_batch_size: 16, local_epoch: 5, DML_epoch: 15, alpha: 1, beta: 1, DML_lr: 0.02
local_batch_size: 128, DML_batch_size: 16, local_epoch: 5, DML_epoch: 15, alpha: 1, beta: 1, DML_lr: 0.02
local_batch_size: 128, DML_batch_size: 16, local_epoch: 5, DML_epoch: 15, alpha: 1, beta: 1, DML_lr: 0.02
local_batch_size: 128, DML_batch_size: 16, local_epoch: 5, DML_epoch: 15, alpha: 1, beta: 1, DML_lr: 0.02
local_batch_size: 128, DML_batch_size: 16, local_epoch: 5, DML_epoch: 15, alpha: 1, beta: 1, DML_lr: 0.02
local_batch_size: 128, DML_batch_size: 16, local_epoch: 5, DML_epoch: 15, alpha: 1, beta: 1, DML_lr: 0.02
local_batch_size: 128, DML_batch_size: 16, local_epoch: 5, DML_epoch: 15, alpha: 1, beta: 1, DML_lr: 0.02
2023-02-26 01:44:15,445 [MainThread] [INFO ]  Clients in total: 10
2023-02-26 01:44:15,464 [MainThread] [INFO ]  
-------- round 0 --------
2023-02-26 01:44:15,464 [MainThread] [INFO ]  --- start training ---
client: f0000002
--- local_update_loss : 2.03
client: f0000008
--- local_update_loss : 2.12
--- DML_update_loss(A model) with Client:f0000004: 1.69
--- DML_update_loss(A model) with Client:f0000000: 1.70
--------- test avarage ---------
--- All clients' test loss: 1.67
--- All clients' test acc: 36.20%
2023-02-26 01:48:43,202 [MainThread] [INFO ]  Server train time: 267.73775458335876
2023-02-26 01:48:43,203 [MainThread] [INFO ]  
-------- round 1 --------
2023-02-26 01:48:43,203 [MainThread] [INFO ]  --- start training ---
client: f0000002
--- local_update_loss : 1.80
client: f0000009
--- local_update_loss : 2.10
--- DML_update_loss(A model) with Client:f0000006: 1.65
--- DML_update_loss(A model) with Client:f0000007: 1.58
--------- test avarage ---------
--- All clients' test loss: 1.59
--- All clients' test acc: 39.00%
2023-02-26 01:53:09,917 [MainThread] [INFO ]  Server train time: 266.7133812904358
2023-02-26 01:53:09,918 [MainThread] [INFO ]  
-------- round 2 --------
2023-02-26 01:53:09,918 [MainThread] [INFO ]  --- start training ---
client: f0000004
--- local_update_loss : 1.39
client: f0000001
--- local_update_loss : 2.10
--- DML_update_loss(A model) with Client:f0000005: 1.69
--- DML_update_loss(A model) with Client:f0000007: 1.48
--------- test avarage ---------
--- All clients' test loss: 1.43
--- All clients' test acc: 45.27%
2023-02-26 01:57:37,778 [MainThread] [INFO ]  Server train time: 267.8591229915619
2023-02-26 01:57:37,779 [MainThread] [INFO ]  
-------- round 3 --------
2023-02-26 01:57:37,779 [MainThread] [INFO ]  --- start training ---
client: f0000005
--- local_update_loss : 1.41
client: f0000004
--- local_update_loss : 1.37
--- DML_update_loss(A model) with Client:f0000007: 1.48
--- DML_update_loss(A model) with Client:f0000003: 1.57
--------- test avarage ---------
--- All clients' test loss: 1.29
--- All clients' test acc: 52.67%
2023-02-26 02:02:03,848 [MainThread] [INFO ]  Server train time: 266.06880021095276
2023-02-26 02:02:03,849 [MainThread] [INFO ]  
-------- round 4 --------
2023-02-26 02:02:03,849 [MainThread] [INFO ]  --- start training ---
client: f0000003
--- local_update_loss : 1.24
client: f0000008
--- local_update_loss : 1.82
--- DML_update_loss(A model) with Client:f0000009: 1.67
--- DML_update_loss(A model) with Client:f0000007: 1.49
--------- test avarage ---------
--- All clients' test loss: 1.39
--- All clients' test acc: 47.62%
2023-02-26 02:06:30,407 [MainThread] [INFO ]  Server train time: 266.557959318161
2023-02-26 02:06:30,408 [MainThread] [INFO ]  
-------- round 5 --------
2023-02-26 02:06:30,408 [MainThread] [INFO ]  --- start training ---
client: f0000009
--- local_update_loss : 1.39
client: f0000005
--- local_update_loss : 1.39
--- DML_update_loss(A model) with Client:f0000001: 1.62
--- DML_update_loss(A model) with Client:f0000000: 1.62
--------- test avarage ---------
--- All clients' test loss: 1.30
--- All clients' test acc: 50.30%
2023-02-26 02:10:57,429 [MainThread] [INFO ]  Server train time: 267.0201644897461
2023-02-26 02:10:57,429 [MainThread] [INFO ]  
-------- round 6 --------
2023-02-26 02:10:57,430 [MainThread] [INFO ]  --- start training ---
client: f0000008
--- local_update_loss : 1.67
client: f0000001
--- local_update_loss : 1.36
--- DML_update_loss(A model) with Client:f0000006: 1.57
--- DML_update_loss(A model) with Client:f0000005: 1.60
--------- test avarage ---------
--- All clients' test loss: 1.27
--- All clients' test acc: 50.03%
2023-02-26 02:15:25,518 [MainThread] [INFO ]  Server train time: 268.0879023075104
2023-02-26 02:15:25,519 [MainThread] [INFO ]  
-------- round 7 --------
2023-02-26 02:15:25,519 [MainThread] [INFO ]  --- start training ---
client: f0000008
--- local_update_loss : 1.58
client: f0000005
--- local_update_loss : 1.31
--- DML_update_loss(A model) with Client:f0000000: 1.62
--- DML_update_loss(A model) with Client:f0000001: 1.56
--------- test avarage ---------
--- All clients' test loss: 1.30
--- All clients' test acc: 49.80%
2023-02-26 02:19:52,502 [MainThread] [INFO ]  Server train time: 266.98254323005676
2023-02-26 02:19:52,503 [MainThread] [INFO ]  
-------- round 8 --------
2023-02-26 02:19:52,503 [MainThread] [INFO ]  --- start training ---
client: f0000008
--- local_update_loss : 1.52
client: f0000006
--- local_update_loss : 1.32
--- DML_update_loss(A model) with Client:f0000003: 1.46
--- DML_update_loss(A model) with Client:f0000007: 1.49
--------- test avarage ---------
--- All clients' test loss: 1.25
--- All clients' test acc: 53.72%
2023-02-26 02:24:19,315 [MainThread] [INFO ]  Server train time: 266.8123915195465
2023-02-26 02:24:19,316 [MainThread] [INFO ]  
-------- round 9 --------
2023-02-26 02:24:19,316 [MainThread] [INFO ]  --- start training ---
client: f0000008
--- local_update_loss : 1.48
client: f0000004
--- local_update_loss : 1.35
--- DML_update_loss(A model) with Client:f0000001: 1.56
--- DML_update_loss(A model) with Client:f0000006: 1.57
--------- test avarage ---------
--- All clients' test loss: 1.23
--- All clients' test acc: 54.38%
2023-02-26 02:28:45,977 [MainThread] [INFO ]  Server train time: 266.65998435020447
2023-02-26 02:28:45,985 [MainThread] [INFO ]  Model saved at /home/dengzhiling/.local/lib/python3.10/site-packages/easyfl/main/saved_models/_global_model_r_9.pth
2023-02-26 02:28:45,986 [MainThread] [INFO ]  
-------- round 10 --------
2023-02-26 02:28:45,986 [MainThread] [INFO ]  --- start training ---
client: f0000008
--- local_update_loss : 1.44
client: f0000002
--- local_update_loss : 1.71
--- DML_update_loss(A model) with Client:f0000001: 1.55
--- DML_update_loss(A model) with Client:f0000004: 1.61
--------- test avarage ---------
--- All clients' test loss: 1.36
--- All clients' test acc: 48.37%
2023-02-26 02:33:20,952 [MainThread] [INFO ]  Server train time: 274.9661900997162
2023-02-26 02:33:20,953 [MainThread] [INFO ]  
-------- round 11 --------
2023-02-26 02:33:20,953 [MainThread] [INFO ]  --- start training ---
client: f0000007
--- local_update_loss : 1.12
client: f0000008
--- local_update_loss : 1.39
--- DML_update_loss(A model) with Client:f0000000: 1.63
--- DML_update_loss(A model) with Client:f0000004: 1.60
--------- test avarage ---------
--- All clients' test loss: 1.31
--- All clients' test acc: 51.48%
2023-02-26 02:37:55,798 [MainThread] [INFO ]  Server train time: 274.8443467617035
2023-02-26 02:37:55,799 [MainThread] [INFO ]  
-------- round 12 --------
2023-02-26 02:37:55,799 [MainThread] [INFO ]  --- start training ---
client: f0000005
--- local_update_loss : 1.28
client: f0000008
--- local_update_loss : 1.35
--- DML_update_loss(A model) with Client:f0000003: 1.47
--- DML_update_loss(A model) with Client:f0000002: 1.54
--------- test avarage ---------
--- All clients' test loss: 1.25
--- All clients' test acc: 55.02%
2023-02-26 02:42:29,327 [MainThread] [INFO ]  Server train time: 273.5273962020874
2023-02-26 02:42:29,328 [MainThread] [INFO ]  
-------- round 13 --------
2023-02-26 02:42:29,328 [MainThread] [INFO ]  --- start training ---
client: f0000003
--- local_update_loss : 1.11
client: f0000005
--- local_update_loss : 1.27
--- DML_update_loss(A model) with Client:f0000008: 1.50
--- DML_update_loss(A model) with Client:f0000002: 1.50
--------- test avarage ---------
--- All clients' test loss: 1.14
--- All clients' test acc: 58.48%
2023-02-26 02:46:58,291 [MainThread] [INFO ]  Server train time: 268.96310210227966
2023-02-26 02:46:58,292 [MainThread] [INFO ]  
-------- round 14 --------
2023-02-26 02:46:58,292 [MainThread] [INFO ]  --- start training ---
client: f0000003
--- local_update_loss : 1.09
client: f0000009
--- local_update_loss : 1.37
--- DML_update_loss(A model) with Client:f0000006: 1.57
--- DML_update_loss(A model) with Client:f0000007: 1.50
--------- test avarage ---------
--- All clients' test loss: 1.20
--- All clients' test acc: 56.85%
2023-02-26 02:51:30,077 [MainThread] [INFO ]  Server train time: 271.7847921848297
2023-02-26 02:51:30,078 [MainThread] [INFO ]  
-------- round 15 --------
2023-02-26 02:51:30,078 [MainThread] [INFO ]  --- start training ---
client: f0000002
--- local_update_loss : 1.17
client: f0000006
--- local_update_loss : 1.28
--- DML_update_loss(A model) with Client:f0000004: 1.60
--- DML_update_loss(A model) with Client:f0000009: 1.60
--------- test avarage ---------
--- All clients' test loss: 1.21
--- All clients' test acc: 55.67%
2023-02-26 02:56:00,859 [MainThread] [INFO ]  Server train time: 270.78044080734253
2023-02-26 02:56:00,860 [MainThread] [INFO ]  
-------- round 16 --------
2023-02-26 02:56:00,860 [MainThread] [INFO ]  --- start training ---
client: f0000006
--- local_update_loss : 1.28
client: f0000002
--- local_update_loss : 1.14
--- DML_update_loss(A model) with Client:f0000004: 1.61
--- DML_update_loss(A model) with Client:f0000005: 1.61
--------- test avarage ---------
--- All clients' test loss: 1.18
--- All clients' test acc: 55.45%
2023-02-26 03:00:36,166 [MainThread] [INFO ]  Server train time: 275.30583000183105
2023-02-26 03:00:36,167 [MainThread] [INFO ]  
-------- round 17 --------
2023-02-26 03:00:36,167 [MainThread] [INFO ]  --- start training ---
client: f0000007
--- local_update_loss : 1.12
client: f0000002
--- local_update_loss : 1.14
--- DML_update_loss(A model) with Client:f0000001: 1.56
--- DML_update_loss(A model) with Client:f0000004: 1.61
--------- test avarage ---------
--- All clients' test loss: 1.15
--- All clients' test acc: 57.25%
2023-02-26 03:05:09,566 [MainThread] [INFO ]  Server train time: 273.3982174396515
2023-02-26 03:05:09,567 [MainThread] [INFO ]  
-------- round 18 --------
2023-02-26 03:05:09,567 [MainThread] [INFO ]  --- start training ---
client: f0000007
--- local_update_loss : 1.10
client: f0000009
--- local_update_loss : 1.30
--- DML_update_loss(A model) with Client:f0000000: 1.62
--- DML_update_loss(A model) with Client:f0000006: 1.58
--------- test avarage ---------
--- All clients' test loss: 1.27
--- All clients' test acc: 53.75%
2023-02-26 03:09:41,508 [MainThread] [INFO ]  Server train time: 271.94145584106445
2023-02-26 03:09:41,509 [MainThread] [INFO ]  
-------- round 19 --------
2023-02-26 03:09:41,509 [MainThread] [INFO ]  --- start training ---
client: f0000001
--- local_update_loss : 1.28
client: f0000007
--- local_update_loss : 1.06
--- DML_update_loss(A model) with Client:f0000004: 1.61
--- DML_update_loss(A model) with Client:f0000008: 1.47
--------- test avarage ---------
--- All clients' test loss: 1.15
--- All clients' test acc: 57.83%
2023-02-26 03:14:13,229 [MainThread] [INFO ]  Server train time: 271.71890091896057
2023-02-26 03:14:13,238 [MainThread] [INFO ]  Model saved at /home/dengzhiling/.local/lib/python3.10/site-packages/easyfl/main/saved_models/_global_model_r_19.pth
2023-02-26 03:14:13,239 [MainThread] [INFO ]  
-------- round 20 --------
2023-02-26 03:14:13,239 [MainThread] [INFO ]  --- start training ---
client: f0000007
--- local_update_loss : 1.06
client: f0000001
--- local_update_loss : 1.27
--- DML_update_loss(A model) with Client:f0000006: 1.57
--- DML_update_loss(A model) with Client:f0000004: 1.60
--------- test avarage ---------
--- All clients' test loss: 1.27
--- All clients' test acc: 54.30%
2023-02-26 03:18:47,526 [MainThread] [INFO ]  Server train time: 274.2868845462799
2023-02-26 03:18:47,527 [MainThread] [INFO ]  
-------- round 21 --------
2023-02-26 03:18:47,527 [MainThread] [INFO ]  --- start training ---
client: f0000001
--- local_update_loss : 1.25
client: f0000002
--- local_update_loss : 1.13
--- DML_update_loss(A model) with Client:f0000007: 1.50
--- DML_update_loss(A model) with Client:f0000006: 1.57
--------- test avarage ---------
--- All clients' test loss: 1.14
--- All clients' test acc: 57.70%
2023-02-26 03:23:17,069 [MainThread] [INFO ]  Server train time: 269.54163336753845
2023-02-26 03:23:17,070 [MainThread] [INFO ]  
-------- round 22 --------
2023-02-26 03:23:17,070 [MainThread] [INFO ]  --- start training ---
client: f0000002
--- local_update_loss : 1.10
client: f0000001
--- local_update_loss : 1.22
--- DML_update_loss(A model) with Client:f0000007: 1.49
--- DML_update_loss(A model) with Client:f0000006: 1.57
--------- test avarage ---------
--- All clients' test loss: 1.34
--- All clients' test acc: 53.88%
2023-02-26 03:27:51,933 [MainThread] [INFO ]  Server train time: 274.86310482025146
2023-02-26 03:27:51,934 [MainThread] [INFO ]  
-------- round 23 --------
2023-02-26 03:27:51,934 [MainThread] [INFO ]  --- start training ---
client: f0000005
--- local_update_loss : 1.29
client: f0000008
--- local_update_loss : 1.15
--- DML_update_loss(A model) with Client:f0000002: 1.52
--- DML_update_loss(A model) with Client:f0000009: 1.61
--------- test avarage ---------
--- All clients' test loss: 1.14
--- All clients' test acc: 58.45%
2023-02-26 03:32:25,485 [MainThread] [INFO ]  Server train time: 273.55084013938904
2023-02-26 03:32:25,486 [MainThread] [INFO ]  
-------- round 24 --------
2023-02-26 03:32:25,486 [MainThread] [INFO ]  --- start training ---
client: f0000009
--- local_update_loss : 1.28
client: f0000004
--- local_update_loss : 1.27
--- DML_update_loss(A model) with Client:f0000006: 1.57
--- DML_update_loss(A model) with Client:f0000008: 1.49
--------- test avarage ---------
--- All clients' test loss: 1.17
--- All clients' test acc: 57.47%
2023-02-26 03:36:57,190 [MainThread] [INFO ]  Server train time: 271.7034754753113
2023-02-26 03:36:57,191 [MainThread] [INFO ]  
-------- round 25 --------
2023-02-26 03:36:57,191 [MainThread] [INFO ]  --- start training ---
client: f0000005
--- local_update_loss : 1.27
client: f0000001
--- local_update_loss : 1.22
--- DML_update_loss(A model) with Client:f0000000: 1.63
--- DML_update_loss(A model) with Client:f0000006: 1.57
--------- test avarage ---------
--- All clients' test loss: 1.26
--- All clients' test acc: 54.02%
2023-02-26 03:41:30,092 [MainThread] [INFO ]  Server train time: 272.90001916885376
2023-02-26 03:41:30,092 [MainThread] [INFO ]  
-------- round 26 --------
2023-02-26 03:41:30,092 [MainThread] [INFO ]  --- start training ---
client: f0000008
--- local_update_loss : 1.13
client: f0000004
--- local_update_loss : 1.26
--- DML_update_loss(A model) with Client:f0000001: 1.58
--- DML_update_loss(A model) with Client:f0000003: 1.47
--------- test avarage ---------
--- All clients' test loss: 1.19
--- All clients' test acc: 56.62%
2023-02-26 03:46:01,863 [MainThread] [INFO ]  Server train time: 271.7697010040283
2023-02-26 03:46:01,863 [MainThread] [INFO ]  
-------- round 27 --------
2023-02-26 03:46:01,863 [MainThread] [INFO ]  --- start training ---
client: f0000004
--- local_update_loss : 1.24
client: f0000002
--- local_update_loss : 1.13
--- DML_update_loss(A model) with Client:f0000007: 1.49
--- DML_update_loss(A model) with Client:f0000001: 1.56
--------- test avarage ---------
--- All clients' test loss: 1.13
--- All clients' test acc: 58.17%
2023-02-26 03:50:35,167 [MainThread] [INFO ]  Server train time: 273.3034083843231
2023-02-26 03:50:35,168 [MainThread] [INFO ]  
-------- round 28 --------
2023-02-26 03:50:35,168 [MainThread] [INFO ]  --- start training ---
client: f0000009
--- local_update_loss : 1.25
client: f0000002
--- local_update_loss : 1.11
--- DML_update_loss(A model) with Client:f0000005: 1.61
--- DML_update_loss(A model) with Client:f0000003: 1.47
--------- test avarage ---------
--- All clients' test loss: 1.15
--- All clients' test acc: 58.45%
2023-02-26 03:55:11,838 [MainThread] [INFO ]  Server train time: 276.6693902015686
2023-02-26 03:55:11,839 [MainThread] [INFO ]  
-------- round 29 --------
2023-02-26 03:55:11,839 [MainThread] [INFO ]  --- start training ---
client: f0000008
--- local_update_loss : 1.11
client: f0000006
--- local_update_loss : 1.29
--- DML_update_loss(A model) with Client:f0000004: 1.61
--- DML_update_loss(A model) with Client:f0000003: 1.47
--------- test avarage ---------
--- All clients' test loss: 1.09
--- All clients' test acc: 59.85%
2023-02-26 03:59:50,263 [MainThread] [INFO ]  Server train time: 278.4231855869293
2023-02-26 03:59:50,273 [MainThread] [INFO ]  Model saved at /home/dengzhiling/.local/lib/python3.10/site-packages/easyfl/main/saved_models/_global_model_r_29.pth
2023-02-26 03:59:50,273 [MainThread] [INFO ]  
-------- round 30 --------
2023-02-26 03:59:50,273 [MainThread] [INFO ]  --- start training ---
client: f0000000
--- local_update_loss : 1.32
client: f0000001
--- local_update_loss : 1.28
--- DML_update_loss(A model) with Client:f0000008: 1.50
--- DML_update_loss(A model) with Client:f0000002: 1.52
--------- test avarage ---------
--- All clients' test loss: 1.20
--- All clients' test acc: 55.97%
2023-02-26 04:04:20,074 [MainThread] [INFO ]  Server train time: 269.8003056049347
2023-02-26 04:04:20,074 [MainThread] [INFO ]  
-------- round 31 --------
2023-02-26 04:04:20,074 [MainThread] [INFO ]  --- start training ---
client: f0000004
--- local_update_loss : 1.27
client: f0000001
--- local_update_loss : 1.27
--- DML_update_loss(A model) with Client:f0000005: 1.61
--- DML_update_loss(A model) with Client:f0000008: 1.49
--------- test avarage ---------
--- All clients' test loss: 1.17
--- All clients' test acc: 56.17%
2023-02-26 04:08:54,461 [MainThread] [INFO ]  Server train time: 274.3858594894409
2023-02-26 04:08:54,462 [MainThread] [INFO ]  
-------- round 32 --------
2023-02-26 04:08:54,462 [MainThread] [INFO ]  --- start training ---
client: f0000009
--- local_update_loss : 1.24
client: f0000001
--- local_update_loss : 1.24
--- DML_update_loss(A model) with Client:f0000003: 1.47
--- DML_update_loss(A model) with Client:f0000006: 1.57
--------- test avarage ---------
--- All clients' test loss: 1.17
--- All clients' test acc: 56.38%
2023-02-26 04:13:26,543 [MainThread] [INFO ]  Server train time: 272.0812041759491
2023-02-26 04:13:26,544 [MainThread] [INFO ]  
-------- round 33 --------
2023-02-26 04:13:26,544 [MainThread] [INFO ]  --- start training ---
client: f0000008
--- local_update_loss : 1.13
client: f0000003
--- local_update_loss : 1.11
--- DML_update_loss(A model) with Client:f0000005: 1.60
--- DML_update_loss(A model) with Client:f0000001: 1.56
--------- test avarage ---------
--- All clients' test loss: 1.21
--- All clients' test acc: 57.10%
2023-02-26 04:17:59,184 [MainThread] [INFO ]  Server train time: 272.6392776966095
2023-02-26 04:17:59,185 [MainThread] [INFO ]  
-------- round 34 --------
2023-02-26 04:17:59,185 [MainThread] [INFO ]  --- start training ---
client: f0000000
--- local_update_loss : 1.30
client: f0000009
--- local_update_loss : 1.22
--- DML_update_loss(A model) with Client:f0000004: 1.61
--- DML_update_loss(A model) with Client:f0000007: 1.49
--------- test avarage ---------
--- All clients' test loss: 1.17
--- All clients' test acc: 57.15%
2023-02-26 04:22:34,486 [MainThread] [INFO ]  Server train time: 275.30082631111145
2023-02-26 04:22:34,487 [MainThread] [INFO ]  
-------- round 35 --------
2023-02-26 04:22:34,487 [MainThread] [INFO ]  --- start training ---
client: f0000006
--- local_update_loss : 1.29
client: f0000002
--- local_update_loss : 1.15
--- DML_update_loss(A model) with Client:f0000003: 1.47
--- DML_update_loss(A model) with Client:f0000000: 1.63
--------- test avarage ---------
--- All clients' test loss: 1.14
--- All clients' test acc: 57.85%
2023-02-26 04:27:05,958 [MainThread] [INFO ]  Server train time: 271.47110533714294
2023-02-26 04:27:05,959 [MainThread] [INFO ]  
-------- round 36 --------
2023-02-26 04:27:05,959 [MainThread] [INFO ]  --- start training ---
client: f0000003
--- local_update_loss : 1.09
client: f0000009
--- local_update_loss : 1.22
--- DML_update_loss(A model) with Client:f0000005: 1.60
--- DML_update_loss(A model) with Client:f0000006: 1.57
--------- test avarage ---------
--- All clients' test loss: 1.26
--- All clients' test acc: 54.67%
2023-02-26 04:31:38,259 [MainThread] [INFO ]  Server train time: 272.2989721298218
2023-02-26 04:31:38,260 [MainThread] [INFO ]  
-------- round 37 --------
2023-02-26 04:31:38,260 [MainThread] [INFO ]  --- start training ---
client: f0000004
--- local_update_loss : 1.27
client: f0000009
--- local_update_loss : 1.20
--- DML_update_loss(A model) with Client:f0000005: 1.60
--- DML_update_loss(A model) with Client:f0000007: 1.49
--------- test avarage ---------
--- All clients' test loss: 1.20
--- All clients' test acc: 55.90%
2023-02-26 04:36:06,088 [MainThread] [INFO ]  Server train time: 267.828355550766
2023-02-26 04:36:06,089 [MainThread] [INFO ]  
-------- round 38 --------
2023-02-26 04:36:06,089 [MainThread] [INFO ]  --- start training ---
client: f0000008
--- local_update_loss : 1.11
client: f0000000
--- local_update_loss : 1.31
--- DML_update_loss(A model) with Client:f0000009: 1.62
--- DML_update_loss(A model) with Client:f0000003: 1.47
--------- test avarage ---------
--- All clients' test loss: 1.17
--- All clients' test acc: 56.80%
2023-02-26 04:40:38,099 [MainThread] [INFO ]  Server train time: 272.0090115070343
2023-02-26 04:40:38,100 [MainThread] [INFO ]  
-------- round 39 --------
2023-02-26 04:40:38,100 [MainThread] [INFO ]  --- start training ---
client: f0000002
--- local_update_loss : 1.11
client: f0000001
--- local_update_loss : 1.28
--- DML_update_loss(A model) with Client:f0000005: 1.60
--- DML_update_loss(A model) with Client:f0000000: 1.63
--------- test avarage ---------
--- All clients' test loss: 1.15
--- All clients' test acc: 57.17%
2023-02-26 04:45:16,254 [MainThread] [INFO ]  Server train time: 278.1539764404297
2023-02-26 04:45:16,264 [MainThread] [INFO ]  Model saved at /home/dengzhiling/.local/lib/python3.10/site-packages/easyfl/main/saved_models/_global_model_r_39.pth
2023-02-26 04:45:16,264 [MainThread] [INFO ]  
-------- round 40 --------
2023-02-26 04:45:16,264 [MainThread] [INFO ]  --- start training ---
client: f0000004
--- local_update_loss : 1.25
client: f0000003
--- local_update_loss : 1.09
--- DML_update_loss(A model) with Client:f0000001: 1.56
--- DML_update_loss(A model) with Client:f0000008: 1.49
--------- test avarage ---------
--- All clients' test loss: 1.12
--- All clients' test acc: 59.20%
2023-02-26 04:49:50,253 [MainThread] [INFO ]  Server train time: 273.9887936115265
2023-02-26 04:49:50,254 [MainThread] [INFO ]  
-------- round 41 --------
2023-02-26 04:49:50,254 [MainThread] [INFO ]  --- start training ---
client: f0000005
--- local_update_loss : 1.29
client: f0000006
--- local_update_loss : 1.28
--- DML_update_loss(A model) with Client:f0000002: 1.51
--- DML_update_loss(A model) with Client:f0000007: 1.49
--------- test avarage ---------
--- All clients' test loss: 1.26
--- All clients' test acc: 54.97%
2023-02-26 04:54:24,569 [MainThread] [INFO ]  Server train time: 274.3146884441376
2023-02-26 04:54:24,570 [MainThread] [INFO ]  
-------- round 42 --------
2023-02-26 04:54:24,570 [MainThread] [INFO ]  --- start training ---
client: f0000008
--- local_update_loss : 1.12
client: f0000001
--- local_update_loss : 1.28
--- DML_update_loss(A model) with Client:f0000004: 1.62
--- DML_update_loss(A model) with Client:f0000002: 1.51
--------- test avarage ---------
--- All clients' test loss: 1.09
--- All clients' test acc: 59.35%
2023-02-26 04:58:55,005 [MainThread] [INFO ]  Server train time: 270.43463802337646
2023-02-26 04:58:55,006 [MainThread] [INFO ]  
-------- round 43 --------
2023-02-26 04:58:55,006 [MainThread] [INFO ]  --- start training ---
client: f0000003
--- local_update_loss : 1.07
client: f0000009
--- local_update_loss : 1.26
--- DML_update_loss(A model) with Client:f0000004: 1.61
--- DML_update_loss(A model) with Client:f0000005: 1.60
--------- test avarage ---------
--- All clients' test loss: 1.18
--- All clients' test acc: 57.05%
2023-02-26 05:03:27,346 [MainThread] [INFO ]  Server train time: 272.33985114097595
2023-02-26 05:03:27,347 [MainThread] [INFO ]  
-------- round 44 --------
2023-02-26 05:03:27,347 [MainThread] [INFO ]  --- start training ---
client: f0000002
--- local_update_loss : 1.15
client: f0000007
--- local_update_loss : 1.13
--- DML_update_loss(A model) with Client:f0000009: 1.62
--- DML_update_loss(A model) with Client:f0000001: 1.56
--------- test avarage ---------
--- All clients' test loss: 1.15
--- All clients' test acc: 57.30%
2023-02-26 05:08:01,403 [MainThread] [INFO ]  Server train time: 274.05539178848267
2023-02-26 05:08:01,404 [MainThread] [INFO ]  
-------- round 45 --------
2023-02-26 05:08:01,404 [MainThread] [INFO ]  --- start training ---
client: f0000002
--- local_update_loss : 1.12
client: f0000004
--- local_update_loss : 1.27
--- DML_update_loss(A model) with Client:f0000007: 1.49
--- DML_update_loss(A model) with Client:f0000001: 1.56
--------- test avarage ---------
--- All clients' test loss: 1.34
--- All clients' test acc: 52.78%
2023-02-26 05:12:37,060 [MainThread] [INFO ]  Server train time: 275.655953168869
2023-02-26 05:12:37,061 [MainThread] [INFO ]  
-------- round 46 --------
2023-02-26 05:12:37,061 [MainThread] [INFO ]  --- start training ---
client: f0000007
--- local_update_loss : 1.13
client: f0000000
--- local_update_loss : 1.31
--- DML_update_loss(A model) with Client:f0000001: 1.56
--- DML_update_loss(A model) with Client:f0000005: 1.60
--------- test avarage ---------
--- All clients' test loss: 1.22
--- All clients' test acc: 54.52%
2023-02-26 05:17:06,881 [MainThread] [INFO ]  Server train time: 269.8198149204254
2023-02-26 05:17:06,882 [MainThread] [INFO ]  
-------- round 47 --------
2023-02-26 05:17:06,882 [MainThread] [INFO ]  --- start training ---
client: f0000002
--- local_update_loss : 1.10
client: f0000001
--- local_update_loss : 1.28
--- DML_update_loss(A model) with Client:f0000008: 1.49
--- DML_update_loss(A model) with Client:f0000006: 1.57
--------- test avarage ---------
--- All clients' test loss: 1.16
--- All clients' test acc: 57.52%
2023-02-26 05:21:41,309 [MainThread] [INFO ]  Server train time: 274.42609000205994
2023-02-26 05:21:41,310 [MainThread] [INFO ]  
-------- round 48 --------
2023-02-26 05:21:41,310 [MainThread] [INFO ]  --- start training ---
client: f0000007
--- local_update_loss : 1.11
client: f0000005
--- local_update_loss : 1.28
--- DML_update_loss(A model) with Client:f0000004: 1.61
--- DML_update_loss(A model) with Client:f0000009: 1.60
--------- test avarage ---------
--- All clients' test loss: 1.16
--- All clients' test acc: 57.52%
2023-02-26 05:26:10,682 [MainThread] [INFO ]  Server train time: 269.372230052948
2023-02-26 05:26:10,683 [MainThread] [INFO ]  
-------- round 49 --------
2023-02-26 05:26:10,683 [MainThread] [INFO ]  --- start training ---
client: f0000009
--- local_update_loss : 1.28
client: f0000000
--- local_update_loss : 1.30
--- DML_update_loss(A model) with Client:f0000006: 1.57
--- DML_update_loss(A model) with Client:f0000001: 1.56
--------- test avarage ---------
--- All clients' test loss: 1.38
--- All clients' test acc: 50.58%
2023-02-26 05:30:43,120 [MainThread] [INFO ]  Server train time: 272.4364092350006
2023-02-26 05:30:43,129 [MainThread] [INFO ]  Model saved at /home/dengzhiling/.local/lib/python3.10/site-packages/easyfl/main/saved_models/_global_model_r_49.pth
2023-02-26 05:30:43,129 [MainThread] [INFO ]  
-------- round 50 --------
2023-02-26 05:30:43,130 [MainThread] [INFO ]  --- start training ---
client: f0000007
--- local_update_loss : 1.09
client: f0000008
--- local_update_loss : 1.11
--- DML_update_loss(A model) with Client:f0000005: 1.60
--- DML_update_loss(A model) with Client:f0000002: 1.52
--------- test avarage ---------
--- All clients' test loss: 1.08
--- All clients' test acc: 61.10%
2023-02-26 05:35:14,693 [MainThread] [INFO ]  Server train time: 271.56324219703674
2023-02-26 05:35:14,694 [MainThread] [INFO ]  
-------- round 51 --------
2023-02-26 05:35:14,694 [MainThread] [INFO ]  --- start training ---
client: f0000003
--- local_update_loss : 1.06
client: f0000004
--- local_update_loss : 1.26
--- DML_update_loss(A model) with Client:f0000006: 1.57
--- DML_update_loss(A model) with Client:f0000000: 1.63
--------- test avarage ---------
--- All clients' test loss: 1.14
--- All clients' test acc: 58.38%
2023-02-26 05:39:47,087 [MainThread] [INFO ]  Server train time: 272.392142534256
2023-02-26 05:39:47,087 [MainThread] [INFO ]  
-------- round 52 --------
2023-02-26 05:39:47,088 [MainThread] [INFO ]  --- start training ---
client: f0000009
--- local_update_loss : 1.26
client: f0000001
--- local_update_loss : 1.27
--- DML_update_loss(A model) with Client:f0000002: 1.50
--- DML_update_loss(A model) with Client:f0000008: 1.49
--------- test avarage ---------
--- All clients' test loss: 1.11
--- All clients' test acc: 58.72%
2023-02-26 05:44:20,615 [MainThread] [INFO ]  Server train time: 273.52679467201233
2023-02-26 05:44:20,616 [MainThread] [INFO ]  
-------- round 53 --------
2023-02-26 05:44:20,616 [MainThread] [INFO ]  --- start training ---
client: f0000001
--- local_update_loss : 1.25
client: f0000002
--- local_update_loss : 1.15
--- DML_update_loss(A model) with Client:f0000007: 1.50
--- DML_update_loss(A model) with Client:f0000008: 1.49
--------- test avarage ---------
--- All clients' test loss: 1.05
--- All clients' test acc: 61.28%
2023-02-26 05:48:52,328 [MainThread] [INFO ]  Server train time: 271.71243619918823
2023-02-26 05:48:52,329 [MainThread] [INFO ]  
-------- round 54 --------
2023-02-26 05:48:52,329 [MainThread] [INFO ]  --- start training ---
client: f0000004
--- local_update_loss : 1.26
client: f0000008
--- local_update_loss : 1.12
--- DML_update_loss(A model) with Client:f0000000: 1.63
--- DML_update_loss(A model) with Client:f0000007: 1.49
--------- test avarage ---------
--- All clients' test loss: 1.14
--- All clients' test acc: 58.57%
2023-02-26 05:53:23,762 [MainThread] [INFO ]  Server train time: 271.43206906318665
2023-02-26 05:53:23,763 [MainThread] [INFO ]  
-------- round 55 --------
2023-02-26 05:53:23,763 [MainThread] [INFO ]  --- start training ---
client: f0000004
--- local_update_loss : 1.24
client: f0000000
--- local_update_loss : 1.31
--- DML_update_loss(A model) with Client:f0000003: 1.48
--- DML_update_loss(A model) with Client:f0000002: 1.51
--------- test avarage ---------
--- All clients' test loss: 1.12
--- All clients' test acc: 59.35%
2023-02-26 05:57:56,136 [MainThread] [INFO ]  Server train time: 272.3727595806122
2023-02-26 05:57:56,137 [MainThread] [INFO ]  
-------- round 56 --------
2023-02-26 05:57:56,137 [MainThread] [INFO ]  --- start training ---
client: f0000006
--- local_update_loss : 1.29
client: f0000001
--- local_update_loss : 1.25
--- DML_update_loss(A model) with Client:f0000003: 1.47
--- DML_update_loss(A model) with Client:f0000008: 1.49
--------- test avarage ---------
--- All clients' test loss: 1.13
--- All clients' test acc: 57.67%
2023-02-26 06:02:33,711 [MainThread] [INFO ]  Server train time: 277.57328844070435
2023-02-26 06:02:33,711 [MainThread] [INFO ]  
-------- round 57 --------
2023-02-26 06:02:33,711 [MainThread] [INFO ]  --- start training ---
client: f0000003
--- local_update_loss : 1.11
client: f0000008
--- local_update_loss : 1.13
--- DML_update_loss(A model) with Client:f0000000: 1.63
--- DML_update_loss(A model) with Client:f0000004: 1.61
--------- test avarage ---------
--- All clients' test loss: 1.15
--- All clients' test acc: 56.50%
2023-02-26 06:07:07,026 [MainThread] [INFO ]  Server train time: 273.3144528865814
2023-02-26 06:07:07,027 [MainThread] [INFO ]  
-------- round 58 --------
2023-02-26 06:07:07,027 [MainThread] [INFO ]  --- start training ---
client: f0000004
--- local_update_loss : 1.27
client: f0000002
--- local_update_loss : 1.14
--- DML_update_loss(A model) with Client:f0000005: 1.60
--- DML_update_loss(A model) with Client:f0000007: 1.49
--------- test avarage ---------
--- All clients' test loss: 1.17
--- All clients' test acc: 56.80%
2023-02-26 06:11:39,234 [MainThread] [INFO ]  Server train time: 272.20595717430115
2023-02-26 06:11:39,234 [MainThread] [INFO ]  
-------- round 59 --------
2023-02-26 06:11:39,235 [MainThread] [INFO ]  --- start training ---
client: f0000002
--- local_update_loss : 1.12
client: f0000006
--- local_update_loss : 1.27
--- DML_update_loss(A model) with Client:f0000000: 1.62
--- DML_update_loss(A model) with Client:f0000007: 1.50
--------- test avarage ---------
--- All clients' test loss: 1.29
--- All clients' test acc: 53.92%
2023-02-26 06:16:09,996 [MainThread] [INFO ]  Server train time: 270.76109313964844
2023-02-26 06:16:10,005 [MainThread] [INFO ]  Model saved at /home/dengzhiling/.local/lib/python3.10/site-packages/easyfl/main/saved_models/_global_model_r_59.pth
2023-02-26 06:16:10,005 [MainThread] [INFO ]  
-------- round 60 --------
2023-02-26 06:16:10,005 [MainThread] [INFO ]  --- start training ---
client: f0000005
--- local_update_loss : 1.28
client: f0000008
--- local_update_loss : 1.12
--- DML_update_loss(A model) with Client:f0000006: 1.58
--- DML_update_loss(A model) with Client:f0000004: 1.61
--------- test avarage ---------
--- All clients' test loss: 1.16
--- All clients' test acc: 57.00%
2023-02-26 06:20:40,907 [MainThread] [INFO ]  Server train time: 270.9011027812958
2023-02-26 06:20:40,908 [MainThread] [INFO ]  
-------- round 61 --------
2023-02-26 06:20:40,908 [MainThread] [INFO ]  --- start training ---
client: f0000006
--- local_update_loss : 1.29
client: f0000004
--- local_update_loss : 1.27
--- DML_update_loss(A model) with Client:f0000002: 1.52
--- DML_update_loss(A model) with Client:f0000005: 1.61
--------- test avarage ---------
--- All clients' test loss: 1.17
--- All clients' test acc: 57.05%
2023-02-26 06:25:13,439 [MainThread] [INFO ]  Server train time: 272.53053092956543
2023-02-26 06:25:13,440 [MainThread] [INFO ]  
-------- round 62 --------
2023-02-26 06:25:13,440 [MainThread] [INFO ]  --- start training ---
client: f0000000
--- local_update_loss : 1.32
client: f0000004
--- local_update_loss : 1.25
--- DML_update_loss(A model) with Client:f0000002: 1.51
--- DML_update_loss(A model) with Client:f0000008: 1.49
--------- test avarage ---------
--- All clients' test loss: 1.15
--- All clients' test acc: 57.65%
2023-02-26 06:29:46,603 [MainThread] [INFO ]  Server train time: 273.163192987442
2023-02-26 06:29:46,604 [MainThread] [INFO ]  
-------- round 63 --------
2023-02-26 06:29:46,604 [MainThread] [INFO ]  --- start training ---
client: f0000005
--- local_update_loss : 1.28
client: f0000009
--- local_update_loss : 1.24
--- DML_update_loss(A model) with Client:f0000003: 1.47
--- DML_update_loss(A model) with Client:f0000008: 1.49
--------- test avarage ---------
--- All clients' test loss: 1.12
--- All clients' test acc: 58.50%
2023-02-26 06:34:18,358 [MainThread] [INFO ]  Server train time: 271.7532432079315
2023-02-26 06:34:18,359 [MainThread] [INFO ]  
-------- round 64 --------
2023-02-26 06:34:18,359 [MainThread] [INFO ]  --- start training ---
client: f0000002
--- local_update_loss : 1.16
client: f0000000
--- local_update_loss : 1.28
--- DML_update_loss(A model) with Client:f0000004: 1.61
--- DML_update_loss(A model) with Client:f0000005: 1.60
--------- test avarage ---------
--- All clients' test loss: 1.18
--- All clients' test acc: 56.60%
2023-02-26 06:38:50,465 [MainThread] [INFO ]  Server train time: 272.1060211658478
2023-02-26 06:38:50,466 [MainThread] [INFO ]  
-------- round 65 --------
2023-02-26 06:38:50,466 [MainThread] [INFO ]  --- start training ---
client: f0000003
--- local_update_loss : 1.10
client: f0000002
--- local_update_loss : 1.13
--- DML_update_loss(A model) with Client:f0000004: 1.62
--- DML_update_loss(A model) with Client:f0000007: 1.49
--------- test avarage ---------
--- All clients' test loss: 1.15
--- All clients' test acc: 60.10%
2023-02-26 06:43:25,136 [MainThread] [INFO ]  Server train time: 274.6697750091553
2023-02-26 06:43:25,137 [MainThread] [INFO ]  
-------- round 66 --------
2023-02-26 06:43:25,137 [MainThread] [INFO ]  --- start training ---
client: f0000000
--- local_update_loss : 1.28
client: f0000008
--- local_update_loss : 1.12
--- DML_update_loss(A model) with Client:f0000003: 1.48
--- DML_update_loss(A model) with Client:f0000002: 1.51
--------- test avarage ---------
--- All clients' test loss: 1.15
--- All clients' test acc: 58.77%
2023-02-26 06:47:56,945 [MainThread] [INFO ]  Server train time: 271.8073220252991
2023-02-26 06:47:56,946 [MainThread] [INFO ]  
-------- round 67 --------
2023-02-26 06:47:56,946 [MainThread] [INFO ]  --- start training ---
client: f0000000
--- local_update_loss : 1.27
client: f0000004
--- local_update_loss : 1.27
--- DML_update_loss(A model) with Client:f0000005: 1.61
--- DML_update_loss(A model) with Client:f0000003: 1.47
--------- test avarage ---------
--- All clients' test loss: 1.17
--- All clients' test acc: 56.95%
2023-02-26 06:52:31,826 [MainThread] [INFO ]  Server train time: 274.8793189525604
2023-02-26 06:52:31,826 [MainThread] [INFO ]  
-------- round 68 --------
2023-02-26 06:52:31,826 [MainThread] [INFO ]  --- start training ---
client: f0000006
--- local_update_loss : 1.26
client: f0000001
--- local_update_loss : 1.22
--- DML_update_loss(A model) with Client:f0000002: 1.51
--- DML_update_loss(A model) with Client:f0000005: 1.60
--------- test avarage ---------
--- All clients' test loss: 1.16
--- All clients' test acc: 56.67%
2023-02-26 06:57:03,699 [MainThread] [INFO ]  Server train time: 271.871951341629
2023-02-26 06:57:03,700 [MainThread] [INFO ]  
-------- round 69 --------
2023-02-26 06:57:03,700 [MainThread] [INFO ]  --- start training ---
client: f0000003
--- local_update_loss : 1.12
client: f0000008
--- local_update_loss : 1.10
--- DML_update_loss(A model) with Client:f0000007: 1.49
--- DML_update_loss(A model) with Client:f0000009: 1.61
--------- test avarage ---------
--- All clients' test loss: 1.19
--- All clients' test acc: 57.27%
2023-02-26 07:01:34,928 [MainThread] [INFO ]  Server train time: 271.22748851776123
2023-02-26 07:01:34,937 [MainThread] [INFO ]  Model saved at /home/dengzhiling/.local/lib/python3.10/site-packages/easyfl/main/saved_models/_global_model_r_69.pth
2023-02-26 07:01:34,937 [MainThread] [INFO ]  
-------- round 70 --------
2023-02-26 07:01:34,937 [MainThread] [INFO ]  --- start training ---
client: f0000005
--- local_update_loss : 1.29
client: f0000008
--- local_update_loss : 1.09
--- DML_update_loss(A model) with Client:f0000007: 1.49
--- DML_update_loss(A model) with Client:f0000000: 1.63
--------- test avarage ---------
--- All clients' test loss: 1.14
--- All clients' test acc: 58.58%
2023-02-26 07:06:07,343 [MainThread] [INFO ]  Server train time: 272.4051842689514
2023-02-26 07:06:07,344 [MainThread] [INFO ]  
-------- round 71 --------
2023-02-26 07:06:07,344 [MainThread] [INFO ]  --- start training ---
client: f0000004
--- local_update_loss : 1.25
client: f0000005
--- local_update_loss : 1.27
--- DML_update_loss(A model) with Client:f0000000: 1.63
--- DML_update_loss(A model) with Client:f0000001: 1.57
--------- test avarage ---------
--- All clients' test loss: 1.23
--- All clients' test acc: 54.10%
2023-02-26 07:10:37,007 [MainThread] [INFO ]  Server train time: 269.66229271888733
2023-02-26 07:10:37,008 [MainThread] [INFO ]  
-------- round 72 --------
2023-02-26 07:10:37,008 [MainThread] [INFO ]  --- start training ---
client: f0000000
--- local_update_loss : 1.31
client: f0000004
--- local_update_loss : 1.23
--- DML_update_loss(A model) with Client:f0000002: 1.51
--- DML_update_loss(A model) with Client:f0000005: 1.61
--------- test avarage ---------
--- All clients' test loss: 1.33
--- All clients' test acc: 52.20%
2023-02-26 07:15:09,627 [MainThread] [INFO ]  Server train time: 272.61865878105164
2023-02-26 07:15:09,627 [MainThread] [INFO ]  
-------- round 73 --------
2023-02-26 07:15:09,628 [MainThread] [INFO ]  --- start training ---
client: f0000007
--- local_update_loss : 1.12
client: f0000004
--- local_update_loss : 1.22
--- DML_update_loss(A model) with Client:f0000008: 1.50
--- DML_update_loss(A model) with Client:f0000003: 1.47
--------- test avarage ---------
--- All clients' test loss: 1.10
--- All clients' test acc: 61.12%
2023-02-26 07:19:40,141 [MainThread] [INFO ]  Server train time: 270.51348757743835
2023-02-26 07:19:40,142 [MainThread] [INFO ]  
-------- round 74 --------
2023-02-26 07:19:40,142 [MainThread] [INFO ]  --- start training ---
client: f0000000
--- local_update_loss : 1.30
client: f0000005
--- local_update_loss : 1.29
--- DML_update_loss(A model) with Client:f0000006: 1.58
--- DML_update_loss(A model) with Client:f0000002: 1.50
--------- test avarage ---------
--- All clients' test loss: 1.23
--- All clients' test acc: 55.08%
2023-02-26 07:24:10,846 [MainThread] [INFO ]  Server train time: 270.70305037498474
2023-02-26 07:24:10,847 [MainThread] [INFO ]  
-------- round 75 --------
2023-02-26 07:24:10,847 [MainThread] [INFO ]  --- start training ---
client: f0000006
--- local_update_loss : 1.28
client: f0000004
--- local_update_loss : 1.22
Traceback (most recent call last):
  File "/home/dengzhiling/.local/lib/python3.10/site-packages/easyfl/main/main.py", line 26, in <module>
    easyfl.run()
  File "/home/dengzhiling/.local/lib/python3.10/site-packages/easyfl/coordinator.py", line 390, in run
    _global_coord.run()
  File "/home/dengzhiling/.local/lib/python3.10/site-packages/easyfl/coordinator.py", line 80, in run
    self.server.start(self.model, self.clients)
  File "/home/dengzhiling/.local/lib/python3.10/site-packages/easyfl/server/base.py", line 164, in start
    self.train()
  File "/home/dengzhiling/.local/lib/python3.10/site-packages/easyfl/server/base.py", line 200, in train
    self.distribution_to_train()
  File "/home/dengzhiling/.local/lib/python3.10/site-packages/easyfl/server/base.py", line 347, in distribution_to_train
    self.distribution_to_train_locally()
  File "/home/dengzhiling/.local/lib/python3.10/site-packages/easyfl/main/CustomizeServer.py", line 89, in distribution_to_train_locally
    client.run_train(model, self.conf.client, train_local_only=False)
  File "/home/dengzhiling/.local/lib/python3.10/site-packages/easyfl/main/CustomizedClient.py", line 154, in run_train
    self.train(conf, self.device, train_local_only) # 只修改了这里
  File "/home/dengzhiling/.local/lib/python3.10/site-packages/easyfl/main/CustomizedClient.py", line 142, in train
    self.train_DML(conf, device)
  File "/home/dengzhiling/.local/lib/python3.10/site-packages/easyfl/main/CustomizedClient.py", line 96, in train_DML
    loss_B = beta * loss_ce(out_B, label) + alpha * loss_kl(F.log_softmax(out_B, dim=1), F.softmax(out_A, dim=1))
  File "/home/dengzhiling/.local/lib/python3.10/site-packages/torch/nn/modules/module.py", line 1194, in _call_impl
    return forward_call(*input, **kwargs)
  File "/home/dengzhiling/.local/lib/python3.10/site-packages/torch/nn/modules/loss.py", line 471, in forward
    return F.kl_div(input, target, reduction=self.reduction, log_target=self.log_target)
KeyboardInterrupt
