2023-02-26 01:44:50,639 [MainThread] [INFO ]  Configurations: {'task_id': '', 'data': {'root': './data/', 'dataset': 'cifar10', 'split_type': 'class', 'min_size': 10, 'data_amount': 0.05, 'iid_fraction': 0.1, 'user': False, 'train_test_split': 0.8, 'class_per_client': 8, 'num_of_clients': 10, 'alpha': 0.2, 'weights': None}, 'model': 'simple_cnn', 'test_mode': 'test_in_client', 'test_method': 'average', 'server': {'track': False, 'rounds': 2000, 'clients_per_round': 2, 'test_every': 1, 'save_model_every': 10, 'save_model_path': '', 'batch_size': 64, 'test_all': True, 'random_selection': True, 'aggregation_stragtegy': 'EQUAL_AVERAGE', 'aggregation_content': 'all'}, 'client': {'track': False, 'batch_size': 200, 'test_batch_size': 5, 'local_epoch': 10, 'optimizer': {'type': 'SGD', 'lr': 0.01, 'momentum': 0.5, 'weight_decay': 0.0005, 'nesterov': True}, 'seed': 0, 'local_test': True}, 'gpu': 1, 'distributed': {'backend': 'nccl', 'init_method': '', 'world_size': 0, 'rank': 0, 'local_rank': 0}, 'tracking': {'database': '', 'log_file': '', 'log_level': 'INFO', 'metric_file': '', 'save_every': 1}, 'resource_heterogeneous': {'simulate': False, 'hetero_type': 'real', 'level': 3, 'sleep_group_num': 1000, 'total_time': 1000, 'fraction': 1, 'grouping_strategy': 'greedy', 'initial_default_time': 5, 'default_time_momentum': 0.2}, 'seed': 0, 'is_distributed': False, 'device': 0}
2023-02-26 01:44:50,741 [MainThread] [INFO ]  Total training data amount: 50000
2023-02-26 01:44:50,741 [MainThread] [INFO ]  Total testing data amount: 10000
local_batch_size: 128, DML_batch_size: 16, local_epoch: 1, DML_epoch: 10, alpha: 1, beta: 1, DML_lr: 0.02
local_batch_size: 128, DML_batch_size: 16, local_epoch: 1, DML_epoch: 10, alpha: 1, beta: 1, DML_lr: 0.02
local_batch_size: 128, DML_batch_size: 16, local_epoch: 1, DML_epoch: 10, alpha: 1, beta: 1, DML_lr: 0.02
local_batch_size: 128, DML_batch_size: 16, local_epoch: 1, DML_epoch: 10, alpha: 1, beta: 1, DML_lr: 0.02
local_batch_size: 128, DML_batch_size: 16, local_epoch: 1, DML_epoch: 10, alpha: 1, beta: 1, DML_lr: 0.02
local_batch_size: 128, DML_batch_size: 16, local_epoch: 1, DML_epoch: 10, alpha: 1, beta: 1, DML_lr: 0.02
local_batch_size: 128, DML_batch_size: 16, local_epoch: 1, DML_epoch: 10, alpha: 1, beta: 1, DML_lr: 0.02
local_batch_size: 128, DML_batch_size: 16, local_epoch: 1, DML_epoch: 10, alpha: 1, beta: 1, DML_lr: 0.02
local_batch_size: 128, DML_batch_size: 16, local_epoch: 1, DML_epoch: 10, alpha: 1, beta: 1, DML_lr: 0.02
local_batch_size: 128, DML_batch_size: 16, local_epoch: 1, DML_epoch: 10, alpha: 1, beta: 1, DML_lr: 0.02
2023-02-26 01:44:50,777 [MainThread] [INFO ]  Clients in total: 10
2023-02-26 01:44:50,807 [MainThread] [INFO ]  
-------- round 0 --------
2023-02-26 01:44:50,807 [MainThread] [INFO ]  --- start training ---
client: f0000002
--- local_update_loss : 2.22
client: f0000008
--- local_update_loss : 2.28
--- DML_update_loss(A model) with Client:f0000001: 1.73
--- DML_update_loss(A model) with Client:f0000007: 1.68
--------- test avarage ---------
--- All clients' test loss: 1.77
--- All clients' test acc: 30.93%
2023-02-26 01:47:43,688 [MainThread] [INFO ]  Server train time: 172.87998986244202
2023-02-26 01:47:43,689 [MainThread] [INFO ]  
-------- round 1 --------
2023-02-26 01:47:43,689 [MainThread] [INFO ]  --- start training ---
client: f0000002
--- local_update_loss : 2.09
client: f0000009
--- local_update_loss : 2.27
--- DML_update_loss(A model) with Client:f0000008: 1.67
--- DML_update_loss(A model) with Client:f0000001: 1.63
--------- test avarage ---------
--- All clients' test loss: 1.73
--- All clients' test acc: 32.55%
2023-02-26 01:50:34,322 [MainThread] [INFO ]  Server train time: 170.63304901123047
2023-02-26 01:50:34,323 [MainThread] [INFO ]  
-------- round 2 --------
2023-02-26 01:50:34,323 [MainThread] [INFO ]  --- start training ---
client: f0000004
--- local_update_loss : 2.27
client: f0000001
--- local_update_loss : 1.42
--- DML_update_loss(A model) with Client:f0000000: 1.79
--- DML_update_loss(A model) with Client:f0000006: 1.73
--------- test avarage ---------
--- All clients' test loss: 1.59
--- All clients' test acc: 39.82%
2023-02-26 01:53:24,387 [MainThread] [INFO ]  Server train time: 170.0636374950409
2023-02-26 01:53:24,388 [MainThread] [INFO ]  
-------- round 3 --------
2023-02-26 01:53:24,388 [MainThread] [INFO ]  --- start training ---
client: f0000005
--- local_update_loss : 2.24
client: f0000004
--- local_update_loss : 2.14
--- DML_update_loss(A model) with Client:f0000001: 1.64
--- DML_update_loss(A model) with Client:f0000008: 1.57
--------- test avarage ---------
--- All clients' test loss: 1.68
--- All clients' test acc: 33.62%
2023-02-26 01:56:14,588 [MainThread] [INFO ]  Server train time: 170.19997763633728
2023-02-26 01:56:14,589 [MainThread] [INFO ]  
-------- round 4 --------
2023-02-26 01:56:14,589 [MainThread] [INFO ]  --- start training ---
client: f0000003
--- local_update_loss : 2.27
client: f0000008
--- local_update_loss : 1.28
--- DML_update_loss(A model) with Client:f0000006: 1.64
--- DML_update_loss(A model) with Client:f0000004: 1.78
--------- test avarage ---------
--- All clients' test loss: 1.56
--- All clients' test acc: 42.45%
2023-02-26 01:59:05,035 [MainThread] [INFO ]  Server train time: 170.445659160614
2023-02-26 01:59:05,036 [MainThread] [INFO ]  
-------- round 5 --------
2023-02-26 01:59:05,036 [MainThread] [INFO ]  --- start training ---
client: f0000009
--- local_update_loss : 2.18
client: f0000005
--- local_update_loss : 2.13
--- DML_update_loss(A model) with Client:f0000006: 1.64
--- DML_update_loss(A model) with Client:f0000007: 1.58
--------- test avarage ---------
--- All clients' test loss: 1.69
--- All clients' test acc: 34.67%
2023-02-26 02:01:56,243 [MainThread] [INFO ]  Server train time: 171.20689177513123
2023-02-26 02:01:56,244 [MainThread] [INFO ]  
-------- round 6 --------
2023-02-26 02:01:56,244 [MainThread] [INFO ]  --- start training ---
client: f0000008
--- local_update_loss : 1.27
client: f0000001
--- local_update_loss : 1.38
--- DML_update_loss(A model) with Client:f0000003: 1.65
--- DML_update_loss(A model) with Client:f0000002: 1.68
--------- test avarage ---------
--- All clients' test loss: 1.30
--- All clients' test acc: 51.80%
2023-02-26 02:04:47,105 [MainThread] [INFO ]  Server train time: 170.8601484298706
2023-02-26 02:04:47,106 [MainThread] [INFO ]  
-------- round 7 --------
2023-02-26 02:04:47,106 [MainThread] [INFO ]  --- start training ---
client: f0000008
--- local_update_loss : 1.26
client: f0000005
--- local_update_loss : 2.07
--- DML_update_loss(A model) with Client:f0000000: 1.70
--- DML_update_loss(A model) with Client:f0000001: 1.64
--------- test avarage ---------
--- All clients' test loss: 1.45
--- All clients' test acc: 43.20%
2023-02-26 02:07:37,720 [MainThread] [INFO ]  Server train time: 170.61327838897705
2023-02-26 02:07:37,720 [MainThread] [INFO ]  
-------- round 8 --------
2023-02-26 02:07:37,721 [MainThread] [INFO ]  --- start training ---
client: f0000008
--- local_update_loss : 1.25
client: f0000006
--- local_update_loss : 1.40
--- DML_update_loss(A model) with Client:f0000005: 1.76
--- DML_update_loss(A model) with Client:f0000004: 1.69
--------- test avarage ---------
--- All clients' test loss: 1.32
--- All clients' test acc: 51.30%
2023-02-26 02:10:27,374 [MainThread] [INFO ]  Server train time: 169.65317940711975
2023-02-26 02:10:27,375 [MainThread] [INFO ]  
-------- round 9 --------
2023-02-26 02:10:27,375 [MainThread] [INFO ]  --- start training ---
client: f0000008
--- local_update_loss : 1.25
client: f0000004
--- local_update_loss : 1.42
--- DML_update_loss(A model) with Client:f0000009: 1.78
--- DML_update_loss(A model) with Client:f0000003: 1.56
--------- test avarage ---------
--- All clients' test loss: 1.40
--- All clients' test acc: 48.67%
2023-02-26 02:13:17,410 [MainThread] [INFO ]  Server train time: 170.03473496437073
2023-02-26 02:13:17,419 [MainThread] [INFO ]  Model saved at /home/dengzhiling/.local/lib/python3.10/site-packages/easyfl/main/saved_models/_global_model_r_9.pth
2023-02-26 02:13:17,419 [MainThread] [INFO ]  
-------- round 10 --------
2023-02-26 02:13:17,419 [MainThread] [INFO ]  --- start training ---
client: f0000008
--- local_update_loss : 1.25
client: f0000002
--- local_update_loss : 1.41
--- DML_update_loss(A model) with Client:f0000009: 1.70
--- DML_update_loss(A model) with Client:f0000001: 1.64
--------- test avarage ---------
--- All clients' test loss: 1.41
--- All clients' test acc: 47.75%
2023-02-26 02:16:07,393 [MainThread] [INFO ]  Server train time: 169.9731640815735
2023-02-26 02:16:07,394 [MainThread] [INFO ]  
-------- round 11 --------
2023-02-26 02:16:07,394 [MainThread] [INFO ]  --- start training ---
client: f0000007
--- local_update_loss : 1.28
client: f0000008
--- local_update_loss : 1.23
--- DML_update_loss(A model) with Client:f0000004: 1.69
--- DML_update_loss(A model) with Client:f0000001: 1.64
--------- test avarage ---------
--- All clients' test loss: 1.27
--- All clients' test acc: 53.12%
2023-02-26 02:18:58,290 [MainThread] [INFO ]  Server train time: 170.89628648757935
2023-02-26 02:18:58,291 [MainThread] [INFO ]  
-------- round 12 --------
2023-02-26 02:18:58,291 [MainThread] [INFO ]  --- start training ---
client: f0000005
--- local_update_loss : 1.50
client: f0000008
--- local_update_loss : 1.26
--- DML_update_loss(A model) with Client:f0000003: 1.57
--- DML_update_loss(A model) with Client:f0000002: 1.60
--------- test avarage ---------
--- All clients' test loss: 1.33
--- All clients' test acc: 50.90%
2023-02-26 02:21:48,655 [MainThread] [INFO ]  Server train time: 170.3629777431488
2023-02-26 02:21:48,656 [MainThread] [INFO ]  
-------- round 13 --------
2023-02-26 02:21:48,656 [MainThread] [INFO ]  --- start training ---
client: f0000003
--- local_update_loss : 1.23
client: f0000005
--- local_update_loss : 1.48
--- DML_update_loss(A model) with Client:f0000002: 1.60
--- DML_update_loss(A model) with Client:f0000000: 1.71
--------- test avarage ---------
--- All clients' test loss: 1.31
--- All clients' test acc: 51.05%
2023-02-26 02:24:39,163 [MainThread] [INFO ]  Server train time: 170.50701308250427
2023-02-26 02:24:39,164 [MainThread] [INFO ]  
-------- round 14 --------
2023-02-26 02:24:39,164 [MainThread] [INFO ]  --- start training ---
client: f0000003
--- local_update_loss : 1.20
client: f0000009
--- local_update_loss : 1.43
--- DML_update_loss(A model) with Client:f0000005: 1.68
--- DML_update_loss(A model) with Client:f0000001: 1.64
--------- test avarage ---------
--- All clients' test loss: 1.27
--- All clients' test acc: 52.30%
2023-02-26 02:27:29,692 [MainThread] [INFO ]  Server train time: 170.5280966758728
2023-02-26 02:27:29,693 [MainThread] [INFO ]  
-------- round 15 --------
2023-02-26 02:27:29,693 [MainThread] [INFO ]  --- start training ---
client: f0000002
--- local_update_loss : 1.28
client: f0000006
--- local_update_loss : 1.39
--- DML_update_loss(A model) with Client:f0000009: 1.70
--- DML_update_loss(A model) with Client:f0000008: 1.59
--------- test avarage ---------
--- All clients' test loss: 1.26
--- All clients' test acc: 53.05%
2023-02-26 02:30:25,097 [MainThread] [INFO ]  Server train time: 175.4028196334839
2023-02-26 02:30:25,097 [MainThread] [INFO ]  
-------- round 16 --------
2023-02-26 02:30:25,097 [MainThread] [INFO ]  --- start training ---
client: f0000006
--- local_update_loss : 1.38
client: f0000002
--- local_update_loss : 1.30
--- DML_update_loss(A model) with Client:f0000009: 1.69
--- DML_update_loss(A model) with Client:f0000007: 1.59
--------- test avarage ---------
--- All clients' test loss: 1.32
--- All clients' test acc: 52.05%
2023-02-26 02:33:17,810 [MainThread] [INFO ]  Server train time: 172.71182537078857
2023-02-26 02:33:17,810 [MainThread] [INFO ]  
-------- round 17 --------
2023-02-26 02:33:17,811 [MainThread] [INFO ]  --- start training ---
client: f0000007
--- local_update_loss : 1.28
client: f0000002
--- local_update_loss : 1.26
--- DML_update_loss(A model) with Client:f0000006: 1.64
--- DML_update_loss(A model) with Client:f0000009: 1.70
--------- test avarage ---------
--- All clients' test loss: 1.27
--- All clients' test acc: 53.52%
2023-02-26 02:36:11,982 [MainThread] [INFO ]  Server train time: 174.17122220993042
2023-02-26 02:36:11,983 [MainThread] [INFO ]  
-------- round 18 --------
2023-02-26 02:36:11,983 [MainThread] [INFO ]  --- start training ---
client: f0000007
--- local_update_loss : 1.24
client: f0000009
--- local_update_loss : 1.40
--- DML_update_loss(A model) with Client:f0000001: 1.64
--- DML_update_loss(A model) with Client:f0000008: 1.59
--------- test avarage ---------
--- All clients' test loss: 1.26
--- All clients' test acc: 52.58%
2023-02-26 02:39:07,486 [MainThread] [INFO ]  Server train time: 175.502366065979
2023-02-26 02:39:07,487 [MainThread] [INFO ]  
-------- round 19 --------
2023-02-26 02:39:07,487 [MainThread] [INFO ]  --- start training ---
client: f0000001
--- local_update_loss : 1.37
client: f0000007
--- local_update_loss : 1.26
--- DML_update_loss(A model) with Client:f0000006: 1.65
--- DML_update_loss(A model) with Client:f0000002: 1.60
--------- test avarage ---------
--- All clients' test loss: 1.42
--- All clients' test acc: 49.27%
2023-02-26 02:41:59,300 [MainThread] [INFO ]  Server train time: 171.8130795955658
2023-02-26 02:41:59,309 [MainThread] [INFO ]  Model saved at /home/dengzhiling/.local/lib/python3.10/site-packages/easyfl/main/saved_models/_global_model_r_19.pth
2023-02-26 02:41:59,310 [MainThread] [INFO ]  
-------- round 20 --------
2023-02-26 02:41:59,310 [MainThread] [INFO ]  --- start training ---
client: f0000007
--- local_update_loss : 1.26
client: f0000001
--- local_update_loss : 1.35
--- DML_update_loss(A model) with Client:f0000008: 1.59
--- DML_update_loss(A model) with Client:f0000006: 1.65
--------- test avarage ---------
--- All clients' test loss: 1.21
--- All clients' test acc: 53.40%
2023-02-26 02:44:50,928 [MainThread] [INFO ]  Server train time: 171.61757254600525
2023-02-26 02:44:50,928 [MainThread] [INFO ]  
-------- round 21 --------
2023-02-26 02:44:50,929 [MainThread] [INFO ]  --- start training ---
client: f0000001
--- local_update_loss : 1.36
client: f0000002
--- local_update_loss : 1.27
--- DML_update_loss(A model) with Client:f0000009: 1.70
--- DML_update_loss(A model) with Client:f0000008: 1.58
--------- test avarage ---------
--- All clients' test loss: 1.25
--- All clients' test acc: 53.25%
2023-02-26 02:47:40,684 [MainThread] [INFO ]  Server train time: 169.75475478172302
2023-02-26 02:47:40,684 [MainThread] [INFO ]  
-------- round 22 --------
2023-02-26 02:47:40,685 [MainThread] [INFO ]  --- start training ---
client: f0000002
--- local_update_loss : 1.24
client: f0000001
--- local_update_loss : 1.36
--- DML_update_loss(A model) with Client:f0000009: 1.70
--- DML_update_loss(A model) with Client:f0000008: 1.58
--------- test avarage ---------
--- All clients' test loss: 1.22
--- All clients' test acc: 54.05%
2023-02-26 02:50:31,630 [MainThread] [INFO ]  Server train time: 170.94552445411682
2023-02-26 02:50:31,631 [MainThread] [INFO ]  
-------- round 23 --------
2023-02-26 02:50:31,631 [MainThread] [INFO ]  --- start training ---
client: f0000005
--- local_update_loss : 1.42
client: f0000008
--- local_update_loss : 1.25
--- DML_update_loss(A model) with Client:f0000002: 1.60
--- DML_update_loss(A model) with Client:f0000009: 1.69
--------- test avarage ---------
--- All clients' test loss: 1.29
--- All clients' test acc: 52.85%
2023-02-26 02:53:23,262 [MainThread] [INFO ]  Server train time: 171.63025784492493
2023-02-26 02:53:23,263 [MainThread] [INFO ]  
-------- round 24 --------
2023-02-26 02:53:23,263 [MainThread] [INFO ]  --- start training ---
client: f0000009
--- local_update_loss : 1.39
client: f0000004
--- local_update_loss : 1.40
--- DML_update_loss(A model) with Client:f0000008: 1.59
--- DML_update_loss(A model) with Client:f0000002: 1.61
--------- test avarage ---------
--- All clients' test loss: 1.43
--- All clients' test acc: 48.57%
2023-02-26 02:56:13,491 [MainThread] [INFO ]  Server train time: 170.22720074653625
2023-02-26 02:56:13,491 [MainThread] [INFO ]  
-------- round 25 --------
2023-02-26 02:56:13,491 [MainThread] [INFO ]  --- start training ---
client: f0000005
--- local_update_loss : 1.41
client: f0000001
--- local_update_loss : 1.34
--- DML_update_loss(A model) with Client:f0000007: 1.59
--- DML_update_loss(A model) with Client:f0000003: 1.57
--------- test avarage ---------
--- All clients' test loss: 1.24
--- All clients' test acc: 52.98%
2023-02-26 02:59:05,657 [MainThread] [INFO ]  Server train time: 172.16507697105408
2023-02-26 02:59:05,658 [MainThread] [INFO ]  
-------- round 26 --------
2023-02-26 02:59:05,658 [MainThread] [INFO ]  --- start training ---
client: f0000008
--- local_update_loss : 1.27
client: f0000004
--- local_update_loss : 1.38
--- DML_update_loss(A model) with Client:f0000009: 1.70
--- DML_update_loss(A model) with Client:f0000005: 1.69
--------- test avarage ---------
--- All clients' test loss: 1.23
--- All clients' test acc: 54.53%
2023-02-26 03:01:57,477 [MainThread] [INFO ]  Server train time: 171.81860971450806
2023-02-26 03:01:57,478 [MainThread] [INFO ]  
-------- round 27 --------
2023-02-26 03:01:57,478 [MainThread] [INFO ]  --- start training ---
client: f0000004
--- local_update_loss : 1.38
client: f0000002
--- local_update_loss : 1.27
--- DML_update_loss(A model) with Client:f0000009: 1.71
--- DML_update_loss(A model) with Client:f0000006: 1.65
--------- test avarage ---------
--- All clients' test loss: 1.31
--- All clients' test acc: 50.70%
2023-02-26 03:04:48,252 [MainThread] [INFO ]  Server train time: 170.77396869659424
2023-02-26 03:04:48,253 [MainThread] [INFO ]  
-------- round 28 --------
2023-02-26 03:04:48,253 [MainThread] [INFO ]  --- start training ---
client: f0000009
--- local_update_loss : 1.40
client: f0000002
--- local_update_loss : 1.25
--- DML_update_loss(A model) with Client:f0000007: 1.60
--- DML_update_loss(A model) with Client:f0000005: 1.69
--------- test avarage ---------
--- All clients' test loss: 1.29
--- All clients' test acc: 52.20%
2023-02-26 03:07:39,086 [MainThread] [INFO ]  Server train time: 170.8324019908905
2023-02-26 03:07:39,087 [MainThread] [INFO ]  
-------- round 29 --------
2023-02-26 03:07:39,087 [MainThread] [INFO ]  --- start training ---
client: f0000008
--- local_update_loss : 1.25
client: f0000006
--- local_update_loss : 1.40
--- DML_update_loss(A model) with Client:f0000001: 1.64
--- DML_update_loss(A model) with Client:f0000005: 1.69
--------- test avarage ---------
--- All clients' test loss: 1.22
--- All clients' test acc: 52.50%
2023-02-26 03:10:29,175 [MainThread] [INFO ]  Server train time: 170.08773159980774
2023-02-26 03:10:29,186 [MainThread] [INFO ]  Model saved at /home/dengzhiling/.local/lib/python3.10/site-packages/easyfl/main/saved_models/_global_model_r_29.pth
2023-02-26 03:10:29,186 [MainThread] [INFO ]  
-------- round 30 --------
2023-02-26 03:10:29,186 [MainThread] [INFO ]  --- start training ---
client: f0000000
--- local_update_loss : 1.42
client: f0000001
--- local_update_loss : 1.37
--- DML_update_loss(A model) with Client:f0000002: 1.60
--- DML_update_loss(A model) with Client:f0000004: 1.70
--------- test avarage ---------
--- All clients' test loss: 1.37
--- All clients' test acc: 49.45%
2023-02-26 03:13:26,155 [MainThread] [INFO ]  Server train time: 176.96803069114685
2023-02-26 03:13:26,156 [MainThread] [INFO ]  
-------- round 31 --------
2023-02-26 03:13:26,156 [MainThread] [INFO ]  --- start training ---
client: f0000004
--- local_update_loss : 1.38
client: f0000001
--- local_update_loss : 1.38
--- DML_update_loss(A model) with Client:f0000000: 1.71
--- DML_update_loss(A model) with Client:f0000002: 1.61
--------- test avarage ---------
--- All clients' test loss: 1.32
--- All clients' test acc: 50.33%
2023-02-26 03:16:24,110 [MainThread] [INFO ]  Server train time: 177.9540901184082
2023-02-26 03:16:24,111 [MainThread] [INFO ]  
-------- round 32 --------
2023-02-26 03:16:24,111 [MainThread] [INFO ]  --- start training ---
client: f0000009
--- local_update_loss : 1.38
client: f0000001
--- local_update_loss : 1.35
--- DML_update_loss(A model) with Client:f0000005: 1.69
--- DML_update_loss(A model) with Client:f0000008: 1.58
--------- test avarage ---------
--- All clients' test loss: 1.25
--- All clients' test acc: 53.30%
2023-02-26 03:19:17,674 [MainThread] [INFO ]  Server train time: 173.56170225143433
2023-02-26 03:19:17,674 [MainThread] [INFO ]  
-------- round 33 --------
2023-02-26 03:19:17,674 [MainThread] [INFO ]  --- start training ---
client: f0000008
--- local_update_loss : 1.25
client: f0000003
--- local_update_loss : 1.23
--- DML_update_loss(A model) with Client:f0000002: 1.61
--- DML_update_loss(A model) with Client:f0000009: 1.70
--------- test avarage ---------
--- All clients' test loss: 1.24
--- All clients' test acc: 54.33%
2023-02-26 03:22:10,349 [MainThread] [INFO ]  Server train time: 172.6742775440216
2023-02-26 03:22:10,350 [MainThread] [INFO ]  
-------- round 34 --------
2023-02-26 03:22:10,350 [MainThread] [INFO ]  --- start training ---
client: f0000000
--- local_update_loss : 1.43
client: f0000009
--- local_update_loss : 1.39
--- DML_update_loss(A model) with Client:f0000006: 1.65
--- DML_update_loss(A model) with Client:f0000001: 1.64
--------- test avarage ---------
--- All clients' test loss: 1.40
--- All clients' test acc: 48.92%
2023-02-26 03:25:07,438 [MainThread] [INFO ]  Server train time: 177.0876967906952
2023-02-26 03:25:07,439 [MainThread] [INFO ]  
-------- round 35 --------
2023-02-26 03:25:07,439 [MainThread] [INFO ]  --- start training ---
client: f0000006
--- local_update_loss : 1.40
client: f0000002
--- local_update_loss : 1.27
--- DML_update_loss(A model) with Client:f0000005: 1.69
--- DML_update_loss(A model) with Client:f0000004: 1.70
--------- test avarage ---------
--- All clients' test loss: 1.31
--- All clients' test acc: 51.83%
2023-02-26 03:28:00,567 [MainThread] [INFO ]  Server train time: 173.12784504890442
2023-02-26 03:28:00,568 [MainThread] [INFO ]  
-------- round 36 --------
2023-02-26 03:28:00,568 [MainThread] [INFO ]  --- start training ---
client: f0000003
--- local_update_loss : 1.23
client: f0000009
--- local_update_loss : 1.38
--- DML_update_loss(A model) with Client:f0000000: 1.71
--- DML_update_loss(A model) with Client:f0000005: 1.69
--------- test avarage ---------
--- All clients' test loss: 1.27
--- All clients' test acc: 52.42%
2023-02-26 03:30:59,398 [MainThread] [INFO ]  Server train time: 178.8296401500702
2023-02-26 03:30:59,399 [MainThread] [INFO ]  
-------- round 37 --------
2023-02-26 03:30:59,399 [MainThread] [INFO ]  --- start training ---
client: f0000004
--- local_update_loss : 1.39
client: f0000009
--- local_update_loss : 1.37
--- DML_update_loss(A model) with Client:f0000000: 1.71
--- DML_update_loss(A model) with Client:f0000006: 1.64
--------- test avarage ---------
--- All clients' test loss: 1.31
--- All clients' test acc: 51.38%
2023-02-26 03:33:52,118 [MainThread] [INFO ]  Server train time: 172.71819829940796
2023-02-26 03:33:52,119 [MainThread] [INFO ]  
-------- round 38 --------
2023-02-26 03:33:52,119 [MainThread] [INFO ]  --- start training ---
client: f0000008
--- local_update_loss : 1.24
client: f0000000
--- local_update_loss : 1.41
--- DML_update_loss(A model) with Client:f0000006: 1.65
--- DML_update_loss(A model) with Client:f0000005: 1.69
--------- test avarage ---------
--- All clients' test loss: 1.24
--- All clients' test acc: 53.53%
2023-02-26 03:36:46,743 [MainThread] [INFO ]  Server train time: 174.62442445755005
2023-02-26 03:36:46,744 [MainThread] [INFO ]  
-------- round 39 --------
2023-02-26 03:36:46,744 [MainThread] [INFO ]  --- start training ---
client: f0000002
--- local_update_loss : 1.26
client: f0000001
--- local_update_loss : 1.36
--- DML_update_loss(A model) with Client:f0000007: 1.59
--- DML_update_loss(A model) with Client:f0000004: 1.70
--------- test avarage ---------
--- All clients' test loss: 1.24
--- All clients' test acc: 55.10%
2023-02-26 03:39:39,690 [MainThread] [INFO ]  Server train time: 172.94511485099792
2023-02-26 03:39:39,700 [MainThread] [INFO ]  Model saved at /home/dengzhiling/.local/lib/python3.10/site-packages/easyfl/main/saved_models/_global_model_r_39.pth
2023-02-26 03:39:39,700 [MainThread] [INFO ]  
-------- round 40 --------
2023-02-26 03:39:39,700 [MainThread] [INFO ]  --- start training ---
client: f0000004
--- local_update_loss : 1.38
client: f0000003
--- local_update_loss : 1.20
--- DML_update_loss(A model) with Client:f0000006: 1.65
--- DML_update_loss(A model) with Client:f0000002: 1.61
--------- test avarage ---------
--- All clients' test loss: 1.32
--- All clients' test acc: 51.65%
2023-02-26 03:42:32,723 [MainThread] [INFO ]  Server train time: 173.02254390716553
2023-02-26 03:42:32,724 [MainThread] [INFO ]  
-------- round 41 --------
2023-02-26 03:42:32,724 [MainThread] [INFO ]  --- start training ---
client: f0000005
--- local_update_loss : 1.38
client: f0000006
--- local_update_loss : 1.39
--- DML_update_loss(A model) with Client:f0000000: 1.71
--- DML_update_loss(A model) with Client:f0000004: 1.70
--------- test avarage ---------
--- All clients' test loss: 1.43
--- All clients' test acc: 47.05%
2023-02-26 03:45:30,183 [MainThread] [INFO ]  Server train time: 177.45854878425598
2023-02-26 03:45:30,184 [MainThread] [INFO ]  
-------- round 42 --------
2023-02-26 03:45:30,184 [MainThread] [INFO ]  --- start training ---
client: f0000008
--- local_update_loss : 1.22
client: f0000001
--- local_update_loss : 1.38
--- DML_update_loss(A model) with Client:f0000009: 1.70
--- DML_update_loss(A model) with Client:f0000000: 1.71
--------- test avarage ---------
--- All clients' test loss: 1.46
--- All clients' test acc: 46.30%
2023-02-26 03:48:27,183 [MainThread] [INFO ]  Server train time: 176.99899649620056
2023-02-26 03:48:27,184 [MainThread] [INFO ]  
-------- round 43 --------
2023-02-26 03:48:27,184 [MainThread] [INFO ]  --- start training ---
client: f0000003
--- local_update_loss : 1.20
client: f0000009
--- local_update_loss : 1.37
--- DML_update_loss(A model) with Client:f0000006: 1.65
--- DML_update_loss(A model) with Client:f0000000: 1.71
--------- test avarage ---------
--- All clients' test loss: 1.32
--- All clients' test acc: 51.10%
2023-02-26 03:51:23,611 [MainThread] [INFO ]  Server train time: 176.42678952217102
2023-02-26 03:51:23,612 [MainThread] [INFO ]  
-------- round 44 --------
2023-02-26 03:51:23,612 [MainThread] [INFO ]  --- start training ---
client: f0000002
--- local_update_loss : 1.27
client: f0000007
--- local_update_loss : 1.23
--- DML_update_loss(A model) with Client:f0000003: 1.57
--- DML_update_loss(A model) with Client:f0000006: 1.64
--------- test avarage ---------
--- All clients' test loss: 1.29
--- All clients' test acc: 51.32%
2023-02-26 03:54:22,766 [MainThread] [INFO ]  Server train time: 179.1531047821045
2023-02-26 03:54:22,767 [MainThread] [INFO ]  
-------- round 45 --------
2023-02-26 03:54:22,767 [MainThread] [INFO ]  --- start training ---
client: f0000002
--- local_update_loss : 1.25
client: f0000004
--- local_update_loss : 1.38
--- DML_update_loss(A model) with Client:f0000009: 1.71
--- DML_update_loss(A model) with Client:f0000006: 1.65
--------- test avarage ---------
--- All clients' test loss: 1.55
--- All clients' test acc: 46.68%
2023-02-26 03:57:21,548 [MainThread] [INFO ]  Server train time: 178.78065371513367
2023-02-26 03:57:21,549 [MainThread] [INFO ]  
-------- round 46 --------
2023-02-26 03:57:21,549 [MainThread] [INFO ]  --- start training ---
client: f0000007
--- local_update_loss : 1.25
client: f0000000
--- local_update_loss : 1.43
--- DML_update_loss(A model) with Client:f0000006: 1.64
--- DML_update_loss(A model) with Client:f0000004: 1.70
--------- test avarage ---------
--- All clients' test loss: 1.36
--- All clients' test acc: 48.78%
2023-02-26 04:00:18,568 [MainThread] [INFO ]  Server train time: 177.0193018913269
2023-02-26 04:00:18,569 [MainThread] [INFO ]  
-------- round 47 --------
2023-02-26 04:00:18,569 [MainThread] [INFO ]  --- start training ---
client: f0000002
--- local_update_loss : 1.28
client: f0000001
--- local_update_loss : 1.36
--- DML_update_loss(A model) with Client:f0000000: 1.72
--- DML_update_loss(A model) with Client:f0000008: 1.59
--------- test avarage ---------
--- All clients' test loss: 1.26
--- All clients' test acc: 52.68%
2023-02-26 04:03:10,650 [MainThread] [INFO ]  Server train time: 172.07998514175415
2023-02-26 04:03:10,650 [MainThread] [INFO ]  
-------- round 48 --------
2023-02-26 04:03:10,650 [MainThread] [INFO ]  --- start training ---
client: f0000007
--- local_update_loss : 1.23
client: f0000005
--- local_update_loss : 1.38
--- DML_update_loss(A model) with Client:f0000001: 1.64
--- DML_update_loss(A model) with Client:f0000006: 1.65
--------- test avarage ---------
--- All clients' test loss: 1.26
--- All clients' test acc: 52.15%
2023-02-26 04:06:02,371 [MainThread] [INFO ]  Server train time: 171.72014808654785
2023-02-26 04:06:02,372 [MainThread] [INFO ]  
-------- round 49 --------
2023-02-26 04:06:02,372 [MainThread] [INFO ]  --- start training ---
client: f0000009
--- local_update_loss : 1.39
client: f0000000
--- local_update_loss : 1.43
--- DML_update_loss(A model) with Client:f0000008: 1.58
--- DML_update_loss(A model) with Client:f0000003: 1.57
--------- test avarage ---------
--- All clients' test loss: 1.24
--- All clients' test acc: 53.85%
2023-02-26 04:08:59,431 [MainThread] [INFO ]  Server train time: 177.05901980400085
2023-02-26 04:08:59,441 [MainThread] [INFO ]  Model saved at /home/dengzhiling/.local/lib/python3.10/site-packages/easyfl/main/saved_models/_global_model_r_49.pth
2023-02-26 04:08:59,441 [MainThread] [INFO ]  
-------- round 50 --------
2023-02-26 04:08:59,441 [MainThread] [INFO ]  --- start training ---
client: f0000007
--- local_update_loss : 1.22
client: f0000008
--- local_update_loss : 1.27
--- DML_update_loss(A model) with Client:f0000002: 1.61
--- DML_update_loss(A model) with Client:f0000000: 1.70
--------- test avarage ---------
--- All clients' test loss: 1.19
--- All clients' test acc: 57.05%
2023-02-26 04:11:51,782 [MainThread] [INFO ]  Server train time: 172.34070014953613
2023-02-26 04:11:51,783 [MainThread] [INFO ]  
-------- round 51 --------
2023-02-26 04:11:51,783 [MainThread] [INFO ]  --- start training ---
client: f0000003
--- local_update_loss : 1.23
client: f0000004
--- local_update_loss : 1.37
--- DML_update_loss(A model) with Client:f0000005: 1.69
--- DML_update_loss(A model) with Client:f0000001: 1.64
--------- test avarage ---------
--- All clients' test loss: 1.23
--- All clients' test acc: 54.05%
2023-02-26 04:14:47,088 [MainThread] [INFO ]  Server train time: 175.30419611930847
2023-02-26 04:14:47,089 [MainThread] [INFO ]  
-------- round 52 --------
2023-02-26 04:14:47,089 [MainThread] [INFO ]  --- start training ---
client: f0000009
--- local_update_loss : 1.38
client: f0000001
--- local_update_loss : 1.37
--- DML_update_loss(A model) with Client:f0000007: 1.59
--- DML_update_loss(A model) with Client:f0000002: 1.61
--------- test avarage ---------
--- All clients' test loss: 1.26
--- All clients' test acc: 52.28%
2023-02-26 04:17:43,165 [MainThread] [INFO ]  Server train time: 176.07525372505188
2023-02-26 04:17:43,165 [MainThread] [INFO ]  
-------- round 53 --------
2023-02-26 04:17:43,165 [MainThread] [INFO ]  --- start training ---
client: f0000001
--- local_update_loss : 1.35
client: f0000002
--- local_update_loss : 1.26
--- DML_update_loss(A model) with Client:f0000009: 1.69
--- DML_update_loss(A model) with Client:f0000000: 1.71
--------- test avarage ---------
--- All clients' test loss: 1.31
--- All clients' test acc: 51.30%
2023-02-26 04:20:38,348 [MainThread] [INFO ]  Server train time: 175.18213152885437
2023-02-26 04:20:38,349 [MainThread] [INFO ]  
-------- round 54 --------
2023-02-26 04:20:38,349 [MainThread] [INFO ]  --- start training ---
client: f0000004
--- local_update_loss : 1.37
client: f0000008
--- local_update_loss : 1.25
--- DML_update_loss(A model) with Client:f0000007: 1.59
--- DML_update_loss(A model) with Client:f0000001: 1.64
--------- test avarage ---------
--- All clients' test loss: 1.36
--- All clients' test acc: 49.27%
2023-02-26 04:23:34,843 [MainThread] [INFO ]  Server train time: 176.49326539039612
2023-02-26 04:23:34,843 [MainThread] [INFO ]  
-------- round 55 --------
2023-02-26 04:23:34,844 [MainThread] [INFO ]  --- start training ---
client: f0000004
--- local_update_loss : 1.37
client: f0000000
--- local_update_loss : 1.43
--- DML_update_loss(A model) with Client:f0000005: 1.69
--- DML_update_loss(A model) with Client:f0000001: 1.64
--------- test avarage ---------
--- All clients' test loss: 1.27
--- All clients' test acc: 51.90%
2023-02-26 04:26:26,226 [MainThread] [INFO ]  Server train time: 171.38176035881042
2023-02-26 04:26:26,227 [MainThread] [INFO ]  
-------- round 56 --------
2023-02-26 04:26:26,227 [MainThread] [INFO ]  --- start training ---
client: f0000006
--- local_update_loss : 1.39
client: f0000001
--- local_update_loss : 1.38
--- DML_update_loss(A model) with Client:f0000005: 1.70
--- DML_update_loss(A model) with Client:f0000002: 1.61
--------- test avarage ---------
--- All clients' test loss: 1.26
--- All clients' test acc: 51.02%
2023-02-26 04:29:25,717 [MainThread] [INFO ]  Server train time: 179.48951053619385
2023-02-26 04:29:25,717 [MainThread] [INFO ]  
-------- round 57 --------
2023-02-26 04:29:25,718 [MainThread] [INFO ]  --- start training ---
client: f0000003
--- local_update_loss : 1.22
client: f0000008
--- local_update_loss : 1.25
--- DML_update_loss(A model) with Client:f0000007: 1.59
--- DML_update_loss(A model) with Client:f0000001: 1.64
--------- test avarage ---------
--- All clients' test loss: 1.17
--- All clients' test acc: 55.43%
2023-02-26 04:32:17,215 [MainThread] [INFO ]  Server train time: 171.4969835281372
2023-02-26 04:32:17,216 [MainThread] [INFO ]  
-------- round 58 --------
2023-02-26 04:32:17,216 [MainThread] [INFO ]  --- start training ---
client: f0000004
--- local_update_loss : 1.37
client: f0000002
--- local_update_loss : 1.29
--- DML_update_loss(A model) with Client:f0000007: 1.59
--- DML_update_loss(A model) with Client:f0000009: 1.70
--------- test avarage ---------
--- All clients' test loss: 1.26
--- All clients' test acc: 53.27%
2023-02-26 04:35:09,405 [MainThread] [INFO ]  Server train time: 172.18898224830627
2023-02-26 04:35:09,406 [MainThread] [INFO ]  
-------- round 59 --------
2023-02-26 04:35:09,406 [MainThread] [INFO ]  --- start training ---
client: f0000002
--- local_update_loss : 1.25
client: f0000006
--- local_update_loss : 1.39
--- DML_update_loss(A model) with Client:f0000004: 1.70
--- DML_update_loss(A model) with Client:f0000001: 1.64
--------- test avarage ---------
--- All clients' test loss: 1.26
--- All clients' test acc: 52.58%
2023-02-26 04:38:02,974 [MainThread] [INFO ]  Server train time: 173.56711602210999
2023-02-26 04:38:02,983 [MainThread] [INFO ]  Model saved at /home/dengzhiling/.local/lib/python3.10/site-packages/easyfl/main/saved_models/_global_model_r_59.pth
2023-02-26 04:38:02,983 [MainThread] [INFO ]  
-------- round 60 --------
2023-02-26 04:38:02,983 [MainThread] [INFO ]  --- start training ---
client: f0000005
--- local_update_loss : 1.40
client: f0000008
--- local_update_loss : 1.24
--- DML_update_loss(A model) with Client:f0000006: 1.65
--- DML_update_loss(A model) with Client:f0000004: 1.71
--------- test avarage ---------
--- All clients' test loss: 1.30
--- All clients' test acc: 52.58%
2023-02-26 04:40:58,068 [MainThread] [INFO ]  Server train time: 175.08391118049622
2023-02-26 04:40:58,069 [MainThread] [INFO ]  
-------- round 61 --------
2023-02-26 04:40:58,069 [MainThread] [INFO ]  --- start training ---
client: f0000006
--- local_update_loss : 1.38
client: f0000004
--- local_update_loss : 1.37
--- DML_update_loss(A model) with Client:f0000007: 1.58
--- DML_update_loss(A model) with Client:f0000000: 1.71
--------- test avarage ---------
--- All clients' test loss: 1.36
--- All clients' test acc: 49.45%
2023-02-26 04:43:54,949 [MainThread] [INFO ]  Server train time: 176.88023471832275
2023-02-26 04:43:54,950 [MainThread] [INFO ]  
-------- round 62 --------
2023-02-26 04:43:54,950 [MainThread] [INFO ]  --- start training ---
client: f0000000
--- local_update_loss : 1.43
client: f0000004
--- local_update_loss : 1.39
--- DML_update_loss(A model) with Client:f0000001: 1.64
--- DML_update_loss(A model) with Client:f0000002: 1.60
--------- test avarage ---------
--- All clients' test loss: 1.32
--- All clients' test acc: 50.92%
2023-02-26 04:46:54,806 [MainThread] [INFO ]  Server train time: 179.8555371761322
2023-02-26 04:46:54,807 [MainThread] [INFO ]  
-------- round 63 --------
2023-02-26 04:46:54,807 [MainThread] [INFO ]  --- start training ---
client: f0000005
--- local_update_loss : 1.39
client: f0000009
--- local_update_loss : 1.40
--- DML_update_loss(A model) with Client:f0000008: 1.59
--- DML_update_loss(A model) with Client:f0000002: 1.61
--------- test avarage ---------
--- All clients' test loss: 1.28
--- All clients' test acc: 52.42%
2023-02-26 04:49:48,697 [MainThread] [INFO ]  Server train time: 173.88993883132935
2023-02-26 04:49:48,698 [MainThread] [INFO ]  
-------- round 64 --------
2023-02-26 04:49:48,698 [MainThread] [INFO ]  --- start training ---
client: f0000002
--- local_update_loss : 1.26
client: f0000000
--- local_update_loss : 1.41
--- DML_update_loss(A model) with Client:f0000009: 1.70
--- DML_update_loss(A model) with Client:f0000004: 1.70
--------- test avarage ---------
--- All clients' test loss: 1.29
--- All clients' test acc: 51.77%
2023-02-26 04:52:42,895 [MainThread] [INFO ]  Server train time: 174.1967647075653
2023-02-26 04:52:42,896 [MainThread] [INFO ]  
-------- round 65 --------
2023-02-26 04:52:42,896 [MainThread] [INFO ]  --- start training ---
client: f0000003
--- local_update_loss : 1.20
client: f0000002
--- local_update_loss : 1.26
--- DML_update_loss(A model) with Client:f0000009: 1.69
--- DML_update_loss(A model) with Client:f0000001: 1.64
--------- test avarage ---------
--- All clients' test loss: 1.25
--- All clients' test acc: 52.55%
2023-02-26 04:55:38,598 [MainThread] [INFO ]  Server train time: 175.70081162452698
2023-02-26 04:55:38,599 [MainThread] [INFO ]  
-------- round 66 --------
2023-02-26 04:55:38,599 [MainThread] [INFO ]  --- start training ---
client: f0000000
--- local_update_loss : 1.40
client: f0000008
--- local_update_loss : 1.24
--- DML_update_loss(A model) with Client:f0000005: 1.69
--- DML_update_loss(A model) with Client:f0000007: 1.59
--------- test avarage ---------
--- All clients' test loss: 1.23
--- All clients' test acc: 55.10%
2023-02-26 04:58:29,885 [MainThread] [INFO ]  Server train time: 171.28621196746826
2023-02-26 04:58:29,886 [MainThread] [INFO ]  
-------- round 67 --------
2023-02-26 04:58:29,886 [MainThread] [INFO ]  --- start training ---
client: f0000000
--- local_update_loss : 1.42
client: f0000004
--- local_update_loss : 1.40
--- DML_update_loss(A model) with Client:f0000007: 1.59
--- DML_update_loss(A model) with Client:f0000005: 1.70
--------- test avarage ---------
--- All clients' test loss: 1.28
--- All clients' test acc: 53.53%
2023-02-26 05:01:26,526 [MainThread] [INFO ]  Server train time: 176.63931250572205
2023-02-26 05:01:26,527 [MainThread] [INFO ]  
-------- round 68 --------
2023-02-26 05:01:26,527 [MainThread] [INFO ]  --- start training ---
client: f0000006
--- local_update_loss : 1.36
client: f0000001
--- local_update_loss : 1.36
--- DML_update_loss(A model) with Client:f0000007: 1.59
--- DML_update_loss(A model) with Client:f0000000: 1.71
--------- test avarage ---------
--- All clients' test loss: 1.26
--- All clients' test acc: 51.50%
2023-02-26 05:04:20,563 [MainThread] [INFO ]  Server train time: 174.03588819503784
2023-02-26 05:04:20,564 [MainThread] [INFO ]  
-------- round 69 --------
2023-02-26 05:04:20,564 [MainThread] [INFO ]  --- start training ---
client: f0000003
--- local_update_loss : 1.19
client: f0000008
--- local_update_loss : 1.24
--- DML_update_loss(A model) with Client:f0000004: 1.71
--- DML_update_loss(A model) with Client:f0000006: 1.65
--------- test avarage ---------
--- All clients' test loss: 1.25
--- All clients' test acc: 53.35%
2023-02-26 05:07:16,377 [MainThread] [INFO ]  Server train time: 175.81294083595276
2023-02-26 05:07:16,387 [MainThread] [INFO ]  Model saved at /home/dengzhiling/.local/lib/python3.10/site-packages/easyfl/main/saved_models/_global_model_r_69.pth
2023-02-26 05:07:16,387 [MainThread] [INFO ]  
-------- round 70 --------
2023-02-26 05:07:16,387 [MainThread] [INFO ]  --- start training ---
client: f0000005
--- local_update_loss : 1.39
client: f0000008
--- local_update_loss : 1.22
--- DML_update_loss(A model) with Client:f0000007: 1.59
--- DML_update_loss(A model) with Client:f0000000: 1.70
--------- test avarage ---------
--- All clients' test loss: 1.34
--- All clients' test acc: 51.42%
2023-02-26 05:10:11,925 [MainThread] [INFO ]  Server train time: 175.53688645362854
2023-02-26 05:10:11,926 [MainThread] [INFO ]  
-------- round 71 --------
2023-02-26 05:10:11,926 [MainThread] [INFO ]  --- start training ---
client: f0000004
--- local_update_loss : 1.39
client: f0000005
--- local_update_loss : 1.41
--- DML_update_loss(A model) with Client:f0000007: 1.59
--- DML_update_loss(A model) with Client:f0000009: 1.70
--------- test avarage ---------
--- All clients' test loss: 1.28
--- All clients' test acc: 52.78%
2023-02-26 05:13:07,814 [MainThread] [INFO ]  Server train time: 175.88782787322998
2023-02-26 05:13:07,815 [MainThread] [INFO ]  
-------- round 72 --------
2023-02-26 05:13:07,815 [MainThread] [INFO ]  --- start training ---
client: f0000000
--- local_update_loss : 1.41
client: f0000004
--- local_update_loss : 1.39
--- DML_update_loss(A model) with Client:f0000001: 1.64
--- DML_update_loss(A model) with Client:f0000007: 1.59
--------- test avarage ---------
--- All clients' test loss: 1.35
--- All clients' test acc: 51.23%
2023-02-26 05:16:01,312 [MainThread] [INFO ]  Server train time: 173.496915102005
2023-02-26 05:16:01,313 [MainThread] [INFO ]  
-------- round 73 --------
2023-02-26 05:16:01,313 [MainThread] [INFO ]  --- start training ---
client: f0000007
--- local_update_loss : 1.25
client: f0000004
--- local_update_loss : 1.40
--- DML_update_loss(A model) with Client:f0000002: 1.60
--- DML_update_loss(A model) with Client:f0000005: 1.69
--------- test avarage ---------
--- All clients' test loss: 1.23
--- All clients' test acc: 54.53%
2023-02-26 05:18:55,661 [MainThread] [INFO ]  Server train time: 174.3479151725769
2023-02-26 05:18:55,662 [MainThread] [INFO ]  
-------- round 74 --------
2023-02-26 05:18:55,662 [MainThread] [INFO ]  --- start training ---
client: f0000000
--- local_update_loss : 1.42
client: f0000005
--- local_update_loss : 1.40
--- DML_update_loss(A model) with Client:f0000003: 1.58
--- DML_update_loss(A model) with Client:f0000007: 1.59
--------- test avarage ---------
--- All clients' test loss: 1.21
--- All clients' test acc: 54.40%
2023-02-26 05:21:50,876 [MainThread] [INFO ]  Server train time: 175.2137598991394
2023-02-26 05:21:50,877 [MainThread] [INFO ]  
-------- round 75 --------
2023-02-26 05:21:50,877 [MainThread] [INFO ]  --- start training ---
client: f0000006
--- local_update_loss : 1.37
client: f0000004
--- local_update_loss : 1.38
--- DML_update_loss(A model) with Client:f0000007: 1.59
--- DML_update_loss(A model) with Client:f0000008: 1.59
--------- test avarage ---------
--- All clients' test loss: 1.31
--- All clients' test acc: 50.90%
2023-02-26 05:24:43,904 [MainThread] [INFO ]  Server train time: 173.0267744064331
2023-02-26 05:24:43,905 [MainThread] [INFO ]  
-------- round 76 --------
2023-02-26 05:24:43,905 [MainThread] [INFO ]  --- start training ---
client: f0000006
--- local_update_loss : 1.37
client: f0000003
--- local_update_loss : 1.23
--- DML_update_loss(A model) with Client:f0000000: 1.71
--- DML_update_loss(A model) with Client:f0000009: 1.69
--------- test avarage ---------
--- All clients' test loss: 1.46
--- All clients' test acc: 46.40%
2023-02-26 05:27:36,791 [MainThread] [INFO ]  Server train time: 172.88532972335815
2023-02-26 05:27:36,792 [MainThread] [INFO ]  
-------- round 77 --------
2023-02-26 05:27:36,792 [MainThread] [INFO ]  --- start training ---
client: f0000002
--- local_update_loss : 1.28
client: f0000001
--- local_update_loss : 1.36
--- DML_update_loss(A model) with Client:f0000007: 1.59
--- DML_update_loss(A model) with Client:f0000008: 1.58
--------- test avarage ---------
--- All clients' test loss: 1.22
--- All clients' test acc: 53.90%
2023-02-26 05:30:36,782 [MainThread] [INFO ]  Server train time: 179.99005317687988
2023-02-26 05:30:36,783 [MainThread] [INFO ]  
-------- round 78 --------
2023-02-26 05:30:36,783 [MainThread] [INFO ]  --- start training ---
client: f0000003
--- local_update_loss : 1.23
client: f0000002
--- local_update_loss : 1.25
--- DML_update_loss(A model) with Client:f0000007: 1.59
--- DML_update_loss(A model) with Client:f0000004: 1.70
--------- test avarage ---------
--- All clients' test loss: 1.26
--- All clients' test acc: 54.08%
2023-02-26 05:33:31,397 [MainThread] [INFO ]  Server train time: 174.61316633224487
2023-02-26 05:33:31,398 [MainThread] [INFO ]  
-------- round 79 --------
2023-02-26 05:33:31,398 [MainThread] [INFO ]  --- start training ---
client: f0000009
--- local_update_loss : 1.39
client: f0000005
--- local_update_loss : 1.39
--- DML_update_loss(A model) with Client:f0000001: 1.64
--- DML_update_loss(A model) with Client:f0000000: 1.71
--------- test avarage ---------
--- All clients' test loss: 1.32
--- All clients' test acc: 49.67%
2023-02-26 05:36:25,068 [MainThread] [INFO ]  Server train time: 173.66934657096863
2023-02-26 05:36:25,077 [MainThread] [INFO ]  Model saved at /home/dengzhiling/.local/lib/python3.10/site-packages/easyfl/main/saved_models/_global_model_r_79.pth
2023-02-26 05:36:25,077 [MainThread] [INFO ]  
-------- round 80 --------
2023-02-26 05:36:25,077 [MainThread] [INFO ]  --- start training ---
client: f0000000
--- local_update_loss : 1.43
client: f0000009
--- local_update_loss : 1.37
--- DML_update_loss(A model) with Client:f0000001: 1.64
--- DML_update_loss(A model) with Client:f0000005: 1.69
--------- test avarage ---------
--- All clients' test loss: 1.35
--- All clients' test acc: 50.20%
2023-02-26 05:39:20,610 [MainThread] [INFO ]  Server train time: 175.53250074386597
2023-02-26 05:39:20,611 [MainThread] [INFO ]  
-------- round 81 --------
2023-02-26 05:39:20,611 [MainThread] [INFO ]  --- start training ---
client: f0000007
--- local_update_loss : 1.26
client: f0000002
--- local_update_loss : 1.24
--- DML_update_loss(A model) with Client:f0000008: 1.59
--- DML_update_loss(A model) with Client:f0000006: 1.65
--------- test avarage ---------
--- All clients' test loss: 1.26
--- All clients' test acc: 53.35%
2023-02-26 05:42:16,630 [MainThread] [INFO ]  Server train time: 176.0185568332672
2023-02-26 05:42:16,631 [MainThread] [INFO ]  
-------- round 82 --------
2023-02-26 05:42:16,631 [MainThread] [INFO ]  --- start training ---
client: f0000001
--- local_update_loss : 1.38
client: f0000006
--- local_update_loss : 1.39
--- DML_update_loss(A model) with Client:f0000002: 1.61
--- DML_update_loss(A model) with Client:f0000005: 1.69
--------- test avarage ---------
--- All clients' test loss: 1.27
--- All clients' test acc: 52.25%
2023-02-26 05:45:09,818 [MainThread] [INFO ]  Server train time: 173.18689799308777
2023-02-26 05:45:09,819 [MainThread] [INFO ]  
-------- round 83 --------
2023-02-26 05:45:09,819 [MainThread] [INFO ]  --- start training ---
client: f0000009
--- local_update_loss : 1.37
client: f0000001
--- local_update_loss : 1.38
--- DML_update_loss(A model) with Client:f0000005: 1.69
--- DML_update_loss(A model) with Client:f0000004: 1.71
--------- test avarage ---------
--- All clients' test loss: 1.33
--- All clients' test acc: 50.58%
2023-02-26 05:48:05,043 [MainThread] [INFO ]  Server train time: 175.22312760353088
2023-02-26 05:48:05,044 [MainThread] [INFO ]  
-------- round 84 --------
2023-02-26 05:48:05,044 [MainThread] [INFO ]  --- start training ---
client: f0000003
--- local_update_loss : 1.22
client: f0000006
--- local_update_loss : 1.36
--- DML_update_loss(A model) with Client:f0000002: 1.60
--- DML_update_loss(A model) with Client:f0000004: 1.70
--------- test avarage ---------
--- All clients' test loss: 1.27
--- All clients' test acc: 52.65%
2023-02-26 05:50:57,208 [MainThread] [INFO ]  Server train time: 172.1635286808014
2023-02-26 05:50:57,209 [MainThread] [INFO ]  
-------- round 85 --------
2023-02-26 05:50:57,209 [MainThread] [INFO ]  --- start training ---
client: f0000009
--- local_update_loss : 1.36
client: f0000006
--- local_update_loss : 1.38
--- DML_update_loss(A model) with Client:f0000005: 1.69
--- DML_update_loss(A model) with Client:f0000000: 1.71
--------- test avarage ---------
--- All clients' test loss: 1.30
--- All clients' test acc: 51.35%
2023-02-26 05:53:52,642 [MainThread] [INFO ]  Server train time: 175.4327630996704
2023-02-26 05:53:52,643 [MainThread] [INFO ]  
-------- round 86 --------
2023-02-26 05:53:52,643 [MainThread] [INFO ]  --- start training ---
client: f0000002
--- local_update_loss : 1.26
client: f0000006
--- local_update_loss : 1.37
--- DML_update_loss(A model) with Client:f0000000: 1.70
--- DML_update_loss(A model) with Client:f0000001: 1.64
--------- test avarage ---------
--- All clients' test loss: 1.24
--- All clients' test acc: 53.08%
2023-02-26 05:56:45,844 [MainThread] [INFO ]  Server train time: 173.20034885406494
2023-02-26 05:56:45,844 [MainThread] [INFO ]  
-------- round 87 --------
2023-02-26 05:56:45,844 [MainThread] [INFO ]  --- start training ---
client: f0000002
--- local_update_loss : 1.25
client: f0000004
--- local_update_loss : 1.40
--- DML_update_loss(A model) with Client:f0000005: 1.70
--- DML_update_loss(A model) with Client:f0000007: 1.59
--------- test avarage ---------
--- All clients' test loss: 1.25
--- All clients' test acc: 54.83%
2023-02-26 05:59:42,399 [MainThread] [INFO ]  Server train time: 176.5546109676361
2023-02-26 05:59:42,400 [MainThread] [INFO ]  
-------- round 88 --------
2023-02-26 05:59:42,400 [MainThread] [INFO ]  --- start training ---
client: f0000009
--- local_update_loss : 1.37
client: f0000003
--- local_update_loss : 1.22
--- DML_update_loss(A model) with Client:f0000004: 1.70
--- DML_update_loss(A model) with Client:f0000000: 1.70
--------- test avarage ---------
--- All clients' test loss: 1.40
--- All clients' test acc: 47.55%
2023-02-26 06:02:38,636 [MainThread] [INFO ]  Server train time: 176.23483633995056
2023-02-26 06:02:38,636 [MainThread] [INFO ]  
-------- round 89 --------
2023-02-26 06:02:38,637 [MainThread] [INFO ]  --- start training ---
client: f0000001
--- local_update_loss : 1.37
client: f0000007
--- local_update_loss : 1.25
--- DML_update_loss(A model) with Client:f0000008: 1.59
--- DML_update_loss(A model) with Client:f0000003: 1.58
--------- test avarage ---------
--- All clients' test loss: 1.16
--- All clients' test acc: 55.43%
2023-02-26 06:05:33,212 [MainThread] [INFO ]  Server train time: 174.57511043548584
2023-02-26 06:05:33,221 [MainThread] [INFO ]  Model saved at /home/dengzhiling/.local/lib/python3.10/site-packages/easyfl/main/saved_models/_global_model_r_89.pth
2023-02-26 06:05:33,222 [MainThread] [INFO ]  
-------- round 90 --------
2023-02-26 06:05:33,222 [MainThread] [INFO ]  --- start training ---
client: f0000008
--- local_update_loss : 1.24
client: f0000001
--- local_update_loss : 1.36
--- DML_update_loss(A model) with Client:f0000006: 1.65
--- DML_update_loss(A model) with Client:f0000005: 1.69
--------- test avarage ---------
--- All clients' test loss: 1.29
--- All clients' test acc: 51.65%
2023-02-26 06:08:24,247 [MainThread] [INFO ]  Server train time: 171.0245440006256
2023-02-26 06:08:24,247 [MainThread] [INFO ]  
-------- round 91 --------
2023-02-26 06:08:24,248 [MainThread] [INFO ]  --- start training ---
client: f0000003
--- local_update_loss : 1.22
client: f0000000
--- local_update_loss : 1.43
--- DML_update_loss(A model) with Client:f0000001: 1.64
--- DML_update_loss(A model) with Client:f0000005: 1.70
--------- test avarage ---------
--- All clients' test loss: 1.26
--- All clients' test acc: 51.67%
2023-02-26 06:11:17,813 [MainThread] [INFO ]  Server train time: 173.56537437438965
2023-02-26 06:11:17,814 [MainThread] [INFO ]  
-------- round 92 --------
2023-02-26 06:11:17,814 [MainThread] [INFO ]  --- start training ---
client: f0000007
--- local_update_loss : 1.22
client: f0000000
--- local_update_loss : 1.41
--- DML_update_loss(A model) with Client:f0000003: 1.57
--- DML_update_loss(A model) with Client:f0000005: 1.70
--------- test avarage ---------
--- All clients' test loss: 1.36
--- All clients' test acc: 50.27%
2023-02-26 06:14:09,425 [MainThread] [INFO ]  Server train time: 171.61054491996765
2023-02-26 06:14:09,426 [MainThread] [INFO ]  
-------- round 93 --------
2023-02-26 06:14:09,426 [MainThread] [INFO ]  --- start training ---
client: f0000002
--- local_update_loss : 1.26
client: f0000008
--- local_update_loss : 1.25
--- DML_update_loss(A model) with Client:f0000006: 1.64
--- DML_update_loss(A model) with Client:f0000000: 1.71
--------- test avarage ---------
--- All clients' test loss: 1.25
--- All clients' test acc: 53.60%
2023-02-26 06:17:01,852 [MainThread] [INFO ]  Server train time: 172.4258062839508
2023-02-26 06:17:01,853 [MainThread] [INFO ]  
-------- round 94 --------
2023-02-26 06:17:01,853 [MainThread] [INFO ]  --- start training ---
client: f0000004
--- local_update_loss : 1.40
client: f0000006
--- local_update_loss : 1.38
--- DML_update_loss(A model) with Client:f0000009: 1.71
--- DML_update_loss(A model) with Client:f0000001: 1.64
--------- test avarage ---------
--- All clients' test loss: 1.36
--- All clients' test acc: 48.27%
2023-02-26 06:19:55,482 [MainThread] [INFO ]  Server train time: 173.6284101009369
2023-02-26 06:19:55,483 [MainThread] [INFO ]  
-------- round 95 --------
2023-02-26 06:19:55,483 [MainThread] [INFO ]  --- start training ---
client: f0000008
--- local_update_loss : 1.23
client: f0000001
--- local_update_loss : 1.37
--- DML_update_loss(A model) with Client:f0000006: 1.65
--- DML_update_loss(A model) with Client:f0000004: 1.70
--------- test avarage ---------
--- All clients' test loss: 1.26
--- All clients' test acc: 52.20%
2023-02-26 06:22:47,539 [MainThread] [INFO ]  Server train time: 172.0551562309265
2023-02-26 06:22:47,539 [MainThread] [INFO ]  
-------- round 96 --------
2023-02-26 06:22:47,539 [MainThread] [INFO ]  --- start training ---
client: f0000000
--- local_update_loss : 1.43
client: f0000008
--- local_update_loss : 1.24
--- DML_update_loss(A model) with Client:f0000005: 1.69
--- DML_update_loss(A model) with Client:f0000009: 1.70
--------- test avarage ---------
--- All clients' test loss: 1.31
--- All clients' test acc: 51.47%
2023-02-26 06:25:43,973 [MainThread] [INFO ]  Server train time: 176.433363199234
2023-02-26 06:25:43,974 [MainThread] [INFO ]  
-------- round 97 --------
2023-02-26 06:25:43,974 [MainThread] [INFO ]  --- start training ---
client: f0000007
--- local_update_loss : 1.24
client: f0000001
--- local_update_loss : 1.35
--- DML_update_loss(A model) with Client:f0000000: 1.70
--- DML_update_loss(A model) with Client:f0000004: 1.70
--------- test avarage ---------
--- All clients' test loss: 1.29
--- All clients' test acc: 50.25%
2023-02-26 06:28:39,645 [MainThread] [INFO ]  Server train time: 175.67015051841736
2023-02-26 06:28:39,646 [MainThread] [INFO ]  
-------- round 98 --------
2023-02-26 06:28:39,646 [MainThread] [INFO ]  --- start training ---
client: f0000000
--- local_update_loss : 1.44
client: f0000005
--- local_update_loss : 1.41
--- DML_update_loss(A model) with Client:f0000001: 1.64
--- DML_update_loss(A model) with Client:f0000009: 1.69
--------- test avarage ---------
--- All clients' test loss: 1.29
--- All clients' test acc: 51.28%
2023-02-26 06:31:33,996 [MainThread] [INFO ]  Server train time: 174.35049295425415
2023-02-26 06:31:33,997 [MainThread] [INFO ]  
-------- round 99 --------
2023-02-26 06:31:33,997 [MainThread] [INFO ]  --- start training ---
client: f0000008
--- local_update_loss : 1.23
client: f0000005
--- local_update_loss : 1.38
--- DML_update_loss(A model) with Client:f0000007: 1.59
--- DML_update_loss(A model) with Client:f0000009: 1.70
--------- test avarage ---------
--- All clients' test loss: 1.21
--- All clients' test acc: 54.97%
2023-02-26 06:34:27,326 [MainThread] [INFO ]  Server train time: 173.32784986495972
2023-02-26 06:34:27,335 [MainThread] [INFO ]  Model saved at /home/dengzhiling/.local/lib/python3.10/site-packages/easyfl/main/saved_models/_global_model_r_99.pth
2023-02-26 06:34:27,335 [MainThread] [INFO ]  
-------- round 100 --------
2023-02-26 06:34:27,335 [MainThread] [INFO ]  --- start training ---
client: f0000007
--- local_update_loss : 1.25
client: f0000006
--- local_update_loss : 1.38
--- DML_update_loss(A model) with Client:f0000003: 1.57
--- DML_update_loss(A model) with Client:f0000009: 1.70
--------- test avarage ---------
--- All clients' test loss: 1.29
--- All clients' test acc: 52.30%
2023-02-26 06:37:20,418 [MainThread] [INFO ]  Server train time: 173.0818989276886
2023-02-26 06:37:20,418 [MainThread] [INFO ]  
-------- round 101 --------
2023-02-26 06:37:20,418 [MainThread] [INFO ]  --- start training ---
client: f0000008
--- local_update_loss : 1.22
client: f0000002
--- local_update_loss : 1.25
--- DML_update_loss(A model) with Client:f0000007: 1.59
--- DML_update_loss(A model) with Client:f0000004: 1.70
--------- test avarage ---------
--- All clients' test loss: 1.25
--- All clients' test acc: 54.75%
2023-02-26 06:40:16,565 [MainThread] [INFO ]  Server train time: 176.14639043807983
2023-02-26 06:40:16,566 [MainThread] [INFO ]  
-------- round 102 --------
2023-02-26 06:40:16,566 [MainThread] [INFO ]  --- start training ---
client: f0000004
--- local_update_loss : 1.40
client: f0000009
--- local_update_loss : 1.39
--- DML_update_loss(A model) with Client:f0000005: 1.69
--- DML_update_loss(A model) with Client:f0000007: 1.59
--------- test avarage ---------
--- All clients' test loss: 1.30
--- All clients' test acc: 53.62%
2023-02-26 06:43:12,827 [MainThread] [INFO ]  Server train time: 176.25997138023376
2023-02-26 06:43:12,827 [MainThread] [INFO ]  
-------- round 103 --------
2023-02-26 06:43:12,828 [MainThread] [INFO ]  --- start training ---
client: f0000002
--- local_update_loss : 1.27
client: f0000009
--- local_update_loss : 1.38
--- DML_update_loss(A model) with Client:f0000008: 1.59
--- DML_update_loss(A model) with Client:f0000000: 1.71
--------- test avarage ---------
--- All clients' test loss: 1.31
--- All clients' test acc: 51.35%
2023-02-26 06:46:06,891 [MainThread] [INFO ]  Server train time: 174.06298899650574
2023-02-26 06:46:06,892 [MainThread] [INFO ]  
-------- round 104 --------
2023-02-26 06:46:06,892 [MainThread] [INFO ]  --- start training ---
client: f0000002
--- local_update_loss : 1.23
client: f0000007
--- local_update_loss : 1.26
--- DML_update_loss(A model) with Client:f0000008: 1.58
--- DML_update_loss(A model) with Client:f0000001: 1.64
--------- test avarage ---------
--- All clients' test loss: 1.33
--- All clients' test acc: 51.55%
2023-02-26 06:49:00,978 [MainThread] [INFO ]  Server train time: 174.0853898525238
2023-02-26 06:49:00,978 [MainThread] [INFO ]  
-------- round 105 --------
2023-02-26 06:49:00,979 [MainThread] [INFO ]  --- start training ---
client: f0000007
--- local_update_loss : 1.25
client: f0000002
--- local_update_loss : 1.24
--- DML_update_loss(A model) with Client:f0000000: 1.71
--- DML_update_loss(A model) with Client:f0000009: 1.70
--------- test avarage ---------
--- All clients' test loss: 1.30
--- All clients' test acc: 52.78%
2023-02-26 06:51:59,552 [MainThread] [INFO ]  Server train time: 178.57302832603455
2023-02-26 06:51:59,553 [MainThread] [INFO ]  
-------- round 106 --------
2023-02-26 06:51:59,553 [MainThread] [INFO ]  --- start training ---
client: f0000009
--- local_update_loss : 1.38
client: f0000000
--- local_update_loss : 1.44
--- DML_update_loss(A model) with Client:f0000008: 1.58
--- DML_update_loss(A model) with Client:f0000004: 1.70
--------- test avarage ---------
--- All clients' test loss: 1.31
--- All clients' test acc: 52.12%
2023-02-26 06:54:51,621 [MainThread] [INFO ]  Server train time: 172.06778120994568
2023-02-26 06:54:51,622 [MainThread] [INFO ]  
-------- round 107 --------
2023-02-26 06:54:51,622 [MainThread] [INFO ]  --- start training ---
client: f0000009
--- local_update_loss : 1.40
client: f0000004
--- local_update_loss : 1.39
--- DML_update_loss(A model) with Client:f0000003: 1.57
--- DML_update_loss(A model) with Client:f0000005: 1.69
--------- test avarage ---------
--- All clients' test loss: 1.30
--- All clients' test acc: 52.48%
2023-02-26 06:57:45,212 [MainThread] [INFO ]  Server train time: 173.58921194076538
2023-02-26 06:57:45,212 [MainThread] [INFO ]  
-------- round 108 --------
2023-02-26 06:57:45,212 [MainThread] [INFO ]  --- start training ---
client: f0000000
--- local_update_loss : 1.44
client: f0000006
--- local_update_loss : 1.36
--- DML_update_loss(A model) with Client:f0000004: 1.71
--- DML_update_loss(A model) with Client:f0000001: 1.64
--------- test avarage ---------
--- All clients' test loss: 1.33
--- All clients' test acc: 50.53%
2023-02-26 07:00:38,821 [MainThread] [INFO ]  Server train time: 173.60848903656006
2023-02-26 07:00:38,822 [MainThread] [INFO ]  
-------- round 109 --------
2023-02-26 07:00:38,822 [MainThread] [INFO ]  --- start training ---
client: f0000002
--- local_update_loss : 1.23
client: f0000004
--- local_update_loss : 1.39
--- DML_update_loss(A model) with Client:f0000006: 1.65
--- DML_update_loss(A model) with Client:f0000003: 1.57
--------- test avarage ---------
--- All clients' test loss: 1.30
--- All clients' test acc: 51.80%
2023-02-26 07:03:33,028 [MainThread] [INFO ]  Server train time: 174.204904794693
2023-02-26 07:03:33,037 [MainThread] [INFO ]  Model saved at /home/dengzhiling/.local/lib/python3.10/site-packages/easyfl/main/saved_models/_global_model_r_109.pth
2023-02-26 07:03:33,037 [MainThread] [INFO ]  
-------- round 110 --------
2023-02-26 07:03:33,037 [MainThread] [INFO ]  --- start training ---
client: f0000006
--- local_update_loss : 1.38
client: f0000002
--- local_update_loss : 1.20
--- DML_update_loss(A model) with Client:f0000005: 1.69
--- DML_update_loss(A model) with Client:f0000008: 1.59
--------- test avarage ---------
--- All clients' test loss: 1.30
--- All clients' test acc: 51.85%
2023-02-26 07:06:25,605 [MainThread] [INFO ]  Server train time: 172.56674242019653
2023-02-26 07:06:25,605 [MainThread] [INFO ]  
-------- round 111 --------
2023-02-26 07:06:25,605 [MainThread] [INFO ]  --- start training ---
client: f0000007
--- local_update_loss : 1.21
client: f0000000
--- local_update_loss : 1.41
--- DML_update_loss(A model) with Client:f0000009: 1.70
--- DML_update_loss(A model) with Client:f0000003: 1.57
--------- test avarage ---------
--- All clients' test loss: 1.31
--- All clients' test acc: 52.12%
2023-02-26 07:09:17,195 [MainThread] [INFO ]  Server train time: 171.58955311775208
2023-02-26 07:09:17,196 [MainThread] [INFO ]  
-------- round 112 --------
2023-02-26 07:09:17,196 [MainThread] [INFO ]  --- start training ---
client: f0000006
--- local_update_loss : 1.39
client: f0000007
--- local_update_loss : 1.22
--- DML_update_loss(A model) with Client:f0000005: 1.69
--- DML_update_loss(A model) with Client:f0000003: 1.57
--------- test avarage ---------
--- All clients' test loss: 1.30
--- All clients' test acc: 51.48%
2023-02-26 07:12:13,032 [MainThread] [INFO ]  Server train time: 175.83510971069336
2023-02-26 07:12:13,033 [MainThread] [INFO ]  
-------- round 113 --------
2023-02-26 07:12:13,033 [MainThread] [INFO ]  --- start training ---
client: f0000009
--- local_update_loss : 1.39
client: f0000003
--- local_update_loss : 1.24
Traceback (most recent call last):
  File "/home/dengzhiling/.local/lib/python3.10/site-packages/easyfl/main/main.py", line 26, in <module>
    easyfl.run()
  File "/home/dengzhiling/.local/lib/python3.10/site-packages/easyfl/coordinator.py", line 390, in run
    _global_coord.run()
  File "/home/dengzhiling/.local/lib/python3.10/site-packages/easyfl/coordinator.py", line 80, in run
    self.server.start(self.model, self.clients)
  File "/home/dengzhiling/.local/lib/python3.10/site-packages/easyfl/server/base.py", line 164, in start
    self.train()
  File "/home/dengzhiling/.local/lib/python3.10/site-packages/easyfl/server/base.py", line 200, in train
    self.distribution_to_train()
  File "/home/dengzhiling/.local/lib/python3.10/site-packages/easyfl/server/base.py", line 347, in distribution_to_train
    self.distribution_to_train_locally()
  File "/home/dengzhiling/.local/lib/python3.10/site-packages/easyfl/main/CustomizeServer.py", line 89, in distribution_to_train_locally
    client.run_train(model, self.conf.client, train_local_only=False)
  File "/home/dengzhiling/.local/lib/python3.10/site-packages/easyfl/main/CustomizedClient.py", line 154, in run_train
    self.train(conf, self.device, train_local_only) # 
  File "/home/dengzhiling/.local/lib/python3.10/site-packages/easyfl/main/CustomizedClient.py", line 142, in train
    self.train_DML(conf, device)
  File "/home/dengzhiling/.local/lib/python3.10/site-packages/easyfl/main/CustomizedClient.py", line 89, in train_DML
    out_A = model_A(data)
  File "/home/dengzhiling/.local/lib/python3.10/site-packages/torch/nn/modules/module.py", line 1194, in _call_impl
    return forward_call(*input, **kwargs)
  File "/home/dengzhiling/.local/lib/python3.10/site-packages/easyfl/models/simple_cnn.py", line 25, in forward
    s = self.conv2(s)  # batch_size x num_channels*2 x 16 x 16
  File "/home/dengzhiling/.local/lib/python3.10/site-packages/torch/nn/modules/module.py", line 1194, in _call_impl
    return forward_call(*input, **kwargs)
  File "/home/dengzhiling/.local/lib/python3.10/site-packages/torch/nn/modules/conv.py", line 463, in forward
    return self._conv_forward(input, self.weight, self.bias)
  File "/home/dengzhiling/.local/lib/python3.10/site-packages/torch/nn/modules/conv.py", line 459, in _conv_forward
    return F.conv2d(input, weight, bias, self.stride,
KeyboardInterrupt
