2023-02-22 13:38:24,765 [MainThread] [INFO ]  Configurations: {'task_id': '', 'data': {'root': './data/', 'dataset': 'cifar10', 'split_type': 'dir', 'min_size': 10, 'data_amount': 0.05, 'iid_fraction': 0.1, 'user': False, 'train_test_split': 0.8, 'class_per_client': 1, 'num_of_clients': 100, 'alpha': 0.8, 'weights': None}, 'model': 'simple_cnn', 'test_mode': 'test_in_client', 'test_method': 'average', 'server': {'track': False, 'rounds': 20, 'clients_per_round': 5, 'test_every': 1, 'save_model_every': 10, 'save_model_path': '', 'batch_size': 32, 'test_all': True, 'random_selection': True, 'aggregation_stragtegy': 'EQUAL_AVERAGE', 'aggregation_content': 'all'}, 'client': {'track': False, 'batch_size': 256, 'test_batch_size': 5, 'local_epoch': 5, 'optimizer': {'type': 'SGD', 'lr': 0.01, 'momentum': 0.9, 'weight_decay': 0.0005, 'nesterov': True}, 'seed': 0, 'local_test': True}, 'gpu': 1, 'distributed': {'backend': 'nccl', 'init_method': '', 'world_size': 0, 'rank': 0, 'local_rank': 0}, 'tracking': {'database': '', 'log_file': '', 'log_level': 'INFO', 'metric_file': '', 'save_every': 1}, 'resource_heterogeneous': {'simulate': False, 'hetero_type': 'real', 'level': 3, 'sleep_group_num': 1000, 'total_time': 1000, 'fraction': 1, 'grouping_strategy': 'greedy', 'initial_default_time': 5, 'default_time_momentum': 0.2}, 'seed': 0, 'is_distributed': False, 'device': 0}
2023-02-22 13:38:24,893 [MainThread] [INFO ]  Total training data amount: 50000
2023-02-22 13:38:24,893 [MainThread] [INFO ]  Total testing data amount: 10000
2023-02-22 13:38:25,102 [MainThread] [INFO ]  Clients in total: 100
2023-02-22 13:38:25,134 [MainThread] [INFO ]  --- start testing ---
2023-02-22 13:38:30,075 [MainThread] [INFO ]  Test time 4.94s, Test loss: 0.47, Test accuracy: 10.46%
2023-02-22 13:38:30,076 [MainThread] [INFO ]  
-------- round 0 --------
2023-02-22 13:38:30,076 [MainThread] [INFO ]  --- start training ---
2023-02-22 13:38:38,464 [MainThread] [INFO ]  Server train time: 8.387678623199463
2023-02-22 13:38:38,464 [MainThread] [INFO ]  --- start testing ---
2023-02-22 13:38:40,808 [MainThread] [INFO ]  Test time 2.34s, Test loss: 0.47, Test accuracy: 10.46%
2023-02-22 13:38:40,808 [MainThread] [INFO ]  
-------- round 1 --------
2023-02-22 13:38:40,808 [MainThread] [INFO ]  --- start training ---
2023-02-22 13:38:48,700 [MainThread] [INFO ]  Server train time: 7.891596078872681
2023-02-22 13:38:48,701 [MainThread] [INFO ]  --- start testing ---
2023-02-22 13:38:50,958 [MainThread] [INFO ]  Test time 2.26s, Test loss: 0.47, Test accuracy: 10.46%
2023-02-22 13:38:50,958 [MainThread] [INFO ]  
-------- round 2 --------
2023-02-22 13:38:50,959 [MainThread] [INFO ]  --- start training ---
2023-02-22 13:38:58,830 [MainThread] [INFO ]  Server train time: 7.8713836669921875
2023-02-22 13:38:58,831 [MainThread] [INFO ]  --- start testing ---
2023-02-22 13:39:00,993 [MainThread] [INFO ]  Test time 2.16s, Test loss: 0.47, Test accuracy: 10.46%
2023-02-22 13:39:00,993 [MainThread] [INFO ]  
-------- round 3 --------
2023-02-22 13:39:00,993 [MainThread] [INFO ]  --- start training ---
