2023-02-22 13:24:42,698 [MainThread] [INFO ]  Configurations: {'task_id': '', 'data': {'root': './data/', 'dataset': 'cifar10', 'split_type': 'dir', 'min_size': 10, 'data_amount': 0.05, 'iid_fraction': 0.1, 'user': False, 'train_test_split': 0.8, 'class_per_client': 1, 'num_of_clients': 100, 'alpha': 0.8, 'weights': None}, 'model': 'simple_cnn', 'test_mode': 'test_in_client', 'test_method': 'average', 'server': {'track': False, 'rounds': 20, 'clients_per_round': 5, 'test_every': 1, 'save_model_every': 10, 'save_model_path': '', 'batch_size': 32, 'test_all': True, 'random_selection': True, 'aggregation_stragtegy': 'EQUAL_AVERAGE', 'aggregation_content': 'all'}, 'client': {'track': False, 'batch_size': 256, 'test_batch_size': 5, 'local_epoch': 1, 'optimizer': {'type': 'SGD', 'lr': 0.01, 'momentum': 0.9, 'weight_decay': 0.0005, 'nesterov': True}, 'seed': 0, 'local_test': True}, 'gpu': 1, 'distributed': {'backend': 'nccl', 'init_method': '', 'world_size': 0, 'rank': 0, 'local_rank': 0}, 'tracking': {'database': '', 'log_file': '', 'log_level': 'INFO', 'metric_file': '', 'save_every': 1}, 'resource_heterogeneous': {'simulate': False, 'hetero_type': 'real', 'level': 3, 'sleep_group_num': 1000, 'total_time': 1000, 'fraction': 1, 'grouping_strategy': 'greedy', 'initial_default_time': 5, 'default_time_momentum': 0.2}, 'seed': 0, 'is_distributed': False, 'device': 0}
2023-02-22 13:24:42,827 [MainThread] [INFO ]  Total training data amount: 50000
2023-02-22 13:24:42,827 [MainThread] [INFO ]  Total testing data amount: 10000
2023-02-22 13:24:43,038 [MainThread] [INFO ]  Clients in total: 100
2023-02-22 13:24:43,060 [MainThread] [INFO ]  --- start testing ---
2023-02-22 13:24:47,487 [MainThread] [INFO ]  Test time 4.43s, Test loss: 0.47, Test accuracy: 10.46%
2023-02-22 13:24:47,488 [MainThread] [INFO ]  
-------- round 0 --------
2023-02-22 13:24:47,488 [MainThread] [INFO ]  --- start training ---
2023-02-22 13:24:49,261 [MainThread] [INFO ]  Server train time: 1.7723240852355957
2023-02-22 13:24:49,261 [MainThread] [INFO ]  --- start testing ---
2023-02-22 13:24:51,430 [MainThread] [INFO ]  Test time 2.17s, Test loss: 0.47, Test accuracy: 10.46%
2023-02-22 13:24:51,431 [MainThread] [INFO ]  
-------- round 1 --------
2023-02-22 13:24:51,431 [MainThread] [INFO ]  --- start training ---
2023-02-22 13:24:53,191 [MainThread] [INFO ]  Server train time: 1.7595171928405762
2023-02-22 13:24:53,191 [MainThread] [INFO ]  --- start testing ---
2023-02-22 13:24:55,352 [MainThread] [INFO ]  Test time 2.16s, Test loss: 0.47, Test accuracy: 10.46%
2023-02-22 13:24:55,353 [MainThread] [INFO ]  
-------- round 2 --------
2023-02-22 13:24:55,353 [MainThread] [INFO ]  --- start training ---
2023-02-22 13:24:57,065 [MainThread] [INFO ]  Server train time: 1.711533546447754
2023-02-22 13:24:57,065 [MainThread] [INFO ]  --- start testing ---
2023-02-22 13:24:59,520 [MainThread] [INFO ]  Test time 2.45s, Test loss: 0.47, Test accuracy: 10.46%
2023-02-22 13:24:59,521 [MainThread] [INFO ]  
-------- round 3 --------
2023-02-22 13:24:59,521 [MainThread] [INFO ]  --- start training ---
