2023-04-06 12:32:26,994 [MainThread] [INFO ]  Configurations: {'task_id': '', 'data': {'root': '../data/', 'dataset': 'cifar10', 'split_type': 'iid', 'min_size': 10, 'data_amount': 0.05, 'iid_fraction': 0.1, 'user': False, 'train_test_split': 0.8, 'class_per_client': 8, 'num_of_clients': 10, 'alpha': 0.2, 'weights': None}, 'model': 'simple_cnn', 'test_mode': 'test_in_client', 'test_method': 'average', 'server': {'track': False, 'rounds': 2000, 'clients_per_round': 2, 'test_every': 1, 'save_model_every': 10, 'save_model_path': '', 'batch_size': 64, 'test_all': True, 'random_selection': True, 'aggregation_stragtegy': 'EQUAL_AVERAGE', 'aggregation_content': 'all'}, 'client': {'track': False, 'batch_size': 200, 'test_batch_size': 5, 'local_epoch': 20, 'optimizer': {'type': 'SGD', 'lr': 0.01, 'momentum': 0.5, 'weight_decay': 0.0005, 'nesterov': True}, 'seed': 0, 'local_test': True}, 'gpu': 1, 'distributed': {'backend': 'nccl', 'init_method': '', 'world_size': 0, 'rank': 0, 'local_rank': 0}, 'tracking': {'database': '', 'log_file': '', 'log_level': 'INFO', 'metric_file': '', 'save_every': 1}, 'resource_heterogeneous': {'simulate': False, 'hetero_type': 'real', 'level': 3, 'sleep_group_num': 1000, 'total_time': 1000, 'fraction': 1, 'grouping_strategy': 'greedy', 'initial_default_time': 5, 'default_time_momentum': 0.2}, 'seed': 0, 'is_distributed': False, 'device': 0}
2023-04-06 12:32:27,079 [MainThread] [INFO ]  Total training data amount: 50000
2023-04-06 12:32:27,079 [MainThread] [INFO ]  Total testing data amount: 10000
local_batch_size: 16, DML_batch_size: 200, local_epoch: 5, DML_epoch: 15, alpha: 1, beta: 1, DML_lr: 0.015
local_batch_size: 16, DML_batch_size: 200, local_epoch: 5, DML_epoch: 15, alpha: 1, beta: 1, DML_lr: 0.015
local_batch_size: 16, DML_batch_size: 200, local_epoch: 5, DML_epoch: 15, alpha: 1, beta: 1, DML_lr: 0.015
local_batch_size: 16, DML_batch_size: 200, local_epoch: 5, DML_epoch: 15, alpha: 1, beta: 1, DML_lr: 0.015
local_batch_size: 16, DML_batch_size: 200, local_epoch: 5, DML_epoch: 15, alpha: 1, beta: 1, DML_lr: 0.015
local_batch_size: 16, DML_batch_size: 200, local_epoch: 5, DML_epoch: 15, alpha: 1, beta: 1, DML_lr: 0.015
local_batch_size: 16, DML_batch_size: 200, local_epoch: 5, DML_epoch: 15, alpha: 1, beta: 1, DML_lr: 0.015
local_batch_size: 16, DML_batch_size: 200, local_epoch: 5, DML_epoch: 15, alpha: 1, beta: 1, DML_lr: 0.015
local_batch_size: 16, DML_batch_size: 200, local_epoch: 5, DML_epoch: 15, alpha: 1, beta: 1, DML_lr: 0.015
local_batch_size: 16, DML_batch_size: 200, local_epoch: 5, DML_epoch: 15, alpha: 1, beta: 1, DML_lr: 0.015
2023-04-06 12:32:27,111 [MainThread] [INFO ]  Clients in total: 10
2023-04-06 12:32:27,133 [MainThread] [INFO ]  
-------- round 0 --------
2023-04-06 12:32:27,133 [MainThread] [INFO ]  --- start training ---
client: f0000002
--- local_update_loss : 1.95
client: f0000008
--- local_update_loss : 1.99
--- DML_update_loss(A model) with Client:f0000004: 2.16
--- DML_update_loss(A model) with Client:f0000000: 2.15
----------- acc -----------
[30.2, 10.6, 40.5, 12.8, 29.1, 8.8, 9.4, 9.6, 36.6, 13.7]
--------- test avarage ---------
--- All clients' test loss: 2.10
--- All clients' test acc: 20.13%
2023-04-06 12:33:47,756 [MainThread] [INFO ]  Server train time: 80.62244176864624
2023-04-06 12:33:47,757 [MainThread] [INFO ]  
-------- round 1 --------
2023-04-06 12:33:47,757 [MainThread] [INFO ]  --- start training ---
client: f0000002
--- local_update_loss : 1.66
client: f0000009
--- local_update_loss : 1.96
--- DML_update_loss(A model) with Client:f0000006: 2.16
--- DML_update_loss(A model) with Client:f0000007: 2.15
----------- acc -----------
[30.2, 10.6, 49.1, 12.8, 29.1, 8.8, 31.2, 31.4, 36.6, 42.8]
--------- test avarage ---------
--- All clients' test loss: 1.92
--- All clients' test acc: 28.26%
2023-04-06 12:35:06,895 [MainThread] [INFO ]  Server train time: 79.13796281814575
2023-04-06 12:35:06,896 [MainThread] [INFO ]  
-------- round 2 --------
2023-04-06 12:35:06,896 [MainThread] [INFO ]  --- start training ---
client: f0000004
--- local_update_loss : 1.81
client: f0000001
--- local_update_loss : 1.95
--- DML_update_loss(A model) with Client:f0000005: 2.16
--- DML_update_loss(A model) with Client:f0000007: 2.09
----------- acc -----------
[30.2, 40.2, 49.1, 12.8, 42.3, 29.4, 31.2, 37.8, 36.6, 42.8]
--------- test avarage ---------
--- All clients' test loss: 1.77
--- All clients' test acc: 35.24%
2023-04-06 12:36:25,673 [MainThread] [INFO ]  Server train time: 78.77652430534363
2023-04-06 12:36:25,674 [MainThread] [INFO ]  
-------- round 3 --------
2023-04-06 12:36:25,674 [MainThread] [INFO ]  --- start training ---
client: f0000005
--- local_update_loss : 1.81
client: f0000004
--- local_update_loss : 1.61
--- DML_update_loss(A model) with Client:f0000007: 2.09
--- DML_update_loss(A model) with Client:f0000003: 2.15
----------- acc -----------
[30.2, 40.2, 49.1, 30.3, 47.5, 44.9, 31.2, 37.5, 36.6, 42.8]
--------- test avarage ---------
--- All clients' test loss: 1.68
--- All clients' test acc: 39.03%
2023-04-06 12:37:44,553 [MainThread] [INFO ]  Server train time: 78.87903046607971
2023-04-06 12:37:44,554 [MainThread] [INFO ]  
-------- round 4 --------
2023-04-06 12:37:44,554 [MainThread] [INFO ]  --- start training ---
client: f0000003
--- local_update_loss : 1.79
client: f0000008
--- local_update_loss : 1.70
--- DML_update_loss(A model) with Client:f0000009: 2.12
--- DML_update_loss(A model) with Client:f0000007: 2.09
----------- acc -----------
[30.2, 40.2, 49.1, 45.2, 47.5, 44.9, 31.2, 36.4, 46.5, 39.5]
--------- test avarage ---------
--- All clients' test loss: 1.63
--- All clients' test acc: 41.07%
2023-04-06 12:39:03,542 [MainThread] [INFO ]  Server train time: 78.98759746551514
2023-04-06 12:39:03,543 [MainThread] [INFO ]  
-------- round 5 --------
2023-04-06 12:39:03,543 [MainThread] [INFO ]  --- start training ---
client: f0000009
--- local_update_loss : 1.75
client: f0000005
--- local_update_loss : 1.61
--- DML_update_loss(A model) with Client:f0000001: 2.12
--- DML_update_loss(A model) with Client:f0000000: 2.09
----------- acc -----------
[35.8, 32.4, 49.1, 45.2, 47.5, 43.8, 31.2, 36.4, 46.5, 43.0]
--------- test avarage ---------
--- All clients' test loss: 1.62
--- All clients' test acc: 41.09%
2023-04-06 12:40:22,226 [MainThread] [INFO ]  Server train time: 78.6825156211853
2023-04-06 12:40:22,227 [MainThread] [INFO ]  
-------- round 6 --------
2023-04-06 12:40:22,227 [MainThread] [INFO ]  --- start training ---
client: f0000008
--- local_update_loss : 1.59
client: f0000001
--- local_update_loss : 1.73
--- DML_update_loss(A model) with Client:f0000006: 2.09
--- DML_update_loss(A model) with Client:f0000005: 2.14
----------- acc -----------
[35.8, 43.5, 49.1, 45.2, 47.5, 34.8, 35.4, 36.4, 49.9, 43.0]
--------- test avarage ---------
--- All clients' test loss: 1.60
--- All clients' test acc: 42.06%
2023-04-06 12:41:41,223 [MainThread] [INFO ]  Server train time: 78.99584865570068
2023-04-06 12:41:41,224 [MainThread] [INFO ]  
-------- round 7 --------
2023-04-06 12:41:41,224 [MainThread] [INFO ]  --- start training ---
client: f0000008
--- local_update_loss : 1.49
client: f0000005
--- local_update_loss : 1.75
--- DML_update_loss(A model) with Client:f0000000: 2.08
--- DML_update_loss(A model) with Client:f0000001: 2.13
----------- acc -----------
[38.4, 31.3, 49.1, 45.2, 47.5, 46.6, 35.4, 36.4, 51.1, 43.0]
--------- test avarage ---------
--- All clients' test loss: 1.59
--- All clients' test acc: 42.40%
2023-04-06 12:42:59,994 [MainThread] [INFO ]  Server train time: 78.7696053981781
2023-04-06 12:42:59,995 [MainThread] [INFO ]  
-------- round 8 --------
2023-04-06 12:42:59,995 [MainThread] [INFO ]  --- start training ---
client: f0000008
--- local_update_loss : 1.40
client: f0000006
--- local_update_loss : 1.75
--- DML_update_loss(A model) with Client:f0000003: 2.11
--- DML_update_loss(A model) with Client:f0000007: 2.09
----------- acc -----------
[38.4, 31.3, 49.1, 35.6, 47.5, 46.6, 41.3, 37.0, 56.2, 43.0]
--------- test avarage ---------
--- All clients' test loss: 1.59
--- All clients' test acc: 42.60%
2023-04-06 12:44:18,602 [MainThread] [INFO ]  Server train time: 78.60622930526733
2023-04-06 12:44:18,603 [MainThread] [INFO ]  
-------- round 9 --------
2023-04-06 12:44:18,603 [MainThread] [INFO ]  --- start training ---
client: f0000008
--- local_update_loss : 1.34
client: f0000004
--- local_update_loss : 1.51
--- DML_update_loss(A model) with Client:f0000001: 2.10
--- DML_update_loss(A model) with Client:f0000006: 2.12
----------- acc -----------
[38.4, 32.1, 49.1, 35.6, 49.7, 46.6, 39.7, 37.0, 58.2, 43.0]
--------- test avarage ---------
--- All clients' test loss: 1.58
--- All clients' test acc: 42.94%
2023-04-06 12:45:36,955 [MainThread] [INFO ]  Server train time: 78.35130023956299
2023-04-06 12:45:36,964 [MainThread] [INFO ]  Model saved at /home/dengzhiling/.local/lib/python3.10/site-packages/easyfl/main/cifar10/saved_models/_global_model_r_9.pth
2023-04-06 12:45:36,964 [MainThread] [INFO ]  
-------- round 10 --------
2023-04-06 12:45:36,964 [MainThread] [INFO ]  --- start training ---
client: f0000008
--- local_update_loss : 1.28
client: f0000002
--- local_update_loss : 1.55
--- DML_update_loss(A model) with Client:f0000001: 2.10
--- DML_update_loss(A model) with Client:f0000004: 2.17
----------- acc -----------
[38.4, 32.9, 55.3, 35.6, 34.4, 46.6, 39.7, 37.0, 58.1, 43.0]
--------- test avarage ---------
--- All clients' test loss: 1.61
--- All clients' test acc: 42.10%
2023-04-06 12:46:55,020 [MainThread] [INFO ]  Server train time: 78.05605030059814
2023-04-06 12:46:55,021 [MainThread] [INFO ]  
-------- round 11 --------
2023-04-06 12:46:55,021 [MainThread] [INFO ]  --- start training ---
client: f0000007
--- local_update_loss : 1.74
client: f0000008
--- local_update_loss : 1.24
--- DML_update_loss(A model) with Client:f0000000: 2.09
--- DML_update_loss(A model) with Client:f0000004: 2.10
----------- acc -----------
[37.5, 32.9, 55.3, 35.6, 33.0, 46.6, 39.7, 42.4, 63.9, 43.0]
--------- test avarage ---------
--- All clients' test loss: 1.58
--- All clients' test acc: 42.99%
2023-04-06 12:48:13,062 [MainThread] [INFO ]  Server train time: 78.03999328613281
2023-04-06 12:48:13,062 [MainThread] [INFO ]  
-------- round 12 --------
2023-04-06 12:48:13,062 [MainThread] [INFO ]  --- start training ---
client: f0000005
--- local_update_loss : 1.58
client: f0000008
--- local_update_loss : 1.19
--- DML_update_loss(A model) with Client:f0000003: 2.09
--- DML_update_loss(A model) with Client:f0000002: 2.15
----------- acc -----------
[37.5, 32.9, 38.9, 34.3, 33.0, 49.6, 39.7, 42.4, 61.9, 43.0]
--------- test avarage ---------
--- All clients' test loss: 1.62
--- All clients' test acc: 41.32%
2023-04-06 12:49:30,820 [MainThread] [INFO ]  Server train time: 77.75699758529663
2023-04-06 12:49:30,821 [MainThread] [INFO ]  
-------- round 13 --------
2023-04-06 12:49:30,821 [MainThread] [INFO ]  --- start training ---
client: f0000003
--- local_update_loss : 1.74
client: f0000005
--- local_update_loss : 1.49
--- DML_update_loss(A model) with Client:f0000008: 2.22
--- DML_update_loss(A model) with Client:f0000002: 2.09
----------- acc -----------
[37.5, 32.9, 35.7, 38.5, 33.0, 52.5, 39.7, 42.4, 38.0, 43.0]
--------- test avarage ---------
--- All clients' test loss: 1.66
--- All clients' test acc: 39.32%
2023-04-06 12:50:48,432 [MainThread] [INFO ]  Server train time: 77.61054515838623
2023-04-06 12:50:48,432 [MainThread] [INFO ]  
-------- round 14 --------
2023-04-06 12:50:48,433 [MainThread] [INFO ]  --- start training ---
client: f0000003
--- local_update_loss : 1.58
client: f0000009
--- local_update_loss : 1.58
--- DML_update_loss(A model) with Client:f0000006: 2.09
--- DML_update_loss(A model) with Client:f0000007: 2.13
----------- acc -----------
[37.5, 32.9, 35.7, 46.9, 33.0, 52.5, 38.9, 35.7, 38.0, 49.7]
--------- test avarage ---------
--- All clients' test loss: 1.65
--- All clients' test acc: 40.08%
2023-04-06 12:52:06,339 [MainThread] [INFO ]  Server train time: 77.90586972236633
2023-04-06 12:52:06,340 [MainThread] [INFO ]  
-------- round 15 --------
2023-04-06 12:52:06,340 [MainThread] [INFO ]  --- start training ---
client: f0000002
--- local_update_loss : 1.74
client: f0000006
--- local_update_loss : 1.73
--- DML_update_loss(A model) with Client:f0000004: 2.10
--- DML_update_loss(A model) with Client:f0000009: 2.15
----------- acc -----------
[37.5, 32.9, 43.9, 46.9, 32.1, 52.5, 43.8, 35.7, 38.0, 39.1]
--------- test avarage ---------
--- All clients' test loss: 1.64
--- All clients' test acc: 40.24%
2023-04-06 12:53:24,851 [MainThread] [INFO ]  Server train time: 78.51115155220032
2023-04-06 12:53:24,852 [MainThread] [INFO ]  
-------- round 16 --------
2023-04-06 12:53:24,852 [MainThread] [INFO ]  --- start training ---
client: f0000006
--- local_update_loss : 1.56
client: f0000002
--- local_update_loss : 1.60
--- DML_update_loss(A model) with Client:f0000004: 2.09
--- DML_update_loss(A model) with Client:f0000005: 2.16
----------- acc -----------
[37.5, 32.9, 46.8, 46.9, 34.3, 34.9, 47.0, 35.7, 38.0, 39.1]
--------- test avarage ---------
--- All clients' test loss: 1.67
--- All clients' test acc: 39.31%
2023-04-06 12:54:42,801 [MainThread] [INFO ]  Server train time: 77.94872236251831
2023-04-06 12:54:42,802 [MainThread] [INFO ]  
-------- round 17 --------
2023-04-06 12:54:42,802 [MainThread] [INFO ]  --- start training ---
client: f0000007
--- local_update_loss : 1.71
client: f0000002
--- local_update_loss : 1.50
--- DML_update_loss(A model) with Client:f0000001: 2.09
--- DML_update_loss(A model) with Client:f0000004: 2.09
----------- acc -----------
[37.5, 33.4, 53.6, 46.9, 33.4, 34.9, 47.0, 44.7, 38.0, 39.1]
--------- test avarage ---------
--- All clients' test loss: 1.62
--- All clients' test acc: 40.85%
2023-04-06 12:56:01,575 [MainThread] [INFO ]  Server train time: 78.7722053527832
2023-04-06 12:56:01,576 [MainThread] [INFO ]  
-------- round 18 --------
2023-04-06 12:56:01,576 [MainThread] [INFO ]  --- start training ---
client: f0000007
--- local_update_loss : 1.56
client: f0000009
--- local_update_loss : 1.73
--- DML_update_loss(A model) with Client:f0000000: 2.09
--- DML_update_loss(A model) with Client:f0000006: 2.14
----------- acc -----------
[37.2, 33.4, 53.6, 46.9, 33.4, 34.9, 38.0, 50.9, 38.0, 48.8]
--------- test avarage ---------
--- All clients' test loss: 1.60
--- All clients' test acc: 41.51%
2023-04-06 12:57:20,071 [MainThread] [INFO ]  Server train time: 78.49453377723694
2023-04-06 12:57:20,071 [MainThread] [INFO ]  
-------- round 19 --------
2023-04-06 12:57:20,072 [MainThread] [INFO ]  --- start training ---
client: f0000001
--- local_update_loss : 1.74
client: f0000007
--- local_update_loss : 1.47
--- DML_update_loss(A model) with Client:f0000004: 2.10
--- DML_update_loss(A model) with Client:f0000008: 2.11
----------- acc -----------
[37.2, 38.0, 53.6, 46.9, 35.6, 34.9, 38.0, 54.4, 35.8, 48.8]
--------- test avarage ---------
--- All clients' test loss: 1.58
--- All clients' test acc: 42.32%
2023-04-06 12:58:38,160 [MainThread] [INFO ]  Server train time: 78.08841943740845
2023-04-06 12:58:38,169 [MainThread] [INFO ]  Model saved at /home/dengzhiling/.local/lib/python3.10/site-packages/easyfl/main/cifar10/saved_models/_global_model_r_19.pth
2023-04-06 12:58:38,169 [MainThread] [INFO ]  
-------- round 20 --------
2023-04-06 12:58:38,169 [MainThread] [INFO ]  --- start training ---
client: f0000007
--- local_update_loss : 1.39
client: f0000001
--- local_update_loss : 1.58
--- DML_update_loss(A model) with Client:f0000006: 2.09
--- DML_update_loss(A model) with Client:f0000004: 2.10
----------- acc -----------
[37.2, 49.2, 53.6, 46.9, 32.0, 34.9, 37.3, 53.5, 35.8, 48.8]
--------- test avarage ---------
--- All clients' test loss: 1.56
--- All clients' test acc: 42.92%
2023-04-06 12:59:55,877 [MainThread] [INFO ]  Server train time: 77.70756125450134
2023-04-06 12:59:55,878 [MainThread] [INFO ]  
-------- round 21 --------
2023-04-06 12:59:55,878 [MainThread] [INFO ]  --- start training ---
client: f0000001
--- local_update_loss : 1.48
client: f0000002
--- local_update_loss : 1.42
--- DML_update_loss(A model) with Client:f0000007: 2.18
--- DML_update_loss(A model) with Client:f0000006: 2.09
----------- acc -----------
[37.2, 52.2, 53.7, 46.9, 32.0, 34.9, 38.0, 38.0, 35.8, 48.8]
--------- test avarage ---------
--- All clients' test loss: 1.59
--- All clients' test acc: 41.75%
2023-04-06 13:01:14,526 [MainThread] [INFO ]  Server train time: 78.64756965637207
2023-04-06 13:01:14,527 [MainThread] [INFO ]  
-------- round 22 --------
2023-04-06 13:01:14,527 [MainThread] [INFO ]  --- start training ---
client: f0000002
--- local_update_loss : 1.35
client: f0000001
--- local_update_loss : 1.38
--- DML_update_loss(A model) with Client:f0000007: 2.10
--- DML_update_loss(A model) with Client:f0000006: 2.09
----------- acc -----------
[37.2, 54.1, 55.9, 46.9, 32.0, 34.9, 39.3, 36.9, 35.8, 48.8]
--------- test avarage ---------
--- All clients' test loss: 1.59
--- All clients' test acc: 42.18%
2023-04-06 13:02:32,680 [MainThread] [INFO ]  Server train time: 78.152517080307
2023-04-06 13:02:32,681 [MainThread] [INFO ]  
-------- round 23 --------
2023-04-06 13:02:32,681 [MainThread] [INFO ]  --- start training ---
client: f0000005
--- local_update_loss : 1.74
client: f0000008
--- local_update_loss : 1.77
--- DML_update_loss(A model) with Client:f0000002: 2.18
--- DML_update_loss(A model) with Client:f0000009: 2.13
----------- acc -----------
[37.2, 54.1, 37.1, 46.9, 32.0, 46.5, 39.3, 36.9, 43.2, 39.7]
--------- test avarage ---------
--- All clients' test loss: 1.63
--- All clients' test acc: 41.29%
2023-04-06 13:03:50,893 [MainThread] [INFO ]  Server train time: 78.21172642707825
2023-04-06 13:03:50,894 [MainThread] [INFO ]  
-------- round 24 --------
2023-04-06 13:03:50,894 [MainThread] [INFO ]  --- start training ---
client: f0000009
--- local_update_loss : 1.74
client: f0000004
--- local_update_loss : 1.76
--- DML_update_loss(A model) with Client:f0000006: 2.09
--- DML_update_loss(A model) with Client:f0000008: 2.14
----------- acc -----------
[37.2, 54.1, 37.1, 46.9, 44.7, 46.5, 37.3, 36.9, 35.8, 42.2]
--------- test avarage ---------
--- All clients' test loss: 1.61
--- All clients' test acc: 41.87%
2023-04-06 13:05:09,113 [MainThread] [INFO ]  Server train time: 78.2183735370636
2023-04-06 13:05:09,113 [MainThread] [INFO ]  
-------- round 25 --------
2023-04-06 13:05:09,114 [MainThread] [INFO ]  --- start training ---
client: f0000005
--- local_update_loss : 1.58
client: f0000001
--- local_update_loss : 1.32
--- DML_update_loss(A model) with Client:f0000000: 2.08
--- DML_update_loss(A model) with Client:f0000006: 2.09
----------- acc -----------
[38.1, 57.0, 37.1, 46.9, 44.7, 48.2, 38.9, 36.9, 35.8, 42.2]
--------- test avarage ---------
--- All clients' test loss: 1.60
--- All clients' test acc: 42.58%
2023-04-06 13:06:27,508 [MainThread] [INFO ]  Server train time: 78.39399266242981
2023-04-06 13:06:27,509 [MainThread] [INFO ]  
-------- round 26 --------
2023-04-06 13:06:27,509 [MainThread] [INFO ]  --- start training ---
client: f0000008
--- local_update_loss : 1.75
client: f0000004
--- local_update_loss : 1.60
--- DML_update_loss(A model) with Client:f0000001: 2.18
--- DML_update_loss(A model) with Client:f0000003: 2.14
----------- acc -----------
[38.1, 33.3, 37.1, 35.1, 46.1, 48.2, 38.9, 36.9, 44.0, 42.2]
--------- test avarage ---------
--- All clients' test loss: 1.64
--- All clients' test acc: 39.99%
2023-04-06 13:07:45,382 [MainThread] [INFO ]  Server train time: 77.87281942367554
2023-04-06 13:07:45,383 [MainThread] [INFO ]  
-------- round 27 --------
2023-04-06 13:07:45,383 [MainThread] [INFO ]  --- start training ---
client: f0000004
--- local_update_loss : 1.49
client: f0000002
--- local_update_loss : 1.73
--- DML_update_loss(A model) with Client:f0000007: 2.09
--- DML_update_loss(A model) with Client:f0000001: 2.09
----------- acc -----------
[38.1, 33.7, 47.4, 35.1, 51.0, 48.2, 38.9, 36.8, 44.0, 42.2]
--------- test avarage ---------
--- All clients' test loss: 1.61
--- All clients' test acc: 41.54%
2023-04-06 13:09:03,219 [MainThread] [INFO ]  Server train time: 77.83573079109192
2023-04-06 13:09:03,220 [MainThread] [INFO ]  
-------- round 28 --------
2023-04-06 13:09:03,220 [MainThread] [INFO ]  --- start training ---
client: f0000009
--- local_update_loss : 1.58
client: f0000002
--- local_update_loss : 1.57
--- DML_update_loss(A model) with Client:f0000005: 2.15
--- DML_update_loss(A model) with Client:f0000003: 2.09
----------- acc -----------
[38.1, 33.7, 47.5, 34.1, 51.0, 36.5, 38.9, 36.8, 44.0, 50.7]
--------- test avarage ---------
--- All clients' test loss: 1.61
--- All clients' test acc: 41.13%
2023-04-06 13:10:21,785 [MainThread] [INFO ]  Server train time: 78.56439805030823
2023-04-06 13:10:21,786 [MainThread] [INFO ]  
-------- round 29 --------
2023-04-06 13:10:21,786 [MainThread] [INFO ]  --- start training ---
client: f0000008
--- local_update_loss : 1.59
client: f0000006
--- local_update_loss : 1.74
--- DML_update_loss(A model) with Client:f0000004: 2.17
--- DML_update_loss(A model) with Client:f0000003: 2.09
----------- acc -----------
[38.1, 33.7, 47.5, 33.9, 35.0, 36.5, 41.6, 36.8, 47.9, 50.7]
--------- test avarage ---------
--- All clients' test loss: 1.63
--- All clients' test acc: 40.17%
2023-04-06 13:11:39,346 [MainThread] [INFO ]  Server train time: 77.55992722511292
2023-04-06 13:11:39,355 [MainThread] [INFO ]  Model saved at /home/dengzhiling/.local/lib/python3.10/site-packages/easyfl/main/cifar10/saved_models/_global_model_r_29.pth
2023-04-06 13:11:39,355 [MainThread] [INFO ]  
-------- round 30 --------
2023-04-06 13:11:39,355 [MainThread] [INFO ]  --- start training ---
client: f0000000
--- local_update_loss : 1.73
client: f0000001
--- local_update_loss : 1.74
--- DML_update_loss(A model) with Client:f0000008: 2.16
--- DML_update_loss(A model) with Client:f0000002: 2.14
----------- acc -----------
[45.3, 43.4, 37.0, 33.9, 35.0, 36.5, 41.6, 36.8, 35.3, 50.7]
--------- test avarage ---------
--- All clients' test loss: 1.65
--- All clients' test acc: 39.55%
2023-04-06 13:12:57,243 [MainThread] [INFO ]  Server train time: 77.88816094398499
2023-04-06 13:12:57,244 [MainThread] [INFO ]  
-------- round 31 --------
2023-04-06 13:12:57,244 [MainThread] [INFO ]  --- start training ---
client: f0000004
--- local_update_loss : 1.74
client: f0000001
--- local_update_loss : 1.57
--- DML_update_loss(A model) with Client:f0000005: 2.10
--- DML_update_loss(A model) with Client:f0000008: 2.11
----------- acc -----------
[45.3, 49.6, 37.0, 33.9, 42.3, 36.4, 41.6, 36.8, 36.6, 50.7]
--------- test avarage ---------
--- All clients' test loss: 1.61
--- All clients' test acc: 41.02%
2023-04-06 13:14:15,260 [MainThread] [INFO ]  Server train time: 78.01573491096497
2023-04-06 13:14:15,261 [MainThread] [INFO ]  
-------- round 32 --------
2023-04-06 13:14:15,261 [MainThread] [INFO ]  --- start training ---
client: f0000009
--- local_update_loss : 1.48
client: f0000001
--- local_update_loss : 1.47
--- DML_update_loss(A model) with Client:f0000003: 2.08
--- DML_update_loss(A model) with Client:f0000006: 2.12
----------- acc -----------
[45.3, 51.4, 37.0, 34.4, 42.3, 36.4, 38.1, 36.8, 36.6, 54.9]
--------- test avarage ---------
--- All clients' test loss: 1.61
--- All clients' test acc: 41.32%
2023-04-06 13:15:33,028 [MainThread] [INFO ]  Server train time: 77.76610851287842
2023-04-06 13:15:33,029 [MainThread] [INFO ]  
-------- round 33 --------
2023-04-06 13:15:33,029 [MainThread] [INFO ]  --- start training ---
client: f0000008
--- local_update_loss : 1.77
client: f0000003
--- local_update_loss : 1.74
--- DML_update_loss(A model) with Client:f0000005: 2.09
--- DML_update_loss(A model) with Client:f0000001: 2.17
----------- acc -----------
[45.3, 34.2, 37.0, 41.4, 42.3, 34.0, 38.1, 36.8, 45.0, 54.9]
--------- test avarage ---------
--- All clients' test loss: 1.62
--- All clients' test acc: 40.90%
2023-04-06 13:16:51,244 [MainThread] [INFO ]  Server train time: 78.21535444259644
2023-04-06 13:16:51,246 [MainThread] [INFO ]  
-------- round 34 --------
2023-04-06 13:16:51,246 [MainThread] [INFO ]  --- start training ---
client: f0000000
--- local_update_loss : 1.57
client: f0000009
--- local_update_loss : 1.39
--- DML_update_loss(A model) with Client:f0000004: 2.13
--- DML_update_loss(A model) with Client:f0000007: 2.09
----------- acc -----------
[50.7, 34.2, 37.0, 41.4, 35.6, 34.0, 38.1, 38.5, 45.0, 56.2]
--------- test avarage ---------
--- All clients' test loss: 1.62
--- All clients' test acc: 41.07%
2023-04-06 13:18:09,235 [MainThread] [INFO ]  Server train time: 77.98931431770325
2023-04-06 13:18:09,236 [MainThread] [INFO ]  
-------- round 35 --------
2023-04-06 13:18:09,236 [MainThread] [INFO ]  --- start training ---
client: f0000006
--- local_update_loss : 1.72
client: f0000002
--- local_update_loss : 1.73
--- DML_update_loss(A model) with Client:f0000003: 2.12
--- DML_update_loss(A model) with Client:f0000000: 2.14
----------- acc -----------
[39.1, 34.2, 45.5, 34.2, 35.6, 34.0, 41.8, 38.5, 45.0, 56.2]
--------- test avarage ---------
--- All clients' test loss: 1.64
--- All clients' test acc: 40.41%
2023-04-06 13:19:26,929 [MainThread] [INFO ]  Server train time: 77.69205498695374
2023-04-06 13:19:26,930 [MainThread] [INFO ]  
-------- round 36 --------
2023-04-06 13:19:26,930 [MainThread] [INFO ]  --- start training ---
client: f0000003
--- local_update_loss : 1.73
client: f0000009
--- local_update_loss : 1.32
--- DML_update_loss(A model) with Client:f0000005: 2.09
--- DML_update_loss(A model) with Client:f0000006: 2.12
----------- acc -----------
[39.1, 34.2, 45.5, 44.8, 35.6, 30.2, 40.2, 38.5, 45.0, 59.4]
--------- test avarage ---------
--- All clients' test loss: 1.62
--- All clients' test acc: 41.25%
2023-04-06 13:20:45,090 [MainThread] [INFO ]  Server train time: 78.16011905670166
2023-04-06 13:20:45,091 [MainThread] [INFO ]  
-------- round 37 --------
2023-04-06 13:20:45,091 [MainThread] [INFO ]  --- start training ---
client: f0000004
--- local_update_loss : 1.74
client: f0000009
--- local_update_loss : 1.26
--- DML_update_loss(A model) with Client:f0000005: 2.09
--- DML_update_loss(A model) with Client:f0000007: 2.09
----------- acc -----------
[39.1, 34.2, 45.5, 44.8, 45.2, 33.2, 40.2, 39.8, 45.0, 60.2]
--------- test avarage ---------
--- All clients' test loss: 1.58
--- All clients' test acc: 42.72%
2023-04-06 13:22:02,784 [MainThread] [INFO ]  Server train time: 77.6925151348114
2023-04-06 13:22:02,785 [MainThread] [INFO ]  
-------- round 38 --------
2023-04-06 13:22:02,785 [MainThread] [INFO ]  --- start training ---
client: f0000008
--- local_update_loss : 1.61
client: f0000000
--- local_update_loss : 1.72
--- DML_update_loss(A model) with Client:f0000009: 2.20
--- DML_update_loss(A model) with Client:f0000003: 2.12
----------- acc -----------
[48.3, 34.2, 45.5, 34.5, 45.2, 33.2, 40.2, 39.8, 48.3, 38.7]
--------- test avarage ---------
--- All clients' test loss: 1.63
--- All clients' test acc: 40.79%
2023-04-06 13:23:20,974 [MainThread] [INFO ]  Server train time: 78.18835520744324
2023-04-06 13:23:20,974 [MainThread] [INFO ]  
-------- round 39 --------
2023-04-06 13:23:20,974 [MainThread] [INFO ]  --- start training ---
client: f0000002
--- local_update_loss : 1.57
client: f0000001
--- local_update_loss : 1.72
--- DML_update_loss(A model) with Client:f0000005: 2.09
--- DML_update_loss(A model) with Client:f0000000: 2.12
----------- acc -----------
[38.4, 43.4, 46.6, 34.5, 45.2, 35.0, 40.2, 39.8, 48.3, 38.7]
--------- test avarage ---------
--- All clients' test loss: 1.64
--- All clients' test acc: 41.01%
2023-04-06 13:24:39,368 [MainThread] [INFO ]  Server train time: 78.39327669143677
2023-04-06 13:24:39,377 [MainThread] [INFO ]  Model saved at /home/dengzhiling/.local/lib/python3.10/site-packages/easyfl/main/cifar10/saved_models/_global_model_r_39.pth
2023-04-06 13:24:39,377 [MainThread] [INFO ]  
-------- round 40 --------
2023-04-06 13:24:39,377 [MainThread] [INFO ]  --- start training ---
client: f0000004
--- local_update_loss : 1.58
client: f0000003
--- local_update_loss : 1.73
--- DML_update_loss(A model) with Client:f0000001: 2.14
--- DML_update_loss(A model) with Client:f0000008: 2.16
----------- acc -----------
[38.4, 34.2, 46.6, 45.7, 47.7, 35.0, 40.2, 39.8, 35.6, 38.7]
--------- test avarage ---------
--- All clients' test loss: 1.65
--- All clients' test acc: 40.19%
2023-04-06 13:25:57,204 [MainThread] [INFO ]  Server train time: 77.82641887664795
2023-04-06 13:25:57,205 [MainThread] [INFO ]  
-------- round 41 --------
2023-04-06 13:25:57,205 [MainThread] [INFO ]  --- start training ---
client: f0000005
--- local_update_loss : 1.76
client: f0000006
--- local_update_loss : 1.71
--- DML_update_loss(A model) with Client:f0000002: 2.14
--- DML_update_loss(A model) with Client:f0000007: 2.10
----------- acc -----------
[38.4, 34.2, 36.2, 45.7, 47.7, 44.6, 48.8, 35.5, 35.6, 38.7]
--------- test avarage ---------
--- All clients' test loss: 1.63
--- All clients' test acc: 40.54%
2023-04-06 13:27:14,842 [MainThread] [INFO ]  Server train time: 77.63726091384888
2023-04-06 13:27:14,843 [MainThread] [INFO ]  
-------- round 42 --------
2023-04-06 13:27:14,843 [MainThread] [INFO ]  --- start training ---
client: f0000008
--- local_update_loss : 1.76
client: f0000001
--- local_update_loss : 1.72
--- DML_update_loss(A model) with Client:f0000004: 2.15
--- DML_update_loss(A model) with Client:f0000002: 2.09
----------- acc -----------
[38.4, 43.2, 35.3, 45.7, 35.1, 44.6, 48.8, 35.5, 45.9, 38.7]
--------- test avarage ---------
--- All clients' test loss: 1.61
--- All clients' test acc: 41.12%
2023-04-06 13:28:32,777 [MainThread] [INFO ]  Server train time: 77.9339599609375
2023-04-06 13:28:32,778 [MainThread] [INFO ]  
-------- round 43 --------
2023-04-06 13:28:32,778 [MainThread] [INFO ]  --- start training ---
client: f0000003
--- local_update_loss : 1.57
client: f0000009
--- local_update_loss : 1.74
--- DML_update_loss(A model) with Client:f0000004: 2.10
--- DML_update_loss(A model) with Client:f0000005: 2.12
----------- acc -----------
[38.4, 43.2, 35.3, 44.3, 32.9, 37.1, 48.8, 35.5, 45.9, 46.4]
--------- test avarage ---------
--- All clients' test loss: 1.62
--- All clients' test acc: 40.78%
2023-04-06 13:29:50,732 [MainThread] [INFO ]  Server train time: 77.95353198051453
2023-04-06 13:29:50,733 [MainThread] [INFO ]  
-------- round 44 --------
2023-04-06 13:29:50,733 [MainThread] [INFO ]  --- start training ---
client: f0000002
--- local_update_loss : 1.74
client: f0000007
--- local_update_loss : 1.73
--- DML_update_loss(A model) with Client:f0000009: 2.13
--- DML_update_loss(A model) with Client:f0000001: 2.13
----------- acc -----------
[38.4, 32.9, 45.2, 44.3, 32.9, 37.1, 48.8, 43.5, 45.9, 35.9]
--------- test avarage ---------
--- All clients' test loss: 1.62
--- All clients' test acc: 40.49%
2023-04-06 13:31:09,102 [MainThread] [INFO ]  Server train time: 78.36800336837769
2023-04-06 13:31:09,103 [MainThread] [INFO ]  
-------- round 45 --------
2023-04-06 13:31:09,103 [MainThread] [INFO ]  --- start training ---
client: f0000002
--- local_update_loss : 1.59
client: f0000004
--- local_update_loss : 1.77
--- DML_update_loss(A model) with Client:f0000007: 2.13
--- DML_update_loss(A model) with Client:f0000001: 2.09
----------- acc -----------
[38.4, 31.8, 51.0, 44.3, 43.5, 37.1, 48.8, 38.9, 45.9, 35.9]
--------- test avarage ---------
--- All clients' test loss: 1.60
--- All clients' test acc: 41.56%
2023-04-06 13:32:27,254 [MainThread] [INFO ]  Server train time: 78.15134119987488
2023-04-06 13:32:27,255 [MainThread] [INFO ]  
-------- round 46 --------
2023-04-06 13:32:27,255 [MainThread] [INFO ]  --- start training ---
client: f0000007
--- local_update_loss : 1.71
client: f0000000
--- local_update_loss : 1.71
--- DML_update_loss(A model) with Client:f0000001: 2.09
--- DML_update_loss(A model) with Client:f0000005: 2.09
----------- acc -----------
[44.2, 33.6, 51.0, 44.3, 43.5, 36.4, 48.8, 36.4, 45.9, 35.9]
--------- test avarage ---------
--- All clients' test loss: 1.60
--- All clients' test acc: 42.00%
2023-04-06 13:33:45,398 [MainThread] [INFO ]  Server train time: 78.14222478866577
2023-04-06 13:33:45,399 [MainThread] [INFO ]  
-------- round 47 --------
2023-04-06 13:33:45,399 [MainThread] [INFO ]  --- start training ---
client: f0000002
--- local_update_loss : 1.49
client: f0000001
--- local_update_loss : 1.74
--- DML_update_loss(A model) with Client:f0000008: 2.14
--- DML_update_loss(A model) with Client:f0000006: 2.12
----------- acc -----------
[44.2, 41.0, 54.0, 44.3, 43.5, 36.4, 40.8, 36.4, 35.7, 35.9]
--------- test avarage ---------
--- All clients' test loss: 1.64
--- All clients' test acc: 41.22%
2023-04-06 13:35:03,066 [MainThread] [INFO ]  Server train time: 77.66686201095581
2023-04-06 13:35:03,067 [MainThread] [INFO ]  
-------- round 48 --------
2023-04-06 13:35:03,067 [MainThread] [INFO ]  --- start training ---
client: f0000007
--- local_update_loss : 1.56
client: f0000005
--- local_update_loss : 1.75
--- DML_update_loss(A model) with Client:f0000004: 2.13
--- DML_update_loss(A model) with Client:f0000009: 2.10
----------- acc -----------
[44.2, 41.0, 54.0, 44.3, 34.4, 45.2, 40.8, 48.9, 35.7, 39.8]
--------- test avarage ---------
--- All clients' test loss: 1.59
--- All clients' test acc: 42.83%
2023-04-06 13:36:21,321 [MainThread] [INFO ]  Server train time: 78.2536051273346
2023-04-06 13:36:21,322 [MainThread] [INFO ]  
-------- round 49 --------
2023-04-06 13:36:21,322 [MainThread] [INFO ]  --- start training ---
client: f0000009
--- local_update_loss : 1.75
client: f0000000
--- local_update_loss : 1.56
--- DML_update_loss(A model) with Client:f0000006: 2.09
--- DML_update_loss(A model) with Client:f0000001: 2.13
----------- acc -----------
[51.0, 34.0, 54.0, 44.3, 34.4, 45.2, 37.9, 48.9, 35.7, 47.7]
--------- test avarage ---------
--- All clients' test loss: 1.56
--- All clients' test acc: 43.31%
2023-04-06 13:37:39,757 [MainThread] [INFO ]  Server train time: 78.43500542640686
2023-04-06 13:37:39,766 [MainThread] [INFO ]  Model saved at /home/dengzhiling/.local/lib/python3.10/site-packages/easyfl/main/cifar10/saved_models/_global_model_r_49.pth
2023-04-06 13:37:39,766 [MainThread] [INFO ]  
-------- round 50 --------
2023-04-06 13:37:39,766 [MainThread] [INFO ]  --- start training ---
client: f0000007
--- local_update_loss : 1.47
client: f0000008
--- local_update_loss : 1.75
--- DML_update_loss(A model) with Client:f0000005: 2.13
--- DML_update_loss(A model) with Client:f0000002: 2.15
----------- acc -----------
[51.0, 34.0, 35.6, 44.3, 34.4, 36.0, 37.9, 48.5, 47.5, 47.7]
--------- test avarage ---------
--- All clients' test loss: 1.60
--- All clients' test acc: 41.69%
2023-04-06 13:38:57,597 [MainThread] [INFO ]  Server train time: 77.83050489425659
2023-04-06 13:38:57,598 [MainThread] [INFO ]  
-------- round 51 --------
2023-04-06 13:38:57,598 [MainThread] [INFO ]  --- start training ---
client: f0000003
--- local_update_loss : 1.47
client: f0000004
--- local_update_loss : 1.74
--- DML_update_loss(A model) with Client:f0000006: 2.09
--- DML_update_loss(A model) with Client:f0000000: 2.15
----------- acc -----------
[38.9, 34.0, 35.6, 51.8, 42.7, 36.0, 37.5, 48.5, 47.5, 47.7]
--------- test avarage ---------
--- All clients' test loss: 1.59
--- All clients' test acc: 42.02%
2023-04-06 13:40:15,193 [MainThread] [INFO ]  Server train time: 77.59458518028259
2023-04-06 13:40:15,194 [MainThread] [INFO ]  
-------- round 52 --------
2023-04-06 13:40:15,194 [MainThread] [INFO ]  --- start training ---
client: f0000009
--- local_update_loss : 1.58
client: f0000001
--- local_update_loss : 1.72
--- DML_update_loss(A model) with Client:f0000002: 2.09
--- DML_update_loss(A model) with Client:f0000008: 2.14
----------- acc -----------
[38.9, 44.1, 36.6, 51.8, 42.7, 36.0, 37.5, 48.5, 38.1, 48.3]
--------- test avarage ---------
--- All clients' test loss: 1.58
--- All clients' test acc: 42.25%
2023-04-06 13:41:33,238 [MainThread] [INFO ]  Server train time: 78.0440263748169
2023-04-06 13:41:33,239 [MainThread] [INFO ]  
-------- round 53 --------
2023-04-06 13:41:33,239 [MainThread] [INFO ]  --- start training ---
client: f0000001
--- local_update_loss : 1.56
client: f0000002
--- local_update_loss : 1.74
--- DML_update_loss(A model) with Client:f0000007: 2.16
--- DML_update_loss(A model) with Client:f0000008: 2.11
----------- acc -----------
[38.9, 45.6, 44.5, 51.8, 42.7, 36.0, 37.5, 38.1, 35.7, 48.3]
--------- test avarage ---------
--- All clients' test loss: 1.59
--- All clients' test acc: 41.91%
2023-04-06 13:42:51,071 [MainThread] [INFO ]  Server train time: 77.83164024353027
2023-04-06 13:42:51,072 [MainThread] [INFO ]  
-------- round 54 --------
2023-04-06 13:42:51,072 [MainThread] [INFO ]  --- start training ---
client: f0000004
--- local_update_loss : 1.58
client: f0000008
--- local_update_loss : 1.77
--- DML_update_loss(A model) with Client:f0000000: 2.09
--- DML_update_loss(A model) with Client:f0000007: 2.10
----------- acc -----------
[36.8, 45.6, 44.5, 51.8, 51.0, 36.0, 37.5, 36.7, 42.9, 48.3]
--------- test avarage ---------
--- All clients' test loss: 1.55
--- All clients' test acc: 43.11%
2023-04-06 13:44:08,844 [MainThread] [INFO ]  Server train time: 77.7720320224762
2023-04-06 13:44:08,845 [MainThread] [INFO ]  
-------- round 55 --------
2023-04-06 13:44:08,846 [MainThread] [INFO ]  --- start training ---
client: f0000004
--- local_update_loss : 1.48
client: f0000000
--- local_update_loss : 1.73
--- DML_update_loss(A model) with Client:f0000003: 2.15
--- DML_update_loss(A model) with Client:f0000002: 2.12
----------- acc -----------
[46.7, 45.6, 37.7, 35.2, 54.6, 36.0, 37.5, 36.7, 42.9, 48.3]
--------- test avarage ---------
--- All clients' test loss: 1.59
--- All clients' test acc: 42.12%
2023-04-06 13:45:26,529 [MainThread] [INFO ]  Server train time: 77.68355941772461
2023-04-06 13:45:26,530 [MainThread] [INFO ]  
-------- round 56 --------
2023-04-06 13:45:26,530 [MainThread] [INFO ]  --- start training ---
client: f0000006
--- local_update_loss : 1.73
client: f0000001
--- local_update_loss : 1.46
--- DML_update_loss(A model) with Client:f0000003: 2.09
--- DML_update_loss(A model) with Client:f0000008: 2.14
----------- acc -----------
[46.7, 51.1, 37.7, 34.3, 54.6, 36.0, 43.6, 36.7, 38.9, 48.3]
--------- test avarage ---------
--- All clients' test loss: 1.57
--- All clients' test acc: 42.79%
2023-04-06 13:46:44,483 [MainThread] [INFO ]  Server train time: 77.95205068588257
2023-04-06 13:46:44,484 [MainThread] [INFO ]  
-------- round 57 --------
2023-04-06 13:46:44,484 [MainThread] [INFO ]  --- start training ---
client: f0000003
--- local_update_loss : 1.73
client: f0000008
--- local_update_loss : 1.75
--- DML_update_loss(A model) with Client:f0000000: 2.12
--- DML_update_loss(A model) with Client:f0000004: 2.17
----------- acc -----------
[40.0, 51.1, 37.7, 41.7, 34.6, 36.0, 43.6, 36.7, 45.9, 48.3]
--------- test avarage ---------
--- All clients' test loss: 1.60
--- All clients' test acc: 41.56%
2023-04-06 13:48:01,838 [MainThread] [INFO ]  Server train time: 77.35427904129028
2023-04-06 13:48:01,839 [MainThread] [INFO ]  
-------- round 58 --------
2023-04-06 13:48:01,839 [MainThread] [INFO ]  --- start training ---
client: f0000004
--- local_update_loss : 1.74
client: f0000002
--- local_update_loss : 1.73
--- DML_update_loss(A model) with Client:f0000005: 2.09
--- DML_update_loss(A model) with Client:f0000007: 2.09
----------- acc -----------
[40.0, 51.1, 35.8, 41.7, 43.3, 34.9, 43.6, 38.4, 45.9, 48.3]
--------- test avarage ---------
--- All clients' test loss: 1.57
--- All clients' test acc: 42.30%
2023-04-06 13:49:19,707 [MainThread] [INFO ]  Server train time: 77.86753559112549
2023-04-06 13:49:19,708 [MainThread] [INFO ]  
-------- round 59 --------
2023-04-06 13:49:19,708 [MainThread] [INFO ]  --- start training ---
client: f0000002
--- local_update_loss : 1.57
client: f0000006
--- local_update_loss : 1.57
--- DML_update_loss(A model) with Client:f0000000: 2.09
--- DML_update_loss(A model) with Client:f0000007: 2.09
----------- acc -----------
[38.4, 51.1, 51.9, 41.7, 43.3, 34.9, 48.0, 38.7, 45.9, 48.3]
--------- test avarage ---------
--- All clients' test loss: 1.53
--- All clients' test acc: 44.22%
2023-04-06 13:50:38,139 [MainThread] [INFO ]  Server train time: 78.4303846359253
2023-04-06 13:50:38,148 [MainThread] [INFO ]  Model saved at /home/dengzhiling/.local/lib/python3.10/site-packages/easyfl/main/cifar10/saved_models/_global_model_r_59.pth
2023-04-06 13:50:38,149 [MainThread] [INFO ]  
-------- round 60 --------
2023-04-06 13:50:38,149 [MainThread] [INFO ]  --- start training ---
client: f0000005
--- local_update_loss : 1.75
client: f0000008
--- local_update_loss : 1.60
--- DML_update_loss(A model) with Client:f0000006: 2.14
--- DML_update_loss(A model) with Client:f0000004: 2.13
----------- acc -----------
[38.4, 51.1, 51.9, 41.7, 34.7, 43.3, 38.2, 38.7, 51.1, 48.3]
--------- test avarage ---------
--- All clients' test loss: 1.55
--- All clients' test acc: 43.74%
2023-04-06 13:51:56,131 [MainThread] [INFO ]  Server train time: 77.98192358016968
2023-04-06 13:51:56,132 [MainThread] [INFO ]  
-------- round 61 --------
2023-04-06 13:51:56,132 [MainThread] [INFO ]  --- start training ---
client: f0000006
--- local_update_loss : 1.71
client: f0000004
--- local_update_loss : 1.74
--- DML_update_loss(A model) with Client:f0000002: 2.14
--- DML_update_loss(A model) with Client:f0000005: 2.12
----------- acc -----------
[38.4, 51.1, 38.8, 41.7, 43.0, 36.0, 40.9, 38.7, 51.1, 48.3]
--------- test avarage ---------
--- All clients' test loss: 1.58
--- All clients' test acc: 42.80%
2023-04-06 13:53:14,358 [MainThread] [INFO ]  Server train time: 78.22556400299072
2023-04-06 13:53:14,359 [MainThread] [INFO ]  
-------- round 62 --------
2023-04-06 13:53:14,359 [MainThread] [INFO ]  --- start training ---
client: f0000000
--- local_update_loss : 1.73
client: f0000004
--- local_update_loss : 1.58
--- DML_update_loss(A model) with Client:f0000002: 2.09
--- DML_update_loss(A model) with Client:f0000008: 2.16
----------- acc -----------
[47.8, 51.1, 37.8, 41.7, 51.1, 36.0, 40.9, 38.7, 38.3, 48.3]
--------- test avarage ---------
--- All clients' test loss: 1.58
--- All clients' test acc: 43.17%
2023-04-06 13:54:31,891 [MainThread] [INFO ]  Server train time: 77.53219246864319
2023-04-06 13:54:31,892 [MainThread] [INFO ]  
-------- round 63 --------
2023-04-06 13:54:31,892 [MainThread] [INFO ]  --- start training ---
client: f0000005
--- local_update_loss : 1.74
client: f0000009
--- local_update_loss : 1.49
--- DML_update_loss(A model) with Client:f0000003: 2.12
--- DML_update_loss(A model) with Client:f0000008: 2.11
----------- acc -----------
[47.8, 51.1, 37.8, 35.7, 51.1, 43.0, 40.9, 38.7, 36.2, 54.5]
--------- test avarage ---------
--- All clients' test loss: 1.56
--- All clients' test acc: 43.68%
2023-04-06 13:55:49,663 [MainThread] [INFO ]  Server train time: 77.77033853530884
2023-04-06 13:55:49,664 [MainThread] [INFO ]  
-------- round 64 --------
2023-04-06 13:55:49,664 [MainThread] [INFO ]  --- start training ---
client: f0000002
--- local_update_loss : 1.74
client: f0000000
--- local_update_loss : 1.57
--- DML_update_loss(A model) with Client:f0000004: 2.15
--- DML_update_loss(A model) with Client:f0000005: 2.12
----------- acc -----------
[51.4, 51.1, 45.2, 35.7, 34.1, 36.3, 40.9, 38.7, 36.2, 54.5]
--------- test avarage ---------
--- All clients' test loss: 1.60
--- All clients' test acc: 42.41%
2023-04-06 13:57:07,641 [MainThread] [INFO ]  Server train time: 77.97668504714966
2023-04-06 13:57:07,642 [MainThread] [INFO ]  
-------- round 65 --------
2023-04-06 13:57:07,642 [MainThread] [INFO ]  --- start training ---
client: f0000003
--- local_update_loss : 1.72
client: f0000002
--- local_update_loss : 1.59
--- DML_update_loss(A model) with Client:f0000004: 2.10
--- DML_update_loss(A model) with Client:f0000007: 2.09
----------- acc -----------
[51.4, 51.1, 50.9, 42.5, 33.8, 36.3, 40.9, 38.0, 36.2, 54.5]
--------- test avarage ---------
--- All clients' test loss: 1.56
--- All clients' test acc: 43.56%
2023-04-06 13:58:25,723 [MainThread] [INFO ]  Server train time: 78.08070969581604
2023-04-06 13:58:25,724 [MainThread] [INFO ]  
-------- round 66 --------
2023-04-06 13:58:25,724 [MainThread] [INFO ]  --- start training ---
client: f0000000
--- local_update_loss : 1.47
client: f0000008
--- local_update_loss : 1.77
--- DML_update_loss(A model) with Client:f0000003: 2.12
--- DML_update_loss(A model) with Client:f0000002: 2.14
----------- acc -----------
[51.4, 51.1, 37.0, 34.3, 33.8, 36.3, 40.9, 38.0, 46.3, 54.5]
--------- test avarage ---------
--- All clients' test loss: 1.60
--- All clients' test acc: 42.36%
2023-04-06 13:59:44,203 [MainThread] [INFO ]  Server train time: 78.47896313667297
2023-04-06 13:59:44,204 [MainThread] [INFO ]  
-------- round 67 --------
2023-04-06 13:59:44,204 [MainThread] [INFO ]  --- start training ---
client: f0000000
--- local_update_loss : 1.39
client: f0000004
--- local_update_loss : 1.76
--- DML_update_loss(A model) with Client:f0000005: 2.10
--- DML_update_loss(A model) with Client:f0000003: 2.09
----------- acc -----------
[57.2, 51.1, 37.0, 34.2, 43.6, 33.8, 40.9, 38.0, 46.3, 54.5]
--------- test avarage ---------
--- All clients' test loss: 1.56
--- All clients' test acc: 43.66%
2023-04-06 14:01:02,466 [MainThread] [INFO ]  Server train time: 78.26114916801453
2023-04-06 14:01:02,467 [MainThread] [INFO ]  
-------- round 68 --------
2023-04-06 14:01:02,467 [MainThread] [INFO ]  --- start training ---
client: f0000006
--- local_update_loss : 1.56
client: f0000001
--- local_update_loss : 1.38
--- DML_update_loss(A model) with Client:f0000002: 2.09
--- DML_update_loss(A model) with Client:f0000005: 2.09
----------- acc -----------
[57.2, 50.5, 34.5, 34.2, 43.6, 32.4, 46.5, 38.0, 46.3, 54.5]
--------- test avarage ---------
--- All clients' test loss: 1.55
--- All clients' test acc: 43.77%
2023-04-06 14:02:20,252 [MainThread] [INFO ]  Server train time: 77.7852075099945
2023-04-06 14:02:20,253 [MainThread] [INFO ]  
-------- round 69 --------
2023-04-06 14:02:20,253 [MainThread] [INFO ]  --- start training ---
client: f0000003
--- local_update_loss : 1.74
client: f0000008
--- local_update_loss : 1.61
--- DML_update_loss(A model) with Client:f0000007: 2.09
--- DML_update_loss(A model) with Client:f0000009: 2.17
----------- acc -----------
[57.2, 50.5, 34.5, 43.3, 43.6, 32.4, 46.5, 36.7, 50.4, 36.3]
--------- test avarage ---------
--- All clients' test loss: 1.56
--- All clients' test acc: 43.14%
2023-04-06 14:03:38,090 [MainThread] [INFO ]  Server train time: 77.83666729927063
2023-04-06 14:03:38,099 [MainThread] [INFO ]  Model saved at /home/dengzhiling/.local/lib/python3.10/site-packages/easyfl/main/cifar10/saved_models/_global_model_r_69.pth
2023-04-06 14:03:38,100 [MainThread] [INFO ]  
-------- round 70 --------
2023-04-06 14:03:38,100 [MainThread] [INFO ]  --- start training ---
client: f0000005
--- local_update_loss : 1.75
client: f0000008
--- local_update_loss : 1.50
--- DML_update_loss(A model) with Client:f0000007: 2.09
--- DML_update_loss(A model) with Client:f0000000: 2.17
----------- acc -----------
[37.5, 50.5, 34.5, 43.3, 43.6, 45.3, 46.5, 37.9, 54.3, 36.3]
--------- test avarage ---------
--- All clients' test loss: 1.56
--- All clients' test acc: 42.97%
2023-04-06 14:04:56,507 [MainThread] [INFO ]  Server train time: 78.40706396102905
2023-04-06 14:04:56,508 [MainThread] [INFO ]  
-------- round 71 --------
2023-04-06 14:04:56,508 [MainThread] [INFO ]  --- start training ---
client: f0000004
--- local_update_loss : 1.60
client: f0000005
--- local_update_loss : 1.60
--- DML_update_loss(A model) with Client:f0000000: 2.09
--- DML_update_loss(A model) with Client:f0000001: 2.18
----------- acc -----------
[37.7, 33.1, 34.5, 43.3, 48.9, 50.0, 46.5, 37.9, 54.3, 36.3]
--------- test avarage ---------
--- All clients' test loss: 1.58
--- All clients' test acc: 42.25%
2023-04-06 14:06:14,755 [MainThread] [INFO ]  Server train time: 78.24711656570435
2023-04-06 14:06:14,756 [MainThread] [INFO ]  
-------- round 72 --------
2023-04-06 14:06:14,756 [MainThread] [INFO ]  --- start training ---
client: f0000000
--- local_update_loss : 1.73
client: f0000004
--- local_update_loss : 1.49
--- DML_update_loss(A model) with Client:f0000002: 2.09
--- DML_update_loss(A model) with Client:f0000005: 2.15
----------- acc -----------
[46.5, 33.1, 36.9, 43.3, 51.7, 37.1, 46.5, 37.9, 54.3, 36.3]
--------- test avarage ---------
--- All clients' test loss: 1.58
--- All clients' test acc: 42.36%
2023-04-06 14:07:32,535 [MainThread] [INFO ]  Server train time: 77.77776265144348
2023-04-06 14:07:32,535 [MainThread] [INFO ]  
-------- round 73 --------
2023-04-06 14:07:32,535 [MainThread] [INFO ]  --- start training ---
client: f0000007
--- local_update_loss : 1.74
client: f0000004
--- local_update_loss : 1.41
--- DML_update_loss(A model) with Client:f0000008: 2.18
--- DML_update_loss(A model) with Client:f0000003: 2.12
----------- acc -----------
[46.5, 33.1, 36.9, 35.2, 57.1, 37.1, 46.5, 46.5, 37.7, 36.3]
--------- test avarage ---------
--- All clients' test loss: 1.61
--- All clients' test acc: 41.29%
2023-04-06 14:08:50,682 [MainThread] [INFO ]  Server train time: 78.14629483222961
2023-04-06 14:08:50,683 [MainThread] [INFO ]  
-------- round 74 --------
2023-04-06 14:08:50,683 [MainThread] [INFO ]  --- start training ---
client: f0000000
--- local_update_loss : 1.57
client: f0000005
--- local_update_loss : 1.74
--- DML_update_loss(A model) with Client:f0000006: 2.15
--- DML_update_loss(A model) with Client:f0000002: 2.09
----------- acc -----------
[51.8, 33.1, 35.9, 35.2, 57.1, 41.2, 37.8, 46.5, 37.7, 36.3]
--------- test avarage ---------
--- All clients' test loss: 1.62
--- All clients' test acc: 41.26%
2023-04-06 14:10:08,732 [MainThread] [INFO ]  Server train time: 78.04855179786682
2023-04-06 14:10:08,733 [MainThread] [INFO ]  
-------- round 75 --------
2023-04-06 14:10:08,733 [MainThread] [INFO ]  --- start training ---
client: f0000006
--- local_update_loss : 1.72
client: f0000004
--- local_update_loss : 1.35
--- DML_update_loss(A model) with Client:f0000002: 2.09
--- DML_update_loss(A model) with Client:f0000009: 2.10
----------- acc -----------
[51.8, 33.1, 36.8, 35.2, 57.7, 41.2, 46.3, 46.5, 37.7, 36.3]
--------- test avarage ---------
--- All clients' test loss: 1.59
--- All clients' test acc: 42.26%
2023-04-06 14:11:27,109 [MainThread] [INFO ]  Server train time: 78.37599563598633
2023-04-06 14:11:27,110 [MainThread] [INFO ]  
-------- round 76 --------
2023-04-06 14:11:27,110 [MainThread] [INFO ]  --- start training ---
client: f0000006
--- local_update_loss : 1.56
client: f0000003
--- local_update_loss : 1.73
--- DML_update_loss(A model) with Client:f0000005: 2.13
--- DML_update_loss(A model) with Client:f0000004: 2.19
----------- acc -----------
[51.8, 33.1, 36.8, 42.4, 34.4, 37.4, 49.0, 46.5, 37.7, 36.3]
--------- test avarage ---------
--- All clients' test loss: 1.64
--- All clients' test acc: 40.54%
2023-04-06 14:12:45,134 [MainThread] [INFO ]  Server train time: 78.02360391616821
2023-04-06 14:12:45,135 [MainThread] [INFO ]  
-------- round 77 --------
2023-04-06 14:12:45,135 [MainThread] [INFO ]  --- start training ---
client: f0000002
--- local_update_loss : 1.75
client: f0000001
--- local_update_loss : 1.73
--- DML_update_loss(A model) with Client:f0000005: 2.10
--- DML_update_loss(A model) with Client:f0000006: 2.15
----------- acc -----------
[51.8, 38.8, 46.3, 42.4, 34.4, 33.5, 38.6, 46.5, 37.7, 36.3]
--------- test avarage ---------
--- All clients' test loss: 1.64
--- All clients' test acc: 40.63%
2023-04-06 14:14:03,145 [MainThread] [INFO ]  Server train time: 78.00964903831482
2023-04-06 14:14:03,146 [MainThread] [INFO ]  
-------- round 78 --------
2023-04-06 14:14:03,146 [MainThread] [INFO ]  --- start training ---
client: f0000003
--- local_update_loss : 1.57
client: f0000002
--- local_update_loss : 1.59
--- DML_update_loss(A model) with Client:f0000005: 2.09
--- DML_update_loss(A model) with Client:f0000000: 2.14
----------- acc -----------
[37.9, 38.8, 49.6, 50.1, 34.4, 34.9, 38.6, 46.5, 37.7, 36.3]
--------- test avarage ---------
--- All clients' test loss: 1.65
--- All clients' test acc: 40.48%
2023-04-06 14:15:20,612 [MainThread] [INFO ]  Server train time: 77.46592497825623
2023-04-06 14:15:20,613 [MainThread] [INFO ]  
-------- round 79 --------
2023-04-06 14:15:20,613 [MainThread] [INFO ]  --- start training ---
client: f0000009
--- local_update_loss : 1.75
client: f0000005
--- local_update_loss : 1.76
--- DML_update_loss(A model) with Client:f0000004: 2.10
--- DML_update_loss(A model) with Client:f0000002: 2.14
----------- acc -----------
[37.9, 38.8, 36.1, 50.1, 33.1, 43.8, 38.6, 46.5, 37.7, 46.5]
--------- test avarage ---------
--- All clients' test loss: 1.62
--- All clients' test acc: 40.91%
2023-04-06 14:16:38,688 [MainThread] [INFO ]  Server train time: 78.07419323921204
2023-04-06 14:16:38,697 [MainThread] [INFO ]  Model saved at /home/dengzhiling/.local/lib/python3.10/site-packages/easyfl/main/cifar10/saved_models/_global_model_r_79.pth
2023-04-06 14:16:38,697 [MainThread] [INFO ]  
-------- round 80 --------
2023-04-06 14:16:38,697 [MainThread] [INFO ]  --- start training ---
client: f0000000
--- local_update_loss : 1.71
client: f0000009
--- local_update_loss : 1.58
--- DML_update_loss(A model) with Client:f0000007: 2.13
--- DML_update_loss(A model) with Client:f0000003: 2.14
----------- acc -----------
[49.9, 38.8, 36.1, 35.6, 33.1, 43.8, 38.6, 37.1, 37.7, 51.1]
--------- test avarage ---------
--- All clients' test loss: 1.64
--- All clients' test acc: 40.18%
2023-04-06 14:17:56,602 [MainThread] [INFO ]  Server train time: 77.9038770198822
2023-04-06 14:17:56,603 [MainThread] [INFO ]  
-------- round 81 --------
2023-04-06 14:17:56,603 [MainThread] [INFO ]  --- start training ---
client: f0000007
--- local_update_loss : 1.72
client: f0000002
--- local_update_loss : 1.73
--- DML_update_loss(A model) with Client:f0000006: 2.09
Traceback (most recent call last):
  File "/home/dengzhiling/.local/lib/python3.10/site-packages/easyfl/main/cifar10/main.py", line 26, in <module>
    easyfl.run()
  File "/home/dengzhiling/.local/lib/python3.10/site-packages/easyfl/coordinator.py", line 390, in run
    _global_coord.run()
  File "/home/dengzhiling/.local/lib/python3.10/site-packages/easyfl/coordinator.py", line 80, in run
    self.server.start(self.model, self.clients)
  File "/home/dengzhiling/.local/lib/python3.10/site-packages/easyfl/server/base.py", line 164, in start
    self.train()
  File "/home/dengzhiling/.local/lib/python3.10/site-packages/easyfl/server/base.py", line 200, in train
    self.distribution_to_train()
  File "/home/dengzhiling/.local/lib/python3.10/site-packages/easyfl/server/base.py", line 347, in distribution_to_train
    self.distribution_to_train_locally()
  File "/home/dengzhiling/.local/lib/python3.10/site-packages/easyfl/main/cifar10/CustomizeServer.py", line 91, in distribution_to_train_locally
    client.run_train(model, self.conf.client, train_local_only=False)
  File "/home/dengzhiling/.local/lib/python3.10/site-packages/easyfl/main/cifar10/CustomizedClient.py", line 154, in run_train
    self.train(conf, self.device, train_local_only) # 
  File "/home/dengzhiling/.local/lib/python3.10/site-packages/easyfl/main/cifar10/CustomizedClient.py", line 142, in train
    self.train_DML(conf, device)
  File "/home/dengzhiling/.local/lib/python3.10/site-packages/easyfl/main/cifar10/CustomizedClient.py", line 85, in train_DML
    for data, label in train_loader:
  File "/home/dengzhiling/.local/lib/python3.10/site-packages/torch/utils/data/dataloader.py", line 628, in __next__
    data = self._next_data()
  File "/home/dengzhiling/.local/lib/python3.10/site-packages/torch/utils/data/dataloader.py", line 671, in _next_data
    data = self._dataset_fetcher.fetch(index)  # may raise StopIteration
  File "/home/dengzhiling/.local/lib/python3.10/site-packages/torch/utils/data/_utils/fetch.py", line 58, in fetch
    data = [self.dataset[idx] for idx in possibly_batched_index]
  File "/home/dengzhiling/.local/lib/python3.10/site-packages/torch/utils/data/_utils/fetch.py", line 58, in <listcomp>
    data = [self.dataset[idx] for idx in possibly_batched_index]
  File "/home/dengzhiling/.local/lib/python3.10/site-packages/easyfl/datasets/dataset_util.py", line 41, in __getitem__
    sample = self.transform_x(sample)
  File "/home/dengzhiling/.local/lib/python3.10/site-packages/torchvision/transforms/transforms.py", line 95, in __call__
    img = t(img)
  File "/home/dengzhiling/.local/lib/python3.10/site-packages/torch/nn/modules/module.py", line 1194, in _call_impl
    return forward_call(*input, **kwargs)
  File "/home/dengzhiling/.local/lib/python3.10/site-packages/torchvision/transforms/transforms.py", line 705, in forward
    return F.hflip(img)
  File "/home/dengzhiling/.local/lib/python3.10/site-packages/torchvision/transforms/functional.py", line 637, in hflip
    def hflip(img: Tensor) -> Tensor:
KeyboardInterrupt
