2023-04-06 14:23:12,308 [MainThread] [INFO ]  Configurations: {'task_id': '', 'data': {'root': '../data/', 'dataset': 'cifar10', 'split_type': 'iid', 'min_size': 10, 'data_amount': 0.05, 'iid_fraction': 0.1, 'user': False, 'train_test_split': 0.8, 'class_per_client': 8, 'num_of_clients': 10, 'alpha': 0.2, 'weights': None}, 'model': 'simple_cnn', 'test_mode': 'test_in_client', 'test_method': 'average', 'server': {'track': False, 'rounds': 2000, 'clients_per_round': 2, 'test_every': 1, 'save_model_every': 10, 'save_model_path': '', 'batch_size': 64, 'test_all': True, 'random_selection': True, 'aggregation_stragtegy': 'EQUAL_AVERAGE', 'aggregation_content': 'all'}, 'client': {'track': False, 'batch_size': 200, 'test_batch_size': 5, 'local_epoch': 20, 'optimizer': {'type': 'SGD', 'lr': 0.01, 'momentum': 0.5, 'weight_decay': 0.0005, 'nesterov': True}, 'seed': 0, 'local_test': True}, 'gpu': 1, 'distributed': {'backend': 'nccl', 'init_method': '', 'world_size': 0, 'rank': 0, 'local_rank': 0}, 'tracking': {'database': '', 'log_file': '', 'log_level': 'INFO', 'metric_file': '', 'save_every': 1}, 'resource_heterogeneous': {'simulate': False, 'hetero_type': 'real', 'level': 3, 'sleep_group_num': 1000, 'total_time': 1000, 'fraction': 1, 'grouping_strategy': 'greedy', 'initial_default_time': 5, 'default_time_momentum': 0.2}, 'seed': 0, 'is_distributed': False, 'device': 0}
2023-04-06 14:23:12,398 [MainThread] [INFO ]  Total training data amount: 50000
2023-04-06 14:23:12,398 [MainThread] [INFO ]  Total testing data amount: 10000
local_batch_size: 100, DML_batch_size: 100, local_epoch: 5, DML_epoch: 15, alpha: 1, beta: 1, DML_lr: 0.015
local_batch_size: 100, DML_batch_size: 100, local_epoch: 5, DML_epoch: 15, alpha: 1, beta: 1, DML_lr: 0.015
local_batch_size: 100, DML_batch_size: 100, local_epoch: 5, DML_epoch: 15, alpha: 1, beta: 1, DML_lr: 0.015
local_batch_size: 100, DML_batch_size: 100, local_epoch: 5, DML_epoch: 15, alpha: 1, beta: 1, DML_lr: 0.015
local_batch_size: 100, DML_batch_size: 100, local_epoch: 5, DML_epoch: 15, alpha: 1, beta: 1, DML_lr: 0.015
local_batch_size: 100, DML_batch_size: 100, local_epoch: 5, DML_epoch: 15, alpha: 1, beta: 1, DML_lr: 0.015
local_batch_size: 100, DML_batch_size: 100, local_epoch: 5, DML_epoch: 15, alpha: 1, beta: 1, DML_lr: 0.015
local_batch_size: 100, DML_batch_size: 100, local_epoch: 5, DML_epoch: 15, alpha: 1, beta: 1, DML_lr: 0.015
local_batch_size: 100, DML_batch_size: 100, local_epoch: 5, DML_epoch: 15, alpha: 1, beta: 1, DML_lr: 0.015
local_batch_size: 100, DML_batch_size: 100, local_epoch: 5, DML_epoch: 15, alpha: 1, beta: 1, DML_lr: 0.015
2023-04-06 14:23:12,432 [MainThread] [INFO ]  Clients in total: 10
2023-04-06 14:23:12,465 [MainThread] [INFO ]  
-------- round 0 --------
2023-04-06 14:23:12,466 [MainThread] [INFO ]  --- start training ---
client: f0000002
--- local_update_loss : 2.22
client: f0000008
--- local_update_loss : 2.28
--- DML_update_loss(A model) with Client:f0000004: 2.05
--- DML_update_loss(A model) with Client:f0000000: 2.04
----------- acc -----------
[42.0, 10.6, 28.3, 12.8, 36.8, 8.8, 9.4, 9.6, 23.4, 13.7]
--------- test avarage ---------
--- All clients' test loss: 2.14
--- All clients' test acc: 19.54%
2023-04-06 14:24:30,073 [MainThread] [INFO ]  Server train time: 77.6074857711792
2023-04-06 14:24:30,074 [MainThread] [INFO ]  
-------- round 1 --------
2023-04-06 14:24:30,074 [MainThread] [INFO ]  --- start training ---
client: f0000002
--- local_update_loss : 2.00
client: f0000009
--- local_update_loss : 2.26
--- DML_update_loss(A model) with Client:f0000006: 2.04
--- DML_update_loss(A model) with Client:f0000007: 2.03
----------- acc -----------
[42.0, 10.6, 32.5, 12.8, 36.8, 8.8, 39.0, 39.3, 23.4, 23.9]
--------- test avarage ---------
--- All clients' test loss: 1.97
--- All clients' test acc: 26.91%
2023-04-06 14:25:46,737 [MainThread] [INFO ]  Server train time: 76.66218900680542
2023-04-06 14:25:46,738 [MainThread] [INFO ]  
-------- round 2 --------
2023-04-06 14:25:46,738 [MainThread] [INFO ]  --- start training ---
client: f0000004
--- local_update_loss : 1.75
client: f0000001
--- local_update_loss : 2.26
--- DML_update_loss(A model) with Client:f0000005: 2.05
--- DML_update_loss(A model) with Client:f0000007: 1.95
----------- acc -----------
[42.0, 22.2, 32.5, 12.8, 39.5, 38.6, 39.0, 44.4, 23.4, 23.9]
--------- test avarage ---------
--- All clients' test loss: 1.87
--- All clients' test acc: 31.83%
2023-04-06 14:27:03,175 [MainThread] [INFO ]  Server train time: 76.4364800453186
2023-04-06 14:27:03,176 [MainThread] [INFO ]  
-------- round 3 --------
2023-04-06 14:27:03,176 [MainThread] [INFO ]  --- start training ---
client: f0000005
--- local_update_loss : 1.76
client: f0000004
--- local_update_loss : 1.69
--- DML_update_loss(A model) with Client:f0000007: 1.95
--- DML_update_loss(A model) with Client:f0000003: 2.04
----------- acc -----------
[42.0, 22.2, 32.5, 35.5, 42.9, 41.5, 39.0, 46.1, 23.4, 23.9]
--------- test avarage ---------
--- All clients' test loss: 1.79
--- All clients' test acc: 34.90%
2023-04-06 14:28:19,977 [MainThread] [INFO ]  Server train time: 76.80096244812012
2023-04-06 14:28:19,978 [MainThread] [INFO ]  
-------- round 4 --------
2023-04-06 14:28:19,978 [MainThread] [INFO ]  --- start training ---
client: f0000003
--- local_update_loss : 1.74
client: f0000008
--- local_update_loss : 2.08
--- DML_update_loss(A model) with Client:f0000009: 2.01
--- DML_update_loss(A model) with Client:f0000007: 1.96
----------- acc -----------
[42.0, 22.2, 32.5, 41.2, 42.9, 41.5, 39.0, 45.9, 30.9, 42.0]
--------- test avarage ---------
--- All clients' test loss: 1.70
--- All clients' test acc: 38.01%
2023-04-06 14:29:36,943 [MainThread] [INFO ]  Server train time: 76.96442914009094
2023-04-06 14:29:36,943 [MainThread] [INFO ]  
-------- round 5 --------
2023-04-06 14:29:36,944 [MainThread] [INFO ]  --- start training ---
client: f0000009
--- local_update_loss : 1.74
client: f0000005
--- local_update_loss : 1.69
--- DML_update_loss(A model) with Client:f0000001: 2.00
--- DML_update_loss(A model) with Client:f0000000: 1.95
----------- acc -----------
[43.6, 35.5, 32.5, 41.2, 42.9, 41.6, 39.0, 45.9, 30.9, 45.2]
--------- test avarage ---------
--- All clients' test loss: 1.65
--- All clients' test acc: 39.83%
2023-04-06 14:30:53,773 [MainThread] [INFO ]  Server train time: 76.82908987998962
2023-04-06 14:30:53,774 [MainThread] [INFO ]  
-------- round 6 --------
2023-04-06 14:30:53,774 [MainThread] [INFO ]  --- start training ---
client: f0000008
--- local_update_loss : 1.92
client: f0000001
--- local_update_loss : 1.72
--- DML_update_loss(A model) with Client:f0000006: 1.95
--- DML_update_loss(A model) with Client:f0000005: 1.97
----------- acc -----------
[43.6, 40.2, 32.5, 41.2, 42.9, 42.5, 42.3, 45.9, 34.0, 45.2]
--------- test avarage ---------
--- All clients' test loss: 1.62
--- All clients' test acc: 41.03%
2023-04-06 14:32:10,882 [MainThread] [INFO ]  Server train time: 77.1078748703003
2023-04-06 14:32:10,883 [MainThread] [INFO ]  
-------- round 7 --------
2023-04-06 14:32:10,883 [MainThread] [INFO ]  --- start training ---
client: f0000008
--- local_update_loss : 1.84
client: f0000005
--- local_update_loss : 1.65
--- DML_update_loss(A model) with Client:f0000000: 1.95
--- DML_update_loss(A model) with Client:f0000001: 1.96
----------- acc -----------
[44.7, 39.8, 32.5, 41.2, 42.9, 45.6, 42.3, 45.9, 38.2, 45.2]
--------- test avarage ---------
--- All clients' test loss: 1.59
--- All clients' test acc: 41.83%
2023-04-06 14:33:27,876 [MainThread] [INFO ]  Server train time: 76.99270343780518
2023-04-06 14:33:27,877 [MainThread] [INFO ]  
-------- round 8 --------
2023-04-06 14:33:27,877 [MainThread] [INFO ]  --- start training ---
client: f0000008
--- local_update_loss : 1.78
client: f0000006
--- local_update_loss : 1.64
--- DML_update_loss(A model) with Client:f0000003: 1.96
--- DML_update_loss(A model) with Client:f0000007: 1.96
----------- acc -----------
[44.7, 39.8, 32.5, 43.0, 42.9, 45.6, 43.8, 43.3, 38.0, 45.2]
--------- test avarage ---------
--- All clients' test loss: 1.59
--- All clients' test acc: 41.88%
2023-04-06 14:34:45,205 [MainThread] [INFO ]  Server train time: 77.32747840881348
2023-04-06 14:34:45,206 [MainThread] [INFO ]  
-------- round 9 --------
2023-04-06 14:34:45,206 [MainThread] [INFO ]  --- start training ---
client: f0000008
--- local_update_loss : 1.73
client: f0000004
--- local_update_loss : 1.65
--- DML_update_loss(A model) with Client:f0000001: 1.96
--- DML_update_loss(A model) with Client:f0000006: 1.96
----------- acc -----------
[44.7, 41.5, 32.5, 43.0, 47.3, 45.6, 45.2, 43.3, 42.0, 45.2]
--------- test avarage ---------
--- All clients' test loss: 1.58
--- All clients' test acc: 43.03%
2023-04-06 14:36:03,140 [MainThread] [INFO ]  Server train time: 77.93403244018555
2023-04-06 14:36:03,149 [MainThread] [INFO ]  Model saved at /home/dengzhiling/.local/lib/python3.10/site-packages/easyfl/main/cifar10/saved_models/_global_model_r_9.pth
2023-04-06 14:36:03,149 [MainThread] [INFO ]  
-------- round 10 --------
2023-04-06 14:36:03,149 [MainThread] [INFO ]  --- start training ---
client: f0000008
--- local_update_loss : 1.68
client: f0000002
--- local_update_loss : 1.89
--- DML_update_loss(A model) with Client:f0000001: 1.96
--- DML_update_loss(A model) with Client:f0000004: 1.98
----------- acc -----------
[44.7, 39.2, 38.9, 43.0, 43.1, 45.6, 45.2, 43.3, 45.0, 45.2]
--------- test avarage ---------
--- All clients' test loss: 1.56
--- All clients' test acc: 43.32%
2023-04-06 14:37:19,902 [MainThread] [INFO ]  Server train time: 76.7520956993103
2023-04-06 14:37:19,902 [MainThread] [INFO ]  
-------- round 11 --------
2023-04-06 14:37:19,903 [MainThread] [INFO ]  --- start training ---
client: f0000007
--- local_update_loss : 1.61
client: f0000008
--- local_update_loss : 1.65
--- DML_update_loss(A model) with Client:f0000000: 1.95
--- DML_update_loss(A model) with Client:f0000004: 1.97
----------- acc -----------
[45.7, 39.2, 38.9, 43.0, 42.7, 45.6, 45.2, 48.5, 45.7, 45.2]
--------- test avarage ---------
--- All clients' test loss: 1.55
--- All clients' test acc: 43.97%
2023-04-06 14:38:37,121 [MainThread] [INFO ]  Server train time: 77.21820783615112
2023-04-06 14:38:37,122 [MainThread] [INFO ]  
-------- round 12 --------
2023-04-06 14:38:37,122 [MainThread] [INFO ]  --- start training ---
client: f0000005
--- local_update_loss : 1.61
client: f0000008
--- local_update_loss : 1.62
--- DML_update_loss(A model) with Client:f0000003: 1.95
--- DML_update_loss(A model) with Client:f0000002: 1.98
----------- acc -----------
[45.7, 39.2, 42.0, 43.0, 42.7, 46.8, 45.2, 48.5, 47.6, 45.2]
--------- test avarage ---------
--- All clients' test loss: 1.53
--- All clients' test acc: 44.59%
2023-04-06 14:39:54,714 [MainThread] [INFO ]  Server train time: 77.59185552597046
2023-04-06 14:39:54,715 [MainThread] [INFO ]  
-------- round 13 --------
2023-04-06 14:39:54,715 [MainThread] [INFO ]  --- start training ---
client: f0000003
--- local_update_loss : 1.63
client: f0000005
--- local_update_loss : 1.58
--- DML_update_loss(A model) with Client:f0000008: 2.01
--- DML_update_loss(A model) with Client:f0000002: 1.95
----------- acc -----------
[45.7, 39.2, 44.4, 43.1, 42.7, 49.8, 45.2, 48.5, 44.2, 45.2]
--------- test avarage ---------
--- All clients' test loss: 1.52
--- All clients' test acc: 44.80%
2023-04-06 14:41:12,177 [MainThread] [INFO ]  Server train time: 77.46125602722168
2023-04-06 14:41:12,178 [MainThread] [INFO ]  
-------- round 14 --------
2023-04-06 14:41:12,178 [MainThread] [INFO ]  --- start training ---
client: f0000003
--- local_update_loss : 1.59
client: f0000009
--- local_update_loss : 1.67
--- DML_update_loss(A model) with Client:f0000006: 1.95
--- DML_update_loss(A model) with Client:f0000007: 1.96
----------- acc -----------
[45.7, 39.2, 44.4, 47.2, 42.7, 49.8, 44.5, 43.3, 44.2, 48.1]
--------- test avarage ---------
--- All clients' test loss: 1.52
--- All clients' test acc: 44.91%
2023-04-06 14:42:29,499 [MainThread] [INFO ]  Server train time: 77.32074046134949
2023-04-06 14:42:29,500 [MainThread] [INFO ]  
-------- round 15 --------
2023-04-06 14:42:29,500 [MainThread] [INFO ]  --- start training ---
client: f0000002
--- local_update_loss : 1.64
client: f0000006
--- local_update_loss : 1.61
--- DML_update_loss(A model) with Client:f0000004: 1.97
--- DML_update_loss(A model) with Client:f0000009: 1.97
----------- acc -----------
[45.7, 39.2, 47.4, 47.2, 41.4, 49.8, 45.3, 43.3, 44.2, 44.3]
--------- test avarage ---------
--- All clients' test loss: 1.52
--- All clients' test acc: 44.78%
2023-04-06 14:43:47,352 [MainThread] [INFO ]  Server train time: 77.85193872451782
2023-04-06 14:43:47,353 [MainThread] [INFO ]  
-------- round 16 --------
2023-04-06 14:43:47,353 [MainThread] [INFO ]  --- start training ---
client: f0000006
--- local_update_loss : 1.56
client: f0000002
--- local_update_loss : 1.60
--- DML_update_loss(A model) with Client:f0000004: 1.96
--- DML_update_loss(A model) with Client:f0000005: 1.98
----------- acc -----------
[45.7, 39.2, 49.6, 47.2, 43.6, 42.5, 47.2, 43.3, 44.2, 44.3]
--------- test avarage ---------
--- All clients' test loss: 1.52
--- All clients' test acc: 44.68%
2023-04-06 14:45:04,531 [MainThread] [INFO ]  Server train time: 77.1773419380188
2023-04-06 14:45:04,531 [MainThread] [INFO ]  
-------- round 17 --------
2023-04-06 14:45:04,532 [MainThread] [INFO ]  --- start training ---
client: f0000007
--- local_update_loss : 1.60
client: f0000002
--- local_update_loss : 1.57
--- DML_update_loss(A model) with Client:f0000001: 1.96
--- DML_update_loss(A model) with Client:f0000004: 1.97
----------- acc -----------
[45.7, 42.2, 49.9, 47.2, 42.8, 42.5, 47.2, 47.4, 44.2, 44.3]
--------- test avarage ---------
--- All clients' test loss: 1.51
--- All clients' test acc: 45.34%
2023-04-06 14:46:22,280 [MainThread] [INFO ]  Server train time: 77.74815034866333
2023-04-06 14:46:22,281 [MainThread] [INFO ]  
-------- round 18 --------
2023-04-06 14:46:22,281 [MainThread] [INFO ]  --- start training ---
client: f0000007
--- local_update_loss : 1.56
client: f0000009
--- local_update_loss : 1.64
--- DML_update_loss(A model) with Client:f0000000: 1.95
--- DML_update_loss(A model) with Client:f0000006: 1.96
----------- acc -----------
[45.4, 42.2, 49.9, 47.2, 42.8, 42.5, 41.4, 48.5, 44.2, 49.5]
--------- test avarage ---------
--- All clients' test loss: 1.51
--- All clients' test acc: 45.36%
2023-04-06 14:47:39,654 [MainThread] [INFO ]  Server train time: 77.3729145526886
2023-04-06 14:47:39,655 [MainThread] [INFO ]  
-------- round 19 --------
2023-04-06 14:47:39,655 [MainThread] [INFO ]  --- start training ---
client: f0000001
--- local_update_loss : 1.62
client: f0000007
--- local_update_loss : 1.53
--- DML_update_loss(A model) with Client:f0000004: 1.97
--- DML_update_loss(A model) with Client:f0000008: 1.98
----------- acc -----------
[45.4, 41.2, 49.9, 47.2, 40.9, 42.5, 41.4, 49.9, 44.2, 49.5]
--------- test avarage ---------
--- All clients' test loss: 1.50
--- All clients' test acc: 45.21%
2023-04-06 14:48:56,956 [MainThread] [INFO ]  Server train time: 77.30001997947693
2023-04-06 14:48:56,964 [MainThread] [INFO ]  Model saved at /home/dengzhiling/.local/lib/python3.10/site-packages/easyfl/main/cifar10/saved_models/_global_model_r_19.pth
2023-04-06 14:48:56,964 [MainThread] [INFO ]  
-------- round 20 --------
2023-04-06 14:48:56,964 [MainThread] [INFO ]  --- start training ---
client: f0000007
--- local_update_loss : 1.50
client: f0000001
--- local_update_loss : 1.58
--- DML_update_loss(A model) with Client:f0000006: 1.96
--- DML_update_loss(A model) with Client:f0000004: 1.97
----------- acc -----------
[45.4, 45.4, 49.9, 47.2, 44.0, 42.5, 42.7, 51.4, 44.2, 49.5]
--------- test avarage ---------
--- All clients' test loss: 1.49
--- All clients' test acc: 46.22%
2023-04-06 14:50:14,779 [MainThread] [INFO ]  Server train time: 77.81453657150269
2023-04-06 14:50:14,780 [MainThread] [INFO ]  
-------- round 21 --------
2023-04-06 14:50:14,780 [MainThread] [INFO ]  --- start training ---
client: f0000001
--- local_update_loss : 1.55
client: f0000002
--- local_update_loss : 1.54
--- DML_update_loss(A model) with Client:f0000007: 1.98
--- DML_update_loss(A model) with Client:f0000006: 1.95
----------- acc -----------
[45.4, 46.6, 52.5, 47.2, 44.0, 42.5, 44.0, 44.8, 44.2, 49.5]
--------- test avarage ---------
--- All clients' test loss: 1.49
--- All clients' test acc: 46.07%
2023-04-06 14:51:32,142 [MainThread] [INFO ]  Server train time: 77.3617992401123
2023-04-06 14:51:32,143 [MainThread] [INFO ]  
-------- round 22 --------
2023-04-06 14:51:32,143 [MainThread] [INFO ]  --- start training ---
client: f0000002
--- local_update_loss : 1.51
client: f0000001
--- local_update_loss : 1.51
--- DML_update_loss(A model) with Client:f0000007: 1.96
--- DML_update_loss(A model) with Client:f0000006: 1.95
----------- acc -----------
[45.4, 45.6, 50.0, 47.2, 44.0, 42.5, 44.6, 46.3, 44.2, 49.5]
--------- test avarage ---------
--- All clients' test loss: 1.49
--- All clients' test acc: 45.93%
2023-04-06 14:52:49,797 [MainThread] [INFO ]  Server train time: 77.65325427055359
2023-04-06 14:52:49,798 [MainThread] [INFO ]  
-------- round 23 --------
2023-04-06 14:52:49,798 [MainThread] [INFO ]  --- start training ---
client: f0000005
--- local_update_loss : 1.62
client: f0000008
--- local_update_loss : 1.66
--- DML_update_loss(A model) with Client:f0000002: 1.98
--- DML_update_loss(A model) with Client:f0000009: 1.97
----------- acc -----------
[45.4, 45.6, 46.5, 47.2, 44.0, 48.0, 44.6, 46.3, 46.8, 47.2]
--------- test avarage ---------
--- All clients' test loss: 1.50
--- All clients' test acc: 46.16%
2023-04-06 14:54:07,070 [MainThread] [INFO ]  Server train time: 77.27181935310364
2023-04-06 14:54:07,071 [MainThread] [INFO ]  
-------- round 24 --------
2023-04-06 14:54:07,071 [MainThread] [INFO ]  --- start training ---
client: f0000009
--- local_update_loss : 1.63
client: f0000004
--- local_update_loss : 1.64
--- DML_update_loss(A model) with Client:f0000006: 1.96
--- DML_update_loss(A model) with Client:f0000008: 1.98
----------- acc -----------
[45.4, 45.6, 46.5, 47.2, 46.3, 48.0, 42.1, 46.3, 45.1, 48.7]
--------- test avarage ---------
--- All clients' test loss: 1.50
--- All clients' test acc: 46.12%
2023-04-06 14:55:24,212 [MainThread] [INFO ]  Server train time: 77.14039397239685
2023-04-06 14:55:24,213 [MainThread] [INFO ]  
-------- round 25 --------
2023-04-06 14:55:24,213 [MainThread] [INFO ]  --- start training ---
client: f0000005
--- local_update_loss : 1.58
client: f0000001
--- local_update_loss : 1.49
--- DML_update_loss(A model) with Client:f0000000: 1.95
--- DML_update_loss(A model) with Client:f0000006: 1.95
----------- acc -----------
[43.5, 47.1, 46.5, 47.2, 46.3, 47.6, 45.3, 46.3, 45.1, 48.7]
--------- test avarage ---------
--- All clients' test loss: 1.49
--- All clients' test acc: 46.36%
2023-04-06 14:56:41,213 [MainThread] [INFO ]  Server train time: 76.99996757507324
2023-04-06 14:56:41,214 [MainThread] [INFO ]  
-------- round 26 --------
2023-04-06 14:56:41,214 [MainThread] [INFO ]  --- start training ---
client: f0000008
--- local_update_loss : 1.65
client: f0000004
--- local_update_loss : 1.60
--- DML_update_loss(A model) with Client:f0000001: 1.98
--- DML_update_loss(A model) with Client:f0000003: 1.97
----------- acc -----------
[43.5, 42.5, 46.5, 42.6, 47.3, 47.6, 45.3, 46.3, 47.0, 48.7]
--------- test avarage ---------
--- All clients' test loss: 1.51
--- All clients' test acc: 45.73%
2023-04-06 14:57:58,828 [MainThread] [INFO ]  Server train time: 77.61338639259338
2023-04-06 14:57:58,829 [MainThread] [INFO ]  
-------- round 27 --------
2023-04-06 14:57:58,829 [MainThread] [INFO ]  --- start training ---
client: f0000004
--- local_update_loss : 1.57
client: f0000002
--- local_update_loss : 1.61
--- DML_update_loss(A model) with Client:f0000007: 1.96
--- DML_update_loss(A model) with Client:f0000001: 1.96
----------- acc -----------
[43.5, 40.3, 48.9, 42.6, 49.9, 47.6, 45.3, 47.0, 47.0, 48.7]
--------- test avarage ---------
--- All clients' test loss: 1.49
--- All clients' test acc: 46.08%
2023-04-06 14:59:16,382 [MainThread] [INFO ]  Server train time: 77.55272793769836
2023-04-06 14:59:16,383 [MainThread] [INFO ]  
-------- round 28 --------
2023-04-06 14:59:16,383 [MainThread] [INFO ]  --- start training ---
client: f0000009
--- local_update_loss : 1.59
client: f0000002
--- local_update_loss : 1.57
--- DML_update_loss(A model) with Client:f0000005: 1.97
--- DML_update_loss(A model) with Client:f0000003: 1.95
----------- acc -----------
[43.5, 40.3, 48.9, 43.6, 49.9, 42.8, 45.3, 47.0, 47.0, 49.1]
--------- test avarage ---------
--- All clients' test loss: 1.50
--- All clients' test acc: 45.74%
2023-04-06 15:00:33,152 [MainThread] [INFO ]  Server train time: 76.76850366592407
2023-04-06 15:00:33,152 [MainThread] [INFO ]  
-------- round 29 --------
2023-04-06 15:00:33,152 [MainThread] [INFO ]  --- start training ---
client: f0000008
--- local_update_loss : 1.61
client: f0000006
--- local_update_loss : 1.61
--- DML_update_loss(A model) with Client:f0000004: 1.99
--- DML_update_loss(A model) with Client:f0000003: 1.95
----------- acc -----------
[43.5, 40.3, 48.9, 43.5, 42.2, 42.8, 46.2, 47.0, 49.5, 49.1]
--------- test avarage ---------
--- All clients' test loss: 1.51
--- All clients' test acc: 45.30%
2023-04-06 15:01:50,824 [MainThread] [INFO ]  Server train time: 77.67128300666809
2023-04-06 15:01:50,833 [MainThread] [INFO ]  Model saved at /home/dengzhiling/.local/lib/python3.10/site-packages/easyfl/main/cifar10/saved_models/_global_model_r_29.pth
2023-04-06 15:01:50,833 [MainThread] [INFO ]  
-------- round 30 --------
2023-04-06 15:01:50,833 [MainThread] [INFO ]  --- start training ---
client: f0000000
--- local_update_loss : 1.61
client: f0000001
--- local_update_loss : 1.61
--- DML_update_loss(A model) with Client:f0000008: 1.99
--- DML_update_loss(A model) with Client:f0000002: 1.97
----------- acc -----------
[48.2, 44.2, 42.6, 43.5, 42.2, 42.8, 46.2, 47.0, 44.0, 49.1]
--------- test avarage ---------
--- All clients' test loss: 1.52
--- All clients' test acc: 44.98%
2023-04-06 15:03:08,903 [MainThread] [INFO ]  Server train time: 78.06972575187683
2023-04-06 15:03:08,904 [MainThread] [INFO ]  
-------- round 31 --------
2023-04-06 15:03:08,904 [MainThread] [INFO ]  --- start training ---
client: f0000004
--- local_update_loss : 1.63
client: f0000001
--- local_update_loss : 1.57
--- DML_update_loss(A model) with Client:f0000005: 1.96
--- DML_update_loss(A model) with Client:f0000008: 1.98
----------- acc -----------
[48.2, 45.9, 42.6, 43.5, 46.4, 43.2, 46.2, 47.0, 46.2, 49.1]
--------- test avarage ---------
--- All clients' test loss: 1.49
--- All clients' test acc: 45.83%
2023-04-06 15:04:26,084 [MainThread] [INFO ]  Server train time: 77.17942142486572
2023-04-06 15:04:26,085 [MainThread] [INFO ]  
-------- round 32 --------
2023-04-06 15:04:26,085 [MainThread] [INFO ]  --- start training ---
client: f0000009
--- local_update_loss : 1.55
client: f0000001
--- local_update_loss : 1.55
--- DML_update_loss(A model) with Client:f0000003: 1.95
--- DML_update_loss(A model) with Client:f0000006: 1.96
----------- acc -----------
[48.2, 47.9, 42.6, 43.1, 46.4, 43.2, 44.7, 47.0, 46.2, 51.4]
--------- test avarage ---------
--- All clients' test loss: 1.49
--- All clients' test acc: 46.07%
2023-04-06 15:05:43,334 [MainThread] [INFO ]  Server train time: 77.24864673614502
2023-04-06 15:05:43,335 [MainThread] [INFO ]  
-------- round 33 --------
2023-04-06 15:05:43,335 [MainThread] [INFO ]  --- start training ---
client: f0000008
--- local_update_loss : 1.65
client: f0000003
--- local_update_loss : 1.63
--- DML_update_loss(A model) with Client:f0000005: 1.96
--- DML_update_loss(A model) with Client:f0000001: 1.98
----------- acc -----------
[48.2, 41.1, 42.6, 45.3, 46.4, 39.8, 44.7, 47.0, 46.9, 51.4]
--------- test avarage ---------
--- All clients' test loss: 1.51
--- All clients' test acc: 45.34%
2023-04-06 15:07:01,122 [MainThread] [INFO ]  Server train time: 77.78673815727234
2023-04-06 15:07:01,123 [MainThread] [INFO ]  
-------- round 34 --------
2023-04-06 15:07:01,123 [MainThread] [INFO ]  --- start training ---
client: f0000000
--- local_update_loss : 1.57
client: f0000009
--- local_update_loss : 1.52
--- DML_update_loss(A model) with Client:f0000004: 1.98
--- DML_update_loss(A model) with Client:f0000007: 1.95
----------- acc -----------
[50.1, 41.1, 42.6, 45.3, 41.4, 39.8, 44.7, 45.5, 46.9, 52.0]
--------- test avarage ---------
--- All clients' test loss: 1.52
--- All clients' test acc: 44.94%
2023-04-06 15:08:18,797 [MainThread] [INFO ]  Server train time: 77.67412257194519
2023-04-06 15:08:18,798 [MainThread] [INFO ]  
-------- round 35 --------
2023-04-06 15:08:18,798 [MainThread] [INFO ]  --- start training ---
client: f0000006
--- local_update_loss : 1.61
client: f0000002
--- local_update_loss : 1.62
--- DML_update_loss(A model) with Client:f0000003: 1.96
--- DML_update_loss(A model) with Client:f0000000: 1.96
----------- acc -----------
[46.4, 41.1, 49.6, 42.8, 41.4, 39.8, 46.1, 45.5, 46.9, 52.0]
--------- test avarage ---------
--- All clients' test loss: 1.52
--- All clients' test acc: 45.16%
2023-04-06 15:09:36,330 [MainThread] [INFO ]  Server train time: 77.5316686630249
2023-04-06 15:09:36,331 [MainThread] [INFO ]  
-------- round 36 --------
2023-04-06 15:09:36,331 [MainThread] [INFO ]  --- start training ---
client: f0000003
--- local_update_loss : 1.62
client: f0000009
--- local_update_loss : 1.50
--- DML_update_loss(A model) with Client:f0000005: 1.96
--- DML_update_loss(A model) with Client:f0000006: 1.96
----------- acc -----------
[46.4, 41.1, 49.6, 46.0, 41.4, 44.4, 44.1, 45.5, 46.9, 52.6]
--------- test avarage ---------
--- All clients' test loss: 1.50
--- All clients' test acc: 45.80%
2023-04-06 15:10:54,214 [MainThread] [INFO ]  Server train time: 77.88305926322937
2023-04-06 15:10:54,215 [MainThread] [INFO ]  
-------- round 37 --------
2023-04-06 15:10:54,215 [MainThread] [INFO ]  --- start training ---
client: f0000004
--- local_update_loss : 1.63
client: f0000009
--- local_update_loss : 1.47
--- DML_update_loss(A model) with Client:f0000005: 1.96
--- DML_update_loss(A model) with Client:f0000007: 1.96
----------- acc -----------
[46.4, 41.1, 49.6, 46.0, 47.6, 43.2, 44.1, 46.4, 46.9, 51.1]
--------- test avarage ---------
--- All clients' test loss: 1.48
--- All clients' test acc: 46.24%
2023-04-06 15:12:11,723 [MainThread] [INFO ]  Server train time: 77.50778770446777
2023-04-06 15:12:11,724 [MainThread] [INFO ]  
-------- round 38 --------
2023-04-06 15:12:11,724 [MainThread] [INFO ]  --- start training ---
client: f0000008
--- local_update_loss : 1.62
client: f0000000
--- local_update_loss : 1.61
Traceback (most recent call last):
  File "/home/dengzhiling/.local/lib/python3.10/site-packages/easyfl/main/cifar10/main.py", line 26, in <module>
    easyfl.run()
  File "/home/dengzhiling/.local/lib/python3.10/site-packages/easyfl/coordinator.py", line 390, in run
    _global_coord.run()
  File "/home/dengzhiling/.local/lib/python3.10/site-packages/easyfl/coordinator.py", line 80, in run
    self.server.start(self.model, self.clients)
  File "/home/dengzhiling/.local/lib/python3.10/site-packages/easyfl/server/base.py", line 164, in start
    self.train()
  File "/home/dengzhiling/.local/lib/python3.10/site-packages/easyfl/server/base.py", line 200, in train
    self.distribution_to_train()
  File "/home/dengzhiling/.local/lib/python3.10/site-packages/easyfl/server/base.py", line 347, in distribution_to_train
    self.distribution_to_train_locally()
  File "/home/dengzhiling/.local/lib/python3.10/site-packages/easyfl/main/cifar10/CustomizeServer.py", line 91, in distribution_to_train_locally
    client.run_train(model, self.conf.client, train_local_only=False)
  File "/home/dengzhiling/.local/lib/python3.10/site-packages/easyfl/main/cifar10/CustomizedClient.py", line 154, in run_train
    self.train(conf, self.device, train_local_only) # 只修改了这里
  File "/home/dengzhiling/.local/lib/python3.10/site-packages/easyfl/main/cifar10/CustomizedClient.py", line 142, in train
    self.train_DML(conf, device)
  File "/home/dengzhiling/.local/lib/python3.10/site-packages/easyfl/main/cifar10/CustomizedClient.py", line 85, in train_DML
    for data, label in train_loader:
  File "/home/dengzhiling/.local/lib/python3.10/site-packages/torch/utils/data/dataloader.py", line 628, in __next__
    data = self._next_data()
  File "/home/dengzhiling/.local/lib/python3.10/site-packages/torch/utils/data/dataloader.py", line 671, in _next_data
    data = self._dataset_fetcher.fetch(index)  # may raise StopIteration
  File "/home/dengzhiling/.local/lib/python3.10/site-packages/torch/utils/data/_utils/fetch.py", line 58, in fetch
    data = [self.dataset[idx] for idx in possibly_batched_index]
  File "/home/dengzhiling/.local/lib/python3.10/site-packages/torch/utils/data/_utils/fetch.py", line 58, in <listcomp>
    data = [self.dataset[idx] for idx in possibly_batched_index]
  File "/home/dengzhiling/.local/lib/python3.10/site-packages/easyfl/datasets/dataset_util.py", line 41, in __getitem__
    sample = self.transform_x(sample)
  File "/home/dengzhiling/.local/lib/python3.10/site-packages/torchvision/transforms/transforms.py", line 95, in __call__
    img = t(img)
  File "/home/dengzhiling/.local/lib/python3.10/site-packages/torchvision/transforms/transforms.py", line 135, in __call__
    return F.to_tensor(pic)
  File "/home/dengzhiling/.local/lib/python3.10/site-packages/torchvision/transforms/functional.py", line 169, in to_tensor
    img = img.permute((2, 0, 1)).contiguous()
KeyboardInterrupt
