2023-04-06 14:24:41,280 [MainThread] [INFO ]  Configurations: {'task_id': '', 'data': {'root': '../data/', 'dataset': 'cifar10', 'split_type': 'iid', 'min_size': 10, 'data_amount': 0.05, 'iid_fraction': 0.1, 'user': False, 'train_test_split': 0.8, 'class_per_client': 8, 'num_of_clients': 10, 'alpha': 0.2, 'weights': None}, 'model': 'simple_cnn', 'test_mode': 'test_in_client', 'test_method': 'average', 'server': {'track': False, 'rounds': 2000, 'clients_per_round': 2, 'test_every': 1, 'save_model_every': 10, 'save_model_path': '', 'batch_size': 64, 'test_all': True, 'random_selection': True, 'aggregation_stragtegy': 'EQUAL_AVERAGE', 'aggregation_content': 'all'}, 'client': {'track': False, 'batch_size': 200, 'test_batch_size': 5, 'local_epoch': 20, 'optimizer': {'type': 'SGD', 'lr': 0.01, 'momentum': 0.5, 'weight_decay': 0.0005, 'nesterov': True}, 'seed': 0, 'local_test': True}, 'gpu': 1, 'distributed': {'backend': 'nccl', 'init_method': '', 'world_size': 0, 'rank': 0, 'local_rank': 0}, 'tracking': {'database': '', 'log_file': '', 'log_level': 'INFO', 'metric_file': '', 'save_every': 1}, 'resource_heterogeneous': {'simulate': False, 'hetero_type': 'real', 'level': 3, 'sleep_group_num': 1000, 'total_time': 1000, 'fraction': 1, 'grouping_strategy': 'greedy', 'initial_default_time': 5, 'default_time_momentum': 0.2}, 'seed': 0, 'is_distributed': False, 'device': 0}
2023-04-06 14:24:41,365 [MainThread] [INFO ]  Total training data amount: 50000
2023-04-06 14:24:41,365 [MainThread] [INFO ]  Total testing data amount: 10000
local_batch_size: 100, DML_batch_size: 100, local_epoch: 5, DML_epoch: 15, alpha: 1, beta: 1, DML_lr: 0.02
local_batch_size: 100, DML_batch_size: 100, local_epoch: 5, DML_epoch: 15, alpha: 1, beta: 1, DML_lr: 0.02
local_batch_size: 100, DML_batch_size: 100, local_epoch: 5, DML_epoch: 15, alpha: 1, beta: 1, DML_lr: 0.02
local_batch_size: 100, DML_batch_size: 100, local_epoch: 5, DML_epoch: 15, alpha: 1, beta: 1, DML_lr: 0.02
local_batch_size: 100, DML_batch_size: 100, local_epoch: 5, DML_epoch: 15, alpha: 1, beta: 1, DML_lr: 0.02
local_batch_size: 100, DML_batch_size: 100, local_epoch: 5, DML_epoch: 15, alpha: 1, beta: 1, DML_lr: 0.02
local_batch_size: 100, DML_batch_size: 100, local_epoch: 5, DML_epoch: 15, alpha: 1, beta: 1, DML_lr: 0.02
local_batch_size: 100, DML_batch_size: 100, local_epoch: 5, DML_epoch: 15, alpha: 1, beta: 1, DML_lr: 0.02
local_batch_size: 100, DML_batch_size: 100, local_epoch: 5, DML_epoch: 15, alpha: 1, beta: 1, DML_lr: 0.02
local_batch_size: 100, DML_batch_size: 100, local_epoch: 5, DML_epoch: 15, alpha: 1, beta: 1, DML_lr: 0.02
2023-04-06 14:24:41,400 [MainThread] [INFO ]  Clients in total: 10
2023-04-06 14:24:41,429 [MainThread] [INFO ]  
-------- round 0 --------
2023-04-06 14:24:41,429 [MainThread] [INFO ]  --- start training ---
client: f0000002
--- local_update_loss : 2.22
client: f0000008
--- local_update_loss : 2.28
--- DML_update_loss(A model) with Client:f0000001: 2.01
--- DML_update_loss(A model) with Client:f0000007: 2.00
----------- acc -----------
[12.9, 37.3, 28.3, 12.8, 9.4, 8.8, 9.4, 41.6, 23.4, 13.7]
--------- test avarage ---------
--- All clients' test loss: 2.13
--- All clients' test acc: 19.76%
2023-04-06 14:26:00,397 [MainThread] [INFO ]  Server train time: 78.96763181686401
2023-04-06 14:26:00,398 [MainThread] [INFO ]  
-------- round 1 --------
2023-04-06 14:26:00,398 [MainThread] [INFO ]  --- start training ---
client: f0000002
--- local_update_loss : 2.00
client: f0000009
--- local_update_loss : 2.26
--- DML_update_loss(A model) with Client:f0000008: 2.00
--- DML_update_loss(A model) with Client:f0000001: 1.93
----------- acc -----------
[12.9, 41.4, 32.5, 12.8, 9.4, 8.8, 9.4, 41.6, 41.0, 23.9]
--------- test avarage ---------
--- All clients' test loss: 2.03
--- All clients' test acc: 23.37%
2023-04-06 14:27:17,684 [MainThread] [INFO ]  Server train time: 77.28581380844116
2023-04-06 14:27:17,685 [MainThread] [INFO ]  
-------- round 2 --------
2023-04-06 14:27:17,685 [MainThread] [INFO ]  --- start training ---
client: f0000004
--- local_update_loss : 2.25
client: f0000001
--- local_update_loss : 1.60
--- DML_update_loss(A model) with Client:f0000000: 2.00
--- DML_update_loss(A model) with Client:f0000006: 2.01
----------- acc -----------
[42.9, 43.1, 32.5, 12.8, 21.6, 8.8, 39.5, 41.6, 41.0, 23.9]
--------- test avarage ---------
--- All clients' test loss: 1.87
--- All clients' test acc: 30.77%
2023-04-06 14:28:34,720 [MainThread] [INFO ]  Server train time: 77.03406190872192
2023-04-06 14:28:34,720 [MainThread] [INFO ]  
-------- round 3 --------
2023-04-06 14:28:34,720 [MainThread] [INFO ]  --- start training ---
client: f0000005
--- local_update_loss : 2.28
client: f0000004
--- local_update_loss : 2.04
--- DML_update_loss(A model) with Client:f0000001: 1.93
--- DML_update_loss(A model) with Client:f0000008: 1.94
----------- acc -----------
[42.9, 45.4, 32.5, 12.8, 31.2, 21.0, 39.5, 41.6, 44.3, 23.9]
--------- test avarage ---------
--- All clients' test loss: 1.83
--- All clients' test acc: 33.51%
2023-04-06 14:29:51,989 [MainThread] [INFO ]  Server train time: 77.26808214187622
2023-04-06 14:29:51,990 [MainThread] [INFO ]  
-------- round 4 --------
2023-04-06 14:29:51,990 [MainThread] [INFO ]  --- start training ---
client: f0000003
--- local_update_loss : 2.25
client: f0000008
--- local_update_loss : 1.63
--- DML_update_loss(A model) with Client:f0000006: 1.92
--- DML_update_loss(A model) with Client:f0000004: 1.98
----------- acc -----------
[42.9, 45.4, 32.5, 22.9, 39.8, 21.0, 43.2, 41.6, 46.1, 23.9]
--------- test avarage ---------
--- All clients' test loss: 1.76
--- All clients' test acc: 35.93%
2023-04-06 14:31:08,794 [MainThread] [INFO ]  Server train time: 76.80368638038635
2023-04-06 14:31:08,795 [MainThread] [INFO ]  
-------- round 5 --------
2023-04-06 14:31:08,795 [MainThread] [INFO ]  --- start training ---
client: f0000009
--- local_update_loss : 2.04
client: f0000005
--- local_update_loss : 2.08
--- DML_update_loss(A model) with Client:f0000006: 1.92
--- DML_update_loss(A model) with Client:f0000007: 1.92
----------- acc -----------
[42.9, 45.4, 32.5, 22.9, 39.8, 27.3, 44.8, 44.2, 46.1, 33.1]
--------- test avarage ---------
--- All clients' test loss: 1.71
--- All clients' test acc: 37.90%
2023-04-06 14:32:26,532 [MainThread] [INFO ]  Server train time: 77.73725628852844
2023-04-06 14:32:26,533 [MainThread] [INFO ]  
-------- round 6 --------
2023-04-06 14:32:26,533 [MainThread] [INFO ]  --- start training ---
client: f0000008
--- local_update_loss : 1.60
client: f0000001
--- local_update_loss : 1.57
--- DML_update_loss(A model) with Client:f0000003: 1.97
--- DML_update_loss(A model) with Client:f0000002: 1.96
----------- acc -----------
[42.9, 46.3, 45.1, 41.0, 39.8, 27.3, 44.8, 44.2, 50.1, 33.1]
--------- test avarage ---------
--- All clients' test loss: 1.63
--- All clients' test acc: 41.46%
2023-04-06 14:33:44,317 [MainThread] [INFO ]  Server train time: 77.78342533111572
2023-04-06 14:33:44,318 [MainThread] [INFO ]  
-------- round 7 --------
2023-04-06 14:33:44,318 [MainThread] [INFO ]  --- start training ---
client: f0000008
--- local_update_loss : 1.56
client: f0000005
--- local_update_loss : 1.93
--- DML_update_loss(A model) with Client:f0000000: 1.92
--- DML_update_loss(A model) with Client:f0000001: 1.93
----------- acc -----------
[46.1, 44.9, 45.1, 41.0, 39.8, 35.5, 44.8, 44.2, 49.1, 33.1]
--------- test avarage ---------
--- All clients' test loss: 1.60
--- All clients' test acc: 42.36%
2023-04-06 14:35:01,931 [MainThread] [INFO ]  Server train time: 77.61309361457825
2023-04-06 14:35:01,932 [MainThread] [INFO ]  
-------- round 8 --------
2023-04-06 14:35:01,932 [MainThread] [INFO ]  --- start training ---
client: f0000008
--- local_update_loss : 1.53
client: f0000006
--- local_update_loss : 1.58
--- DML_update_loss(A model) with Client:f0000005: 1.96
--- DML_update_loss(A model) with Client:f0000004: 1.93
----------- acc -----------
[46.1, 44.9, 45.1, 41.0, 47.1, 41.9, 47.3, 44.2, 50.9, 33.1]
--------- test avarage ---------
--- All clients' test loss: 1.55
--- All clients' test acc: 44.16%
2023-04-06 14:36:19,833 [MainThread] [INFO ]  Server train time: 77.90087389945984
2023-04-06 14:36:19,834 [MainThread] [INFO ]  
-------- round 9 --------
2023-04-06 14:36:19,834 [MainThread] [INFO ]  --- start training ---
client: f0000008
--- local_update_loss : 1.50
client: f0000004
--- local_update_loss : 1.61
--- DML_update_loss(A model) with Client:f0000009: 1.97
--- DML_update_loss(A model) with Client:f0000003: 1.92
----------- acc -----------
[46.1, 44.9, 45.1, 42.9, 47.8, 41.9, 47.3, 44.2, 50.2, 43.2]
--------- test avarage ---------
--- All clients' test loss: 1.51
--- All clients' test acc: 45.36%
2023-04-06 14:37:37,352 [MainThread] [INFO ]  Server train time: 77.51687431335449
2023-04-06 14:37:37,360 [MainThread] [INFO ]  Model saved at /home/dengzhiling/.local/lib/python3.10/site-packages/easyfl/main/cifar10/saved_models/_global_model_r_9.pth
2023-04-06 14:37:37,360 [MainThread] [INFO ]  
-------- round 10 --------
2023-04-06 14:37:37,360 [MainThread] [INFO ]  --- start training ---
client: f0000008
--- local_update_loss : 1.48
client: f0000002
--- local_update_loss : 1.66
--- DML_update_loss(A model) with Client:f0000009: 1.93
--- DML_update_loss(A model) with Client:f0000001: 1.93
----------- acc -----------
[46.1, 40.9, 47.1, 42.9, 47.8, 41.9, 47.3, 44.2, 52.1, 45.3]
--------- test avarage ---------
--- All clients' test loss: 1.48
--- All clients' test acc: 45.56%
2023-04-06 14:38:55,281 [MainThread] [INFO ]  Server train time: 77.91979384422302
2023-04-06 14:38:55,281 [MainThread] [INFO ]  
-------- round 11 --------
2023-04-06 14:38:55,281 [MainThread] [INFO ]  --- start training ---
client: f0000007
--- local_update_loss : 1.59
client: f0000008
--- local_update_loss : 1.46
--- DML_update_loss(A model) with Client:f0000004: 1.94
--- DML_update_loss(A model) with Client:f0000001: 1.93
----------- acc -----------
[46.1, 42.4, 47.1, 42.9, 45.0, 41.9, 47.3, 49.3, 53.9, 45.3]
--------- test avarage ---------
--- All clients' test loss: 1.48
--- All clients' test acc: 46.12%
2023-04-06 14:40:13,382 [MainThread] [INFO ]  Server train time: 78.09979724884033
2023-04-06 14:40:13,382 [MainThread] [INFO ]  
-------- round 12 --------
2023-04-06 14:40:13,383 [MainThread] [INFO ]  --- start training ---
client: f0000005
--- local_update_loss : 1.65
client: f0000008
--- local_update_loss : 1.43
--- DML_update_loss(A model) with Client:f0000003: 1.92
--- DML_update_loss(A model) with Client:f0000002: 1.93
----------- acc -----------
[46.1, 42.4, 46.4, 44.9, 45.0, 45.0, 47.3, 49.3, 54.3, 45.3]
--------- test avarage ---------
--- All clients' test loss: 1.47
--- All clients' test acc: 46.60%
2023-04-06 14:41:30,977 [MainThread] [INFO ]  Server train time: 77.59380340576172
2023-04-06 14:41:30,977 [MainThread] [INFO ]  
-------- round 13 --------
2023-04-06 14:41:30,978 [MainThread] [INFO ]  --- start training ---
client: f0000003
--- local_update_loss : 1.59
client: f0000005
--- local_update_loss : 1.62
--- DML_update_loss(A model) with Client:f0000002: 1.92
--- DML_update_loss(A model) with Client:f0000000: 1.92
----------- acc -----------
[48.5, 42.4, 47.0, 47.5, 45.0, 48.0, 47.3, 49.3, 54.3, 45.3]
--------- test avarage ---------
--- All clients' test loss: 1.45
--- All clients' test acc: 47.46%
2023-04-06 14:42:48,296 [MainThread] [INFO ]  Server train time: 77.31766247749329
2023-04-06 14:42:48,296 [MainThread] [INFO ]  
-------- round 14 --------
2023-04-06 14:42:48,296 [MainThread] [INFO ]  --- start training ---
client: f0000003
--- local_update_loss : 1.54
client: f0000009
--- local_update_loss : 1.61
--- DML_update_loss(A model) with Client:f0000005: 1.93
--- DML_update_loss(A model) with Client:f0000001: 1.92
----------- acc -----------
[48.5, 41.1, 47.0, 48.4, 45.0, 38.2, 47.3, 49.3, 54.3, 49.2]
--------- test avarage ---------
--- All clients' test loss: 1.46
--- All clients' test acc: 46.83%
2023-04-06 14:44:06,734 [MainThread] [INFO ]  Server train time: 78.43739438056946
2023-04-06 14:44:06,735 [MainThread] [INFO ]  
-------- round 15 --------
2023-04-06 14:44:06,735 [MainThread] [INFO ]  --- start training ---
client: f0000002
--- local_update_loss : 1.58
client: f0000006
--- local_update_loss : 1.53
--- DML_update_loss(A model) with Client:f0000009: 1.93
--- DML_update_loss(A model) with Client:f0000008: 1.98
----------- acc -----------
[48.5, 41.1, 50.1, 48.4, 45.0, 38.2, 48.8, 49.3, 48.2, 47.8]
--------- test avarage ---------
--- All clients' test loss: 1.47
--- All clients' test acc: 46.54%
2023-04-06 14:45:24,550 [MainThread] [INFO ]  Server train time: 77.81459736824036
2023-04-06 14:45:24,551 [MainThread] [INFO ]  
-------- round 16 --------
2023-04-06 14:45:24,551 [MainThread] [INFO ]  --- start training ---
client: f0000006
--- local_update_loss : 1.50
client: f0000002
--- local_update_loss : 1.55
--- DML_update_loss(A model) with Client:f0000009: 1.94
--- DML_update_loss(A model) with Client:f0000007: 1.93
----------- acc -----------
[48.5, 41.1, 50.3, 48.4, 45.0, 38.2, 49.6, 46.0, 48.2, 49.3]
--------- test avarage ---------
--- All clients' test loss: 1.47
--- All clients' test acc: 46.46%
2023-04-06 14:46:42,142 [MainThread] [INFO ]  Server train time: 77.59052991867065
2023-04-06 14:46:42,143 [MainThread] [INFO ]  
-------- round 17 --------
2023-04-06 14:46:42,143 [MainThread] [INFO ]  --- start training ---
client: f0000007
--- local_update_loss : 1.56
client: f0000002
--- local_update_loss : 1.52
--- DML_update_loss(A model) with Client:f0000006: 1.93
--- DML_update_loss(A model) with Client:f0000009: 1.93
----------- acc -----------
[48.5, 41.1, 51.0, 48.4, 45.0, 38.2, 44.6, 49.9, 48.2, 47.9]
--------- test avarage ---------
--- All clients' test loss: 1.47
--- All clients' test acc: 46.28%
2023-04-06 14:47:59,573 [MainThread] [INFO ]  Server train time: 77.42953634262085
2023-04-06 14:47:59,573 [MainThread] [INFO ]  
-------- round 18 --------
2023-04-06 14:47:59,573 [MainThread] [INFO ]  --- start training ---
client: f0000007
--- local_update_loss : 1.53
client: f0000009
--- local_update_loss : 1.59
--- DML_update_loss(A model) with Client:f0000001: 1.93
--- DML_update_loss(A model) with Client:f0000008: 1.95
----------- acc -----------
[48.5, 40.2, 51.0, 48.4, 45.0, 38.2, 44.6, 50.4, 45.0, 49.9]
--------- test avarage ---------
--- All clients' test loss: 1.47
--- All clients' test acc: 46.12%
2023-04-06 14:49:17,804 [MainThread] [INFO ]  Server train time: 78.23003506660461
2023-04-06 14:49:17,805 [MainThread] [INFO ]  
-------- round 19 --------
2023-04-06 14:49:17,805 [MainThread] [INFO ]  --- start training ---
client: f0000001
--- local_update_loss : 1.56
client: f0000007
--- local_update_loss : 1.50
--- DML_update_loss(A model) with Client:f0000006: 1.92
--- DML_update_loss(A model) with Client:f0000002: 1.94
----------- acc -----------
[48.5, 44.4, 45.6, 48.4, 45.0, 38.2, 45.2, 51.0, 45.0, 49.9]
--------- test avarage ---------
--- All clients' test loss: 1.47
--- All clients' test acc: 46.12%
2023-04-06 14:50:35,990 [MainThread] [INFO ]  Server train time: 78.1842713356018
2023-04-06 14:50:35,999 [MainThread] [INFO ]  Model saved at /home/dengzhiling/.local/lib/python3.10/site-packages/easyfl/main/cifar10/saved_models/_global_model_r_19.pth
2023-04-06 14:50:36,000 [MainThread] [INFO ]  
-------- round 20 --------
2023-04-06 14:50:36,000 [MainThread] [INFO ]  --- start training ---
client: f0000007
--- local_update_loss : 1.47
client: f0000001
--- local_update_loss : 1.53
--- DML_update_loss(A model) with Client:f0000008: 1.94
--- DML_update_loss(A model) with Client:f0000006: 1.92
----------- acc -----------
[48.5, 47.1, 45.6, 48.4, 45.0, 38.2, 45.8, 52.7, 46.5, 49.9]
--------- test avarage ---------
--- All clients' test loss: 1.46
--- All clients' test acc: 46.77%
2023-04-06 14:51:54,061 [MainThread] [INFO ]  Server train time: 78.06130075454712
2023-04-06 14:51:54,062 [MainThread] [INFO ]  
-------- round 21 --------
2023-04-06 14:51:54,062 [MainThread] [INFO ]  --- start training ---
client: f0000001
--- local_update_loss : 1.50
client: f0000002
--- local_update_loss : 1.57
--- DML_update_loss(A model) with Client:f0000009: 1.94
--- DML_update_loss(A model) with Client:f0000008: 1.94
----------- acc -----------
[48.5, 48.1, 52.5, 48.4, 45.0, 38.2, 45.8, 52.7, 45.7, 48.1]
--------- test avarage ---------
--- All clients' test loss: 1.46
--- All clients' test acc: 47.30%
2023-04-06 14:53:11,944 [MainThread] [INFO ]  Server train time: 77.8813886642456
2023-04-06 14:53:11,945 [MainThread] [INFO ]  
-------- round 22 --------
2023-04-06 14:53:11,945 [MainThread] [INFO ]  --- start training ---
client: f0000002
--- local_update_loss : 1.53
client: f0000001
--- local_update_loss : 1.46
--- DML_update_loss(A model) with Client:f0000009: 1.93
--- DML_update_loss(A model) with Client:f0000008: 1.94
----------- acc -----------
[48.5, 48.3, 50.0, 48.4, 45.0, 38.2, 45.8, 52.7, 47.5, 46.3]
--------- test avarage ---------
--- All clients' test loss: 1.46
--- All clients' test acc: 47.07%
2023-04-06 14:54:30,025 [MainThread] [INFO ]  Server train time: 78.08016562461853
2023-04-06 14:54:30,026 [MainThread] [INFO ]  
-------- round 23 --------
2023-04-06 14:54:30,026 [MainThread] [INFO ]  --- start training ---
client: f0000005
--- local_update_loss : 1.60
client: f0000008
--- local_update_loss : 1.61
--- DML_update_loss(A model) with Client:f0000002: 1.94
--- DML_update_loss(A model) with Client:f0000009: 1.93
----------- acc -----------
[48.5, 48.3, 46.8, 48.4, 45.0, 48.8, 45.8, 52.7, 50.8, 46.7]
--------- test avarage ---------
--- All clients' test loss: 1.44
--- All clients' test acc: 48.18%
2023-04-06 14:55:47,722 [MainThread] [INFO ]  Server train time: 77.69563412666321
2023-04-06 14:55:47,723 [MainThread] [INFO ]  
-------- round 24 --------
2023-04-06 14:55:47,723 [MainThread] [INFO ]  --- start training ---
client: f0000009
--- local_update_loss : 1.59
client: f0000004
--- local_update_loss : 1.59
--- DML_update_loss(A model) with Client:f0000008: 1.95
--- DML_update_loss(A model) with Client:f0000002: 1.92
----------- acc -----------
[48.5, 48.3, 47.8, 48.4, 48.6, 48.8, 45.8, 52.7, 45.5, 50.5]
--------- test avarage ---------
--- All clients' test loss: 1.43
--- All clients' test acc: 48.49%
2023-04-06 14:57:05,723 [MainThread] [INFO ]  Server train time: 77.99948978424072
2023-04-06 14:57:05,724 [MainThread] [INFO ]  
-------- round 25 --------
2023-04-06 14:57:05,724 [MainThread] [INFO ]  --- start training ---
client: f0000005
--- local_update_loss : 1.55
client: f0000001
--- local_update_loss : 1.44
--- DML_update_loss(A model) with Client:f0000007: 1.94
--- DML_update_loss(A model) with Client:f0000003: 1.93
----------- acc -----------
[48.5, 50.2, 47.8, 42.5, 48.6, 48.8, 45.8, 45.0, 45.5, 50.5]
--------- test avarage ---------
--- All clients' test loss: 1.46
--- All clients' test acc: 47.32%
2023-04-06 14:58:23,420 [MainThread] [INFO ]  Server train time: 77.69553589820862
2023-04-06 14:58:23,421 [MainThread] [INFO ]  
-------- round 26 --------
2023-04-06 14:58:23,421 [MainThread] [INFO ]  --- start training ---
client: f0000008
--- local_update_loss : 1.60
client: f0000004
--- local_update_loss : 1.55
--- DML_update_loss(A model) with Client:f0000009: 1.94
--- DML_update_loss(A model) with Client:f0000005: 1.95
----------- acc -----------
[48.5, 50.2, 47.8, 42.5, 49.1, 48.0, 45.8, 45.0, 48.7, 48.5]
--------- test avarage ---------
--- All clients' test loss: 1.46
--- All clients' test acc: 47.41%
2023-04-06 14:59:40,977 [MainThread] [INFO ]  Server train time: 77.55579257011414
2023-04-06 14:59:40,978 [MainThread] [INFO ]  
-------- round 27 --------
2023-04-06 14:59:40,978 [MainThread] [INFO ]  --- start training ---
client: f0000004
--- local_update_loss : 1.52
client: f0000002
--- local_update_loss : 1.57
--- DML_update_loss(A model) with Client:f0000009: 1.93
--- DML_update_loss(A model) with Client:f0000006: 1.92
----------- acc -----------
[48.5, 50.2, 49.8, 42.5, 51.8, 48.0, 45.4, 45.0, 48.7, 45.9]
--------- test avarage ---------
--- All clients' test loss: 1.46
--- All clients' test acc: 47.58%
2023-04-06 15:00:58,781 [MainThread] [INFO ]  Server train time: 77.80273413658142
2023-04-06 15:00:58,782 [MainThread] [INFO ]  
-------- round 28 --------
2023-04-06 15:00:58,782 [MainThread] [INFO ]  --- start training ---
client: f0000009
--- local_update_loss : 1.59
client: f0000002
--- local_update_loss : 1.54
--- DML_update_loss(A model) with Client:f0000007: 1.93
--- DML_update_loss(A model) with Client:f0000005: 1.93
----------- acc -----------
[48.5, 50.2, 51.1, 42.5, 51.8, 47.1, 45.4, 47.0, 48.7, 49.8]
--------- test avarage ---------
--- All clients' test loss: 1.43
--- All clients' test acc: 48.21%
2023-04-06 15:02:16,954 [MainThread] [INFO ]  Server train time: 78.17212510108948
2023-04-06 15:02:16,955 [MainThread] [INFO ]  
-------- round 29 --------
2023-04-06 15:02:16,955 [MainThread] [INFO ]  --- start training ---
client: f0000008
--- local_update_loss : 1.56
client: f0000006
--- local_update_loss : 1.56
--- DML_update_loss(A model) with Client:f0000001: 1.96
--- DML_update_loss(A model) with Client:f0000005: 1.93
----------- acc -----------
[48.5, 43.7, 51.1, 42.5, 51.8, 46.2, 48.6, 47.0, 50.8, 49.8]
--------- test avarage ---------
--- All clients' test loss: 1.44
--- All clients' test acc: 48.00%
2023-04-06 15:03:34,898 [MainThread] [INFO ]  Server train time: 77.94219493865967
2023-04-06 15:03:34,907 [MainThread] [INFO ]  Model saved at /home/dengzhiling/.local/lib/python3.10/site-packages/easyfl/main/cifar10/saved_models/_global_model_r_29.pth
2023-04-06 15:03:34,907 [MainThread] [INFO ]  
-------- round 30 --------
2023-04-06 15:03:34,907 [MainThread] [INFO ]  --- start training ---
client: f0000000
--- local_update_loss : 1.58
client: f0000001
--- local_update_loss : 1.56
--- DML_update_loss(A model) with Client:f0000002: 1.93
--- DML_update_loss(A model) with Client:f0000004: 1.95
----------- acc -----------
[50.7, 47.7, 48.7, 42.5, 45.6, 46.2, 48.6, 47.0, 50.8, 49.8]
--------- test avarage ---------
--- All clients' test loss: 1.45
--- All clients' test acc: 47.76%
2023-04-06 15:04:53,039 [MainThread] [INFO ]  Server train time: 78.13108515739441
2023-04-06 15:04:53,040 [MainThread] [INFO ]  
-------- round 31 --------
2023-04-06 15:04:53,040 [MainThread] [INFO ]  --- start training ---
client: f0000004
--- local_update_loss : 1.58
client: f0000001
--- local_update_loss : 1.52
--- DML_update_loss(A model) with Client:f0000000: 1.92
--- DML_update_loss(A model) with Client:f0000002: 1.92
----------- acc -----------
[47.8, 47.7, 48.5, 42.5, 48.3, 46.2, 48.6, 47.0, 50.8, 49.8]
--------- test avarage ---------
--- All clients' test loss: 1.45
--- All clients' test acc: 47.72%
2023-04-06 15:06:10,852 [MainThread] [INFO ]  Server train time: 77.81211853027344
2023-04-06 15:06:10,853 [MainThread] [INFO ]  
-------- round 32 --------
2023-04-06 15:06:10,853 [MainThread] [INFO ]  --- start training ---
client: f0000009
--- local_update_loss : 1.54
client: f0000001
--- local_update_loss : 1.49
--- DML_update_loss(A model) with Client:f0000005: 1.93
--- DML_update_loss(A model) with Client:f0000008: 1.96
----------- acc -----------
[47.8, 50.1, 48.5, 42.5, 48.3, 44.7, 48.6, 47.0, 47.9, 52.1]
--------- test avarage ---------
--- All clients' test loss: 1.45
--- All clients' test acc: 47.75%
2023-04-06 15:07:29,565 [MainThread] [INFO ]  Server train time: 78.71130275726318
2023-04-06 15:07:29,566 [MainThread] [INFO ]  
-------- round 33 --------
2023-04-06 15:07:29,566 [MainThread] [INFO ]  --- start training ---
client: f0000008
--- local_update_loss : 1.60
client: f0000003
--- local_update_loss : 1.57
--- DML_update_loss(A model) with Client:f0000002: 1.92
--- DML_update_loss(A model) with Client:f0000009: 1.94
----------- acc -----------
[47.8, 50.1, 46.8, 47.6, 48.3, 44.7, 48.6, 47.0, 50.8, 48.4]
--------- test avarage ---------
--- All clients' test loss: 1.44
--- All clients' test acc: 48.01%
2023-04-06 15:08:48,664 [MainThread] [INFO ]  Server train time: 79.09739422798157
2023-04-06 15:08:48,665 [MainThread] [INFO ]  
-------- round 34 --------
2023-04-06 15:08:48,665 [MainThread] [INFO ]  --- start training ---
client: f0000000
--- local_update_loss : 1.56
client: f0000009
--- local_update_loss : 1.58
--- DML_update_loss(A model) with Client:f0000006: 1.92
--- DML_update_loss(A model) with Client:f0000001: 1.95
----------- acc -----------
[50.1, 43.7, 46.8, 47.6, 48.3, 44.7, 46.1, 47.0, 50.8, 50.7]
--------- test avarage ---------
--- All clients' test loss: 1.44
--- All clients' test acc: 47.58%
2023-04-06 15:10:08,153 [MainThread] [INFO ]  Server train time: 79.48759031295776
2023-04-06 15:10:08,154 [MainThread] [INFO ]  
-------- round 35 --------
2023-04-06 15:10:08,154 [MainThread] [INFO ]  --- start training ---
client: f0000006
--- local_update_loss : 1.56
client: f0000002
--- local_update_loss : 1.58
--- DML_update_loss(A model) with Client:f0000005: 1.93
--- DML_update_loss(A model) with Client:f0000004: 1.94
----------- acc -----------
[50.1, 43.7, 49.6, 47.6, 43.5, 46.2, 48.4, 47.0, 50.8, 50.7]
--------- test avarage ---------
--- All clients' test loss: 1.45
--- All clients' test acc: 47.76%
2023-04-06 15:11:27,448 [MainThread] [INFO ]  Server train time: 79.29424834251404
2023-04-06 15:11:27,449 [MainThread] [INFO ]  
-------- round 36 --------
2023-04-06 15:11:27,449 [MainThread] [INFO ]  --- start training ---
client: f0000003
--- local_update_loss : 1.53
client: f0000009
--- local_update_loss : 1.54
--- DML_update_loss(A model) with Client:f0000000: 1.92
Traceback (most recent call last):
  File "/home/dengzhiling/.local/lib/python3.10/site-packages/easyfl/main/cifar10/main.py", line 26, in <module>
    easyfl.run()
  File "/home/dengzhiling/.local/lib/python3.10/site-packages/easyfl/coordinator.py", line 390, in run
    _global_coord.run()
  File "/home/dengzhiling/.local/lib/python3.10/site-packages/easyfl/coordinator.py", line 80, in run
    self.server.start(self.model, self.clients)
  File "/home/dengzhiling/.local/lib/python3.10/site-packages/easyfl/server/base.py", line 164, in start
    self.train()
  File "/home/dengzhiling/.local/lib/python3.10/site-packages/easyfl/server/base.py", line 200, in train
    self.distribution_to_train()
  File "/home/dengzhiling/.local/lib/python3.10/site-packages/easyfl/server/base.py", line 347, in distribution_to_train
    self.distribution_to_train_locally()
  File "/home/dengzhiling/.local/lib/python3.10/site-packages/easyfl/main/cifar10/CustomizeServer.py", line 91, in distribution_to_train_locally
    client.run_train(model, self.conf.client, train_local_only=False)
  File "/home/dengzhiling/.local/lib/python3.10/site-packages/easyfl/main/cifar10/CustomizedClient.py", line 154, in run_train
    self.train(conf, self.device, train_local_only) # 只修改了这里
  File "/home/dengzhiling/.local/lib/python3.10/site-packages/easyfl/main/cifar10/CustomizedClient.py", line 142, in train
    self.train_DML(conf, device)
  File "/home/dengzhiling/.local/lib/python3.10/site-packages/easyfl/main/cifar10/CustomizedClient.py", line 98, in train_DML
    loss_A.backward(retain_graph=True)
  File "/home/dengzhiling/.local/lib/python3.10/site-packages/torch/_tensor.py", line 488, in backward
    torch.autograd.backward(
  File "/home/dengzhiling/.local/lib/python3.10/site-packages/torch/autograd/__init__.py", line 197, in backward
    Variable._execution_engine.run_backward(  # Calls into the C++ engine to run the backward pass
KeyboardInterrupt
